go
Launcher pod spec file: .nextflow.pod.yaml
Pod submitted: eo-experiment-r8-n3-e2 .. waiting to start[2KPod started: eo-experiment-r8-n3-e2
N E X T F L O W  ~  version 21.04.0-edge
Launching `/workdir/B5-Workflow-Earth-Observation/EO-01/workflow-dsl2.nf` [eo-experiment-r8-n3-e2] - revision: 95e4f03f65
WARN: It appears you have never run this project before -- Option `-resume` is ignored
input data path: '/data/b5/eo-01'
[c5/b99746] Submitted process > preprocessing:generateTileAllowList
[35/502936] Submitted process > preprocessing:generateAnalysisMask
[9e/4bed4d] Submitted process > preprocessing:preprocess (LT05_L1TP_183035_20040811_20180309_01_T1)
[13/13eb2b] Submitted process > preprocessing:preprocess (LT05_L1TP_183035_19980421_20180210_01_T1)
[a6/6d8bd4] Submitted process > preprocessing:preprocess (LE07_L1TP_183035_20000824_20170210_01_T1)
[03/88d00a] Submitted process > preprocessing:preprocess (LT05_L1TP_183035_19980523_20180210_01_T1)
[53/cc63dc] Submitted process > preprocessing:preprocess (LE07_L1TP_183035_20010320_20170206_01_T1)
[09/db86f3] Submitted process > preprocessing:preprocess (LT05_L1TP_183035_19911128_20180302_01_T1)
[24/d58964] Submitted process > preprocessing:preprocess (LT05_L1TP_183035_19970301_20180210_01_T1)
[25/042fde] Submitted process > preprocessing:preprocess (LT05_L1TP_183035_19921216_20170504_01_T1)
[59/ff22b6] Submitted process > preprocessing:preprocess (LE07_L1TP_183035_20030105_20170127_01_T1)
[21/100fc0] Submitted process > preprocessing:preprocess (LT05_L1TP_183035_19980811_20170717_01_T1)
[3d/6b2e5a] Submitted process > preprocessing:preprocess (LT05_L1TP_183035_19950718_20180210_01_T1)
[84/446854] Submitted process > preprocessing:preprocess (LT05_L1TP_183035_20010616_20180311_01_T1)
[04/0f6ce5] Submitted process > preprocessing:preprocess (LT05_L1TP_183035_19960501_20180210_01_T1)
[62/72a0af] Submitted process > preprocessing:preprocess (LT05_L1TP_183035_19950429_20180210_01_T1)
[03/d42cc2] Submitted process > preprocessing:preprocess (LT05_L1TP_183035_19951022_20180210_01_T1)
[09/4fbfe2] Submitted process > preprocessing:preprocess (LT05_L1TP_183035_19910317_20180210_01_T1)
[c8/51c092] Submitted process > preprocessing:preprocess (LT05_L1TP_183035_19980304_20180210_01_T1)
[92/af71e4] Submitted process > preprocessing:preprocess (LE07_L1TP_183035_19990923_20170217_01_T1)
[10/6fed55] Submitted process > preprocessing:preprocess (LT05_L1TP_183035_19960110_20180210_01_T1)
[41/995a28] Submitted process > preprocessing:preprocess (LT05_L1TP_183035_19920522_20180210_01_T1)
[bb/8da03c] Submitted process > preprocessing:preprocess (LT05_L1TP_183035_19900602_20180210_01_T1)
[dc/46c817] Submitted process > preprocessing:preprocess (LT05_L1TP_183035_19940917_20180210_01_T1)
[8a/5ce172] Submitted process > preprocessing:preprocess (LE07_L1TP_183035_20020307_20170131_01_T1)
[7d/77e733] Submitted process > preprocessing:preprocess (LT05_L1TP_183035_19860607_20180210_01_T1)
[3f/fb3e54] Submitted process > preprocessing:preprocess (LT05_L1TP_183035_19991102_20180210_01_T1)
[4a/dcf4be] Submitted process > preprocessing:preprocess (LE07_L1TP_183035_20050923_20170112_01_T1)
[73/219aff] Submitted process > preprocessing:preprocess (LE07_L1TP_183035_20010216_20170206_01_T1)
[ff/54910f] Submitted process > preprocessing:preprocess (LT05_L1TP_183035_20010123_20180311_01_T1)
[14/3c411b] Submitted process > preprocessing:preprocess (LT05_L1TP_183035_19861130_20170215_01_T1)
[69/6f0473] Submitted process > preprocessing:preprocess (LT05_L1TP_183035_19870423_20170213_01_T1)
[23/7a082c] Submitted process > preprocessing:preprocess (LT05_L1TP_183035_19940715_20180616_01_T1)
[2a/4ffc3d] Submitted process > preprocessing:preprocess (LT05_L1TP_183035_20050323_20180128_01_T1)
[59/232b3c] Submitted process > preprocessing:preprocess (LT05_L1TP_183035_19870509_20170213_01_T1)
[cb/f08c95] Submitted process > preprocessing:preprocess (LE07_L1TP_183035_20000925_20170209_01_T1)
[78/71243f] Submitted process > preprocessing:preprocess (LT05_L1TP_183035_19990627_20180210_01_T1)
[c3/1d6a71] Submitted process > preprocessing:preprocess (LE07_L1TP_183035_20030817_20170125_01_T1)
[65/519252] Submitted process > preprocessing:preprocess (LT05_L1TP_183035_20010515_20180311_01_T1)
[1b/489cab] Submitted process > preprocessing:preprocess (LT04_L1TP_183035_19891216_20170201_01_T1)
[63/4204f4] Submitted process > preprocessing:preprocess (LE07_L1TP_183035_20020713_20170129_01_T1)
[bd/bb03a7] Submitted process > preprocessing:preprocess (LE07_L1TP_183035_20010405_20170205_01_T1)
[52/319742] Submitted process > preprocessing:preprocess (LT05_L1TP_183035_20020315_20180312_01_T1)
[ed/4f2c02] Submitted process > preprocessing:preprocess (LT05_L1TP_183035_19910723_20180302_01_T1)
[dd/59faf1] Submitted process > preprocessing:preprocess (LT05_L1TP_183035_19931203_20180210_01_T1)
WARN: K8s pod cannot be scheduled -- 0/24 nodes are available: 21 node(s) didn't match node selector, 3 Insufficient cpu, 3 Insufficient memory.
[a3/f395bc] Submitted process > preprocessing:preprocess (LT05_L1TP_183035_19990408_20180210_01_T1)
[37/2ba783] Submitted process > preprocessing:preprocess (LT05_L1TP_183035_19880628_20170613_01_T1)
[39/7ceb35] Submitted process > preprocessing:preprocess (LE07_L1TP_183035_20001112_20170209_01_T1)
[73/9907a4] Submitted process > preprocessing:preprocess (LT05_L1TP_183035_19880409_20180112_01_T1)
[23/a2db36] Submitted process > preprocessing:preprocess (LT05_L1TP_183035_19990118_20171215_01_T1)
[aa/5b54c2] Submitted process > preprocessing:preprocess (LT05_L1TP_183035_19991017_20180210_01_T1)
[d4/f963dd] Submitted process > preprocessing:preprocess (LT05_L1TP_183035_19900805_20180620_01_T1)
[ff/d86a92] Submitted process > preprocessing:preprocess (LT05_L1TP_183035_20041201_20180309_01_T1)
[89/6a7827] Submitted process > preprocessing:preprocess (LT05_L1TP_183035_19940731_20180720_01_T1)
[e2/79e054] Submitted process > preprocessing:preprocess (LT05_L1TP_183035_19881205_20180210_01_T1)
[55/c71b25] Submitted process > preprocessing:preprocess (LT05_L1TP_183035_19950208_20180210_01_T1)
[9b/f6cf0f] Submitted process > preprocessing:preprocess (LT05_L1TP_183035_19950123_20180210_01_T1)
[34/88ee26] Submitted process > preprocessing:preprocess (LE07_L1TP_183035_20060318_20170110_01_T1)
[e3/d7c52f] Submitted process > preprocessing:preprocess (LE07_L1TP_183035_20041123_20170117_01_T1)
[8a/32bdc5] Submitted process > preprocessing:preprocess (LT05_L1TP_183035_19851026_20171212_01_T1)
[d3/29f00f] Submitted process > preprocessing:preprocess (LT05_L1TP_183035_19840516_20170220_01_T1)
[a6/a26bf9] Submitted process > preprocessing:preprocess (LT05_L1TP_183035_19870117_20170215_01_T1)
[2d/0d5890] Submitted process > preprocessing:preprocess (LT04_L1TP_183035_19871227_20170210_01_T1)
[55/1d2ded] Submitted process > preprocessing:preprocess (LE07_L1TP_183035_20030513_20170125_01_T1)
[2f/8819c7] Submitted process > preprocessing:preprocess (LE07_L1TP_183035_20041107_20170118_01_T1)
[1e/b2938c] Submitted process > preprocessing:preprocess (LT05_L1TP_183035_20040608_20180310_01_T1)
[18/9bc665] Submitted process > preprocessing:preprocess (LT05_L1TP_183035_20020110_20180312_01_T1)
[23/0c737b] Submitted process > preprocessing:preprocess (LT05_L1TP_183035_19940816_20180210_01_T1)
[25/79d40f] Submitted process > preprocessing:preprocess (LT05_L1TP_183035_20051102_20180127_01_T1)
[02/e242fb] Submitted process > preprocessing:preprocess (LT05_L1TP_183035_20040827_20180310_01_T1)
[d7/116b1a] Submitted process > preprocessing:preprocess (LT05_L1TP_183035_19940104_20180613_01_T1)
[b8/14ca2f] Submitted process > preprocessing:preprocess (LT05_L1TP_183035_19850924_20171212_01_T1)
[7a/48d126] Submitted process > preprocessing:preprocess (LT05_L1TP_183035_20011006_20180501_01_T1)
[a1/47c32c] Submitted process > preprocessing:preprocess (LE07_L1TP_183035_20021001_20170128_01_T1)
[9e/20037e] Submitted process > preprocessing:preprocess (LT05_L1TP_183035_19910707_20170613_01_T1)
[57/ef1e22] Submitted process > preprocessing:preprocess (LT05_L1TP_183035_19970504_20180210_01_T1)
[fe/b5a79d] Submitted process > preprocessing:preprocess (LE07_L1TP_183035_20060403_20170110_01_T1)
[99/8b2945] Submitted process > preprocessing:preprocess (LT05_L1TP_183035_19920709_20180219_01_T1)
[32/72f07b] Submitted process > preprocessing:preprocess (LT05_L1TP_183035_20050627_20180126_01_T1)
[5c/be0f8c] Submitted process > preprocessing:preprocess (LT05_L1TP_183035_19971112_20170504_01_T1)
[d8/a32657] Submitted process > preprocessing:preprocess (LT05_L1TP_183035_19990424_20180710_01_T1)
[b3/f02c05] Submitted process > preprocessing:preprocess (LT05_L1TP_183035_19980608_20170717_01_T1)
[e9/7a4876] Submitted process > preprocessing:preprocess (LT05_L1TP_183035_19960126_20180210_01_T1)
[39/93cd32] Submitted process > preprocessing:preprocess (LT05_L1TP_183035_19880527_20180210_01_T1)
[db/b49992] Submitted process > preprocessing:preprocess (LE07_L1TP_183035_20030326_20170126_01_T1)
[23/510726] Submitted process > preprocessing:preprocess (LT05_L1TP_183035_20060614_20180310_01_T1)
[65/49a55d] Submitted process > preprocessing:preprocess (LT05_L1TP_183035_19920303_20171214_01_T1)
[b3/18b892] Submitted process > preprocessing:preprocess (LT05_L1TP_183035_19940104_20180210_01_T1)
[68/84b1a9] Submitted process > preprocessing:preprocess (LT05_L1TP_183035_20020227_20180830_01_T1)
[47/18a791] Submitted process > preprocessing:preprocess (LE07_L1TP_183035_20000418_20170212_01_T1)
[13/0b9610] Submitted process > preprocessing:preprocess (LT05_L1TP_183035_19941222_20180210_01_T1)
[10/a4987e] Submitted process > preprocessing:preprocess (LE07_L1TP_183035_20020323_20170213_01_T1)
[57/f1a807] Submitted process > preprocessing:preprocess (LT05_L1TP_183035_19930930_20180219_01_T1)
[b2/1e1da8] Submitted process > preprocessing:preprocess (LE07_L1TP_183035_20050502_20170114_01_T1)
[5a/a3203b] Submitted process > preprocessing:preprocess (LT05_L1TP_183035_19890207_20171208_01_T1)
[fe/22c5b2] Submitted process > preprocessing:preprocess (LT05_L1TP_183035_19960415_20180210_01_T1)
[bb/9025d0] Submitted process > preprocessing:preprocess (LT05_L1TP_183035_19860725_20170217_01_T1)
[3c/3e5073] Submitted process > preprocessing:preprocess (LT05_L1TP_183035_19921013_20171214_01_T1)
[4d/a195a2] Submitted process > preprocessing:preprocess (LT05_L1TP_183035_19931016_20170613_01_T1)
[2b/3f2897] Submitted process > preprocessing:preprocess (LT05_L1TP_183035_19951209_20180210_01_T1)
[8e/d9ee99] Submitted process > preprocessing:preprocess (LE07_L1TP_183035_20010608_20170205_01_T1)
[5f/b44cf1] Submitted process > preprocessing:preprocess (LT05_L1TP_183035_19930407_20180210_01_T1)
WARN: K8s pod cannot be scheduled -- 0/24 nodes are available: 21 node(s) didn't match node selector, 3 Insufficient cpu, 3 Insufficient memory.
WARN: K8s pod cannot be scheduled -- 0/24 nodes are available: 21 node(s) didn't match node selector, 3 Insufficient cpu, 3 Insufficient memory.
WARN: K8s pod cannot be scheduled -- 0/24 nodes are available: 21 node(s) didn't match node selector, 3 Insufficient cpu, 3 Insufficient memory.
[90/6a6f58] Submitted process > preprocessing:preprocess (LE07_L1TP_183035_20040515_20170120_01_T1)
[e5/083839] Submitted process > preprocessing:preprocess (LE07_L1TP_183035_20001214_20170208_01_T1)
[11/9ce9d2] Submitted process > preprocessing:preprocess (LT05_L1TP_183035_19850620_20171212_01_T1)
WARN: K8s pod cannot be scheduled -- 0/24 nodes are available: 21 node(s) didn't match node selector, 3 Insufficient cpu, 3 Insufficient memory.
[7e/2cfb68] Submitted process > preprocessing:preprocess (LT05_L1TP_183035_19901125_20171208_01_T1)
[78/b38929] Submitted process > preprocessing:preprocess (LT05_L1TP_183035_20060801_20180309_01_T1)
[b7/0dbaa7] Submitted process > preprocessing:preprocess (LT05_L1TP_183035_20000629_20171211_01_T1)
WARN: K8s pod cannot be scheduled -- 0/24 nodes are available: 21 node(s) didn't match node selector, 3 Insufficient cpu, 3 Insufficient memory.
WARN: K8s pod cannot be scheduled -- 0/24 nodes are available: 21 node(s) didn't match node selector, 3 Insufficient cpu, 3 Insufficient memory.
[42/b74a67] Submitted process > preprocessing:preprocess (LT05_L1TP_183035_19970723_20180210_01_T1)
WARN: K8s pod cannot be scheduled -- 0/24 nodes are available: 21 node(s) didn't match node selector, 3 Insufficient cpu, 3 Insufficient memory.
[85/a89a84] Submitted process > preprocessing:preprocess (LT05_L1TP_183035_19880916_20180210_01_T1)
[b6/989e65] Submitted process > preprocessing:preprocess (LT05_L1TP_183035_19930914_20180210_01_T1)
[07/0f4317] Submitted process > preprocessing:preprocess (LT05_L1TP_183035_19950702_20180210_01_T1)
[b8/f28750] Submitted process > preprocessing:preprocess (LT05_L1TP_183035_20000917_20171211_01_T1)
WARN: K8s pod cannot be scheduled -- 0/24 nodes are available: 21 node(s) didn't match node selector, 3 Insufficient cpu, 3 Insufficient memory.
[78/294667] Submitted process > preprocessing:preprocess (LT05_L1TP_183035_19921029_20171209_01_T1)
[81/45fe8d] Submitted process > preprocessing:preprocess (LT05_L1TP_183035_20060716_20180310_01_T1)
WARN: K8s pod cannot be scheduled -- 0/24 nodes are available: 21 node(s) didn't match node selector, 3 Insufficient cpu, 3 Insufficient memory.
[e5/f8261d] Submitted process > preprocessing:preprocess (LT05_L1TP_183035_19840430_20171213_01_T1)
WARN: K8s pod cannot be scheduled -- 0/24 nodes are available: 21 node(s) didn't match node selector, 3 Insufficient cpu, 3 Insufficient memory.
[5a/d7a227] Submitted process > preprocessing:preprocess (LT05_L1TP_183035_19940512_20180210_01_T1)
WARN: K8s pod cannot be scheduled -- 0/24 nodes are available: 21 node(s) didn't match node selector, 3 Insufficient cpu, 3 Insufficient memory.
[ad/e14c74] Submitted process > preprocessing:preprocess (LT05_L1TP_183035_19920506_20180210_01_T1)
[06/56c5ce] Submitted process > preprocessing:preprocess (LT05_L1TP_183035_19870407_20170213_01_T1)
[57/def287] Submitted process > preprocessing:preprocess (LT05_L1TP_183035_19920404_20170613_01_T1)
WARN: K8s pod cannot be scheduled -- 0/24 nodes are available: 21 node(s) didn't match node selector, 3 Insufficient cpu, 3 Insufficient memory.
[9a/cac206] Submitted process > preprocessing:preprocess (LT05_L1TP_183035_19980405_20180210_01_T1)
[69/b9f04e] Submitted process > preprocessing:preprocess (LT05_L1TP_183035_19980624_20180704_01_T1)
[18/dd5cf4] Submitted process > preprocessing:preprocess (LT05_L1TP_183035_19910808_20180302_01_T1)
WARN: K8s pod cannot be scheduled -- 0/24 nodes are available: 21 node(s) didn't match node selector, 3 Insufficient cpu, 3 Insufficient memory.
[5d/4ab483] Submitted process > preprocessing:preprocess (LT05_L1TP_183035_19960517_20180210_01_T1)
WARN: K8s pod cannot be scheduled -- 0/24 nodes are available: 21 node(s) didn't match node selector, 3 Insufficient cpu, 3 Insufficient memory.
[20/bf9697] Submitted process > preprocessing:preprocess (LT05_L1TP_183035_19851010_20171212_01_T1)
[98/fa63f4] Submitted process > preprocessing:preprocess (LT05_L1TP_183035_19941120_20180210_01_T1)
WARN: K8s pod cannot be scheduled -- 0/24 nodes are available: 21 node(s) didn't match node selector, 3 Insufficient cpu, 3 Insufficient memory.
WARN: K8s pod cannot be scheduled -- 0/24 nodes are available: 21 node(s) didn't match node selector, 3 Insufficient cpu, 3 Insufficient memory.
[8a/48376d] Submitted process > preprocessing:preprocess (LE07_L1TP_183035_20010912_20170203_01_T1)
[76/d4eb0c] Submitted process > preprocessing:preprocess (LE07_L1TP_183035_20001128_20170209_01_T1)
[ae/3a6ae0] Submitted process > preprocessing:preprocess (LE07_L1TP_183035_20050619_20170115_01_T1)
[29/33eb27] Submitted process > preprocessing:preprocess (LT05_L1TP_183035_19960720_20180210_01_T1)
[8b/c82061] Submitted process > preprocessing:preprocess (LT05_L1TP_183035_20000715_20171211_01_T1)
[c1/167f91] Submitted process > preprocessing:preprocess (LT05_L1TP_183035_20060529_20180310_01_T1)
WARN: K8s pod cannot be scheduled -- 0/24 nodes are available: 21 node(s) didn't match node selector, 3 Insufficient cpu, 3 Insufficient memory.
[a1/0756d3] Submitted process > preprocessing:preprocess (LT05_L1TP_183035_19850908_20171212_01_T1)
WARN: K8s pod cannot be scheduled -- 0/24 nodes are available: 21 node(s) didn't match node selector, 3 Insufficient cpu, 3 Insufficient memory.
[d2/94ffff] Submitted process > preprocessing:preprocess (LT05_L1TP_183035_19900618_20180210_01_T1)
[6d/7e6c20] Submitted process > preprocessing:preprocess (LE07_L1TP_183035_19991009_20170216_01_T1)
WARN: K8s pod cannot be scheduled -- 0/24 nodes are available: 21 node(s) didn't match node selector, 3 Insufficient cpu, 3 Insufficient memory.
WARN: K8s pod cannot be scheduled -- 0/24 nodes are available: 21 node(s) didn't match node selector, 3 Insufficient cpu, 3 Insufficient memory.
[69/05122c] Submitted process > preprocessing:preprocess (LT05_L1TP_183035_19870728_20180210_01_T1)
[36/f195bd] Submitted process > preprocessing:preprocess (LT05_L1TP_183035_19941206_20180210_01_T1)
WARN: K8s pod cannot be scheduled -- 0/24 nodes are available: 21 node(s) didn't match node selector, 3 Insufficient cpu, 3 Insufficient memory.
[70/321ed9] Submitted process > preprocessing:preprocess (LE07_L1TP_183035_20030206_20170213_01_T1)
[b6/e7861b] Submitted process > preprocessing:preprocess (LT05_L1TP_183035_19970317_20180210_01_T1)
[1b/46d4a8] Submitted process > preprocessing:preprocess (LT05_L1TP_183035_19881103_20170908_01_T1)
[c5/17dc4a] Submitted process > preprocessing:preprocess (LT05_L1TP_183035_20030926_20161203_01_T1)
WARN: K8s pod cannot be scheduled -- 0/24 nodes are available: 21 node(s) didn't match node selector, 3 Insufficient cpu, 3 Insufficient memory.
WARN: K8s pod cannot be scheduled -- 0/24 nodes are available: 21 node(s) didn't match node selector, 3 Insufficient cpu, 3 Insufficient memory.
[d2/fe77eb] Submitted process > preprocessing:preprocess (LT05_L1TP_183035_19941104_20180210_01_T1)
WARN: K8s pod cannot be scheduled -- 0/24 nodes are available: 21 node(s) didn't match node selector, 3 Insufficient cpu, 3 Insufficient memory.
[2c/dfad81] Submitted process > preprocessing:preprocess (LT05_L1TP_183035_20010920_20170908_01_T1)
WARN: K8s pod cannot be scheduled -- 0/24 nodes are available: 21 node(s) didn't match node selector, 3 Insufficient cpu, 3 Insufficient memory.
[fd/5c054f] Submitted process > preprocessing:preprocess (LE07_L1TP_183035_20000605_20170211_01_T1)
[11/dbf6df] Submitted process > preprocessing:preprocess (LE07_L1TP_183035_20010131_20170207_01_T1)
[f6/118949] Submitted process > preprocessing:preprocess (LT05_L1TP_183035_19880324_20170808_01_T1)
[b5/d8effe] Submitted process > preprocessing:preprocess (LT05_L1TP_183035_19970418_20180210_01_T1)
[77/58fec8] Submitted process > preprocessing:preprocess (LE07_L1TP_183035_20061231_20170106_01_T1)
WARN: K8s pod cannot be scheduled -- 0/24 nodes are available: 21 node(s) didn't match node selector, 3 Insufficient cpu, 3 Insufficient memory.
WARN: K8s pod cannot be scheduled -- 0/24 nodes are available: 21 node(s) didn't match node selector, 3 Insufficient cpu, 3 Insufficient memory.
[1b/87177e] Submitted process > preprocessing:preprocess (LT05_L1TP_183035_19870712_20170212_01_T1)
[bd/8d7fdb] Submitted process > preprocessing:preprocess (LT05_L1TP_183035_19971230_20171214_01_T1)
WARN: K8s pod cannot be scheduled -- 0/24 nodes are available: 21 node(s) didn't match node selector, 3 Insufficient cpu, 3 Insufficient memory.
[35/807b19] Submitted process > preprocessing:preprocess (LT05_L1TP_183035_19871203_20170504_01_T1)
WARN: K8s pod cannot be scheduled -- 0/24 nodes are available: 21 node(s) didn't match node selector, 3 Insufficient cpu, 3 Insufficient memory.
[ec/0db7f7] Submitted process > preprocessing:preprocess (LE07_L1TP_183035_20040803_20170119_01_T1)
[d9/20016b] Submitted process > preprocessing:preprocess (LT05_L1TP_183035_19930610_20170613_01_T1)
WARN: K8s pod cannot be scheduled -- 0/24 nodes are available: 21 node(s) didn't match node selector, 3 Insufficient cpu, 3 Insufficient memory.
[f8/002f29] Submitted process > preprocessing:preprocess (LT05_L1TP_183035_19950312_20180210_01_T1)
WARN: K8s pod cannot be scheduled -- 0/24 nodes are available: 21 node(s) didn't match node selector, 3 Insufficient cpu, 3 Insufficient memory.
[10/120715] Submitted process > preprocessing:preprocess (LT05_L1TP_183035_19841007_20171213_01_T1)
[0d/eff278] Submitted process > preprocessing:preprocess (LE07_L1TP_183035_20051025_20170112_01_T1)
WARN: K8s pod cannot be scheduled -- 0/24 nodes are available: 21 node(s) didn't match node selector, 3 Insufficient cpu, 3 Insufficient memory.
[e8/c8266a] Submitted process > preprocessing:preprocess (LT05_L1TP_183035_19970808_20180613_01_T1)
[ce/2202d1] Submitted process > preprocessing:preprocess (LT05_L1TP_183035_19920927_20180301_01_T1)
[8c/176a99] Submitted process > preprocessing:preprocess (LE07_L1TP_183035_20000504_20170212_01_T1)
[06/986815] Submitted process > preprocessing:preprocess (LT05_L1TP_183035_19990102_20180728_01_T1)
[1e/84ee14] Submitted process > preprocessing:preprocess (LT05_L1TP_183035_19970707_20180210_01_T1)
WARN: K8s pod cannot be scheduled -- 0/24 nodes are available: 21 node(s) didn't match node selector, 3 Insufficient cpu, 3 Insufficient memory.
WARN: K8s pod cannot be scheduled -- 0/24 nodes are available: 21 node(s) didn't match node selector, 3 Insufficient cpu, 3 Insufficient memory.
[46/3b106e] Submitted process > preprocessing:preprocess (LT05_L1TP_183035_19900922_20170908_01_T1)
WARN: K8s pod cannot be scheduled -- 0/24 nodes are available: 21 node(s) didn't match node selector, 3 Insufficient cpu, 3 Insufficient memory.
[2a/6c79c7] Submitted process > preprocessing:preprocess (LT05_L1TP_183035_19980827_20170717_01_T1)
[d0/a02e95] Submitted process > preprocessing:preprocess (LE07_L1TP_183035_20020729_20170128_01_T1)
WARN: K8s pod cannot be scheduled -- 0/24 nodes are available: 21 node(s) didn't match node selector, 3 Insufficient cpu, 3 Insufficient memory.
[37/d7f175] Submitted process > preprocessing:preprocess (LT05_L1TP_183035_19860623_20180430_01_T1)
[d5/3d9ce2] Submitted process > preprocessing:preprocess (LT05_L1TP_183035_20001104_20180909_01_T1)
[43/d4442a] Submitted process > preprocessing:preprocess (LT05_L1TP_183035_19930509_20180210_01_T1)
[19/2ecc9f] Submitted process > preprocessing:preprocess (LT05_L1TP_183035_19990307_20180210_01_T1)
[1c/e41f05] Submitted process > preprocessing:preprocess (LT05_L1TP_183035_20010107_20180311_01_T1)
WARN: K8s pod cannot be scheduled -- 0/24 nodes are available: 21 node(s) didn't match node selector, 3 Insufficient cpu, 3 Insufficient memory.
[f3/c0a5f7] Submitted process > preprocessing:preprocess (LE07_L1TP_183035_20000317_20170213_01_T1)
WARN: K8s pod cannot be scheduled -- 0/24 nodes are available: 21 node(s) didn't match node selector, 3 Insufficient cpu, 3 Insufficient memory.
WARN: K8s pod cannot be scheduled -- 0/24 nodes are available: 21 node(s) didn't match node selector, 3 Insufficient cpu, 3 Insufficient memory.
WARN: K8s pod cannot be scheduled -- 0/24 nodes are available: 21 node(s) didn't match node selector, 3 Insufficient cpu, 3 Insufficient memory.
[52/5a9c0f] Submitted process > preprocessing:preprocess (LT05_L1TP_183035_19981030_20171208_01_T1)
[90/47f8fd] Submitted process > preprocessing:preprocess (LT05_L1TP_183035_19970909_20171214_01_T1)
[86/2a1d68] Submitted process > preprocessing:preprocess (LT05_L1TP_183035_20011022_20180501_01_T1)
[e6/95cc27] Submitted process > preprocessing:preprocess (LT05_L1TP_183035_19890919_20180210_01_T1)
[4e/b17c4a] Submitted process > preprocessing:preprocess (LT05_L1TP_183035_19950616_20180210_01_T1)
[c3/9715b2] Submitted process > preprocessing:preprocess (LT05_L1TP_183035_19870930_20170211_01_T1)
WARN: K8s pod cannot be scheduled -- 0/24 nodes are available: 21 node(s) didn't match node selector, 3 Insufficient cpu, 3 Insufficient memory.
[ea/7555ff] Submitted process > preprocessing:preprocess (LT05_L1TP_183035_19891122_20180210_01_T1)
[8d/9154c6] Submitted process > preprocessing:preprocess (LT05_L1TP_183035_19910504_20180302_01_T1)
WARN: K8s pod cannot be scheduled -- 0/24 nodes are available: 21 node(s) didn't match node selector, 3 Insufficient cpu, 3 Insufficient memory.
WARN: K8s pod cannot be scheduled -- 0/24 nodes are available: 21 node(s) didn't match node selector, 3 Insufficient cpu, 3 Insufficient memory.
[f7/166fc7] Submitted process > preprocessing:preprocess (LT05_L1TP_183035_19990729_20180210_01_T1)
[ce/3cd3c7] Submitted process > preprocessing:preprocess (LT05_L1TP_183035_19930813_20180219_01_T1)
[56/690cf1] Submitted process > preprocessing:preprocess (LT05_L1TP_183035_19910301_20180210_01_T1)
WARN: K8s pod cannot be scheduled -- 0/24 nodes are available: 21 node(s) didn't match node selector, 3 Insufficient cpu, 3 Insufficient memory.
[a6/ae1fb3] Submitted process > preprocessing:preprocess (LT05_L1TP_183035_19971011_20180210_01_T1)
[4d/b63272] Submitted process > preprocessing:preprocess (LT05_L1TP_183035_19930202_20180704_01_T1)
[bd/79a2ea] Submitted process > preprocessing:preprocess (LT05_L1TP_183035_19901008_20180210_01_T1)
WARN: K8s pod cannot be scheduled -- 0/24 nodes are available: 21 node(s) didn't match node selector, 3 Insufficient cpu, 3 Insufficient memory.
[eb/597095] Submitted process > preprocessing:preprocess (LE07_L1TP_183035_20010421_20170205_01_T1)
[1c/cad586] Submitted process > preprocessing:preprocess (LT05_L1TP_183035_19920607_20171207_01_T1)
WARN: K8s pod cannot be scheduled -- 0/24 nodes are available: 21 node(s) didn't match node selector, 3 Insufficient cpu, 3 Insufficient memory.
WARN: K8s pod cannot be scheduled -- 0/24 nodes are available: 21 node(s) didn't match node selector, 3 Insufficient cpu, 3 Insufficient memory.
[b7/3e8ae0] Submitted process > preprocessing:preprocess (LT05_L1TP_183035_19980726_20170717_01_T1)
[62/51fa08] Submitted process > preprocessing:preprocess (LT05_L1TP_183035_19990611_20180822_01_T1)
[5d/0a9710] Submitted process > preprocessing:preprocess (LT05_L1TP_183035_19890106_20180210_01_T1)
WARN: K8s pod cannot be scheduled -- 0/24 nodes are available: 21 node(s) didn't match node selector, 3 Insufficient cpu, 3 Insufficient memory.
[35/24fb13] Submitted process > preprocessing:preprocess (LT05_L1TP_183035_19980320_20180210_01_T1)
[2a/3e9909] Submitted process > preprocessing:preprocess (LT05_L1TP_183035_20040523_20180310_01_T1)
WARN: K8s pod cannot be scheduled -- 0/24 nodes are available: 21 node(s) didn't match node selector, 3 Insufficient cpu, 3 Insufficient memory.
[5d/40ca0b] Submitted process > preprocessing:preprocess (LT05_L1TP_183035_19980507_20180219_01_T1)
[22/60ca3c] Submitted process > preprocessing:preprocess (LT05_L1TP_183035_19861013_20181025_01_T1)
[6e/8fef95] Submitted process > preprocessing:preprocess (LT05_L1TP_183035_19990814_20180210_01_T1)
[87/1a5cef] Submitted process > preprocessing:preprocess (LT05_L1TP_183035_19980131_20180210_01_T1)
WARN: K8s pod cannot be scheduled -- 0/24 nodes are available: 21 node(s) didn't match node selector, 3 Insufficient cpu, 3 Insufficient memory.
WARN: K8s pod cannot be scheduled -- 0/24 nodes are available: 21 node(s) didn't match node selector, 3 Insufficient cpu, 3 Insufficient memory.
[a8/63ac8a] Submitted process > preprocessing:preprocess (LE07_L1TP_183035_20011030_20170202_01_T1)
[6f/9c207d] Submitted process > preprocessing:preprocess (LE07_L1TP_183035_20011115_20170213_01_T1)
WARN: K8s pod cannot be scheduled -- 0/24 nodes are available: 21 node(s) didn't match node selector, 3 Insufficient cpu, 3 Insufficient memory.
[2f/bcec96] Submitted process > preprocessing:preprocess (LT05_L1TP_183035_19850823_20171212_01_T1)
[52/fd5b1f] Submitted process > preprocessing:preprocess (LE07_L1TP_183035_20000621_20170211_01_T1)
[4e/8b40b8] Submitted process > preprocessing:preprocess (LE07_L1TP_183035_20040429_20170121_01_T1)
WARN: K8s pod cannot be scheduled -- 0/24 nodes are available: 21 node(s) didn't match node selector, 3 Insufficient cpu, 3 Insufficient memory.
[31/5929b2] Submitted process > preprocessing:preprocess (LT05_L1TP_183035_19960821_20180210_01_T1)
[fb/c4dfa5] Submitted process > preprocessing:preprocess (LT05_L1TP_183035_19990323_20180210_01_T1)
[f8/fb96a9] Submitted process > preprocessing:preprocess (LT05_L1TP_183035_20000731_20180913_01_T1)
WARN: K8s pod cannot be scheduled -- 0/24 nodes are available: 21 node(s) didn't match node selector, 3 Insufficient cpu, 3 Insufficient memory.
WARN: K8s pod cannot be scheduled -- 0/24 nodes are available: 21 node(s) didn't match node selector, 3 Insufficient cpu, 3 Insufficient memory.
[15/c6f6b2] Submitted process > preprocessing:preprocess (LE07_L1TP_183035_20031004_20170123_01_T1)
WARN: K8s pod cannot be scheduled -- 0/24 nodes are available: 21 node(s) didn't match node selector, 3 Insufficient cpu, 3 Insufficient memory.
[75/cb0c29] Submitted process > preprocessing:preprocess (LT05_L1TP_183035_19950413_20180210_01_T1)
[5b/564bff] Submitted process > preprocessing:preprocess (LT05_L1TP_183035_19970621_20180210_01_T1)
[ae/54e6d3] Submitted process > preprocessing:preprocess (LT05_L1TP_183035_20050627_20180124_01_T1)
WARN: K8s pod cannot be scheduled -- 0/24 nodes are available: 21 node(s) didn't match node selector, 3 Insufficient cpu, 3 Insufficient memory.
[11/fa8a6d] Submitted process > preprocessing:preprocess (LT05_L1TP_183035_19841108_20171213_01_T1)
[21/6e4428] Submitted process > preprocessing:preprocess (LT05_L1TP_183035_19890530_20180302_01_T1)
[27/36ed48] Submitted process > preprocessing:preprocess (LT05_L1TP_183035_20050611_20180126_01_T1)
WARN: K8s pod cannot be scheduled -- 0/24 nodes are available: 21 node(s) didn't match node selector, 3 Insufficient cpu, 3 Insufficient memory.
[3d/e5700c] Submitted process > preprocessing:preprocess (LT05_L1TP_183035_19990203_20171215_01_T1)
[84/687d48] Submitted process > preprocessing:preprocess (LE07_L1TP_183035_20040531_20170120_01_T1)
WARN: K8s pod cannot be scheduled -- 0/24 nodes are available: 21 node(s) didn't match node selector, 3 Insufficient cpu, 3 Insufficient memory.
[95/5b675a] Submitted process > preprocessing:preprocess (LT05_L1TP_183035_19870626_20170212_01_T1)
[13/a9bf51] Submitted process > preprocessing:preprocess (LT05_L1TP_183035_19980912_20171215_01_T1)
WARN: K8s pod cannot be scheduled -- 0/24 nodes are available: 21 node(s) didn't match node selector, 3 Insufficient cpu, 3 Insufficient memory.
[8c/3e206a] Submitted process > preprocessing:preprocess (LT05_L1TP_183035_20010904_20171214_01_T1)
WARN: K8s pod cannot be scheduled -- 0/24 nodes are available: 21 node(s) didn't match node selector, 3 Insufficient cpu, 3 Insufficient memory.
[b2/b9c6a7] Submitted process > preprocessing:preprocess (LT05_L1TP_183035_19920911_20180219_01_T1)
WARN: K8s pod cannot be scheduled -- 0/24 nodes are available: 21 node(s) didn't match node selector, 3 Insufficient cpu, 3 Insufficient memory.
[62/581c93] Submitted process > preprocessing:preprocess (LT05_L1TP_183035_19981115_20180219_01_T1)
[56/3695fa] Submitted process > preprocessing:preprocess (LT05_L1TP_183035_19980710_20171214_01_T1)
[4c/963d6e] Submitted process > preprocessing:preprocess (LT05_L1TP_183035_20040507_20180310_01_T1)
WARN: K8s pod cannot be scheduled -- 0/24 nodes are available: 21 node(s) didn't match node selector, 3 Insufficient cpu, 3 Insufficient memory.
[f0/bb2dad] Submitted process > preprocessing:preprocess (LE07_L1TP_183035_20061113_20170106_01_T1)
[d6/7b5e05] Submitted process > preprocessing:preprocess (LT05_L1TP_183035_19890615_20180210_01_T1)
[09/512860] Submitted process > preprocessing:preprocess (LT05_L1TP_183035_19951107_20180210_01_T1)
WARN: K8s pod cannot be scheduled -- 0/24 nodes are available: 21 node(s) didn't match node selector, 3 Insufficient cpu, 3 Insufficient memory.
[ae/68c28e] Submitted process > preprocessing:preprocess (LE07_L1TP_183035_20051110_20170112_01_T1)
[de/0f066d] Submitted process > preprocessing:preprocess (LT05_L1TP_183035_19990713_20180210_01_T1)
WARN: K8s pod cannot be scheduled -- 0/24 nodes are available: 21 node(s) didn't match node selector, 3 Insufficient cpu, 3 Insufficient memory.
[be/0e8399] Submitted process > preprocessing:preprocess (LT05_L1TP_183035_20010718_20180430_01_T1)
[0a/30c992] Submitted process > preprocessing:preprocess (LT05_L1TP_183035_20050219_20180127_01_T1)
WARN: K8s pod cannot be scheduled -- 0/24 nodes are available: 21 node(s) didn't match node selector, 3 Insufficient cpu, 3 Insufficient memory.
[6a/332cc8] Submitted process > preprocessing:preprocess (LT05_L1TP_183035_20030724_20161205_01_T1)
WARN: K8s pod cannot be scheduled -- 0/24 nodes are available: 21 node(s) didn't match node selector, 3 Insufficient cpu, 3 Insufficient memory.
[49/8f171d] Submitted process > preprocessing:preprocess (LE07_L1TP_183035_20040616_20170121_01_T1)
[48/ceeadb] Submitted process > preprocessing:preprocess (LE07_L1TP_183035_20000723_20170210_01_T1)
[4c/35b201] Submitted process > preprocessing:preprocess (LT05_L1TP_183035_20000206_20180430_01_T1)
[6e/cfec08] Submitted process > preprocessing:preprocess (LT05_L1TP_183035_19891021_20180210_01_T1)
WARN: K8s pod cannot be scheduled -- 0/24 nodes are available: 21 node(s) didn't match node selector, 3 Insufficient cpu, 3 Insufficient memory.
[4b/d58c72] Submitted process > preprocessing:preprocess (LT05_L1TP_183035_19940731_20180210_01_T1)
WARN: K8s pod cannot be scheduled -- 0/24 nodes are available: 21 node(s) didn't match node selector, 3 Insufficient cpu, 3 Insufficient memory.
[K8s] API request threw socket exception: Connection reset for GET /api/v1/namespaces/default/pods/nf-ce3cd3c7a15fdd242c8034b13ecfdc08/status 


[K8s] Try API request again, remaining trials: 4
[44/f4f3ff] Submitted process > preprocessing:preprocess (LT05_L1TP_183035_20060918_20161118_01_T1)
[a6/6d2b78] Submitted process > preprocessing:preprocess (LT05_L1TP_183035_19890802_20180210_01_T1)
WARN: K8s pod cannot be scheduled -- 0/24 nodes are available: 21 node(s) didn't match node selector, 3 Insufficient cpu, 3 Insufficient memory.
[72/a22d37] Submitted process > preprocessing:preprocess (LT05_L1TP_183035_19910621_20180219_01_T1)
[b4/44b9bc] Submitted process > preprocessing:preprocess (LE07_L1TP_183035_20021118_20170127_01_T1)
WARN: K8s pod cannot be scheduled -- 0/24 nodes are available: 21 node(s) didn't match node selector, 3 Insufficient cpu, 3 Insufficient memory.
[34/7199d7] Submitted process > preprocessing:preprocess (LT05_L1TP_183035_19880714_20170613_01_T1)
[25/693d4b] Submitted process > preprocessing:preprocess (LT05_L1TP_183035_19911011_20180210_01_T1)
[71/49dc61] Submitted process > preprocessing:preprocess (LT05_L1TP_183035_19850127_20171213_01_T1)
WARN: K8s pod cannot be scheduled -- 0/24 nodes are available: 21 node(s) didn't match node selector, 3 Insufficient cpu, 3 Insufficient memory.
WARN: K8s pod cannot be scheduled -- 0/24 nodes are available: 21 node(s) didn't match node selector, 3 Insufficient cpu, 3 Insufficient memory.
[a0/3a2ecd] Submitted process > preprocessing:preprocess (LT05_L1TP_183035_19880425_20170613_01_T1)
[4d/9eebe8] Submitted process > preprocessing:preprocess (LT05_L1TP_183035_19940731_20181022_01_T1)
WARN: K8s pod cannot be scheduled -- 0/24 nodes are available: 21 node(s) didn't match node selector, 3 Insufficient cpu, 3 Insufficient memory.
[a6/c465a3] Submitted process > preprocessing:preprocess (LT05_L1TP_183035_19900415_20180210_01_T1)
[4c/bc15d3] Submitted process > preprocessing:preprocess (LT05_L1TP_183035_19930322_20180301_01_T1)
[87/3d9794] Submitted process > preprocessing:preprocess (LT05_L1TP_183035_19950515_20180210_01_T1)
[ed/ebf9b8] Submitted process > preprocessing:preprocess (LT05_L1TP_183035_19930525_20180210_01_T1)
WARN: K8s pod cannot be scheduled -- 0/24 nodes are available: 21 node(s) didn't match node selector, 3 Insufficient cpu, 3 Insufficient memory.
[77/d0c0f2] Submitted process > preprocessing:preprocess (LT05_L1TP_183035_19900906_20171208_01_T1)
WARN: K8s pod cannot be scheduled -- 0/24 nodes are available: 21 node(s) didn't match node selector, 3 Insufficient cpu, 3 Insufficient memory.
WARN: K8s pod cannot be scheduled -- 0/24 nodes are available: 21 node(s) didn't match node selector, 3 Insufficient cpu, 3 Insufficient memory.
[ef/49ce42] Submitted process > preprocessing:preprocess (LT05_L1TP_183035_19880612_20180210_01_T1)
[9b/e9903b] Submitted process > preprocessing:preprocess (LE07_L1TP_183035_20050110_20170116_01_T1)
WARN: K8s pod cannot be scheduled -- 0/24 nodes are available: 21 node(s) didn't match node selector, 3 Insufficient cpu, 3 Insufficient memory.
[35/de40b9] Submitted process > preprocessing:preprocess (LT05_L1TP_183035_19931219_20180210_01_T1)
[a0/6a6ed9] Submitted process > preprocessing:preprocess (LT05_L1TP_183035_19981030_20180727_01_T1)
[bf/2ae30d] Submitted process > preprocessing:preprocess (LE07_L1TP_183035_19990907_20170217_01_T1)
[f4/3ba033] Submitted process > preprocessing:preprocess (LT05_L1TP_183035_19920623_20170908_01_T1)
[32/75db90] Submitted process > preprocessing:preprocess (LT05_L1TP_183035_19841124_20171213_01_T1)
WARN: K8s pod cannot be scheduled -- 0/24 nodes are available: 21 node(s) didn't match node selector, 3 Insufficient cpu, 3 Insufficient memory.
[5c/14b219] Submitted process > preprocessing:preprocess (LT05_L1TP_183035_20050510_20180501_01_T1)
[55/96b290] Submitted process > preprocessing:preprocess (LT05_L1TP_183035_19920725_20180210_01_T1)
WARN: K8s pod cannot be scheduled -- 0/24 nodes are available: 21 node(s) didn't match node selector, 3 Insufficient cpu, 3 Insufficient memory.
WARN: K8s pod cannot be scheduled -- 0/24 nodes are available: 21 node(s) didn't match node selector, 3 Insufficient cpu, 3 Insufficient memory.
[66/ca3d78] Submitted process > preprocessing:preprocess (LT05_L1TP_183035_19840921_20171213_01_T1)
[25/f7ae7d] Submitted process > preprocessing:preprocess (LT05_L1TP_183035_19860420_20180210_01_T1)
WARN: K8s pod cannot be scheduled -- 0/24 nodes are available: 21 node(s) didn't match node selector, 3 Insufficient cpu, 3 Insufficient memory.
[52/a0a39d] Submitted process > preprocessing:preprocess (LT05_L1TP_183035_19990219_20180210_01_T1)
[e3/6b9e66] Submitted process > preprocessing:preprocess (LT05_L1TP_183035_19860319_20180210_01_T1)
[1e/e9f24a] Submitted process > preprocessing:preprocess (LT05_L1TP_183035_19900226_20180210_01_T1)
[aa/ec7793] Submitted process > preprocessing:preprocess (LE07_L1TP_183035_20000129_20170213_01_T1)
WARN: K8s pod cannot be scheduled -- 0/24 nodes are available: 21 node(s) didn't match node selector, 3 Insufficient cpu, 3 Insufficient memory.
[2a/ef59d0] Submitted process > preprocessing:preprocess (LT05_L1TP_183035_19990526_20180210_01_T1)
[8d/a56fbd] Submitted process > preprocessing:preprocess (LT05_L1TP_183035_19890223_20180112_01_T1)
WARN: K8s pod cannot be scheduled -- 0/24 nodes are available: 21 node(s) didn't match node selector, 3 Insufficient cpu, 3 Insufficient memory.
WARN: K8s pod cannot be scheduled -- 0/24 nodes are available: 21 node(s) didn't match node selector, 3 Insufficient cpu, 3 Insufficient memory.
[af/39c7d8] Submitted process > preprocessing:preprocess (LT05_L1TP_183035_19970520_20180210_01_T1)
[0a/335eaf] Submitted process > preprocessing:preprocess (LT04_L1TP_183035_19910901_20170126_01_T1)
WARN: K8s pod cannot be scheduled -- 0/24 nodes are available: 21 node(s) didn't match node selector, 3 Insufficient cpu, 3 Insufficient memory.
[6d/5a3d35] Submitted process > preprocessing:preprocess (LT05_L1TP_183035_20020211_20180312_01_T1)
[cb/48671b] Submitted process > preprocessing:preprocess (LE07_L1TP_183035_20061028_20170106_01_T1)
WARN: K8s pod cannot be scheduled -- 0/24 nodes are available: 21 node(s) didn't match node selector, 3 Insufficient cpu, 3 Insufficient memory.
[4e/6f55b0] Submitted process > preprocessing:preprocess (LT05_L1TP_183035_19980811_20171215_01_T1)
[8c/36d00d] Submitted process > preprocessing:preprocess (LT05_L1TP_183035_19860114_20180210_01_T1)
[04/20ff1b] Submitted process > preprocessing:preprocess (LT05_L1TP_183035_19920216_20171214_01_T1)
WARN: K8s pod cannot be scheduled -- 0/24 nodes are available: 21 node(s) didn't match node selector, 3 Insufficient cpu, 3 Insufficient memory.
[46/3141ba] Submitted process > preprocessing:preprocess (LE07_L1TP_183035_20000214_20170213_01_T1)
[43/76d9db] Submitted process > preprocessing:preprocess (LE07_L1TP_183035_20011014_20170202_01_T1)
WARN: K8s pod cannot be scheduled -- 0/24 nodes are available: 21 node(s) didn't match node selector, 3 Insufficient cpu, 3 Insufficient memory.
[c5/31d3ec] Submitted process > preprocessing:preprocess (LT05_L1TP_183035_19920826_20171214_01_T1)
[e2/bfab03] Submitted process > preprocessing:preprocess (LT05_L1TP_183035_20050408_20180311_01_T1)
[c5/28e48e] Submitted process > preprocessing:preprocess (LT05_L1TP_183035_20000105_20171212_01_T1)
WARN: K8s pod cannot be scheduled -- 0/24 nodes are available: 21 node(s) didn't match node selector, 3 Insufficient cpu, 3 Insufficient memory.
[e3/fba4d1] Submitted process > preprocessing:preprocess (LT05_L1TP_183035_19881119_20180210_01_T1)
[2e/c6fee6] Submitted process > preprocessing:preprocess (LT05_L1TP_183035_20050814_20180127_01_T1)
WARN: K8s pod cannot be scheduled -- 0/24 nodes are available: 21 node(s) didn't match node selector, 3 Insufficient cpu, 3 Insufficient memory.
[4f/27f335] Submitted process > preprocessing:preprocess (LT05_L1TP_183035_19960805_20180210_01_T1)
[8c/b562e2] Submitted process > preprocessing:preprocess (LT05_L1TP_183035_19940613_20180210_01_T1)
WARN: K8s pod cannot be scheduled -- 0/24 nodes are available: 21 node(s) didn't match node selector, 3 Insufficient cpu, 3 Insufficient memory.
[d1/48fdee] Submitted process > preprocessing:preprocess (LT05_L1TP_183035_20010328_20180827_01_T1)
[47/7edf56] Submitted process > preprocessing:preprocess (LT05_L1TP_183035_20000121_20171214_01_T1)
WARN: K8s pod cannot be scheduled -- 0/24 nodes are available: 21 node(s) didn't match node selector, 3 Insufficient cpu, 3 Insufficient memory.
[5d/930190] Submitted process > preprocessing:preprocess (LT05_L1TP_183035_20060310_20180310_01_T1)
[03/d84325] Submitted process > preprocessing:preprocess (LT05_L1TP_183035_20000613_20171212_01_T1)
WARN: K8s pod cannot be scheduled -- 0/24 nodes are available: 21 node(s) didn't match node selector, 3 Insufficient cpu, 3 Insufficient memory.
[2f/81cfb8] Submitted process > preprocessing:preprocess (LT05_L1TP_183035_19910824_20180210_01_T1)
[16/97fd10] Submitted process > preprocessing:preprocess (LT05_L1TP_183035_19911112_20171214_01_T1)
WARN: K8s pod cannot be scheduled -- 0/24 nodes are available: 21 node(s) didn't match node selector, 3 Insufficient cpu, 3 Insufficient memory.
[72/98ee7d] Submitted process > preprocessing:preprocess (LT05_L1TP_183035_19861114_20170216_01_T1)
[b7/100c35] Submitted process > preprocessing:preprocess (LE07_L1TP_183035_20040225_20170122_01_T1)
[22/1a5e37] Submitted process > preprocessing:preprocess (LT05_L1TP_183035_20060222_20180311_01_T1)
[aa/1a6602] Submitted process > preprocessing:preprocess (LT05_L1TP_183035_20030809_20161205_01_T1)
WARN: K8s pod cannot be scheduled -- 0/24 nodes are available: 21 node(s) didn't match node selector, 3 Insufficient cpu, 3 Insufficient memory.
[9f/02d6d6] Submitted process > preprocessing:preprocess (LT05_L1TP_183035_19871117_20180210_01_T1)
WARN: K8s pod cannot be scheduled -- 0/24 nodes are available: 21 node(s) didn't match node selector, 3 Insufficient cpu, 3 Insufficient memory.
WARN: K8s pod cannot be scheduled -- 0/24 nodes are available: 21 node(s) didn't match node selector, 3 Insufficient cpu, 3 Insufficient memory.
[e5/45a147] Submitted process > preprocessing:preprocess (LT05_L1TP_183035_19900517_20180301_01_T1)
[cf/d5a456] Submitted process > preprocessing:preprocess (LT05_L1TP_183035_19931101_20180210_01_T1)
[9f/3ee303] Submitted process > preprocessing:preprocess (LT05_L1TP_183035_19991204_20171214_01_T1)
WARN: K8s pod cannot be scheduled -- 0/24 nodes are available: 21 node(s) didn't match node selector, 3 Insufficient cpu, 3 Insufficient memory.
[13/b5ee43] Submitted process > preprocessing:preprocess (LE07_L1TP_183035_20020118_20170201_01_T1)
[d4/82f218] Submitted process > preprocessing:preprocess (LE07_L1TP_183035_20000301_20170213_01_T1)
[b3/6220ec] Submitted process > preprocessing:preprocess (LE07_L1TP_183035_20040904_20170119_01_T1)
WARN: K8s pod cannot be scheduled -- 0/24 nodes are available: 21 node(s) didn't match node selector, 3 Insufficient cpu, 3 Insufficient memory.
[98/002bde] Submitted process > preprocessing:preprocess (LE07_L1TP_183035_20010304_20170206_01_T1)
WARN: K8s pod cannot be scheduled -- 0/24 nodes are available: 21 node(s) didn't match node selector, 3 Insufficient cpu, 3 Insufficient memory.
[K8s] API request threw socket exception: Connection reset for GET /api/v1/namespaces/default/pods/nf-0420ff1b7ff630e7c381753f5be5929e/status 


[K8s] Try API request again, remaining trials: 4
[af/68bd5c] Submitted process > preprocessing:preprocess (LE07_L1TP_183035_20001230_20170208_01_T1)
WARN: K8s pod cannot be scheduled -- 0/24 nodes are available: 21 node(s) didn't match node selector, 3 Insufficient cpu, 3 Insufficient memory.
[cd/9ea0d4] Submitted process > preprocessing:preprocess (LT05_L1TP_183035_19900109_20180210_01_T1)
[a3/42690d] Submitted process > preprocessing:preprocess (LT05_L1TP_183035_19891224_20180613_01_T1)
[a9/6958db] Submitted process > preprocessing:preprocess (LT05_L1TP_183035_19961125_20180210_01_T1)
[10/58fa5f] Submitted process > preprocessing:preprocess (LE07_L1TP_183035_19990721_20170218_01_T1)
WARN: K8s pod cannot be scheduled -- 0/24 nodes are available: 21 node(s) didn't match node selector, 3 Insufficient cpu, 3 Insufficient memory.
[a3/c3ae1d] Submitted process > preprocessing:preprocess (LT05_L1TP_183035_19940325_20180210_01_T1)
[3d/5e1dec] Submitted process > preprocessing:preprocess (LT05_L1TP_183035_20001104_20171210_01_T1)
WARN: K8s pod cannot be scheduled -- 0/24 nodes are available: 21 node(s) didn't match node selector, 3 Insufficient cpu, 3 Insufficient memory.
[de/84fcca] Submitted process > preprocessing:preprocess (LT05_L1TP_183035_19860130_20180210_01_T1)
WARN: K8s pod cannot be scheduled -- 0/24 nodes are available: 21 node(s) didn't match node selector, 3 Insufficient cpu, 3 Insufficient memory.
[df/f064fd] Submitted process > preprocessing:preprocess (LT05_L1TP_183035_19971027_20171208_01_T1)
WARN: K8s pod cannot be scheduled -- 0/24 nodes are available: 21 node(s) didn't match node selector, 3 Insufficient cpu, 3 Insufficient memory.
[c4/f495a8] Submitted process > preprocessing:preprocess (LE07_L1TP_183035_20000707_20170211_01_T1)
[2b/d6468c] Submitted process > preprocessing:preprocess (LT05_L1TP_183035_19840703_20171213_01_T1)
WARN: K8s pod cannot be scheduled -- 0/24 nodes are available: 21 node(s) didn't match node selector, 3 Insufficient cpu, 3 Insufficient memory.
[a6/cbc891] Submitted process > preprocessing:preprocess (LT05_L1TP_183035_19881018_20180210_01_T1)
[fe/d8decb] Submitted process > preprocessing:preprocess (LT05_L1TP_183035_19871219_20180210_01_T1)
[a4/c00561] Submitted process > preprocessing:preprocess (LT05_L1TP_183035_19870813_20170211_01_T1)
WARN: K8s pod cannot be scheduled -- 0/24 nodes are available: 21 node(s) didn't match node selector, 3 Insufficient cpu, 3 Insufficient memory.
[f3/fd61ef] Submitted process > preprocessing:preprocess (LT05_L1TP_183035_19930626_20170717_01_T1)
WARN: K8s pod cannot be scheduled -- 0/24 nodes are available: 21 node(s) didn't match node selector, 3 Insufficient cpu, 3 Insufficient memory.
[59/ac894a] Submitted process > preprocessing:preprocess (LT05_L1TP_183035_19980928_20170908_01_T1)
[e0/e2a693] Submitted process > preprocessing:preprocess (LE07_L1TP_183035_20010507_20170205_01_T1)
WARN: K8s pod cannot be scheduled -- 0/24 nodes are available: 21 node(s) didn't match node selector, 3 Insufficient cpu, 3 Insufficient memory.
[e5/c8c256] Submitted process > preprocessing:preprocess (LT05_L1TP_183035_19950328_20180302_01_T1)
WARN: K8s pod cannot be scheduled -- 0/24 nodes are available: 21 node(s) didn't match node selector, 3 Insufficient cpu, 3 Insufficient memory.
[e0/19605e] Submitted process > preprocessing:preprocess (LT05_L1TP_183035_19891106_20180210_01_T1)
[f7/ab45da] Submitted process > preprocessing:preprocess (LT05_L1TP_183035_19841210_20171213_01_T1)
[95/e80c28] Submitted process > preprocessing:preprocess (LT05_L1TP_183035_19941003_20180210_01_T1)
WARN: K8s pod cannot be scheduled -- 0/24 nodes are available: 21 node(s) didn't match node selector, 3 Insufficient cpu, 3 Insufficient memory.
[6d/192b67] Submitted process > preprocessing:preprocess (LT05_L1TP_183035_20000512_20180501_01_T1)
WARN: K8s pod cannot be scheduled -- 0/24 nodes are available: 21 node(s) didn't match node selector, 3 Insufficient cpu, 3 Insufficient memory.
[9f/32945a] Submitted process > preprocessing:preprocess (LT05_L1TP_183035_19860927_20180430_01_T1)
[4e/8fb8f5] Submitted process > preprocessing:preprocess (LT05_L1TP_183035_19940901_20180210_01_T1)
WARN: K8s pod cannot be scheduled -- 0/24 nodes are available: 21 node(s) didn't match node selector, 3 Insufficient cpu, 3 Insufficient memory.
[11/052e3a] Submitted process > preprocessing:preprocess (LT05_L1TP_183035_19981201_20170504_01_T1)
[ec/4d926d] Submitted process > preprocessing:preprocess (LT05_L1TP_183035_19900501_20180210_01_T1)
[6e/61a3ac] Submitted process > preprocessing:preprocess (LE07_L1TP_183035_20000402_20170212_01_T1)
WARN: K8s pod cannot be scheduled -- 0/24 nodes are available: 21 node(s) didn't match node selector, 3 Insufficient cpu, 3 Insufficient memory.
[17/699cbc] Submitted process > preprocessing:preprocess (LT05_L1TP_183035_19900704_20180210_01_T1)
[db/dbc1a0] Submitted process > preprocessing:preprocess (LT05_L1TP_183035_19940205_20180210_01_T1)
[8f/32e4a3] Submitted process > preprocessing:preprocess (LT05_L1TP_183035_19940715_20190714_01_T1)
WARN: K8s pod cannot be scheduled -- 0/24 nodes are available: 21 node(s) didn't match node selector, 3 Insufficient cpu, 3 Insufficient memory.
[af/74ee48] Submitted process > preprocessing:preprocess (LT05_L1TP_183035_19970128_20180210_01_T1)
WARN: K8s pod cannot be scheduled -- 0/24 nodes are available: 21 node(s) didn't match node selector, 3 Insufficient cpu, 3 Insufficient memory.
[06/5c3b50] Submitted process > preprocessing:preprocess (LE07_L1TP_183035_20000113_20170215_01_T1)
[8d/400e3f] Submitted process > preprocessing:preprocess (LT05_L1TP_183035_20000426_20171210_01_T1)
WARN: K8s pod cannot be scheduled -- 0/24 nodes are available: 21 node(s) didn't match node selector, 3 Insufficient cpu, 3 Insufficient memory.
[32/a0f859] Submitted process > preprocessing:preprocess (LE07_L1TP_183035_20041022_20170118_01_T1)
WARN: K8s pod cannot be scheduled -- 0/24 nodes are available: 21 node(s) didn't match node selector, 3 Insufficient cpu, 3 Insufficient memory.
[85/306578] Submitted process > preprocessing:preprocess (LT05_L1TP_183035_19900125_20180210_01_T1)
[5e/79af3e] Submitted process > preprocessing:preprocess (LT05_L1TP_183035_20040320_20180310_01_T1)
[55/da53d8] Submitted process > preprocessing:preprocess (LT05_L1TP_183035_19880104_20171209_01_T1)
[af/02df20] Submitted process > preprocessing:preprocess (LT05_L1TP_183035_19951006_20180210_01_T1)
WARN: K8s pod cannot be scheduled -- 0/24 nodes are available: 21 node(s) didn't match node selector, 3 Insufficient cpu, 3 Insufficient memory.
WARN: K8s pod cannot be scheduled -- 0/24 nodes are available: 21 node(s) didn't match node selector, 3 Insufficient cpu, 3 Insufficient memory.
[76/54686a] Submitted process > preprocessing:preprocess (LT05_L1TP_183035_20030910_20161204_01_T1)
[f6/c72acd] Submitted process > preprocessing:preprocess (LT05_L1TP_183035_19960330_20180210_01_T1)
[3e/67000f] Submitted process > preprocessing:preprocess (LT05_L1TP_183035_19950803_20180210_01_T1)
WARN: K8s pod cannot be scheduled -- 0/24 nodes are available: 21 node(s) didn't match node selector, 3 Insufficient cpu, 3 Insufficient memory.
[c3/c96314] Submitted process > preprocessing:preprocess (LE07_L1TP_183035_20030902_20170124_01_T1)
[c9/a7715e] Submitted process > preprocessing:preprocess (LT05_L1TP_183035_20030708_20161205_01_T1)
[be/125ae5] Submitted process > preprocessing:preprocess (LT05_L1TP_183035_19930728_20180210_01_T1)
WARN: K8s pod cannot be scheduled -- 0/24 nodes are available: 21 node(s) didn't match node selector, 3 Insufficient cpu, 3 Insufficient memory.
[27/6d4420] Submitted process > preprocessing:preprocess (LT05_L1TP_183035_19930423_20180210_01_T1)
WARN: K8s pod cannot be scheduled -- 0/24 nodes are available: 21 node(s) didn't match node selector, 3 Insufficient cpu, 3 Insufficient memory.
[34/46bdb8] Submitted process > preprocessing:preprocess (LE07_L1TP_183035_20040718_20170120_01_T1)
[ae/09a6cb] Submitted process > preprocessing:preprocess (LT05_L1TP_183035_19990830_20180210_01_T1)
WARN: K8s pod cannot be scheduled -- 0/24 nodes are available: 21 node(s) didn't match node selector, 3 Insufficient cpu, 3 Insufficient memory.
[c4/db70e9] Submitted process > preprocessing:preprocess (LE07_L1TP_183035_20010710_20170204_01_T1)
[3e/10483b] Submitted process > preprocessing:preprocess (LT05_L1TP_183035_20010803_20180501_01_T1)
WARN: K8s pod cannot be scheduled -- 0/24 nodes are available: 21 node(s) didn't match node selector, 3 Insufficient cpu, 3 Insufficient memory.
[e4/cf2502] Submitted process > preprocessing:preprocess (LT05_L1TP_183035_20060513_20180309_01_T1)
[b0/dcc271] Submitted process > preprocessing:preprocess (LE07_L1TP_183035_19990705_20170218_01_T1)
[bb/026fea] Submitted process > preprocessing:preprocess (LT05_L1TP_183035_20010819_20170921_01_T1)
WARN: K8s pod cannot be scheduled -- 0/24 nodes are available: 21 node(s) didn't match node selector, 3 Insufficient cpu, 3 Insufficient memory.
WARN: K8s pod cannot be scheduled -- 0/24 nodes are available: 21 node(s) didn't match node selector, 3 Insufficient cpu, 3 Insufficient memory.
[5d/8e9951] Submitted process > preprocessing:preprocess (LT05_L1TP_183035_19960602_20180210_01_T1)
[9d/8ef717] Submitted process > preprocessing:preprocess (LE07_L1TP_183035_20031121_20170123_01_T1)
[24/6cf086] Submitted process > preprocessing:preprocess (LT05_L1TP_183035_19890701_20180210_01_T1)
WARN: K8s pod cannot be scheduled -- 0/24 nodes are available: 21 node(s) didn't match node selector, 3 Insufficient cpu, 3 Insufficient memory.
[51/02793c] Submitted process > preprocessing:preprocess (LT05_L1TP_183035_19880831_20180301_01_T1)
[c9/686341] Submitted process > preprocessing:preprocess (LT05_L1TP_183035_19880730_20180112_01_T1)
[8e/731316] Submitted process > preprocessing:preprocess (LE07_L1TP_183035_20010624_20170204_01_T1)
WARN: K8s pod cannot be scheduled -- 0/24 nodes are available: 21 node(s) didn't match node selector, 3 Insufficient cpu, 3 Insufficient memory.
[26/b015b3] Submitted process > preprocessing:preprocess (LT05_L1TP_183035_19890514_20180112_01_T1)
[31/5c2681] Submitted process > preprocessing:preprocess (LE07_L1TP_183035_20060825_20170107_01_T1)
[84/ee59b8] Submitted process > preprocessing:preprocess (LT05_L1TP_183035_20020806_20180624_01_T1)
WARN: K8s pod cannot be scheduled -- 0/24 nodes are available: 21 node(s) didn't match node selector, 3 Insufficient cpu, 3 Insufficient memory.
WARN: K8s pod cannot be scheduled -- 0/24 nodes are available: 21 node(s) didn't match node selector, 3 Insufficient cpu, 3 Insufficient memory.
[8d/01a833] Submitted process > preprocessing:preprocess (LT05_L1TP_183035_20060630_20180309_01_T1)
[e7/1a1d12] Submitted process > preprocessing:preprocess (LE07_L1TP_183035_20041225_20170116_01_T1)
WARN: K8s pod cannot be scheduled -- 0/24 nodes are available: 21 node(s) didn't match node selector, 3 Insufficient cpu, 3 Insufficient memory.
[c9/4a7322] Submitted process > preprocessing:preprocess (LE07_L1TP_183035_20010827_20170203_01_T1)
[77/052800] Submitted process > preprocessing:preprocess (LT05_L1TP_183035_19991001_20171214_01_T1)
[f3/4a11ba] Submitted process > preprocessing:preprocess (LT05_L1TP_183035_19911027_20180210_01_T1)
WARN: K8s pod cannot be scheduled -- 0/24 nodes are available: 21 node(s) didn't match node selector, 3 Insufficient cpu, 3 Insufficient memory.
[c1/fe1802] Submitted process > preprocessing:preprocess (LT05_L1TP_183035_19940426_20180210_01_T1)
[39/fe7267] Submitted process > preprocessing:preprocess (LT05_L1TP_183035_19870610_20170212_01_T1)
WARN: K8s pod cannot be scheduled -- 0/24 nodes are available: 21 node(s) didn't match node selector, 3 Insufficient cpu, 3 Insufficient memory.
[2c/2a1339] Submitted process > preprocessing:preprocess (LE07_L1TP_183035_20020611_20170129_01_T1)
[cb/936881] Submitted process > preprocessing:preprocess (LE07_L1TP_183035_20021017_20170127_01_T1)
WARN: K8s pod cannot be scheduled -- 0/24 nodes are available: 21 node(s) didn't match node selector, 3 Insufficient cpu, 3 Insufficient memory.
[6a/93ad40] Submitted process > preprocessing:preprocess (LE07_L1TP_183035_19991212_20170215_01_T1)
[1c/6493cb] Submitted process > preprocessing:preprocess (LT05_L1TP_183035_20001120_20171210_01_T1)
[0a/aa281a] Submitted process > preprocessing:preprocess (LT05_L1TP_183035_19840617_20171213_01_T1)
WARN: K8s pod cannot be scheduled -- 0/24 nodes are available: 21 node(s) didn't match node selector, 3 Insufficient cpu, 3 Insufficient memory.
[e4/cadefa] Submitted process > preprocessing:preprocess (LE07_L1TP_183035_19991025_20170216_01_T1)
[f4/2c7ef3] Submitted process > preprocessing:preprocess (LE07_L1TP_183035_20000520_20170211_01_T1)
[70/d5a778] Submitted process > preprocessing:preprocess (LT05_L1TP_183035_20010224_20180910_01_T1)
WARN: K8s pod cannot be scheduled -- 0/24 nodes are available: 21 node(s) didn't match node selector, 3 Insufficient cpu, 3 Insufficient memory.
[ad/54ff48] Submitted process > preprocessing:preprocess (LT05_L1TP_183035_19981201_20171215_01_T1)
WARN: K8s pod cannot be scheduled -- 0/24 nodes are available: 21 node(s) didn't match node selector, 3 Insufficient cpu, 3 Insufficient memory.
[e9/f5f94c] Submitted process > preprocessing:preprocess (LT05_L1TP_183035_19930712_20180210_01_T1)
[4c/9cb8af] Submitted process > preprocessing:preprocess (LT05_L1TP_183035_19920810_20180210_01_T1)
[3e/8094f0] Submitted process > preprocessing:preprocess (LT05_L1TP_183035_19931117_20180210_01_T1)
WARN: K8s pod cannot be scheduled -- 0/24 nodes are available: 21 node(s) didn't match node selector, 3 Insufficient cpu, 3 Insufficient memory.
[0b/3be0e8] Submitted process > preprocessing:preprocess (LT04_L1TP_183035_19880128_20170209_01_T1)
WARN: K8s pod cannot be scheduled -- 0/24 nodes are available: 21 node(s) didn't match node selector, 3 Insufficient cpu, 3 Insufficient memory.
[5a/66b76e] Submitted process > preprocessing:preprocess (LT05_L1TP_183035_19930829_20180210_01_T1)
[3a/4abdac] Submitted process > preprocessing:preprocess (LE07_L1TP_183035_20020408_20170131_01_T1)
[58/fe3493] Submitted process > preprocessing:preprocess (LT05_L1TP_183035_19860826_20170216_01_T1)
[ee/6d9c3f] Submitted process > preprocessing:preprocess (LT05_L1TP_183035_20000309_20170908_01_T1)
WARN: K8s pod cannot be scheduled -- 0/24 nodes are available: 21 node(s) didn't match node selector, 3 Insufficient cpu, 3 Insufficient memory.
WARN: K8s pod cannot be scheduled -- 0/24 nodes are available: 21 node(s) didn't match node selector, 3 Insufficient cpu, 3 Insufficient memory.
[f1/53c001] Submitted process > preprocessing:preprocess (LT05_L1TP_183035_19880815_20180210_01_T1)
[3b/d1e689] Submitted process > preprocessing:preprocess (LT05_L1TP_183035_19960227_20180210_01_T1)
WARN: K8s pod cannot be scheduled -- 0/24 nodes are available: 21 node(s) didn't match node selector, 3 Insufficient cpu, 3 Insufficient memory.
[6c/6375ef] Submitted process > preprocessing:preprocess (LT05_L1TP_183035_19960922_20180210_01_T1)
[88/bcf0b5] Submitted process > preprocessing:preprocess (LT05_L1TP_183035_19880221_20170613_01_T1)
WARN: K8s pod cannot be scheduled -- 0/24 nodes are available: 21 node(s) didn't match node selector, 3 Insufficient cpu, 3 Insufficient memory.
[bd/704e2a] Submitted process > preprocessing:preprocess (LT05_L1TP_183035_20050118_20180128_01_T1)
[7a/1c1427] Submitted process > preprocessing:preprocess (LE07_L1TP_183035_20020102_20170201_01_T1)
[ea/dcec09] Submitted process > preprocessing:preprocess (LT05_L1TP_183035_20000222_20171214_01_T1)
[47/e9a04b] Submitted process > preprocessing:preprocess (LT05_L1TP_183035_19950224_20180210_01_T1)
WARN: K8s pod cannot be scheduled -- 0/24 nodes are available: 21 node(s) didn't match node selector, 3 Insufficient cpu, 3 Insufficient memory.
[82/c3f0c1] Submitted process > preprocessing:preprocess (LT05_L1TP_183035_19990510_20180210_01_T1)
WARN: K8s pod cannot be scheduled -- 0/24 nodes are available: 21 node(s) didn't match node selector, 3 Insufficient cpu, 3 Insufficient memory.
[98/7ad1aa] Submitted process > preprocessing:preprocess (LT05_L1TP_183035_19980912_20170504_01_T1)
WARN: K8s pod cannot be scheduled -- 0/24 nodes are available: 21 node(s) didn't match node selector, 3 Insufficient cpu, 3 Insufficient memory.
[4f/aff4fe] Submitted process > preprocessing:preprocess (LE07_L1TP_183035_20031207_20170123_01_T1)
[3b/0bb96a] Submitted process > preprocessing:preprocess (LE07_L1TP_183035_20020219_20170201_01_T1)
[73/657754] Submitted process > preprocessing:preprocess (LT05_L1TP_183035_19960704_20180613_01_T1)
WARN: K8s pod cannot be scheduled -- 0/24 nodes are available: 21 node(s) didn't match node selector, 3 Insufficient cpu, 3 Insufficient memory.
[c3/84b4b6] Submitted process > preprocessing:preprocess (LE07_L1TP_183035_20020830_20170128_01_T1)
[b8/1f6349] Submitted process > preprocessing:preprocess (LE07_L1TP_183035_20010928_20170203_01_T1)
WARN: K8s pod cannot be scheduled -- 0/24 nodes are available: 21 node(s) didn't match node selector, 3 Insufficient cpu, 3 Insufficient memory.
[89/7d1a24] Submitted process > preprocessing:preprocess (LT05_L1TP_183035_20040116_20180312_01_T1)
[69/945af0] Submitted process > preprocessing:preprocess (LT05_L1TP_183035_19940410_20180219_01_T1)
[cd/f6ccff] Submitted process > preprocessing:preprocess (LT05_L1TP_183035_20000901_20180312_01_T1)
WARN: K8s pod cannot be scheduled -- 0/24 nodes are available: 21 node(s) didn't match node selector, 3 Insufficient cpu, 3 Insufficient memory.
WARN: K8s pod cannot be scheduled -- 0/24 nodes are available: 21 node(s) didn't match node selector, 3 Insufficient cpu, 3 Insufficient memory.
[e7/b1c15e] Submitted process > preprocessing:preprocess (LT05_L1TP_183035_19980608_20180810_01_T1)
[20/176731] Submitted process > preprocessing:preprocess (LT05_L1TP_183035_19930202_20200626_01_T1)
WARN: K8s pod cannot be scheduled -- 0/24 nodes are available: 21 node(s) didn't match node selector, 3 Insufficient cpu, 3 Insufficient memory.
[ae/3ef9c2] Submitted process > preprocessing:preprocess (LT05_L1TP_183035_20040624_20180310_01_T1)
[d2/4fb334] Submitted process > preprocessing:preprocess (LT05_L1TP_183035_19850604_20171212_01_T1)
[a6/c5eef6] Submitted process > preprocessing:preprocess (LT05_L1TP_183035_20020721_20180616_01_T1)
WARN: K8s pod cannot be scheduled -- 0/24 nodes are available: 21 node(s) didn't match node selector, 3 Insufficient cpu, 3 Insufficient memory.
[ba/371f5d] Submitted process > preprocessing:preprocess (LE07_L1TP_183035_20010726_20170204_01_T1)
[c0/80e6e8] Submitted process > preprocessing:preprocess (LT05_L1TP_183035_19870829_20170211_01_T1)
[fd/338f7f] Submitted process > preprocessing:preprocess (LT05_L1TP_183035_19990915_20180210_01_T1)
WARN: K8s pod cannot be scheduled -- 0/24 nodes are available: 21 node(s) didn't match node selector, 3 Insufficient cpu, 3 Insufficient memory.
[2a/3cace4] Submitted process > preprocessing:preprocess (LT05_L1TP_183035_19940528_20180210_01_T1)
WARN: K8s pod cannot be scheduled -- 0/24 nodes are available: 21 node(s) didn't match node selector, 3 Insufficient cpu, 3 Insufficient memory.
[e4/562795] Submitted process > preprocessing:preprocess (LT05_L1TP_183035_19951123_20180210_01_T1)
[a1/1d2caf] Submitted process > preprocessing:preprocess (LT05_L1TP_183035_20040201_20180310_01_T1)
WARN: K8s pod cannot be scheduled -- 0/24 nodes are available: 21 node(s) didn't match node selector, 3 Insufficient cpu, 3 Insufficient memory.
WARN: K8s pod cannot be scheduled -- 0/24 nodes are available: 21 node(s) didn't match node selector, 3 Insufficient cpu, 3 Insufficient memory.
[9a/a3d8cd] Submitted process > preprocessing:preprocess (LT05_L1TP_183035_20060902_20180309_01_T1)
[43/9d6bbe] Submitted process > preprocessing:preprocess (LE07_L1TP_183035_20030427_20170125_01_T1)
WARN: K8s pod cannot be scheduled -- 0/24 nodes are available: 21 node(s) didn't match node selector, 3 Insufficient cpu, 3 Insufficient memory.
[35/7c767f] Submitted process > preprocessing:preprocess (LE07_L1TP_183035_20050315_20170115_01_T1)
[09/1c30ac] Submitted process > preprocessing:preprocess (LE07_L1TP_183035_20020814_20170129_01_T1)
[10/2b6043] Submitted process > preprocessing:preprocess (LT05_L1TP_183035_19920115_20180210_01_T1)
[3a/e8b929] Submitted process > preprocessing:preprocess (LT05_L1TP_183035_19980726_20180810_01_T1)
WARN: K8s pod cannot be scheduled -- 0/24 nodes are available: 21 node(s) didn't match node selector, 3 Insufficient cpu, 3 Insufficient memory.
[08/0d5387] Submitted process > preprocessing:preprocess (LT05_L1TP_183035_19990611_20170504_01_T1)
WARN: K8s pod cannot be scheduled -- 0/24 nodes are available: 21 node(s) didn't match node selector, 3 Insufficient cpu, 3 Insufficient memory.
WARN: K8s pod cannot be scheduled -- 0/24 nodes are available: 21 node(s) didn't match node selector, 3 Insufficient cpu, 3 Insufficient memory.
[b6/02f6c1] Submitted process > preprocessing:preprocess (LT05_L1TP_183035_19950904_20180210_01_T1)
[d5/f2bc14] Submitted process > preprocessing:preprocess (LT05_L1TP_183035_19900314_20171214_01_T1)
[68/4b16ae] Submitted process > preprocessing:preprocess (LT05_L1TP_183035_19860810_20170216_01_T1)
[4b/ab7f5c] Submitted process > preprocessing:preprocess (LT05_L1TP_183035_20000816_20180913_01_T1)
WARN: K8s pod cannot be scheduled -- 0/24 nodes are available: 21 node(s) didn't match node selector, 3 Insufficient cpu, 3 Insufficient memory.
[f2/f46742] Submitted process > preprocessing:preprocess (LT05_L1TP_183035_20031012_20161204_01_T1)
WARN: K8s pod cannot be scheduled -- 0/24 nodes are available: 21 node(s) didn't match node selector, 3 Insufficient cpu, 3 Insufficient memory.
[73/8dff9d] Submitted process > preprocessing:preprocess (LT05_L1TP_183035_19910605_20170808_01_T1)
[32/df8277] Submitted process > preprocessing:preprocess (LE07_L1TP_183035_20020424_20170130_01_T1)
WARN: K8s pod cannot be scheduled -- 0/24 nodes are available: 21 node(s) didn't match node selector, 3 Insufficient cpu, 3 Insufficient memory.
[a9/05a28c] Submitted process > preprocessing:preprocess (LE07_L1TP_183035_19990806_20170218_01_T1)
[b4/33b021] Submitted process > preprocessing:preprocess (LT05_L1TP_183035_19981014_20170717_01_T1)
WARN: K8s pod cannot be scheduled -- 0/24 nodes are available: 21 node(s) didn't match node selector, 3 Insufficient cpu, 3 Insufficient memory.
[e9/ab0ed2] Submitted process > preprocessing:preprocess (LT05_L1TP_183035_20010702_20180311_01_T1)
[df/d5acff] Submitted process > preprocessing:preprocess (LT05_L1TP_183035_19900720_20180210_01_T1)
WARN: K8s pod cannot be scheduled -- 0/24 nodes are available: 21 node(s) didn't match node selector, 3 Insufficient cpu, 3 Insufficient memory.
[7a/32fb75] Submitted process > preprocessing:preprocess (LT05_L1TP_183035_19860522_20170217_01_T1)
[5c/24ce2d] Submitted process > preprocessing:preprocess (LT05_L1TP_183035_19850401_20171213_01_T1)
[11/b00a29] Submitted process > preprocessing:preprocess (LT05_L1TP_183035_19950107_20180210_01_T1)
WARN: K8s pod cannot be scheduled -- 0/24 nodes are available: 21 node(s) didn't match node selector, 3 Insufficient cpu, 3 Insufficient memory.
[2d/ca7ff3] Submitted process > preprocessing:preprocess (LT05_L1TP_183035_19911230_20170908_01_T1)
[76/90ede8] Submitted process > preprocessing:preprocess (LT05_L1TP_183035_19950531_20180210_01_T1)
WARN: K8s pod cannot be scheduled -- 0/24 nodes are available: 21 node(s) didn't match node selector, 3 Insufficient cpu, 3 Insufficient memory.
[30/65b709] Submitted process > preprocessing:preprocess (LT05_L1TP_183035_19890327_20170908_01_T1)
[15/b4c094] Submitted process > preprocessing:preprocess (LE07_L1TP_183035_20040920_20170119_01_T1)
WARN: K8s pod cannot be scheduled -- 0/24 nodes are available: 21 node(s) didn't match node selector, 3 Insufficient cpu, 3 Insufficient memory.
WARN: K8s pod cannot be scheduled -- 0/24 nodes are available: 21 node(s) didn't match node selector, 3 Insufficient cpu, 3 Insufficient memory.
[75/72980f] Submitted process > preprocessing:preprocess (LT05_L1TP_183035_20041115_20180310_01_T1)
[f8/5acf5f] Submitted process > preprocessing:preprocess (LT05_L1TP_183035_20010531_20180726_01_T1)
[4a/b5da22] Submitted process > preprocessing:preprocess (LT05_L1TP_183035_19900821_20170613_01_T1)
WARN: K8s pod cannot be scheduled -- 0/24 nodes are available: 21 node(s) didn't match node selector, 3 Insufficient cpu, 3 Insufficient memory.
[14/9edf6e] Submitted process > preprocessing:preprocess (LT05_L1TP_183035_19890311_20170717_01_T1)
[f5/3f85b1] Submitted process > preprocessing:preprocess (LT05_L1TP_183035_19950819_20180210_01_T1)
[90/f93881] Submitted process > preprocessing:preprocess (LT05_L1TP_183035_19891208_20180210_01_T1)
WARN: K8s pod cannot be scheduled -- 0/24 nodes are available: 21 node(s) didn't match node selector, 3 Insufficient cpu, 3 Insufficient memory.
[c8/4919f4] Submitted process > preprocessing:preprocess (LT05_L1TP_183035_19960906_20180210_01_T1)
[b4/ef0dc0] Submitted process > preprocessing:preprocess (LT05_L1TP_183035_19940715_20180210_01_T1)
WARN: K8s pod cannot be scheduled -- 0/24 nodes are available: 21 node(s) didn't match node selector, 3 Insufficient cpu, 3 Insufficient memory.
[ae/773b61] Submitted process > preprocessing:preprocess (LT05_L1TP_183035_19980216_20180210_01_T1)
WARN: K8s pod cannot be scheduled -- 0/24 nodes are available: 21 node(s) didn't match node selector, 3 Insufficient cpu, 3 Insufficient memory.
[44/670e19] Submitted process > preprocessing:preprocess (LT05_L1TP_183035_20030825_20161204_01_T1)
WARN: K8s pod cannot be scheduled -- 0/24 nodes are available: 21 node(s) didn't match node selector, 3 Insufficient cpu, 3 Insufficient memory.
[f4/89415f] Submitted process > preprocessing:preprocess (LT05_L1TP_183035_19920319_20180210_01_T1)
[62/4776a7] Submitted process > preprocessing:preprocess (LT05_L1TP_183035_19840719_20171213_01_T1)
[83/c8e3d4] Submitted process > preprocessing:preprocess (LT05_L1TP_183035_19910925_20170717_01_T1)
[be/ce4436] Submitted process > preprocessing:preprocess (LT05_L1TP_183035_19970824_20180210_01_T1)
WARN: K8s pod cannot be scheduled -- 0/24 nodes are available: 21 node(s) didn't match node selector, 3 Insufficient cpu, 3 Insufficient memory.
[3e/80dc85] Submitted process > preprocessing:preprocess (LT05_L1TP_183035_19851127_20171212_01_T1)
[97/ff2f61] Submitted process > preprocessing:preprocess (LT05_L1TP_183035_19870525_20170212_01_T1)
WARN: K8s pod cannot be scheduled -- 0/24 nodes are available: 21 node(s) didn't match node selector, 3 Insufficient cpu, 3 Insufficient memory.
[03/ee23d1] Submitted process > preprocessing:preprocess (LE07_L1TP_183035_20050227_20170117_01_T1)
[0b/cf414d] Submitted process > preprocessing:preprocess (LT05_L1TP_183035_19940629_20180210_01_T1)
WARN: K8s pod cannot be scheduled -- 0/24 nodes are available: 21 node(s) didn't match node selector, 3 Insufficient cpu, 3 Insufficient memory.
[d6/1578eb] Submitted process > preprocessing:preprocess (LT05_L1TP_183035_19911214_20180301_01_T1)
WARN: K8s pod cannot be scheduled -- 0/24 nodes are available: 21 node(s) didn't match node selector, 3 Insufficient cpu, 3 Insufficient memory.
[e1/42bc97] Submitted process > preprocessing:preprocess (LT05_L1TP_183035_19961109_20180210_01_T1)
[80/96f1f1] Submitted process > preprocessing:preprocess (LT05_L1TP_183035_19981014_20180821_01_T1)
WARN: K8s pod cannot be scheduled -- 0/24 nodes are available: 21 node(s) didn't match node selector, 3 Insufficient cpu, 3 Insufficient memory.
[f0/8099ec] Submitted process > preprocessing:preprocess (LT05_L1TP_183035_19841023_20170220_01_T1)
[8f/2f1886] Submitted process > preprocessing:preprocess (LE07_L1TP_183035_20020203_20170201_01_T1)
[08/f75cb1] Submitted process > preprocessing:preprocess (LT05_L1TP_183035_20020619_20180616_01_T1)
WARN: K8s pod cannot be scheduled -- 0/24 nodes are available: 21 node(s) didn't match node selector, 3 Insufficient cpu, 3 Insufficient memory.
[90/1aca62] Submitted process > preprocessing:preprocess (LT05_L1TP_183035_19881002_20170717_01_T1)
WARN: K8s pod cannot be scheduled -- 0/24 nodes are available: 21 node(s) didn't match node selector, 3 Insufficient cpu, 3 Insufficient memory.
[1f/d4c6d7] Submitted process > preprocessing:preprocess (LT05_L1TP_183035_19900330_20180210_01_T1)
WARN: K8s pod cannot be scheduled -- 0/24 nodes are available: 21 node(s) didn't match node selector, 3 Insufficient cpu, 3 Insufficient memory.
[f8/6c4916] Submitted process > preprocessing:preprocess (LE07_L1TP_183035_20000808_20170210_01_T1)
[60/ed4ec5] Submitted process > preprocessing:preprocess (LT05_L1TP_183035_20010429_20180311_01_T1)
[89/1c55b2] Submitted process > preprocessing:preprocess (LT05_L1TP_183035_20010208_20180311_01_T1)
WARN: K8s pod cannot be scheduled -- 0/24 nodes are available: 21 node(s) didn't match node selector, 3 Insufficient cpu, 3 Insufficient memory.
[c3/505966] Submitted process > preprocessing:preprocess (LT05_L1TP_183035_20060817_20180310_01_T1)
[99/60acfa] Submitted process > preprocessing:preprocess (LT05_L1TP_183035_19840820_20170220_01_T1)
WARN: K8s pod cannot be scheduled -- 0/24 nodes are available: 21 node(s) didn't match node selector, 3 Insufficient cpu, 3 Insufficient memory.
WARN: K8s pod cannot be scheduled -- 0/24 nodes are available: 21 node(s) didn't match node selector, 3 Insufficient cpu, 3 Insufficient memory.
[a7/3ba183] Submitted process > preprocessing:preprocess (LT05_L1TP_183035_19890717_20180210_01_T1)
[b1/e6f43e] Submitted process > preprocessing:preprocess (LT05_L1TP_183035_19960618_20180210_01_T1)
[80/1149ac] Submitted process > preprocessing:preprocess (LE07_L1TP_183035_20060505_20170109_01_T1)
WARN: K8s pod cannot be scheduled -- 0/24 nodes are available: 21 node(s) didn't match node selector, 3 Insufficient cpu, 3 Insufficient memory.
WARN: K8s pod cannot be scheduled -- 0/24 nodes are available: 21 node(s) didn't match node selector, 3 Insufficient cpu, 3 Insufficient memory.
[75/abd1ea] Submitted process > preprocessing:preprocess (LT05_L1TP_183035_19870914_20180219_01_T1)
[ad/01c816] Submitted process > preprocessing:preprocess (LE07_L1TP_183035_19990822_20170217_01_T1)
WARN: K8s pod cannot be scheduled -- 0/24 nodes are available: 21 node(s) didn't match node selector, 3 Insufficient cpu, 3 Insufficient memory.
[1e/3d09a8] Submitted process > preprocessing:preprocess (LE07_L1TP_183035_20040819_20170119_01_T1)
WARN: K8s pod cannot be scheduled -- 0/24 nodes are available: 21 node(s) didn't match node selector, 3 Insufficient cpu, 3 Insufficient memory.
[89/80aec5] Submitted process > preprocessing:preprocess (LT05_L1TP_183035_19910112_20180219_01_T1)
[a6/2ae736] Submitted process > preprocessing:preprocess (LE07_L1TP_183035_20010811_20170204_01_T1)
WARN: K8s pod cannot be scheduled -- 0/24 nodes are available: 21 node(s) didn't match node selector, 3 Insufficient cpu, 3 Insufficient memory.
[34/9626c7] Submitted process > preprocessing:preprocess (LT05_L1TP_182035_19890507_20180620_01_T1)
[bb/0eb193] Submitted process > preprocessing:preprocess (LT05_L1TP_182035_20060607_20180310_01_T1)
[17/4332f8] Submitted process > preprocessing:preprocess (LT04_L1TP_182035_19891209_20170201_01_T1)
WARN: K8s pod cannot be scheduled -- 0/24 nodes are available: 21 node(s) didn't match node selector, 3 Insufficient cpu, 3 Insufficient memory.
[d2/b6b739] Submitted process > preprocessing:preprocess (LE07_L1TP_182035_19990730_20170218_01_T1)
[d4/ce3863] Submitted process > preprocessing:preprocess (LT05_L1TP_182035_19960915_20180210_01_T1)
WARN: K8s pod cannot be scheduled -- 0/24 nodes are available: 21 node(s) didn't match node selector, 3 Insufficient cpu, 3 Insufficient memory.
[4c/ac5bbe] Submitted process > preprocessing:preprocess (LE07_L1TP_182035_20051002_20170112_01_T1)
[07/66ae40] Submitted process > preprocessing:preprocess (LT05_L1TP_182035_20040617_20180311_01_T1)
[b3/a42420] Submitted process > preprocessing:preprocess (LT05_L1TP_182035_20010727_20161210_01_T1)
WARN: K8s pod cannot be scheduled -- 0/24 nodes are available: 21 node(s) didn't match node selector, 3 Insufficient cpu, 3 Insufficient memory.
[3d/6a1b19] Submitted process > preprocessing:preprocess (LE07_L1TP_182035_19991221_20170215_01_T1)
WARN: K8s pod cannot be scheduled -- 0/24 nodes are available: 21 node(s) didn't match node selector, 3 Insufficient cpu, 3 Insufficient memory.
[de/a1a54b] Submitted process > preprocessing:preprocess (LT05_L1TP_182035_19970817_20180210_01_T1)
[b2/be48fe] Submitted process > preprocessing:preprocess (LT05_L1TP_182035_19950305_20180210_01_T1)
[0f/98e26d] Submitted process > preprocessing:preprocess (LE07_L1TP_182035_20060514_20170108_01_T1)
WARN: K8s pod cannot be scheduled -- 0/24 nodes are available: 21 node(s) didn't match node selector, 3 Insufficient cpu, 3 Insufficient memory.
[2c/13f192] Submitted process > preprocessing:preprocess (LT05_L1TP_182035_19890304_20180302_01_T1)
[ce/2a18d4] Submitted process > preprocessing:preprocess (LE07_L1TP_182035_20000614_20170211_01_T1)
WARN: K8s pod cannot be scheduled -- 0/24 nodes are available: 21 node(s) didn't match node selector, 3 Insufficient cpu, 3 Insufficient memory.
[15/4bfed3] Submitted process > preprocessing:preprocess (LE07_L1TP_182035_20010209_20170207_01_T1)
[f9/03b43c] Submitted process > preprocessing:preprocess (LT05_L1TP_182035_19901118_20180210_01_T1)
WARN: K8s pod cannot be scheduled -- 0/24 nodes are available: 21 node(s) didn't match node selector, 3 Insufficient cpu, 3 Insufficient memory.
[81/548270] Submitted process > preprocessing:preprocess (LE07_L1TP_182035_20000326_20170212_01_T1)
[4a/3d3056] Submitted process > preprocessing:preprocess (LT05_L1TP_182035_19940809_20200430_01_T1)
WARN: K8s pod cannot be scheduled -- 0/24 nodes are available: 21 node(s) didn't match node selector, 3 Insufficient cpu, 3 Insufficient memory.
[55/6cb0d8] Submitted process > preprocessing:preprocess (LT05_L1TP_182035_19860920_20180430_01_T1)
[f3/b1e36a] Submitted process > preprocessing:preprocess (LE07_L1TP_182035_20030303_20170126_01_T1)
WARN: K8s pod cannot be scheduled -- 0/24 nodes are available: 21 node(s) didn't match node selector, 3 Insufficient cpu, 3 Insufficient memory.
[78/6dd8ba] Submitted process > preprocessing:preprocess (LT05_L1TP_182035_19881011_20180210_01_T1)
[5b/74d067] Submitted process > preprocessing:preprocess (LT05_L1TP_182035_19911004_20180210_01_T1)
WARN: K8s pod cannot be scheduled -- 0/24 nodes are available: 21 node(s) didn't match node selector, 3 Insufficient cpu, 3 Insufficient memory.
[0f/6426ef] Submitted process > preprocessing:preprocess (LT05_L1TP_182035_19960103_20180210_01_T1)
[b9/db0622] Submitted process > preprocessing:preprocess (LT05_L1TP_182035_19980703_20171214_01_T1)
WARN: K8s pod cannot be scheduled -- 0/24 nodes are available: 21 node(s) didn't match node selector, 3 Insufficient cpu, 3 Insufficient memory.
[91/96fe5f] Submitted process > preprocessing:preprocess (LT05_L1TP_182035_20060522_20180310_01_T1)
[ce/3e911f] Submitted process > preprocessing:preprocess (LT05_L1TP_182035_20010625_20180929_01_T1)
WARN: K8s pod cannot be scheduled -- 0/24 nodes are available: 21 node(s) didn't match node selector, 3 Insufficient cpu, 3 Insufficient memory.
[90/0e60d1] Submitted process > preprocessing:preprocess (LT05_L1TP_182035_19971223_20180210_01_T1)
[45/91f791] Submitted process > preprocessing:preprocess (LT05_L1TP_182035_19900814_20170128_01_T1)
WARN: K8s pod cannot be scheduled -- 0/24 nodes are available: 21 node(s) didn't match node selector, 3 Insufficient cpu, 3 Insufficient memory.
[cf/b84e79] Submitted process > preprocessing:preprocess (LE07_L1TP_182035_20050628_20170115_01_T1)
[86/908955] Submitted process > preprocessing:preprocess (LE07_L1TP_182035_20030114_20170213_01_T1)
WARN: K8s pod cannot be scheduled -- 0/24 nodes are available: 21 node(s) didn't match node selector, 3 Insufficient cpu, 3 Insufficient memory.
[5f/b32f28] Submitted process > preprocessing:preprocess (LE07_L1TP_182035_20001105_20170209_01_T1)
[d1/c372d5] Submitted process > preprocessing:preprocess (LT05_L1TP_182035_19950913_20180210_01_T1)
WARN: K8s pod cannot be scheduled -- 0/24 nodes are available: 21 node(s) didn't match node selector, 3 Insufficient cpu, 3 Insufficient memory.
[f2/e1e8fa] Submitted process > preprocessing:preprocess (LT05_L1TP_182035_19981007_20180821_01_T1)
WARN: K8s pod cannot be scheduled -- 0/24 nodes are available: 21 node(s) didn't match node selector, 3 Insufficient cpu, 3 Insufficient memory.
[43/22b62a] Submitted process > preprocessing:preprocess (LE07_L1TP_182035_19990916_20170217_01_T1)
[06/3d7d09] Submitted process > preprocessing:preprocess (LT05_L1TP_182035_19981023_20170717_01_T1)
[cc/53407a] Submitted process > preprocessing:preprocess (LT05_L1TP_182035_19910105_20180210_01_T1)
WARN: K8s pod cannot be scheduled -- 0/24 nodes are available: 21 node(s) didn't match node selector, 3 Insufficient cpu, 3 Insufficient memory.
[62/80231a] Submitted process > preprocessing:preprocess (LT05_L1TP_182035_20051111_20180126_01_T1)
[4c/de4376] Submitted process > preprocessing:preprocess (LE07_L1TP_182035_20011124_20170213_01_T1)
WARN: K8s pod cannot be scheduled -- 0/24 nodes are available: 21 node(s) didn't match node selector, 3 Insufficient cpu, 3 Insufficient memory.
[e1/cef528] Submitted process > preprocessing:preprocess (LT05_L1TP_182035_19890115_20180613_01_T1)
WARN: K8s pod cannot be scheduled -- 0/24 nodes are available: 21 node(s) didn't match node selector, 3 Insufficient cpu, 3 Insufficient memory.
[98/37170e] Submitted process > preprocessing:preprocess (LT05_L1TP_182035_19910716_20171208_01_T1)
[74/691672] Submitted process > preprocessing:preprocess (LT05_L1TP_182035_19941113_20180210_01_T1)
WARN: K8s pod cannot be scheduled -- 0/24 nodes are available: 21 node(s) didn't match node selector, 3 Insufficient cpu, 3 Insufficient memory.
[14/c47285] Submitted process > preprocessing:preprocess (LE07_L1TP_182035_20031130_20170123_01_T1)
[bd/1c0d1d] Submitted process > preprocessing:preprocess (LT05_L1TP_182035_20000521_20180914_01_T1)
[78/9bf9b1] Submitted process > preprocessing:preprocess (LE07_L1TP_182035_20000207_20170213_01_T1)
WARN: K8s pod cannot be scheduled -- 0/24 nodes are available: 21 node(s) didn't match node selector, 3 Insufficient cpu, 3 Insufficient memory.
[35/660791] Submitted process > preprocessing:preprocess (LT05_L1TP_182035_19970716_20180210_01_T1)
[a5/c77165] Submitted process > preprocessing:preprocess (LT05_L1TP_182035_19961220_20180210_01_T1)
WARN: K8s pod cannot be scheduled -- 0/24 nodes are available: 21 node(s) didn't match node selector, 3 Insufficient cpu, 3 Insufficient memory.
[a4/9f9395] Submitted process > preprocessing:preprocess (LT05_L1TP_182035_19900713_20180210_01_T1)
WARN: K8s pod cannot be scheduled -- 0/24 nodes are available: 21 node(s) didn't match node selector, 3 Insufficient cpu, 3 Insufficient memory.
[05/95411e] Submitted process > preprocessing:preprocess (LT05_L1TP_182035_19910529_20180113_01_T1)
[1c/d7f149] Submitted process > preprocessing:preprocess (LT05_L1TP_182035_19920920_20180302_01_T1)
WARN: K8s pod cannot be scheduled -- 0/24 nodes are available: 21 node(s) didn't match node selector, 3 Insufficient cpu, 3 Insufficient memory.
[f2/45bb82] Submitted process > preprocessing:preprocess (LE07_L1TP_182035_20060530_20170108_01_T1)
[97/d28620] Submitted process > preprocessing:preprocess (LE07_L1TP_182035_20051205_20170111_01_T1)
WARN: K8s pod cannot be scheduled -- 0/24 nodes are available: 21 node(s) didn't match node selector, 3 Insufficient cpu, 3 Insufficient memory.
[44/96ae21] Submitted process > preprocessing:preprocess (LT05_L1TP_182035_19840509_20171214_01_T1)
WARN: K8s pod cannot be scheduled -- 0/24 nodes are available: 21 node(s) didn't match node selector, 3 Insufficient cpu, 3 Insufficient memory.
[27/c31b52] Submitted process > preprocessing:preprocess (LT05_L1TP_182035_20020714_20180902_01_T1)
[38/e865bb] Submitted process > preprocessing:preprocess (LT05_L1TP_182035_19960627_20180210_01_T1)
[b0/f9ec33] Submitted process > preprocessing:preprocess (LE07_L1TP_182035_20011007_20170203_01_T1)
WARN: K8s pod cannot be scheduled -- 0/24 nodes are available: 21 node(s) didn't match node selector, 3 Insufficient cpu, 3 Insufficient memory.
[b0/de9f91] Submitted process > preprocessing:preprocess (LT05_L1TP_182035_20000926_20171211_01_T1)
WARN: K8s pod cannot be scheduled -- 0/24 nodes are available: 21 node(s) didn't match node selector, 3 Insufficient cpu, 3 Insufficient memory.
[26/330c28] Submitted process > preprocessing:preprocess (LT05_L1TP_182035_19941231_20180210_01_T1)
[83/ae4aa9] Submitted process > preprocessing:preprocess (LT05_L1TP_182035_19900323_20180210_01_T1)
[b0/cd2d93] Submitted process > preprocessing:preprocess (LT05_L1TP_182035_20000708_20171210_01_T1)
WARN: K8s pod cannot be scheduled -- 0/24 nodes are available: 21 node(s) didn't match node selector, 3 Insufficient cpu, 3 Insufficient memory.
[27/9ec829] Submitted process > preprocessing:preprocess (LT05_L1TP_182035_19980905_20171208_01_T1)
[c4/ab7ad8] Submitted process > preprocessing:preprocess (LE07_L1TP_182035_20020228_20170131_01_T1)
WARN: K8s pod cannot be scheduled -- 0/24 nodes are available: 21 node(s) didn't match node selector, 3 Insufficient cpu, 3 Insufficient memory.
[f5/e5415e] Submitted process > preprocessing:preprocess (LT05_L1TP_182035_19870705_20170212_01_T1)
[27/5770f7] Submitted process > preprocessing:preprocess (LT05_L1TP_182035_19880113_20170907_01_T1)
[1b/6241d8] Submitted process > preprocessing:preprocess (LT05_L1TP_182035_20010422_20180311_01_T1)
WARN: K8s pod cannot be scheduled -- 0/24 nodes are available: 21 node(s) didn't match node selector, 3 Insufficient cpu, 3 Insufficient memory.
[3c/891595] Submitted process > preprocessing:preprocess (LT05_L1TP_182035_19940129_20171214_01_T1)
WARN: K8s pod cannot be scheduled -- 0/24 nodes are available: 21 node(s) didn't match node selector, 3 Insufficient cpu, 3 Insufficient memory.
[37/9261be] Submitted process > preprocessing:preprocess (LT05_L1TP_182035_19930721_20180210_01_T1)
[f2/ff571e] Submitted process > preprocessing:preprocess (LT05_L1TP_182035_19950828_20201112_01_T1)
WARN: K8s pod cannot be scheduled -- 0/24 nodes are available: 21 node(s) didn't match node selector, 3 Insufficient cpu, 3 Insufficient memory.
[59/72b240] Submitted process > preprocessing:preprocess (LT05_L1TP_182035_19880129_20180210_01_T1)
[34/455a24] Submitted process > preprocessing:preprocess (LT05_L1TP_182035_19940521_20180210_01_T1)
[cd/29b4f6] Submitted process > preprocessing:preprocess (LT05_L1TP_182035_19951202_20170907_01_T1)
WARN: K8s pod cannot be scheduled -- 0/24 nodes are available: 21 node(s) didn't match node selector, 3 Insufficient cpu, 3 Insufficient memory.
[90/9853b2] Submitted process > preprocessing:preprocess (LE07_L1TP_182035_20030130_20170126_01_T1)
[90/8544a8] Submitted process > preprocessing:preprocess (LT05_L1TP_182035_19980820_20171215_01_T1)
WARN: K8s pod cannot be scheduled -- 0/24 nodes are available: 21 node(s) didn't match node selector, 3 Insufficient cpu, 3 Insufficient memory.
[68/87bcf9] Submitted process > preprocessing:preprocess (LE07_L1TP_182035_20050409_20170115_01_T1)
WARN: K8s pod cannot be scheduled -- 0/24 nodes are available: 21 node(s) didn't match node selector, 3 Insufficient cpu, 3 Insufficient memory.
[ef/cf668a] Submitted process > preprocessing:preprocess (LT05_L1TP_182035_19911223_20180210_01_T1)
[00/fa09f4] Submitted process > preprocessing:preprocess (LT05_L1TP_182035_19900830_20180302_01_T1)
WARN: K8s pod cannot be scheduled -- 0/24 nodes are available: 21 node(s) didn't match node selector, 3 Insufficient cpu, 3 Insufficient memory.
[64/172575] Submitted process > preprocessing:preprocess (LT05_L1TP_182035_19960510_20180210_01_T1)
[e2/c3a1a4] Submitted process > preprocessing:preprocess (LE07_L1TP_182035_20010108_20170208_01_T1)
WARN: K8s pod cannot be scheduled -- 0/24 nodes are available: 21 node(s) didn't match node selector, 3 Insufficient cpu, 3 Insufficient memory.
[0a/3b1ec9] Submitted process > preprocessing:preprocess (LT05_L1TP_182035_19880707_20170613_01_T1)
[b3/ec0093] Submitted process > preprocessing:preprocess (LE07_L1TP_182035_20060717_20170107_01_T1)
[be/79fa98] Submitted process > preprocessing:preprocess (LT05_L1TP_182035_19860224_20180210_01_T1)
[05/7260f9] Submitted process > preprocessing:preprocess (LT05_L1TP_182035_19910614_20180210_01_T1)
WARN: K8s pod cannot be scheduled -- 0/24 nodes are available: 21 node(s) didn't match node selector, 3 Insufficient cpu, 3 Insufficient memory.
WARN: K8s pod cannot be scheduled -- 0/24 nodes are available: 21 node(s) didn't match node selector, 3 Insufficient cpu, 3 Insufficient memory.
WARN: K8s pod cannot be scheduled -- 0/24 nodes are available: 21 node(s) didn't match node selector, 3 Insufficient cpu, 3 Insufficient memory.
[2e/809919] Submitted process > preprocessing:preprocess (LT05_L1TP_182035_19940419_20180210_01_T1)
[63/be626b] Submitted process > preprocessing:preprocess (LT05_L1TP_182035_19970529_20180210_01_T1)
[d3/b31116] Submitted process > preprocessing:preprocess (LT05_L1TP_182035_19850205_20170219_01_T1)
[0d/4d1ee8] Submitted process > preprocessing:preprocess (LT05_L1TP_182035_20020628_20161208_01_T1)
WARN: K8s pod cannot be scheduled -- 0/24 nodes are available: 21 node(s) didn't match node selector, 3 Insufficient cpu, 3 Insufficient memory.
[82/9c3493] Submitted process > preprocessing:preprocess (LT05_L1TP_182035_19920718_20180218_01_T1)
WARN: K8s pod cannot be scheduled -- 0/24 nodes are available: 21 node(s) didn't match node selector, 3 Insufficient cpu, 3 Insufficient memory.
[e9/c397eb] Submitted process > preprocessing:preprocess (LT05_L1TP_182035_19980905_20180727_01_T1)
WARN: K8s pod cannot be scheduled -- 0/24 nodes are available: 21 node(s) didn't match node selector, 3 Insufficient cpu, 3 Insufficient memory.
WARN: K8s pod cannot be scheduled -- 0/24 nodes are available: 21 node(s) didn't match node selector, 3 Insufficient cpu, 3 Insufficient memory.
WARN: K8s pod cannot be scheduled -- 0/24 nodes are available: 21 node(s) didn't match node selector, 3 Insufficient cpu, 3 Insufficient memory.
[94/9c7320] Submitted process > preprocessing:preprocess (LT05_L1TP_182035_19930502_20180210_01_T1)
[9b/068dc3] Submitted process > preprocessing:preprocess (LT05_L1TP_182035_19900526_20170717_01_T1)
[7e/0306d0] Submitted process > preprocessing:preprocess (LT05_L1TP_182035_20061029_20180309_01_T1)
[fd/d51a8f] Submitted process > preprocessing:preprocess (LT05_L1TP_182035_19950625_20180210_01_T1)
WARN: Unable to fetch pod exit status -- pod=eo-experiment-r8-n3-e2 state=[running:[startedAt:2021-07-14T08:02:37Z]]
