go
Launcher pod spec file: .nextflow.pod.yaml
Pod submitted: eo-experiment-r4-n1-e1 .. waiting to start[2KPod started: eo-experiment-r4-n1-e1
N E X T F L O W  ~  version 21.04.0-edge
Launching `/workdir/B5-Workflow-Earth-Observation/EO-01/workflow-dsl2.nf` [eo-experiment-r4-n1-e1] - revision: 95e4f03f65
WARN: It appears you have never run this project before -- Option `-resume` is ignored
input data path: '/data/b5/eo-01'
[0d/432073] Submitted process > preprocessing:generateAnalysisMask
[b7/5f829f] Submitted process > preprocessing:generateTileAllowList
[c9/d58fed] Submitted process > preprocessing:preprocess (LT05_L1TP_183035_20040811_20180309_01_T1)
[59/ab3db3] Submitted process > preprocessing:preprocess (LT05_L1TP_183035_19980421_20180210_01_T1)
[cf/c0bae0] Submitted process > preprocessing:preprocess (LE07_L1TP_183035_20000824_20170210_01_T1)
[29/f768ca] Submitted process > preprocessing:preprocess (LT05_L1TP_183035_19980523_20180210_01_T1)
[bd/5513c1] Submitted process > preprocessing:preprocess (LE07_L1TP_183035_20010320_20170206_01_T1)
[59/e75280] Submitted process > preprocessing:preprocess (LT05_L1TP_183035_19911128_20180302_01_T1)
[38/52e3e0] Submitted process > preprocessing:preprocess (LT05_L1TP_183035_19970301_20180210_01_T1)
[2a/17feea] Submitted process > preprocessing:preprocess (LT05_L1TP_183035_19921216_20170504_01_T1)
[e8/040fc1] Submitted process > preprocessing:preprocess (LE07_L1TP_183035_20030105_20170127_01_T1)
[ba/f52062] Submitted process > preprocessing:preprocess (LT05_L1TP_183035_19980811_20170717_01_T1)
[e9/d23e42] Submitted process > preprocessing:preprocess (LT05_L1TP_183035_19950718_20180210_01_T1)
[77/88f48b] Submitted process > preprocessing:preprocess (LT05_L1TP_183035_20010616_20180311_01_T1)
[60/fb8edd] Submitted process > preprocessing:preprocess (LT05_L1TP_183035_19960501_20180210_01_T1)
[5f/0f76a9] Submitted process > preprocessing:preprocess (LT05_L1TP_183035_19951022_20180210_01_T1)
[15/285d4c] Submitted process > preprocessing:preprocess (LT05_L1TP_183035_19950429_20180210_01_T1)
[35/57bf02] Submitted process > preprocessing:preprocess (LT05_L1TP_183035_19910317_20180210_01_T1)
[f3/8d77f0] Submitted process > preprocessing:preprocess (LT05_L1TP_183035_19980304_20180210_01_T1)
[7e/ce2f0d] Submitted process > preprocessing:preprocess (LE07_L1TP_183035_19990923_20170217_01_T1)
[68/287c74] Submitted process > preprocessing:preprocess (LT05_L1TP_183035_19960110_20180210_01_T1)
[ac/ffaad2] Submitted process > preprocessing:preprocess (LT05_L1TP_183035_19920522_20180210_01_T1)
[69/8b7560] Submitted process > preprocessing:preprocess (LT05_L1TP_183035_19900602_20180210_01_T1)
[3f/10db00] Submitted process > preprocessing:preprocess (LT05_L1TP_183035_19940917_20180210_01_T1)
[2c/50aa13] Submitted process > preprocessing:preprocess (LE07_L1TP_183035_20020307_20170131_01_T1)
[cc/8e62cf] Submitted process > preprocessing:preprocess (LT05_L1TP_183035_19860607_20180210_01_T1)
[74/7338eb] Submitted process > preprocessing:preprocess (LT05_L1TP_183035_19991102_20180210_01_T1)
[25/dce697] Submitted process > preprocessing:preprocess (LE07_L1TP_183035_20050923_20170112_01_T1)
[62/2b51ac] Submitted process > preprocessing:preprocess (LE07_L1TP_183035_20010216_20170206_01_T1)
[80/931eb8] Submitted process > preprocessing:preprocess (LT05_L1TP_183035_20010123_20180311_01_T1)
[25/565cf6] Submitted process > preprocessing:preprocess (LT05_L1TP_183035_19861130_20170215_01_T1)
[a2/818f37] Submitted process > preprocessing:preprocess (LT05_L1TP_183035_19870423_20170213_01_T1)
[2f/73a320] Submitted process > preprocessing:preprocess (LT05_L1TP_183035_19940715_20180616_01_T1)
[bd/66d089] Submitted process > preprocessing:preprocess (LT05_L1TP_183035_20050323_20180128_01_T1)
WARN: K8s pod cannot be scheduled -- 0/24 nodes are available: 1 Insufficient cpu, 1 Insufficient memory, 23 node(s) didn't match node selector.
[31/366052] Submitted process > preprocessing:preprocess (LT05_L1TP_183035_19870509_20170213_01_T1)
[5b/3fab43] Submitted process > preprocessing:preprocess (LE07_L1TP_183035_20000925_20170209_01_T1)
[58/886eaa] Submitted process > preprocessing:preprocess (LT05_L1TP_183035_19990627_20180210_01_T1)
[2a/847cea] Submitted process > preprocessing:preprocess (LE07_L1TP_183035_20030817_20170125_01_T1)
[83/4b55af] Submitted process > preprocessing:preprocess (LT05_L1TP_183035_20010515_20180311_01_T1)
[3a/612d99] Submitted process > preprocessing:preprocess (LT04_L1TP_183035_19891216_20170201_01_T1)
[3c/ac51f0] Submitted process > preprocessing:preprocess (LE07_L1TP_183035_20020713_20170129_01_T1)
[2f/977eab] Submitted process > preprocessing:preprocess (LE07_L1TP_183035_20010405_20170205_01_T1)
[af/82f69f] Submitted process > preprocessing:preprocess (LT05_L1TP_183035_20020315_20180312_01_T1)
[c8/1d6598] Submitted process > preprocessing:preprocess (LT05_L1TP_183035_19910723_20180302_01_T1)
[c6/f189fb] Submitted process > preprocessing:preprocess (LT05_L1TP_183035_19931203_20180210_01_T1)
[c9/249cbd] Submitted process > preprocessing:preprocess (LT05_L1TP_183035_19990408_20180210_01_T1)
[be/7b9a5c] Submitted process > preprocessing:preprocess (LT05_L1TP_183035_19880628_20170613_01_T1)
[1e/6eee1a] Submitted process > preprocessing:preprocess (LE07_L1TP_183035_20001112_20170209_01_T1)
[62/42ab3f] Submitted process > preprocessing:preprocess (LT05_L1TP_183035_19880409_20180112_01_T1)
[b0/c5e9a8] Submitted process > preprocessing:preprocess (LT05_L1TP_183035_19990118_20171215_01_T1)
[b0/ef7863] Submitted process > preprocessing:preprocess (LT05_L1TP_183035_19991017_20180210_01_T1)
[f3/642d4e] Submitted process > preprocessing:preprocess (LT05_L1TP_183035_19900805_20180620_01_T1)
[54/72540b] Submitted process > preprocessing:preprocess (LT05_L1TP_183035_20041201_20180309_01_T1)
[66/ef744d] Submitted process > preprocessing:preprocess (LT05_L1TP_183035_19940731_20180720_01_T1)
[73/00fe80] Submitted process > preprocessing:preprocess (LT05_L1TP_183035_19881205_20180210_01_T1)
[f8/92fa35] Submitted process > preprocessing:preprocess (LT05_L1TP_183035_19950208_20180210_01_T1)
[f9/2bb68d] Submitted process > preprocessing:preprocess (LT05_L1TP_183035_19950123_20180210_01_T1)
[e4/572d07] Submitted process > preprocessing:preprocess (LE07_L1TP_183035_20060318_20170110_01_T1)
[6c/244a9b] Submitted process > preprocessing:preprocess (LE07_L1TP_183035_20041123_20170117_01_T1)
[ea/b4df38] Submitted process > preprocessing:preprocess (LT05_L1TP_183035_19851026_20171212_01_T1)
[0e/156e52] Submitted process > preprocessing:preprocess (LT05_L1TP_183035_19840516_20170220_01_T1)
[84/7d4690] Submitted process > preprocessing:preprocess (LT05_L1TP_183035_19870117_20170215_01_T1)
[1e/0e472b] Submitted process > preprocessing:preprocess (LT04_L1TP_183035_19871227_20170210_01_T1)
[a3/2b50fa] Submitted process > preprocessing:preprocess (LE07_L1TP_183035_20030513_20170125_01_T1)
[1d/892a61] Submitted process > preprocessing:preprocess (LE07_L1TP_183035_20041107_20170118_01_T1)
[e6/8c3747] Submitted process > preprocessing:preprocess (LT05_L1TP_183035_20040608_20180310_01_T1)
[f0/45e796] Submitted process > preprocessing:preprocess (LT05_L1TP_183035_20020110_20180312_01_T1)
[fe/4b6750] Submitted process > preprocessing:preprocess (LT05_L1TP_183035_19940816_20180210_01_T1)
[4f/dfe8ab] Submitted process > preprocessing:preprocess (LT05_L1TP_183035_20051102_20180127_01_T1)
[e7/c0eae6] Submitted process > preprocessing:preprocess (LT05_L1TP_183035_20040827_20180310_01_T1)
[b2/87abd8] Submitted process > preprocessing:preprocess (LT05_L1TP_183035_19940104_20180613_01_T1)
[39/a6433b] Submitted process > preprocessing:preprocess (LT05_L1TP_183035_19850924_20171212_01_T1)
[a5/da9002] Submitted process > preprocessing:preprocess (LT05_L1TP_183035_20011006_20180501_01_T1)
[dd/a0803d] Submitted process > preprocessing:preprocess (LE07_L1TP_183035_20021001_20170128_01_T1)
[c9/2a4bc6] Submitted process > preprocessing:preprocess (LT05_L1TP_183035_19910707_20170613_01_T1)
[bb/0d6d4b] Submitted process > preprocessing:preprocess (LT05_L1TP_183035_19970504_20180210_01_T1)
[23/d48242] Submitted process > preprocessing:preprocess (LE07_L1TP_183035_20060403_20170110_01_T1)
[0d/948449] Submitted process > preprocessing:preprocess (LT05_L1TP_183035_19920709_20180219_01_T1)
[4c/4f6c58] Submitted process > preprocessing:preprocess (LT05_L1TP_183035_20050627_20180126_01_T1)
[47/a96259] Submitted process > preprocessing:preprocess (LT05_L1TP_183035_19971112_20170504_01_T1)
[59/51f354] Submitted process > preprocessing:preprocess (LT05_L1TP_183035_19990424_20180710_01_T1)
[8b/83e566] Submitted process > preprocessing:preprocess (LT05_L1TP_183035_19980608_20170717_01_T1)
[f1/354f08] Submitted process > preprocessing:preprocess (LT05_L1TP_183035_19960126_20180210_01_T1)
[06/00f463] Submitted process > preprocessing:preprocess (LT05_L1TP_183035_19880527_20180210_01_T1)
[bc/fe07f3] Submitted process > preprocessing:preprocess (LE07_L1TP_183035_20030326_20170126_01_T1)
[95/bcf5d4] Submitted process > preprocessing:preprocess (LT05_L1TP_183035_20060614_20180310_01_T1)
[0d/199e7d] Submitted process > preprocessing:preprocess (LT05_L1TP_183035_19920303_20171214_01_T1)
[1d/dbfe04] Submitted process > preprocessing:preprocess (LT05_L1TP_183035_19940104_20180210_01_T1)
[c5/7e8664] Submitted process > preprocessing:preprocess (LT05_L1TP_183035_20020227_20180830_01_T1)
[c3/77c35b] Submitted process > preprocessing:preprocess (LE07_L1TP_183035_20000418_20170212_01_T1)
[a5/1ac881] Submitted process > preprocessing:preprocess (LT05_L1TP_183035_19941222_20180210_01_T1)
[e7/14dbb0] Submitted process > preprocessing:preprocess (LE07_L1TP_183035_20020323_20170213_01_T1)
[ca/deece5] Submitted process > preprocessing:preprocess (LT05_L1TP_183035_19930930_20180219_01_T1)
[dc/525557] Submitted process > preprocessing:preprocess (LE07_L1TP_183035_20050502_20170114_01_T1)
[d3/b79b31] Submitted process > preprocessing:preprocess (LT05_L1TP_183035_19890207_20171208_01_T1)
[6e/b667f1] Submitted process > preprocessing:preprocess (LT05_L1TP_183035_19960415_20180210_01_T1)
[73/546872] Submitted process > preprocessing:preprocess (LT05_L1TP_183035_19860725_20170217_01_T1)
[92/617962] Submitted process > preprocessing:preprocess (LT05_L1TP_183035_19921013_20171214_01_T1)
[d4/9f65fc] Submitted process > preprocessing:preprocess (LT05_L1TP_183035_19931016_20170613_01_T1)
[26/58dd16] Submitted process > preprocessing:preprocess (LT05_L1TP_183035_19951209_20180210_01_T1)
[2a/2d68de] Submitted process > preprocessing:preprocess (LE07_L1TP_183035_20010608_20170205_01_T1)
[e5/1d20d1] Submitted process > preprocessing:preprocess (LT05_L1TP_183035_19930407_20180210_01_T1)
WARN: K8s pod cannot be scheduled -- 0/24 nodes are available: 1 Insufficient cpu, 1 Insufficient memory, 23 node(s) didn't match node selector.
WARN: K8s pod cannot be scheduled -- 0/24 nodes are available: 1 Insufficient cpu, 1 Insufficient memory, 23 node(s) didn't match node selector.
WARN: K8s pod cannot be scheduled -- 0/24 nodes are available: 1 Insufficient cpu, 1 Insufficient memory, 23 node(s) didn't match node selector.
WARN: K8s pod cannot be scheduled -- 0/24 nodes are available: 1 Insufficient cpu, 1 Insufficient memory, 23 node(s) didn't match node selector.
[e5/a9b5d9] Submitted process > preprocessing:preprocess (LE07_L1TP_183035_20040515_20170120_01_T1)
[46/4497cf] Submitted process > preprocessing:preprocess (LE07_L1TP_183035_20001214_20170208_01_T1)
[d5/8371a2] Submitted process > preprocessing:preprocess (LT05_L1TP_183035_19850620_20171212_01_T1)
WARN: K8s pod cannot be scheduled -- 0/24 nodes are available: 1 Insufficient cpu, 1 Insufficient memory, 23 node(s) didn't match node selector.
WARN: K8s pod cannot be scheduled -- 0/24 nodes are available: 1 Insufficient cpu, 1 Insufficient memory, 23 node(s) didn't match node selector.
WARN: K8s pod cannot be scheduled -- 0/24 nodes are available: 1 Insufficient cpu, 1 Insufficient memory, 23 node(s) didn't match node selector.
WARN: K8s pod cannot be scheduled -- 0/24 nodes are available: 1 Insufficient cpu, 1 Insufficient memory, 23 node(s) didn't match node selector.
[4c/9da99d] Submitted process > preprocessing:preprocess (LT05_L1TP_183035_19901125_20171208_01_T1)
[63/67c59b] Submitted process > preprocessing:preprocess (LT05_L1TP_183035_20000629_20171211_01_T1)
[be/df8ff7] Submitted process > preprocessing:preprocess (LT05_L1TP_183035_20060801_20180309_01_T1)
WARN: K8s pod cannot be scheduled -- 0/24 nodes are available: 1 Insufficient cpu, 1 Insufficient memory, 23 node(s) didn't match node selector.
WARN: K8s pod cannot be scheduled -- 0/24 nodes are available: 1 Insufficient cpu, 1 Insufficient memory, 23 node(s) didn't match node selector.
WARN: K8s pod cannot be scheduled -- 0/24 nodes are available: 1 Insufficient cpu, 1 Insufficient memory, 23 node(s) didn't match node selector.
WARN: K8s pod cannot be scheduled -- 0/24 nodes are available: 1 Insufficient cpu, 1 Insufficient memory, 23 node(s) didn't match node selector.
[d5/28ac91] Submitted process > preprocessing:preprocess (LT05_L1TP_183035_19970723_20180210_01_T1)
[48/e6c505] Submitted process > preprocessing:preprocess (LT05_L1TP_183035_19880916_20180210_01_T1)
WARN: K8s pod cannot be scheduled -- 0/24 nodes are available: 1 Insufficient cpu, 1 Insufficient memory, 23 node(s) didn't match node selector.
[d0/296f06] Submitted process > preprocessing:preprocess (LT05_L1TP_183035_19930914_20180210_01_T1)
WARN: K8s pod cannot be scheduled -- 0/24 nodes are available: 1 Insufficient cpu, 1 Insufficient memory, 23 node(s) didn't match node selector.
WARN: K8s pod cannot be scheduled -- 0/24 nodes are available: 1 Insufficient cpu, 1 Insufficient memory, 23 node(s) didn't match node selector.
[6e/61161a] Submitted process > preprocessing:preprocess (LT05_L1TP_183035_19950702_20180210_01_T1)
WARN: K8s pod cannot be scheduled -- 0/24 nodes are available: 1 Insufficient cpu, 1 Insufficient memory, 23 node(s) didn't match node selector.
WARN: K8s pod cannot be scheduled -- 0/24 nodes are available: 1 Insufficient cpu, 1 Insufficient memory, 23 node(s) didn't match node selector.
[fc/02b7b8] Submitted process > preprocessing:preprocess (LT05_L1TP_183035_20000917_20171211_01_T1)
WARN: K8s pod cannot be scheduled -- 0/24 nodes are available: 1 Insufficient cpu, 1 Insufficient memory, 23 node(s) didn't match node selector.
WARN: K8s pod cannot be scheduled -- 0/24 nodes are available: 1 Insufficient cpu, 1 Insufficient memory, 23 node(s) didn't match node selector.
[7d/91057c] Submitted process > preprocessing:preprocess (LT05_L1TP_183035_19921029_20171209_01_T1)
WARN: K8s pod cannot be scheduled -- 0/24 nodes are available: 1 Insufficient cpu, 1 Insufficient memory, 23 node(s) didn't match node selector.
WARN: K8s pod cannot be scheduled -- 0/24 nodes are available: 1 Insufficient cpu, 1 Insufficient memory, 23 node(s) didn't match node selector.
[00/5c492c] Submitted process > preprocessing:preprocess (LT05_L1TP_183035_20060716_20180310_01_T1)
[d2/1948fa] Submitted process > preprocessing:preprocess (LT05_L1TP_183035_19840430_20171213_01_T1)
WARN: K8s pod cannot be scheduled -- 0/24 nodes are available: 1 Insufficient cpu, 1 Insufficient memory, 23 node(s) didn't match node selector.
[d9/f85624] Submitted process > preprocessing:preprocess (LT05_L1TP_183035_19940512_20180210_01_T1)
WARN: K8s pod cannot be scheduled -- 0/24 nodes are available: 1 Insufficient cpu, 1 Insufficient memory, 23 node(s) didn't match node selector.
WARN: K8s pod cannot be scheduled -- 0/24 nodes are available: 1 Insufficient cpu, 1 Insufficient memory, 23 node(s) didn't match node selector.
WARN: K8s pod cannot be scheduled -- 0/24 nodes are available: 1 Insufficient cpu, 1 Insufficient memory, 23 node(s) didn't match node selector.
[da/81c365] Submitted process > preprocessing:preprocess (LT05_L1TP_183035_19920506_20180210_01_T1)
[2a/57c7ef] Submitted process > preprocessing:preprocess (LT05_L1TP_183035_19870407_20170213_01_T1)
WARN: K8s pod cannot be scheduled -- 0/24 nodes are available: 1 Insufficient cpu, 1 Insufficient memory, 23 node(s) didn't match node selector.
WARN: K8s pod cannot be scheduled -- 0/24 nodes are available: 1 Insufficient cpu, 1 Insufficient memory, 23 node(s) didn't match node selector.
[cd/9119a1] Submitted process > preprocessing:preprocess (LT05_L1TP_183035_19920404_20170613_01_T1)
WARN: K8s pod cannot be scheduled -- 0/24 nodes are available: 1 Insufficient cpu, 1 Insufficient memory, 23 node(s) didn't match node selector.
WARN: K8s pod cannot be scheduled -- 0/24 nodes are available: 1 Insufficient cpu, 1 Insufficient memory, 23 node(s) didn't match node selector.
[8c/2e2e89] Submitted process > preprocessing:preprocess (LT05_L1TP_183035_19980405_20180210_01_T1)
WARN: K8s pod cannot be scheduled -- 0/24 nodes are available: 1 Insufficient cpu, 1 Insufficient memory, 23 node(s) didn't match node selector.
WARN: K8s pod cannot be scheduled -- 0/24 nodes are available: 1 Insufficient cpu, 1 Insufficient memory, 23 node(s) didn't match node selector.
[12/207d45] Submitted process > preprocessing:preprocess (LT05_L1TP_183035_19980624_20180704_01_T1)
WARN: K8s pod cannot be scheduled -- 0/24 nodes are available: 1 Insufficient cpu, 1 Insufficient memory, 23 node(s) didn't match node selector.
[c8/4dabd6] Submitted process > preprocessing:preprocess (LT05_L1TP_183035_19910808_20180302_01_T1)
WARN: K8s pod cannot be scheduled -- 0/24 nodes are available: 1 Insufficient cpu, 1 Insufficient memory, 23 node(s) didn't match node selector.
WARN: K8s pod cannot be scheduled -- 0/24 nodes are available: 1 Insufficient cpu, 1 Insufficient memory, 23 node(s) didn't match node selector.
[e5/803965] Submitted process > preprocessing:preprocess (LT05_L1TP_183035_19960517_20180210_01_T1)
WARN: K8s pod cannot be scheduled -- 0/24 nodes are available: 1 Insufficient cpu, 1 Insufficient memory, 23 node(s) didn't match node selector.
[d6/e58ab0] Submitted process > preprocessing:preprocess (LT05_L1TP_183035_19851010_20171212_01_T1)
WARN: K8s pod cannot be scheduled -- 0/24 nodes are available: 1 Insufficient cpu, 1 Insufficient memory, 23 node(s) didn't match node selector.
[3d/bb3808] Submitted process > preprocessing:preprocess (LT05_L1TP_183035_19941120_20180210_01_T1)
WARN: K8s pod cannot be scheduled -- 0/24 nodes are available: 1 Insufficient cpu, 1 Insufficient memory, 23 node(s) didn't match node selector.
WARN: K8s pod cannot be scheduled -- 0/24 nodes are available: 1 Insufficient cpu, 1 Insufficient memory, 23 node(s) didn't match node selector.
WARN: K8s pod cannot be scheduled -- 0/24 nodes are available: 1 Insufficient cpu, 1 Insufficient memory, 23 node(s) didn't match node selector.
[b0/5ed2e3] Submitted process > preprocessing:preprocess (LE07_L1TP_183035_20010912_20170203_01_T1)
WARN: K8s pod cannot be scheduled -- 0/24 nodes are available: 1 Insufficient cpu, 1 Insufficient memory, 23 node(s) didn't match node selector.
[30/0c4e4c] Submitted process > preprocessing:preprocess (LE07_L1TP_183035_20001128_20170209_01_T1)
WARN: K8s pod cannot be scheduled -- 0/24 nodes are available: 1 Insufficient cpu, 1 Insufficient memory, 23 node(s) didn't match node selector.
[44/54dcb2] Submitted process > preprocessing:preprocess (LE07_L1TP_183035_20050619_20170115_01_T1)
WARN: K8s pod cannot be scheduled -- 0/24 nodes are available: 1 Insufficient cpu, 1 Insufficient memory, 23 node(s) didn't match node selector.
[77/b0dc8e] Submitted process > preprocessing:preprocess (LT05_L1TP_183035_19960720_20180210_01_T1)
WARN: K8s pod cannot be scheduled -- 0/24 nodes are available: 1 Insufficient cpu, 1 Insufficient memory, 23 node(s) didn't match node selector.
WARN: K8s pod cannot be scheduled -- 0/24 nodes are available: 1 Insufficient cpu, 1 Insufficient memory, 23 node(s) didn't match node selector.
WARN: K8s pod cannot be scheduled -- 0/24 nodes are available: 1 Insufficient cpu, 1 Insufficient memory, 23 node(s) didn't match node selector.
WARN: K8s pod cannot be scheduled -- 0/24 nodes are available: 1 Insufficient cpu, 1 Insufficient memory, 23 node(s) didn't match node selector.
[d3/aedb91] Submitted process > preprocessing:preprocess (LT05_L1TP_183035_20000715_20171211_01_T1)
[65/3060eb] Submitted process > preprocessing:preprocess (LT05_L1TP_183035_20060529_20180310_01_T1)
WARN: K8s pod cannot be scheduled -- 0/24 nodes are available: 1 Insufficient cpu, 1 Insufficient memory, 23 node(s) didn't match node selector.
WARN: K8s pod cannot be scheduled -- 0/24 nodes are available: 1 Insufficient cpu, 1 Insufficient memory, 23 node(s) didn't match node selector.
WARN: K8s pod cannot be scheduled -- 0/24 nodes are available: 1 Insufficient cpu, 1 Insufficient memory, 23 node(s) didn't match node selector.
[cb/beff12] Submitted process > preprocessing:preprocess (LT05_L1TP_183035_19850908_20171212_01_T1)
WARN: K8s pod cannot be scheduled -- 0/24 nodes are available: 1 Insufficient cpu, 1 Insufficient memory, 23 node(s) didn't match node selector.
[55/52d325] Submitted process > preprocessing:preprocess (LT05_L1TP_183035_19900618_20180210_01_T1)
[3d/446b5c] Submitted process > preprocessing:preprocess (LE07_L1TP_183035_19991009_20170216_01_T1)
WARN: K8s pod cannot be scheduled -- 0/24 nodes are available: 1 Insufficient cpu, 1 Insufficient memory, 23 node(s) didn't match node selector.
WARN: K8s pod cannot be scheduled -- 0/24 nodes are available: 1 Insufficient cpu, 1 Insufficient memory, 23 node(s) didn't match node selector.
WARN: K8s pod cannot be scheduled -- 0/24 nodes are available: 1 Insufficient cpu, 1 Insufficient memory, 23 node(s) didn't match node selector.
[ee/e91cd8] Submitted process > preprocessing:preprocess (LT05_L1TP_183035_19870728_20180210_01_T1)
WARN: K8s pod cannot be scheduled -- 0/24 nodes are available: 1 Insufficient cpu, 1 Insufficient memory, 23 node(s) didn't match node selector.
[51/48864c] Submitted process > preprocessing:preprocess (LT05_L1TP_183035_19941206_20180210_01_T1)
WARN: K8s pod cannot be scheduled -- 0/24 nodes are available: 1 Insufficient cpu, 1 Insufficient memory, 23 node(s) didn't match node selector.
WARN: K8s pod cannot be scheduled -- 0/24 nodes are available: 1 Insufficient cpu, 1 Insufficient memory, 23 node(s) didn't match node selector.
WARN: K8s pod cannot be scheduled -- 0/24 nodes are available: 1 Insufficient cpu, 1 Insufficient memory, 23 node(s) didn't match node selector.
WARN: K8s pod cannot be scheduled -- 0/24 nodes are available: 1 Insufficient cpu, 1 Insufficient memory, 23 node(s) didn't match node selector.
WARN: K8s pod cannot be scheduled -- 0/24 nodes are available: 1 Insufficient cpu, 1 Insufficient memory, 23 node(s) didn't match node selector.
[64/4de0c8] Submitted process > preprocessing:preprocess (LE07_L1TP_183035_20030206_20170213_01_T1)
WARN: K8s pod cannot be scheduled -- 0/24 nodes are available: 1 Insufficient cpu, 1 Insufficient memory, 23 node(s) didn't match node selector.
[31/97b71a] Submitted process > preprocessing:preprocess (LT05_L1TP_183035_19970317_20180210_01_T1)
WARN: K8s pod cannot be scheduled -- 0/24 nodes are available: 1 Insufficient cpu, 1 Insufficient memory, 23 node(s) didn't match node selector.
WARN: K8s pod cannot be scheduled -- 0/24 nodes are available: 1 Insufficient cpu, 1 Insufficient memory, 23 node(s) didn't match node selector.
[a7/340eae] Submitted process > preprocessing:preprocess (LT05_L1TP_183035_19881103_20170908_01_T1)
WARN: K8s pod cannot be scheduled -- 0/24 nodes are available: 1 Insufficient cpu, 1 Insufficient memory, 23 node(s) didn't match node selector.
WARN: K8s pod cannot be scheduled -- 0/24 nodes are available: 1 Insufficient cpu, 1 Insufficient memory, 23 node(s) didn't match node selector.
[7f/61a2ad] Submitted process > preprocessing:preprocess (LT05_L1TP_183035_20030926_20161203_01_T1)
WARN: K8s pod cannot be scheduled -- 0/24 nodes are available: 1 Insufficient cpu, 1 Insufficient memory, 23 node(s) didn't match node selector.
WARN: K8s pod cannot be scheduled -- 0/24 nodes are available: 1 Insufficient cpu, 1 Insufficient memory, 23 node(s) didn't match node selector.
[13/f530c3] Submitted process > preprocessing:preprocess (LT05_L1TP_183035_19941104_20180210_01_T1)
WARN: K8s pod cannot be scheduled -- 0/24 nodes are available: 1 Insufficient cpu, 1 Insufficient memory, 23 node(s) didn't match node selector.
WARN: K8s pod cannot be scheduled -- 0/24 nodes are available: 1 Insufficient cpu, 1 Insufficient memory, 23 node(s) didn't match node selector.
[6f/8f695e] Submitted process > preprocessing:preprocess (LT05_L1TP_183035_20010920_20170908_01_T1)
[39/46ed04] Submitted process > preprocessing:preprocess (LE07_L1TP_183035_20000605_20170211_01_T1)
WARN: K8s pod cannot be scheduled -- 0/24 nodes are available: 1 Insufficient cpu, 1 Insufficient memory, 23 node(s) didn't match node selector.
[4c/b94c09] Submitted process > preprocessing:preprocess (LE07_L1TP_183035_20010131_20170207_01_T1)
WARN: K8s pod cannot be scheduled -- 0/24 nodes are available: 1 Insufficient cpu, 1 Insufficient memory, 23 node(s) didn't match node selector.
WARN: K8s pod cannot be scheduled -- 0/24 nodes are available: 1 Insufficient cpu, 1 Insufficient memory, 23 node(s) didn't match node selector.
[77/179363] Submitted process > preprocessing:preprocess (LT05_L1TP_183035_19880324_20170808_01_T1)
WARN: K8s pod cannot be scheduled -- 0/24 nodes are available: 1 Insufficient cpu, 1 Insufficient memory, 23 node(s) didn't match node selector.
WARN: K8s pod cannot be scheduled -- 0/24 nodes are available: 1 Insufficient cpu, 1 Insufficient memory, 23 node(s) didn't match node selector.
[06/396a17] Submitted process > preprocessing:preprocess (LT05_L1TP_183035_19970418_20180210_01_T1)
WARN: K8s pod cannot be scheduled -- 0/24 nodes are available: 1 Insufficient cpu, 1 Insufficient memory, 23 node(s) didn't match node selector.
WARN: K8s pod cannot be scheduled -- 0/24 nodes are available: 1 Insufficient cpu, 1 Insufficient memory, 23 node(s) didn't match node selector.
[e7/27f6d1] Submitted process > preprocessing:preprocess (LE07_L1TP_183035_20061231_20170106_01_T1)
WARN: K8s pod cannot be scheduled -- 0/24 nodes are available: 1 Insufficient cpu, 1 Insufficient memory, 23 node(s) didn't match node selector.
WARN: K8s pod cannot be scheduled -- 0/24 nodes are available: 1 Insufficient cpu, 1 Insufficient memory, 23 node(s) didn't match node selector.
WARN: K8s pod cannot be scheduled -- 0/24 nodes are available: 1 Insufficient cpu, 1 Insufficient memory, 23 node(s) didn't match node selector.
[26/baab63] Submitted process > preprocessing:preprocess (LT05_L1TP_183035_19870712_20170212_01_T1)
[4c/a6f091] Submitted process > preprocessing:preprocess (LT05_L1TP_183035_19971230_20171214_01_T1)
WARN: K8s pod cannot be scheduled -- 0/24 nodes are available: 1 Insufficient cpu, 1 Insufficient memory, 23 node(s) didn't match node selector.
WARN: K8s pod cannot be scheduled -- 0/24 nodes are available: 1 Insufficient cpu, 1 Insufficient memory, 23 node(s) didn't match node selector.
[07/f8e6a7] Submitted process > preprocessing:preprocess (LT05_L1TP_183035_19871203_20170504_01_T1)
WARN: K8s pod cannot be scheduled -- 0/24 nodes are available: 1 Insufficient cpu, 1 Insufficient memory, 23 node(s) didn't match node selector.
WARN: K8s pod cannot be scheduled -- 0/24 nodes are available: 1 Insufficient cpu, 1 Insufficient memory, 23 node(s) didn't match node selector.
[d5/c553c4] Submitted process > preprocessing:preprocess (LE07_L1TP_183035_20040803_20170119_01_T1)
WARN: K8s pod cannot be scheduled -- 0/24 nodes are available: 1 Insufficient cpu, 1 Insufficient memory, 23 node(s) didn't match node selector.
WARN: K8s pod cannot be scheduled -- 0/24 nodes are available: 1 Insufficient cpu, 1 Insufficient memory, 23 node(s) didn't match node selector.
[f6/e458fa] Submitted process > preprocessing:preprocess (LT05_L1TP_183035_19930610_20170613_01_T1)
WARN: K8s pod cannot be scheduled -- 0/24 nodes are available: 1 Insufficient cpu, 1 Insufficient memory, 23 node(s) didn't match node selector.
[e1/5dea72] Submitted process > preprocessing:preprocess (LT05_L1TP_183035_19950312_20180210_01_T1)
WARN: K8s pod cannot be scheduled -- 0/24 nodes are available: 1 Insufficient cpu, 1 Insufficient memory, 23 node(s) didn't match node selector.
WARN: K8s pod cannot be scheduled -- 0/24 nodes are available: 1 Insufficient cpu, 1 Insufficient memory, 23 node(s) didn't match node selector.
[d3/64251d] Submitted process > preprocessing:preprocess (LT05_L1TP_183035_19841007_20171213_01_T1)
WARN: K8s pod cannot be scheduled -- 0/24 nodes are available: 1 Insufficient cpu, 1 Insufficient memory, 23 node(s) didn't match node selector.
WARN: K8s pod cannot be scheduled -- 0/24 nodes are available: 1 Insufficient cpu, 1 Insufficient memory, 23 node(s) didn't match node selector.
[2e/ec511f] Submitted process > preprocessing:preprocess (LE07_L1TP_183035_20051025_20170112_01_T1)
WARN: K8s pod cannot be scheduled -- 0/24 nodes are available: 1 Insufficient cpu, 1 Insufficient memory, 23 node(s) didn't match node selector.
[76/a2d8d6] Submitted process > preprocessing:preprocess (LT05_L1TP_183035_19970808_20180613_01_T1)
WARN: K8s pod cannot be scheduled -- 0/24 nodes are available: 1 Insufficient cpu, 1 Insufficient memory, 23 node(s) didn't match node selector.
[92/9291a9] Submitted process > preprocessing:preprocess (LT05_L1TP_183035_19920927_20180301_01_T1)
WARN: K8s pod cannot be scheduled -- 0/24 nodes are available: 1 Insufficient cpu, 1 Insufficient memory, 23 node(s) didn't match node selector.
WARN: K8s pod cannot be scheduled -- 0/24 nodes are available: 1 Insufficient cpu, 1 Insufficient memory, 23 node(s) didn't match node selector.
[2d/a3ab5e] Submitted process > preprocessing:preprocess (LE07_L1TP_183035_20000504_20170212_01_T1)
WARN: K8s pod cannot be scheduled -- 0/24 nodes are available: 1 Insufficient cpu, 1 Insufficient memory, 23 node(s) didn't match node selector.
WARN: K8s pod cannot be scheduled -- 0/24 nodes are available: 1 Insufficient cpu, 1 Insufficient memory, 23 node(s) didn't match node selector.
[13/e0c360] Submitted process > preprocessing:preprocess (LT05_L1TP_183035_19990102_20180728_01_T1)
[d1/68d48b] Submitted process > preprocessing:preprocess (LT05_L1TP_183035_19900922_20170908_01_T1)
WARN: K8s pod cannot be scheduled -- 0/24 nodes are available: 1 Insufficient cpu, 1 Insufficient memory, 23 node(s) didn't match node selector.
WARN: K8s pod cannot be scheduled -- 0/24 nodes are available: 1 Insufficient cpu, 1 Insufficient memory, 23 node(s) didn't match node selector.
[44/4ed37c] Submitted process > preprocessing:preprocess (LT05_L1TP_183035_19970707_20180210_01_T1)
WARN: K8s pod cannot be scheduled -- 0/24 nodes are available: 1 Insufficient cpu, 1 Insufficient memory, 23 node(s) didn't match node selector.
WARN: K8s pod cannot be scheduled -- 0/24 nodes are available: 1 Insufficient cpu, 1 Insufficient memory, 23 node(s) didn't match node selector.
[1d/cb954a] Submitted process > preprocessing:preprocess (LT05_L1TP_183035_19980827_20170717_01_T1)
[49/fafd12] Submitted process > preprocessing:preprocess (LE07_L1TP_183035_20020729_20170128_01_T1)
WARN: K8s pod cannot be scheduled -- 0/24 nodes are available: 1 Insufficient cpu, 1 Insufficient memory, 23 node(s) didn't match node selector.
WARN: K8s pod cannot be scheduled -- 0/24 nodes are available: 1 Insufficient cpu, 1 Insufficient memory, 23 node(s) didn't match node selector.
[58/585286] Submitted process > preprocessing:preprocess (LT05_L1TP_183035_19860623_20180430_01_T1)
WARN: K8s pod cannot be scheduled -- 0/24 nodes are available: 1 Insufficient cpu, 1 Insufficient memory, 23 node(s) didn't match node selector.
WARN: K8s pod cannot be scheduled -- 0/24 nodes are available: 1 Insufficient cpu, 1 Insufficient memory, 23 node(s) didn't match node selector.
[10/93e9c6] Submitted process > preprocessing:preprocess (LT05_L1TP_183035_20001104_20180909_01_T1)
WARN: K8s pod cannot be scheduled -- 0/24 nodes are available: 1 Insufficient cpu, 1 Insufficient memory, 23 node(s) didn't match node selector.
WARN: K8s pod cannot be scheduled -- 0/24 nodes are available: 1 Insufficient cpu, 1 Insufficient memory, 23 node(s) didn't match node selector.
[06/f8cd6f] Submitted process > preprocessing:preprocess (LT05_L1TP_183035_19930509_20180210_01_T1)
WARN: K8s pod cannot be scheduled -- 0/24 nodes are available: 1 Insufficient cpu, 1 Insufficient memory, 23 node(s) didn't match node selector.
[39/7f3951] Submitted process > preprocessing:preprocess (LT05_L1TP_183035_19990307_20180210_01_T1)
WARN: K8s pod cannot be scheduled -- 0/24 nodes are available: 1 Insufficient cpu, 1 Insufficient memory, 23 node(s) didn't match node selector.
[11/b3f1b9] Submitted process > preprocessing:preprocess (LT05_L1TP_183035_20010107_20180311_01_T1)
WARN: K8s pod cannot be scheduled -- 0/24 nodes are available: 1 Insufficient cpu, 1 Insufficient memory, 23 node(s) didn't match node selector.
[6b/d57bb1] Submitted process > preprocessing:preprocess (LE07_L1TP_183035_20000317_20170213_01_T1)
WARN: K8s pod cannot be scheduled -- 0/24 nodes are available: 1 Insufficient cpu, 1 Insufficient memory, 23 node(s) didn't match node selector.
WARN: K8s pod cannot be scheduled -- 0/24 nodes are available: 1 Insufficient cpu, 1 Insufficient memory, 23 node(s) didn't match node selector.
WARN: K8s pod cannot be scheduled -- 0/24 nodes are available: 1 Insufficient cpu, 1 Insufficient memory, 23 node(s) didn't match node selector.
[e7/9def31] Submitted process > preprocessing:preprocess (LT05_L1TP_183035_19981030_20171208_01_T1)
WARN: K8s pod cannot be scheduled -- 0/24 nodes are available: 1 Insufficient cpu, 1 Insufficient memory, 23 node(s) didn't match node selector.
[fa/a5357b] Submitted process > preprocessing:preprocess (LT05_L1TP_183035_19970909_20171214_01_T1)
[93/f61611] Submitted process > preprocessing:preprocess (LT05_L1TP_183035_20011022_20180501_01_T1)
WARN: K8s pod cannot be scheduled -- 0/24 nodes are available: 1 Insufficient cpu, 1 Insufficient memory, 23 node(s) didn't match node selector.
[f0/29e8f3] Submitted process > preprocessing:preprocess (LT05_L1TP_183035_19890919_20180210_01_T1)
WARN: K8s pod cannot be scheduled -- 0/24 nodes are available: 1 Insufficient cpu, 1 Insufficient memory, 23 node(s) didn't match node selector.
WARN: K8s pod cannot be scheduled -- 0/24 nodes are available: 1 Insufficient cpu, 1 Insufficient memory, 23 node(s) didn't match node selector.
WARN: K8s pod cannot be scheduled -- 0/24 nodes are available: 1 Insufficient cpu, 1 Insufficient memory, 23 node(s) didn't match node selector.
[8a/507495] Submitted process > preprocessing:preprocess (LT05_L1TP_183035_19950616_20180210_01_T1)
[48/4b9be8] Submitted process > preprocessing:preprocess (LT05_L1TP_183035_19870930_20170211_01_T1)
WARN: K8s pod cannot be scheduled -- 0/24 nodes are available: 1 Insufficient cpu, 1 Insufficient memory, 23 node(s) didn't match node selector.
WARN: K8s pod cannot be scheduled -- 0/24 nodes are available: 1 Insufficient cpu, 1 Insufficient memory, 23 node(s) didn't match node selector.
WARN: K8s pod cannot be scheduled -- 0/24 nodes are available: 1 Insufficient cpu, 1 Insufficient memory, 23 node(s) didn't match node selector.
[6e/0d3e3c] Submitted process > preprocessing:preprocess (LT05_L1TP_183035_19891122_20180210_01_T1)
WARN: K8s pod cannot be scheduled -- 0/24 nodes are available: 1 Insufficient cpu, 1 Insufficient memory, 23 node(s) didn't match node selector.
[ee/d27356] Submitted process > preprocessing:preprocess (LT05_L1TP_183035_19910504_20180302_01_T1)
[7d/f33d87] Submitted process > preprocessing:preprocess (LT05_L1TP_183035_19990729_20180210_01_T1)
WARN: K8s pod cannot be scheduled -- 0/24 nodes are available: 1 Insufficient cpu, 1 Insufficient memory, 23 node(s) didn't match node selector.
WARN: K8s pod cannot be scheduled -- 0/24 nodes are available: 1 Insufficient cpu, 1 Insufficient memory, 23 node(s) didn't match node selector.
WARN: K8s pod cannot be scheduled -- 0/24 nodes are available: 1 Insufficient cpu, 1 Insufficient memory, 23 node(s) didn't match node selector.
WARN: K8s pod cannot be scheduled -- 0/24 nodes are available: 1 Insufficient cpu, 1 Insufficient memory, 23 node(s) didn't match node selector.
[bc/994a94] Submitted process > preprocessing:preprocess (LT05_L1TP_183035_19930813_20180219_01_T1)
[86/fa547d] Submitted process > preprocessing:preprocess (LT05_L1TP_183035_19910301_20180210_01_T1)
WARN: K8s pod cannot be scheduled -- 0/24 nodes are available: 1 Insufficient cpu, 1 Insufficient memory, 23 node(s) didn't match node selector.
[7e/73c1b7] Submitted process > preprocessing:preprocess (LT05_L1TP_183035_19971011_20180210_01_T1)
WARN: K8s pod cannot be scheduled -- 0/24 nodes are available: 1 Insufficient cpu, 1 Insufficient memory, 23 node(s) didn't match node selector.
WARN: K8s pod cannot be scheduled -- 0/24 nodes are available: 1 Insufficient cpu, 1 Insufficient memory, 23 node(s) didn't match node selector.
WARN: K8s pod cannot be scheduled -- 0/24 nodes are available: 1 Insufficient cpu, 1 Insufficient memory, 23 node(s) didn't match node selector.
[a7/43c1e4] Submitted process > preprocessing:preprocess (LT05_L1TP_183035_19930202_20180704_01_T1)
[c8/040a06] Submitted process > preprocessing:preprocess (LT05_L1TP_183035_19901008_20180210_01_T1)
WARN: K8s pod cannot be scheduled -- 0/24 nodes are available: 1 Insufficient cpu, 1 Insufficient memory, 23 node(s) didn't match node selector.
[ea/b29279] Submitted process > preprocessing:preprocess (LE07_L1TP_183035_20010421_20170205_01_T1)
WARN: K8s pod cannot be scheduled -- 0/24 nodes are available: 1 Insufficient cpu, 1 Insufficient memory, 23 node(s) didn't match node selector.
WARN: K8s pod cannot be scheduled -- 0/24 nodes are available: 1 Insufficient cpu, 1 Insufficient memory, 23 node(s) didn't match node selector.
[05/a0e175] Submitted process > preprocessing:preprocess (LT05_L1TP_183035_19920607_20171207_01_T1)
WARN: K8s pod cannot be scheduled -- 0/24 nodes are available: 1 Insufficient cpu, 1 Insufficient memory, 23 node(s) didn't match node selector.
WARN: K8s pod cannot be scheduled -- 0/24 nodes are available: 1 Insufficient cpu, 1 Insufficient memory, 23 node(s) didn't match node selector.
[28/9b4a26] Submitted process > preprocessing:preprocess (LT05_L1TP_183035_19980726_20170717_01_T1)
WARN: K8s pod cannot be scheduled -- 0/24 nodes are available: 1 Insufficient cpu, 1 Insufficient memory, 23 node(s) didn't match node selector.
WARN: K8s pod cannot be scheduled -- 0/24 nodes are available: 1 Insufficient cpu, 1 Insufficient memory, 23 node(s) didn't match node selector.
WARN: K8s pod cannot be scheduled -- 0/24 nodes are available: 1 Insufficient cpu, 1 Insufficient memory, 23 node(s) didn't match node selector.
[51/fd3d26] Submitted process > preprocessing:preprocess (LT05_L1TP_183035_19990611_20180822_01_T1)
WARN: K8s pod cannot be scheduled -- 0/24 nodes are available: 1 Insufficient cpu, 1 Insufficient memory, 23 node(s) didn't match node selector.
[77/cbaafe] Submitted process > preprocessing:preprocess (LT05_L1TP_183035_19890106_20180210_01_T1)
WARN: K8s pod cannot be scheduled -- 0/24 nodes are available: 1 Insufficient cpu, 1 Insufficient memory, 23 node(s) didn't match node selector.
[83/161986] Submitted process > preprocessing:preprocess (LT05_L1TP_183035_19980320_20180210_01_T1)
WARN: K8s pod cannot be scheduled -- 0/24 nodes are available: 1 Insufficient cpu, 1 Insufficient memory, 23 node(s) didn't match node selector.
WARN: K8s pod cannot be scheduled -- 0/24 nodes are available: 1 Insufficient cpu, 1 Insufficient memory, 23 node(s) didn't match node selector.
WARN: K8s pod cannot be scheduled -- 0/24 nodes are available: 1 Insufficient cpu, 1 Insufficient memory, 23 node(s) didn't match node selector.
WARN: K8s pod cannot be scheduled -- 0/24 nodes are available: 1 Insufficient cpu, 1 Insufficient memory, 23 node(s) didn't match node selector.
[4e/d0548a] Submitted process > preprocessing:preprocess (LT05_L1TP_183035_20040523_20180310_01_T1)
[7f/dfdf09] Submitted process > preprocessing:preprocess (LT05_L1TP_183035_19980507_20180219_01_T1)
[24/668bec] Submitted process > preprocessing:preprocess (LT05_L1TP_183035_19861013_20181025_01_T1)
WARN: K8s pod cannot be scheduled -- 0/24 nodes are available: 1 Insufficient cpu, 1 Insufficient memory, 23 node(s) didn't match node selector.
WARN: K8s pod cannot be scheduled -- 0/24 nodes are available: 1 Insufficient cpu, 1 Insufficient memory, 23 node(s) didn't match node selector.
WARN: K8s pod cannot be scheduled -- 0/24 nodes are available: 1 Insufficient cpu, 1 Insufficient memory, 23 node(s) didn't match node selector.
WARN: K8s pod cannot be scheduled -- 0/24 nodes are available: 1 Insufficient cpu, 1 Insufficient memory, 23 node(s) didn't match node selector.
[5e/26f600] Submitted process > preprocessing:preprocess (LT05_L1TP_183035_19990814_20180210_01_T1)
WARN: K8s pod cannot be scheduled -- 0/24 nodes are available: 1 Insufficient cpu, 1 Insufficient memory, 23 node(s) didn't match node selector.
[49/9384a2] Submitted process > preprocessing:preprocess (LT05_L1TP_183035_19980131_20180210_01_T1)
[d4/9222b1] Submitted process > preprocessing:preprocess (LE07_L1TP_183035_20011030_20170202_01_T1)
WARN: K8s pod cannot be scheduled -- 0/24 nodes are available: 1 Insufficient cpu, 1 Insufficient memory, 23 node(s) didn't match node selector.
WARN: K8s pod cannot be scheduled -- 0/24 nodes are available: 1 Insufficient cpu, 1 Insufficient memory, 23 node(s) didn't match node selector.
WARN: K8s pod cannot be scheduled -- 0/24 nodes are available: 1 Insufficient cpu, 1 Insufficient memory, 23 node(s) didn't match node selector.
[80/11820f] Submitted process > preprocessing:preprocess (LE07_L1TP_183035_20011115_20170213_01_T1)
WARN: K8s pod cannot be scheduled -- 0/24 nodes are available: 1 Insufficient cpu, 1 Insufficient memory, 23 node(s) didn't match node selector.
[68/01e827] Submitted process > preprocessing:preprocess (LT05_L1TP_183035_19850823_20171212_01_T1)
WARN: K8s pod cannot be scheduled -- 0/24 nodes are available: 1 Insufficient cpu, 1 Insufficient memory, 23 node(s) didn't match node selector.
WARN: K8s pod cannot be scheduled -- 0/24 nodes are available: 1 Insufficient cpu, 1 Insufficient memory, 23 node(s) didn't match node selector.
[bc/a3fb74] Submitted process > preprocessing:preprocess (LE07_L1TP_183035_20000621_20170211_01_T1)
WARN: K8s pod cannot be scheduled -- 0/24 nodes are available: 1 Insufficient cpu, 1 Insufficient memory, 23 node(s) didn't match node selector.
[3e/fa2599] Submitted process > preprocessing:preprocess (LE07_L1TP_183035_20040429_20170121_01_T1)
WARN: K8s pod cannot be scheduled -- 0/24 nodes are available: 1 Insufficient cpu, 1 Insufficient memory, 23 node(s) didn't match node selector.
[93/9c7d68] Submitted process > preprocessing:preprocess (LT05_L1TP_183035_19960821_20180210_01_T1)
WARN: K8s pod cannot be scheduled -- 0/24 nodes are available: 1 Insufficient cpu, 1 Insufficient memory, 23 node(s) didn't match node selector.
[8a/44f3d1] Submitted process > preprocessing:preprocess (LT05_L1TP_183035_19990323_20180210_01_T1)
WARN: K8s pod cannot be scheduled -- 0/24 nodes are available: 1 Insufficient cpu, 1 Insufficient memory, 23 node(s) didn't match node selector.
WARN: K8s pod cannot be scheduled -- 0/24 nodes are available: 1 Insufficient cpu, 1 Insufficient memory, 23 node(s) didn't match node selector.
WARN: K8s pod cannot be scheduled -- 0/24 nodes are available: 1 Insufficient cpu, 1 Insufficient memory, 23 node(s) didn't match node selector.
[06/63ab8b] Submitted process > preprocessing:preprocess (LT05_L1TP_183035_20000731_20180913_01_T1)
[0d/67d47c] Submitted process > preprocessing:preprocess (LE07_L1TP_183035_20031004_20170123_01_T1)
WARN: K8s pod cannot be scheduled -- 0/24 nodes are available: 1 Insufficient cpu, 1 Insufficient memory, 23 node(s) didn't match node selector.
[8e/701976] Submitted process > preprocessing:preprocess (LT05_L1TP_183035_19950413_20180210_01_T1)
WARN: K8s pod cannot be scheduled -- 0/24 nodes are available: 1 Insufficient cpu, 1 Insufficient memory, 23 node(s) didn't match node selector.
WARN: K8s pod cannot be scheduled -- 0/24 nodes are available: 1 Insufficient cpu, 1 Insufficient memory, 23 node(s) didn't match node selector.
WARN: K8s pod cannot be scheduled -- 0/24 nodes are available: 1 Insufficient cpu, 1 Insufficient memory, 23 node(s) didn't match node selector.
[d6/500a0c] Submitted process > preprocessing:preprocess (LT05_L1TP_183035_19970621_20180210_01_T1)
[04/323ad6] Submitted process > preprocessing:preprocess (LT05_L1TP_183035_20050627_20180124_01_T1)
WARN: K8s pod cannot be scheduled -- 0/24 nodes are available: 1 Insufficient cpu, 1 Insufficient memory, 23 node(s) didn't match node selector.
[02/519b52] Submitted process > preprocessing:preprocess (LT05_L1TP_183035_19841108_20171213_01_T1)
WARN: K8s pod cannot be scheduled -- 0/24 nodes are available: 1 Insufficient cpu, 1 Insufficient memory, 23 node(s) didn't match node selector.
WARN: K8s pod cannot be scheduled -- 0/24 nodes are available: 1 Insufficient cpu, 1 Insufficient memory, 23 node(s) didn't match node selector.
WARN: K8s pod cannot be scheduled -- 0/24 nodes are available: 1 Insufficient cpu, 1 Insufficient memory, 23 node(s) didn't match node selector.
[c0/a23545] Submitted process > preprocessing:preprocess (LT05_L1TP_183035_19890530_20180302_01_T1)
[06/33f3fa] Submitted process > preprocessing:preprocess (LT05_L1TP_183035_20050611_20180126_01_T1)
WARN: K8s pod cannot be scheduled -- 0/24 nodes are available: 1 Insufficient cpu, 1 Insufficient memory, 23 node(s) didn't match node selector.
WARN: K8s pod cannot be scheduled -- 0/24 nodes are available: 1 Insufficient cpu, 1 Insufficient memory, 23 node(s) didn't match node selector.
WARN: K8s pod cannot be scheduled -- 0/24 nodes are available: 1 Insufficient cpu, 1 Insufficient memory, 23 node(s) didn't match node selector.
WARN: K8s pod cannot be scheduled -- 0/24 nodes are available: 1 Insufficient cpu, 1 Insufficient memory, 23 node(s) didn't match node selector.
[b4/a79abc] Submitted process > preprocessing:preprocess (LT05_L1TP_183035_19990203_20171215_01_T1)
[35/ef41e9] Submitted process > preprocessing:preprocess (LE07_L1TP_183035_20040531_20170120_01_T1)
WARN: K8s pod cannot be scheduled -- 0/24 nodes are available: 1 Insufficient cpu, 1 Insufficient memory, 23 node(s) didn't match node selector.
[64/0da33a] Submitted process > preprocessing:preprocess (LT05_L1TP_183035_19870626_20170212_01_T1)
WARN: K8s pod cannot be scheduled -- 0/24 nodes are available: 1 Insufficient cpu, 1 Insufficient memory, 23 node(s) didn't match node selector.
WARN: K8s pod cannot be scheduled -- 0/24 nodes are available: 1 Insufficient cpu, 1 Insufficient memory, 23 node(s) didn't match node selector.
[4e/329eac] Submitted process > preprocessing:preprocess (LT05_L1TP_183035_19980912_20171215_01_T1)
WARN: K8s pod cannot be scheduled -- 0/24 nodes are available: 1 Insufficient cpu, 1 Insufficient memory, 23 node(s) didn't match node selector.
[09/00195c] Submitted process > preprocessing:preprocess (LT05_L1TP_183035_20010904_20171214_01_T1)
WARN: K8s pod cannot be scheduled -- 0/24 nodes are available: 1 Insufficient cpu, 1 Insufficient memory, 23 node(s) didn't match node selector.
WARN: K8s pod cannot be scheduled -- 0/24 nodes are available: 1 Insufficient cpu, 1 Insufficient memory, 23 node(s) didn't match node selector.
[96/ef2606] Submitted process > preprocessing:preprocess (LT05_L1TP_183035_19920911_20180219_01_T1)
WARN: K8s pod cannot be scheduled -- 0/24 nodes are available: 1 Insufficient cpu, 1 Insufficient memory, 23 node(s) didn't match node selector.
[01/8101bd] Submitted process > preprocessing:preprocess (LT05_L1TP_183035_19981115_20180219_01_T1)
WARN: K8s pod cannot be scheduled -- 0/24 nodes are available: 1 Insufficient cpu, 1 Insufficient memory, 23 node(s) didn't match node selector.
WARN: K8s pod cannot be scheduled -- 0/24 nodes are available: 1 Insufficient cpu, 1 Insufficient memory, 23 node(s) didn't match node selector.
[53/9a8d40] Submitted process > preprocessing:preprocess (LT05_L1TP_183035_19980710_20171214_01_T1)
WARN: K8s pod cannot be scheduled -- 0/24 nodes are available: 1 Insufficient cpu, 1 Insufficient memory, 23 node(s) didn't match node selector.
WARN: K8s pod cannot be scheduled -- 0/24 nodes are available: 1 Insufficient cpu, 1 Insufficient memory, 23 node(s) didn't match node selector.
[26/08dbe7] Submitted process > preprocessing:preprocess (LT05_L1TP_183035_20040507_20180310_01_T1)
WARN: K8s pod cannot be scheduled -- 0/24 nodes are available: 1 Insufficient cpu, 1 Insufficient memory, 23 node(s) didn't match node selector.
[6b/0e5dd1] Submitted process > preprocessing:preprocess (LE07_L1TP_183035_20061113_20170106_01_T1)
WARN: K8s pod cannot be scheduled -- 0/24 nodes are available: 1 Insufficient cpu, 1 Insufficient memory, 23 node(s) didn't match node selector.
[84/c4f570] Submitted process > preprocessing:preprocess (LT05_L1TP_183035_19890615_20180210_01_T1)
WARN: K8s pod cannot be scheduled -- 0/24 nodes are available: 1 Insufficient cpu, 1 Insufficient memory, 23 node(s) didn't match node selector.
[K8s] API request threw socket exception: Connection reset for GET /api/v1/namespaces/default/pods/nf-831619865e72d9c27ac02aafc3b3aac2/status 


[K8s] Try API request again, remaining trials: 4
WARN: K8s pod cannot be scheduled -- 0/24 nodes are available: 1 Insufficient cpu, 1 Insufficient memory, 23 node(s) didn't match node selector.
[ec/48e24f] Submitted process > preprocessing:preprocess (LT05_L1TP_183035_19951107_20180210_01_T1)
WARN: K8s pod cannot be scheduled -- 0/24 nodes are available: 1 Insufficient cpu, 1 Insufficient memory, 23 node(s) didn't match node selector.
[c5/1148fc] Submitted process > preprocessing:preprocess (LE07_L1TP_183035_20051110_20170112_01_T1)
WARN: K8s pod cannot be scheduled -- 0/24 nodes are available: 1 Insufficient cpu, 1 Insufficient memory, 23 node(s) didn't match node selector.
[e4/9acded] Submitted process > preprocessing:preprocess (LT05_L1TP_183035_19990713_20180210_01_T1)
WARN: K8s pod cannot be scheduled -- 0/24 nodes are available: 1 Insufficient cpu, 1 Insufficient memory, 23 node(s) didn't match node selector.
WARN: K8s pod cannot be scheduled -- 0/24 nodes are available: 1 Insufficient cpu, 1 Insufficient memory, 23 node(s) didn't match node selector.
[ca/d1a932] Submitted process > preprocessing:preprocess (LT05_L1TP_183035_20010718_20180430_01_T1)
WARN: K8s pod cannot be scheduled -- 0/24 nodes are available: 1 Insufficient cpu, 1 Insufficient memory, 23 node(s) didn't match node selector.
WARN: K8s pod cannot be scheduled -- 0/24 nodes are available: 1 Insufficient cpu, 1 Insufficient memory, 23 node(s) didn't match node selector.
WARN: K8s pod cannot be scheduled -- 0/24 nodes are available: 1 Insufficient cpu, 1 Insufficient memory, 23 node(s) didn't match node selector.
[a5/1d859c] Submitted process > preprocessing:preprocess (LT05_L1TP_183035_20050219_20180127_01_T1)
WARN: K8s pod cannot be scheduled -- 0/24 nodes are available: 1 Insufficient cpu, 1 Insufficient memory, 23 node(s) didn't match node selector.
[a2/5aa2be] Submitted process > preprocessing:preprocess (LT05_L1TP_183035_20030724_20161205_01_T1)
WARN: K8s pod cannot be scheduled -- 0/24 nodes are available: 1 Insufficient cpu, 1 Insufficient memory, 23 node(s) didn't match node selector.
[48/17cc93] Submitted process > preprocessing:preprocess (LE07_L1TP_183035_20040616_20170121_01_T1)
WARN: K8s pod cannot be scheduled -- 0/24 nodes are available: 1 Insufficient cpu, 1 Insufficient memory, 23 node(s) didn't match node selector.
WARN: K8s pod cannot be scheduled -- 0/24 nodes are available: 1 Insufficient cpu, 1 Insufficient memory, 23 node(s) didn't match node selector.
[73/17c4b1] Submitted process > preprocessing:preprocess (LE07_L1TP_183035_20000723_20170210_01_T1)
WARN: K8s pod cannot be scheduled -- 0/24 nodes are available: 1 Insufficient cpu, 1 Insufficient memory, 23 node(s) didn't match node selector.
[7b/837f91] Submitted process > preprocessing:preprocess (LT05_L1TP_183035_20000206_20180430_01_T1)
WARN: K8s pod cannot be scheduled -- 0/24 nodes are available: 1 Insufficient cpu, 1 Insufficient memory, 23 node(s) didn't match node selector.
[a2/f9ffa3] Submitted process > preprocessing:preprocess (LT05_L1TP_183035_19891021_20180210_01_T1)
WARN: K8s pod cannot be scheduled -- 0/24 nodes are available: 1 Insufficient cpu, 1 Insufficient memory, 23 node(s) didn't match node selector.
WARN: K8s pod cannot be scheduled -- 0/24 nodes are available: 1 Insufficient cpu, 1 Insufficient memory, 23 node(s) didn't match node selector.
[49/b8c22e] Submitted process > preprocessing:preprocess (LT05_L1TP_183035_19940731_20180210_01_T1)
WARN: K8s pod cannot be scheduled -- 0/24 nodes are available: 1 Insufficient cpu, 1 Insufficient memory, 23 node(s) didn't match node selector.
[10/964f77] Submitted process > preprocessing:preprocess (LT05_L1TP_183035_20060918_20161118_01_T1)
WARN: K8s pod cannot be scheduled -- 0/24 nodes are available: 1 Insufficient cpu, 1 Insufficient memory, 23 node(s) didn't match node selector.
[c2/2d9512] Submitted process > preprocessing:preprocess (LT05_L1TP_183035_19890802_20180210_01_T1)
WARN: K8s pod cannot be scheduled -- 0/24 nodes are available: 1 Insufficient cpu, 1 Insufficient memory, 23 node(s) didn't match node selector.
WARN: K8s pod cannot be scheduled -- 0/24 nodes are available: 1 Insufficient cpu, 1 Insufficient memory, 23 node(s) didn't match node selector.
WARN: K8s pod cannot be scheduled -- 0/24 nodes are available: 1 Insufficient cpu, 1 Insufficient memory, 23 node(s) didn't match node selector.
[5c/81076e] Submitted process > preprocessing:preprocess (LT05_L1TP_183035_19910621_20180219_01_T1)
[4e/eb3ee2] Submitted process > preprocessing:preprocess (LE07_L1TP_183035_20021118_20170127_01_T1)
WARN: K8s pod cannot be scheduled -- 0/24 nodes are available: 1 Insufficient cpu, 1 Insufficient memory, 23 node(s) didn't match node selector.
[61/6f6ed0] Submitted process > preprocessing:preprocess (LT05_L1TP_183035_19880714_20170613_01_T1)
WARN: K8s pod cannot be scheduled -- 0/24 nodes are available: 1 Insufficient cpu, 1 Insufficient memory, 23 node(s) didn't match node selector.
WARN: K8s pod cannot be scheduled -- 0/24 nodes are available: 1 Insufficient cpu, 1 Insufficient memory, 23 node(s) didn't match node selector.
WARN: K8s pod cannot be scheduled -- 0/24 nodes are available: 1 Insufficient cpu, 1 Insufficient memory, 23 node(s) didn't match node selector.
[e2/6578eb] Submitted process > preprocessing:preprocess (LT05_L1TP_183035_19911011_20180210_01_T1)
[21/dd69b7] Submitted process > preprocessing:preprocess (LT05_L1TP_183035_19850127_20171213_01_T1)
WARN: K8s pod cannot be scheduled -- 0/24 nodes are available: 1 Insufficient cpu, 1 Insufficient memory, 23 node(s) didn't match node selector.
WARN: K8s pod cannot be scheduled -- 0/24 nodes are available: 1 Insufficient cpu, 1 Insufficient memory, 23 node(s) didn't match node selector.
WARN: K8s pod cannot be scheduled -- 0/24 nodes are available: 1 Insufficient cpu, 1 Insufficient memory, 23 node(s) didn't match node selector.
[9e/674c36] Submitted process > preprocessing:preprocess (LT05_L1TP_183035_19880425_20170613_01_T1)
WARN: K8s pod cannot be scheduled -- 0/24 nodes are available: 1 Insufficient cpu, 1 Insufficient memory, 23 node(s) didn't match node selector.
[57/cb779f] Submitted process > preprocessing:preprocess (LT05_L1TP_183035_19940731_20181022_01_T1)
[57/bf4ffb] Submitted process > preprocessing:preprocess (LT05_L1TP_183035_19900415_20180210_01_T1)
WARN: K8s pod cannot be scheduled -- 0/24 nodes are available: 1 Insufficient cpu, 1 Insufficient memory, 23 node(s) didn't match node selector.
WARN: K8s pod cannot be scheduled -- 0/24 nodes are available: 1 Insufficient cpu, 1 Insufficient memory, 23 node(s) didn't match node selector.
WARN: K8s pod cannot be scheduled -- 0/24 nodes are available: 1 Insufficient cpu, 1 Insufficient memory, 23 node(s) didn't match node selector.
WARN: K8s pod cannot be scheduled -- 0/24 nodes are available: 1 Insufficient cpu, 1 Insufficient memory, 23 node(s) didn't match node selector.
[86/d0138d] Submitted process > preprocessing:preprocess (LT05_L1TP_183035_19930322_20180301_01_T1)
[91/576f21] Submitted process > preprocessing:preprocess (LT05_L1TP_183035_19950515_20180210_01_T1)
WARN: K8s pod cannot be scheduled -- 0/24 nodes are available: 1 Insufficient cpu, 1 Insufficient memory, 23 node(s) didn't match node selector.
WARN: K8s pod cannot be scheduled -- 0/24 nodes are available: 1 Insufficient cpu, 1 Insufficient memory, 23 node(s) didn't match node selector.
WARN: K8s pod cannot be scheduled -- 0/24 nodes are available: 1 Insufficient cpu, 1 Insufficient memory, 23 node(s) didn't match node selector.
[3a/d482e9] Submitted process > preprocessing:preprocess (LT05_L1TP_183035_19930525_20180210_01_T1)
WARN: K8s pod cannot be scheduled -- 0/24 nodes are available: 1 Insufficient cpu, 1 Insufficient memory, 23 node(s) didn't match node selector.
WARN: K8s pod cannot be scheduled -- 0/24 nodes are available: 1 Insufficient cpu, 1 Insufficient memory, 23 node(s) didn't match node selector.
[59/32d553] Submitted process > preprocessing:preprocess (LT05_L1TP_183035_19900906_20171208_01_T1)
WARN: K8s pod cannot be scheduled -- 0/24 nodes are available: 1 Insufficient cpu, 1 Insufficient memory, 23 node(s) didn't match node selector.
WARN: K8s pod cannot be scheduled -- 0/24 nodes are available: 1 Insufficient cpu, 1 Insufficient memory, 23 node(s) didn't match node selector.
[2b/994519] Submitted process > preprocessing:preprocess (LT05_L1TP_183035_19880612_20180210_01_T1)
[60/0dd267] Submitted process > preprocessing:preprocess (LE07_L1TP_183035_20050110_20170116_01_T1)
WARN: K8s pod cannot be scheduled -- 0/24 nodes are available: 1 Insufficient cpu, 1 Insufficient memory, 23 node(s) didn't match node selector.
[67/61a8c5] Submitted process > preprocessing:preprocess (LT05_L1TP_183035_19931219_20180210_01_T1)
WARN: K8s pod cannot be scheduled -- 0/24 nodes are available: 1 Insufficient cpu, 1 Insufficient memory, 23 node(s) didn't match node selector.
WARN: K8s pod cannot be scheduled -- 0/24 nodes are available: 1 Insufficient cpu, 1 Insufficient memory, 23 node(s) didn't match node selector.
WARN: K8s pod cannot be scheduled -- 0/24 nodes are available: 1 Insufficient cpu, 1 Insufficient memory, 23 node(s) didn't match node selector.
[4d/605c68] Submitted process > preprocessing:preprocess (LT05_L1TP_183035_19981030_20180727_01_T1)
[12/126542] Submitted process > preprocessing:preprocess (LE07_L1TP_183035_19990907_20170217_01_T1)
WARN: K8s pod cannot be scheduled -- 0/24 nodes are available: 1 Insufficient cpu, 1 Insufficient memory, 23 node(s) didn't match node selector.
[d8/f2eb49] Submitted process > preprocessing:preprocess (LT05_L1TP_183035_19920623_20170908_01_T1)
WARN: K8s pod cannot be scheduled -- 0/24 nodes are available: 1 Insufficient cpu, 1 Insufficient memory, 23 node(s) didn't match node selector.
WARN: K8s pod cannot be scheduled -- 0/24 nodes are available: 1 Insufficient cpu, 1 Insufficient memory, 23 node(s) didn't match node selector.
WARN: K8s pod cannot be scheduled -- 0/24 nodes are available: 1 Insufficient cpu, 1 Insufficient memory, 23 node(s) didn't match node selector.
[77/816440] Submitted process > preprocessing:preprocess (LT05_L1TP_183035_19841124_20171213_01_T1)
WARN: K8s pod cannot be scheduled -- 0/24 nodes are available: 1 Insufficient cpu, 1 Insufficient memory, 23 node(s) didn't match node selector.
[ea/f1b211] Submitted process > preprocessing:preprocess (LT05_L1TP_183035_20050510_20180501_01_T1)
WARN: K8s pod cannot be scheduled -- 0/24 nodes are available: 1 Insufficient cpu, 1 Insufficient memory, 23 node(s) didn't match node selector.
WARN: K8s pod cannot be scheduled -- 0/24 nodes are available: 1 Insufficient cpu, 1 Insufficient memory, 23 node(s) didn't match node selector.
WARN: K8s pod cannot be scheduled -- 0/24 nodes are available: 1 Insufficient cpu, 1 Insufficient memory, 23 node(s) didn't match node selector.
[6e/0e6eea] Submitted process > preprocessing:preprocess (LT05_L1TP_183035_19920725_20180210_01_T1)
[22/6203f9] Submitted process > preprocessing:preprocess (LT05_L1TP_183035_19840921_20171213_01_T1)
[b4/5b9763] Submitted process > preprocessing:preprocess (LT05_L1TP_183035_19860420_20180210_01_T1)
WARN: K8s pod cannot be scheduled -- 0/24 nodes are available: 1 Insufficient cpu, 1 Insufficient memory, 23 node(s) didn't match node selector.
WARN: Unable to fetch pod exit status -- pod=eo-experiment-r4-n1-e1 state=[running:[startedAt:2021-06-26T15:40:45Z]]
