go
Launcher pod spec file: .nextflow.pod.yaml
Pod submitted: eo-experiment-r8-n3-e3 .. waiting to start[2KPod started: eo-experiment-r8-n3-e3
N E X T F L O W  ~  version 21.04.0-edge
Launching `/workdir/B5-Workflow-Earth-Observation/EO-01/workflow-dsl2.nf` [eo-experiment-r8-n3-e3] - revision: 95e4f03f65
WARN: It appears you have never run this project before -- Option `-resume` is ignored
input data path: '/data/b5/eo-01'
[e0/0d6429] Submitted process > preprocessing:generateTileAllowList
[a1/fd0e65] Submitted process > preprocessing:generateAnalysisMask
[c4/bc2502] Submitted process > preprocessing:preprocess (LT05_L1TP_183035_19980421_20180210_01_T1)
[bd/33087d] Submitted process > preprocessing:preprocess (LT05_L1TP_183035_20040811_20180309_01_T1)
[c2/c3d088] Submitted process > preprocessing:preprocess (LE07_L1TP_183035_20000824_20170210_01_T1)
[e1/3dc046] Submitted process > preprocessing:preprocess (LT05_L1TP_183035_19980523_20180210_01_T1)
[3a/d06060] Submitted process > preprocessing:preprocess (LE07_L1TP_183035_20010320_20170206_01_T1)
[f2/e94aff] Submitted process > preprocessing:preprocess (LT05_L1TP_183035_19911128_20180302_01_T1)
[e3/4738d9] Submitted process > preprocessing:preprocess (LT05_L1TP_183035_19970301_20180210_01_T1)
[9a/54a20b] Submitted process > preprocessing:preprocess (LT05_L1TP_183035_19921216_20170504_01_T1)
[3f/dfcab3] Submitted process > preprocessing:preprocess (LE07_L1TP_183035_20030105_20170127_01_T1)
[18/ef7939] Submitted process > preprocessing:preprocess (LT05_L1TP_183035_19980811_20170717_01_T1)
[5b/618ed5] Submitted process > preprocessing:preprocess (LT05_L1TP_183035_19950718_20180210_01_T1)
[79/3a97c4] Submitted process > preprocessing:preprocess (LT05_L1TP_183035_20010616_20180311_01_T1)
[3c/57e993] Submitted process > preprocessing:preprocess (LT05_L1TP_183035_19960501_20180210_01_T1)
[df/993885] Submitted process > preprocessing:preprocess (LT05_L1TP_183035_19951022_20180210_01_T1)
[16/1aeb6f] Submitted process > preprocessing:preprocess (LT05_L1TP_183035_19950429_20180210_01_T1)
[95/4e41fc] Submitted process > preprocessing:preprocess (LT05_L1TP_183035_19910317_20180210_01_T1)
[62/49f0ce] Submitted process > preprocessing:preprocess (LT05_L1TP_183035_19980304_20180210_01_T1)
[07/bcc2f1] Submitted process > preprocessing:preprocess (LE07_L1TP_183035_19990923_20170217_01_T1)
[9c/168faf] Submitted process > preprocessing:preprocess (LT05_L1TP_183035_19960110_20180210_01_T1)
[97/a4feac] Submitted process > preprocessing:preprocess (LT05_L1TP_183035_19920522_20180210_01_T1)
[b8/1fdba2] Submitted process > preprocessing:preprocess (LT05_L1TP_183035_19900602_20180210_01_T1)
[4a/67df3b] Submitted process > preprocessing:preprocess (LT05_L1TP_183035_19940917_20180210_01_T1)
[ac/94323a] Submitted process > preprocessing:preprocess (LE07_L1TP_183035_20020307_20170131_01_T1)
[8a/0bda8d] Submitted process > preprocessing:preprocess (LT05_L1TP_183035_19860607_20180210_01_T1)
[df/cf4ca4] Submitted process > preprocessing:preprocess (LT05_L1TP_183035_19991102_20180210_01_T1)
[a4/8b77a5] Submitted process > preprocessing:preprocess (LE07_L1TP_183035_20050923_20170112_01_T1)
[bc/8bd3d6] Submitted process > preprocessing:preprocess (LE07_L1TP_183035_20010216_20170206_01_T1)
[62/edd5c7] Submitted process > preprocessing:preprocess (LT05_L1TP_183035_20010123_20180311_01_T1)
[bf/89c5e6] Submitted process > preprocessing:preprocess (LT05_L1TP_183035_19861130_20170215_01_T1)
[de/b1e630] Submitted process > preprocessing:preprocess (LT05_L1TP_183035_19870423_20170213_01_T1)
[8b/1499ba] Submitted process > preprocessing:preprocess (LT05_L1TP_183035_19940715_20180616_01_T1)
[d9/91cb90] Submitted process > preprocessing:preprocess (LT05_L1TP_183035_20050323_20180128_01_T1)
[da/3af4fb] Submitted process > preprocessing:preprocess (LT05_L1TP_183035_19870509_20170213_01_T1)
[1d/184d9e] Submitted process > preprocessing:preprocess (LE07_L1TP_183035_20000925_20170209_01_T1)
[44/2e71b7] Submitted process > preprocessing:preprocess (LT05_L1TP_183035_19990627_20180210_01_T1)
[36/9ba567] Submitted process > preprocessing:preprocess (LE07_L1TP_183035_20030817_20170125_01_T1)
[40/dfea49] Submitted process > preprocessing:preprocess (LT05_L1TP_183035_20010515_20180311_01_T1)
[a4/6ff8ee] Submitted process > preprocessing:preprocess (LT04_L1TP_183035_19891216_20170201_01_T1)
[ac/9667d7] Submitted process > preprocessing:preprocess (LE07_L1TP_183035_20020713_20170129_01_T1)
[28/a4bce1] Submitted process > preprocessing:preprocess (LE07_L1TP_183035_20010405_20170205_01_T1)
WARN: K8s pod cannot be scheduled -- 0/24 nodes are available: 21 node(s) didn't match node selector, 3 Insufficient cpu, 3 Insufficient memory.
[70/795bea] Submitted process > preprocessing:preprocess (LT05_L1TP_183035_20020315_20180312_01_T1)
[a6/5d442f] Submitted process > preprocessing:preprocess (LT05_L1TP_183035_19910723_20180302_01_T1)
[2a/e78ec3] Submitted process > preprocessing:preprocess (LT05_L1TP_183035_19931203_20180210_01_T1)
[78/b302dd] Submitted process > preprocessing:preprocess (LT05_L1TP_183035_19990408_20180210_01_T1)
[d7/d94956] Submitted process > preprocessing:preprocess (LT05_L1TP_183035_19880628_20170613_01_T1)
[37/55296b] Submitted process > preprocessing:preprocess (LE07_L1TP_183035_20001112_20170209_01_T1)
[b5/8a9749] Submitted process > preprocessing:preprocess (LT05_L1TP_183035_19880409_20180112_01_T1)
[28/a01f35] Submitted process > preprocessing:preprocess (LT05_L1TP_183035_19990118_20171215_01_T1)
[8b/fdd58b] Submitted process > preprocessing:preprocess (LT05_L1TP_183035_19991017_20180210_01_T1)
[20/39d4d4] Submitted process > preprocessing:preprocess (LT05_L1TP_183035_19900805_20180620_01_T1)
[e0/6dfdd2] Submitted process > preprocessing:preprocess (LT05_L1TP_183035_20041201_20180309_01_T1)
[fc/1b5687] Submitted process > preprocessing:preprocess (LT05_L1TP_183035_19940731_20180720_01_T1)
[11/87cab7] Submitted process > preprocessing:preprocess (LT05_L1TP_183035_19881205_20180210_01_T1)
[27/a27fc8] Submitted process > preprocessing:preprocess (LT05_L1TP_183035_19950208_20180210_01_T1)
[7b/2ccc15] Submitted process > preprocessing:preprocess (LT05_L1TP_183035_19950123_20180210_01_T1)
[c5/5df6f8] Submitted process > preprocessing:preprocess (LE07_L1TP_183035_20060318_20170110_01_T1)
[f6/7edfaf] Submitted process > preprocessing:preprocess (LE07_L1TP_183035_20041123_20170117_01_T1)
[9a/cbbd90] Submitted process > preprocessing:preprocess (LT05_L1TP_183035_19851026_20171212_01_T1)
[4c/0f9a0f] Submitted process > preprocessing:preprocess (LT05_L1TP_183035_19840516_20170220_01_T1)
[c2/d4382a] Submitted process > preprocessing:preprocess (LT05_L1TP_183035_19870117_20170215_01_T1)
[11/67a966] Submitted process > preprocessing:preprocess (LT04_L1TP_183035_19871227_20170210_01_T1)
[7a/733154] Submitted process > preprocessing:preprocess (LE07_L1TP_183035_20030513_20170125_01_T1)
[08/9e7e62] Submitted process > preprocessing:preprocess (LE07_L1TP_183035_20041107_20170118_01_T1)
[3a/ac5d1f] Submitted process > preprocessing:preprocess (LT05_L1TP_183035_20040608_20180310_01_T1)
[8b/824cb0] Submitted process > preprocessing:preprocess (LT05_L1TP_183035_20020110_20180312_01_T1)
[a0/a0d564] Submitted process > preprocessing:preprocess (LT05_L1TP_183035_19940816_20180210_01_T1)
[5d/0962e3] Submitted process > preprocessing:preprocess (LT05_L1TP_183035_20051102_20180127_01_T1)
[88/eaa485] Submitted process > preprocessing:preprocess (LT05_L1TP_183035_20040827_20180310_01_T1)
[cf/a7153f] Submitted process > preprocessing:preprocess (LT05_L1TP_183035_19940104_20180613_01_T1)
[20/225363] Submitted process > preprocessing:preprocess (LT05_L1TP_183035_19850924_20171212_01_T1)
[eb/9e65ca] Submitted process > preprocessing:preprocess (LT05_L1TP_183035_20011006_20180501_01_T1)
[9e/bf295a] Submitted process > preprocessing:preprocess (LE07_L1TP_183035_20021001_20170128_01_T1)
[77/9de915] Submitted process > preprocessing:preprocess (LT05_L1TP_183035_19910707_20170613_01_T1)
[58/6f4933] Submitted process > preprocessing:preprocess (LT05_L1TP_183035_19970504_20180210_01_T1)
[d9/c3caf9] Submitted process > preprocessing:preprocess (LE07_L1TP_183035_20060403_20170110_01_T1)
[77/0d7187] Submitted process > preprocessing:preprocess (LT05_L1TP_183035_19920709_20180219_01_T1)
[58/5fd6e8] Submitted process > preprocessing:preprocess (LT05_L1TP_183035_20050627_20180126_01_T1)
[14/3843b7] Submitted process > preprocessing:preprocess (LT05_L1TP_183035_19971112_20170504_01_T1)
[5a/142b3f] Submitted process > preprocessing:preprocess (LT05_L1TP_183035_19990424_20180710_01_T1)
[91/4702a5] Submitted process > preprocessing:preprocess (LT05_L1TP_183035_19980608_20170717_01_T1)
[bb/143bb3] Submitted process > preprocessing:preprocess (LT05_L1TP_183035_19960126_20180210_01_T1)
[74/eaf38d] Submitted process > preprocessing:preprocess (LT05_L1TP_183035_19880527_20180210_01_T1)
[88/e8e1d7] Submitted process > preprocessing:preprocess (LE07_L1TP_183035_20030326_20170126_01_T1)
[00/c60dc4] Submitted process > preprocessing:preprocess (LT05_L1TP_183035_20060614_20180310_01_T1)
[ee/9cb5dc] Submitted process > preprocessing:preprocess (LT05_L1TP_183035_19920303_20171214_01_T1)
[f7/261f1e] Submitted process > preprocessing:preprocess (LT05_L1TP_183035_19940104_20180210_01_T1)
[5d/0fd510] Submitted process > preprocessing:preprocess (LT05_L1TP_183035_20020227_20180830_01_T1)
[52/2f9de0] Submitted process > preprocessing:preprocess (LE07_L1TP_183035_20000418_20170212_01_T1)
[4a/a96ab9] Submitted process > preprocessing:preprocess (LT05_L1TP_183035_19941222_20180210_01_T1)
[cb/684619] Submitted process > preprocessing:preprocess (LE07_L1TP_183035_20020323_20170213_01_T1)
[cb/e88c15] Submitted process > preprocessing:preprocess (LT05_L1TP_183035_19930930_20180219_01_T1)
[f9/3c49b1] Submitted process > preprocessing:preprocess (LE07_L1TP_183035_20050502_20170114_01_T1)
[aa/906e36] Submitted process > preprocessing:preprocess (LT05_L1TP_183035_19890207_20171208_01_T1)
[00/993751] Submitted process > preprocessing:preprocess (LT05_L1TP_183035_19960415_20180210_01_T1)
[80/845111] Submitted process > preprocessing:preprocess (LT05_L1TP_183035_19860725_20170217_01_T1)
[c2/42137a] Submitted process > preprocessing:preprocess (LT05_L1TP_183035_19921013_20171214_01_T1)
[b4/2cb7ae] Submitted process > preprocessing:preprocess (LT05_L1TP_183035_19931016_20170613_01_T1)
[b8/3a66c1] Submitted process > preprocessing:preprocess (LT05_L1TP_183035_19951209_20180210_01_T1)
[34/fa7176] Submitted process > preprocessing:preprocess (LE07_L1TP_183035_20010608_20170205_01_T1)
[13/ff87e5] Submitted process > preprocessing:preprocess (LT05_L1TP_183035_19930407_20180210_01_T1)
WARN: K8s pod cannot be scheduled -- 0/24 nodes are available: 21 node(s) didn't match node selector, 3 Insufficient cpu, 3 Insufficient memory.
WARN: K8s pod cannot be scheduled -- 0/24 nodes are available: 21 node(s) didn't match node selector, 3 Insufficient cpu, 3 Insufficient memory.
WARN: K8s pod cannot be scheduled -- 0/24 nodes are available: 21 node(s) didn't match node selector, 3 Insufficient cpu, 3 Insufficient memory.
[70/9c6e69] Submitted process > preprocessing:preprocess (LE07_L1TP_183035_20040515_20170120_01_T1)
[2f/cd31d8] Submitted process > preprocessing:preprocess (LE07_L1TP_183035_20001214_20170208_01_T1)
[a0/c42ac8] Submitted process > preprocessing:preprocess (LT05_L1TP_183035_19850620_20171212_01_T1)
WARN: K8s pod cannot be scheduled -- 0/24 nodes are available: 21 node(s) didn't match node selector, 3 Insufficient cpu, 3 Insufficient memory.
[c9/2f0fcc] Submitted process > preprocessing:preprocess (LT05_L1TP_183035_19901125_20171208_01_T1)
[95/d874e9] Submitted process > preprocessing:preprocess (LT05_L1TP_183035_20000629_20171211_01_T1)
[0c/72213f] Submitted process > preprocessing:preprocess (LT05_L1TP_183035_20060801_20180309_01_T1)
WARN: K8s pod cannot be scheduled -- 0/24 nodes are available: 21 node(s) didn't match node selector, 3 Insufficient cpu, 3 Insufficient memory.
WARN: K8s pod cannot be scheduled -- 0/24 nodes are available: 21 node(s) didn't match node selector, 3 Insufficient cpu, 3 Insufficient memory.
[58/a6a921] Submitted process > preprocessing:preprocess (LT05_L1TP_183035_19970723_20180210_01_T1)
WARN: K8s pod cannot be scheduled -- 0/24 nodes are available: 21 node(s) didn't match node selector, 3 Insufficient cpu, 3 Insufficient memory.
[6d/dd96e4] Submitted process > preprocessing:preprocess (LT05_L1TP_183035_19880916_20180210_01_T1)
[e7/da1072] Submitted process > preprocessing:preprocess (LT05_L1TP_183035_19930914_20180210_01_T1)
[56/d5e005] Submitted process > preprocessing:preprocess (LT05_L1TP_183035_19950702_20180210_01_T1)
WARN: K8s pod cannot be scheduled -- 0/24 nodes are available: 21 node(s) didn't match node selector, 3 Insufficient cpu, 3 Insufficient memory.
[0b/f18d5e] Submitted process > preprocessing:preprocess (LT05_L1TP_183035_20000917_20171211_01_T1)
[7a/43dd0c] Submitted process > preprocessing:preprocess (LT05_L1TP_183035_19921029_20171209_01_T1)
WARN: K8s pod cannot be scheduled -- 0/24 nodes are available: 21 node(s) didn't match node selector, 3 Insufficient cpu, 3 Insufficient memory.
WARN: K8s pod cannot be scheduled -- 0/24 nodes are available: 21 node(s) didn't match node selector, 3 Insufficient cpu, 3 Insufficient memory.
[35/26c24a] Submitted process > preprocessing:preprocess (LT05_L1TP_183035_20060716_20180310_01_T1)
[8c/c7e22c] Submitted process > preprocessing:preprocess (LT05_L1TP_183035_19840430_20171213_01_T1)
[d7/069dff] Submitted process > preprocessing:preprocess (LT05_L1TP_183035_19940512_20180210_01_T1)
WARN: K8s pod cannot be scheduled -- 0/24 nodes are available: 21 node(s) didn't match node selector, 3 Insufficient cpu, 3 Insufficient memory.
[db/887b4a] Submitted process > preprocessing:preprocess (LT05_L1TP_183035_19920506_20180210_01_T1)
[78/05b470] Submitted process > preprocessing:preprocess (LT05_L1TP_183035_19870407_20170213_01_T1)
[7c/08c48d] Submitted process > preprocessing:preprocess (LT05_L1TP_183035_19920404_20170613_01_T1)
[6e/a7fb0d] Submitted process > preprocessing:preprocess (LT05_L1TP_183035_19980405_20180210_01_T1)
WARN: K8s pod cannot be scheduled -- 0/24 nodes are available: 21 node(s) didn't match node selector, 3 Insufficient cpu, 3 Insufficient memory.
[d5/ad3b4e] Submitted process > preprocessing:preprocess (LT05_L1TP_183035_19980624_20180704_01_T1)
WARN: K8s pod cannot be scheduled -- 0/24 nodes are available: 21 node(s) didn't match node selector, 3 Insufficient cpu, 3 Insufficient memory.
[04/eee4e4] Submitted process > preprocessing:preprocess (LT05_L1TP_183035_19910808_20180302_01_T1)
WARN: K8s pod cannot be scheduled -- 0/24 nodes are available: 21 node(s) didn't match node selector, 3 Insufficient cpu, 3 Insufficient memory.
[2b/d865d4] Submitted process > preprocessing:preprocess (LT05_L1TP_183035_19960517_20180210_01_T1)
[b6/7b6eed] Submitted process > preprocessing:preprocess (LT05_L1TP_183035_19851010_20171212_01_T1)
[76/a7a646] Submitted process > preprocessing:preprocess (LT05_L1TP_183035_19941120_20180210_01_T1)
WARN: K8s pod cannot be scheduled -- 0/24 nodes are available: 21 node(s) didn't match node selector, 3 Insufficient cpu, 3 Insufficient memory.
[27/f49418] Submitted process > preprocessing:preprocess (LE07_L1TP_183035_20010912_20170203_01_T1)
[c5/78b894] Submitted process > preprocessing:preprocess (LE07_L1TP_183035_20001128_20170209_01_T1)
[79/0b5f0e] Submitted process > preprocessing:preprocess (LE07_L1TP_183035_20050619_20170115_01_T1)
[37/9139ce] Submitted process > preprocessing:preprocess (LT05_L1TP_183035_19960720_20180210_01_T1)
WARN: K8s pod cannot be scheduled -- 0/24 nodes are available: 21 node(s) didn't match node selector, 3 Insufficient cpu, 3 Insufficient memory.
[c3/9f4769] Submitted process > preprocessing:preprocess (LT05_L1TP_183035_20000715_20171211_01_T1)
WARN: K8s pod cannot be scheduled -- 0/24 nodes are available: 21 node(s) didn't match node selector, 3 Insufficient cpu, 3 Insufficient memory.
WARN: K8s pod cannot be scheduled -- 0/24 nodes are available: 21 node(s) didn't match node selector, 3 Insufficient cpu, 3 Insufficient memory.
[07/054987] Submitted process > preprocessing:preprocess (LT05_L1TP_183035_20060529_20180310_01_T1)
[ba/52c3c3] Submitted process > preprocessing:preprocess (LT05_L1TP_183035_19850908_20171212_01_T1)
WARN: K8s pod cannot be scheduled -- 0/24 nodes are available: 21 node(s) didn't match node selector, 3 Insufficient cpu, 3 Insufficient memory.
[5e/13e53b] Submitted process > preprocessing:preprocess (LT05_L1TP_183035_19900618_20180210_01_T1)
[39/ff6222] Submitted process > preprocessing:preprocess (LE07_L1TP_183035_19991009_20170216_01_T1)
[ae/fe04d3] Submitted process > preprocessing:preprocess (LT05_L1TP_183035_19870728_20180210_01_T1)
[90/445095] Submitted process > preprocessing:preprocess (LT05_L1TP_183035_19941206_20180210_01_T1)
[63/2cc57f] Submitted process > preprocessing:preprocess (LE07_L1TP_183035_20030206_20170213_01_T1)
WARN: K8s pod cannot be scheduled -- 0/24 nodes are available: 21 node(s) didn't match node selector, 3 Insufficient cpu, 3 Insufficient memory.
WARN: K8s pod cannot be scheduled -- 0/24 nodes are available: 21 node(s) didn't match node selector, 3 Insufficient cpu, 3 Insufficient memory.
WARN: K8s pod cannot be scheduled -- 0/24 nodes are available: 21 node(s) didn't match node selector, 3 Insufficient cpu, 3 Insufficient memory.
[52/362a27] Submitted process > preprocessing:preprocess (LT05_L1TP_183035_19970317_20180210_01_T1)
[46/0ae524] Submitted process > preprocessing:preprocess (LT05_L1TP_183035_19881103_20170908_01_T1)
[b6/727b00] Submitted process > preprocessing:preprocess (LT05_L1TP_183035_20030926_20161203_01_T1)
WARN: K8s pod cannot be scheduled -- 0/24 nodes are available: 21 node(s) didn't match node selector, 3 Insufficient cpu, 3 Insufficient memory.
[67/4b7a12] Submitted process > preprocessing:preprocess (LT05_L1TP_183035_19941104_20180210_01_T1)
[53/9f295b] Submitted process > preprocessing:preprocess (LT05_L1TP_183035_20010920_20170908_01_T1)
[c3/a203e7] Submitted process > preprocessing:preprocess (LE07_L1TP_183035_20000605_20170211_01_T1)
[14/755858] Submitted process > preprocessing:preprocess (LE07_L1TP_183035_20010131_20170207_01_T1)
WARN: K8s pod cannot be scheduled -- 0/24 nodes are available: 21 node(s) didn't match node selector, 3 Insufficient cpu, 3 Insufficient memory.
[b9/c39e2d] Submitted process > preprocessing:preprocess (LT05_L1TP_183035_19880324_20170808_01_T1)
WARN: K8s pod cannot be scheduled -- 0/24 nodes are available: 21 node(s) didn't match node selector, 3 Insufficient cpu, 3 Insufficient memory.
[05/cbf93b] Submitted process > preprocessing:preprocess (LT05_L1TP_183035_19970418_20180210_01_T1)
[30/3ec315] Submitted process > preprocessing:preprocess (LE07_L1TP_183035_20061231_20170106_01_T1)
WARN: K8s pod cannot be scheduled -- 0/24 nodes are available: 21 node(s) didn't match node selector, 3 Insufficient cpu, 3 Insufficient memory.
[c8/199397] Submitted process > preprocessing:preprocess (LT05_L1TP_183035_19870712_20170212_01_T1)
WARN: K8s pod cannot be scheduled -- 0/24 nodes are available: 21 node(s) didn't match node selector, 3 Insufficient cpu, 3 Insufficient memory.
[4e/036e3c] Submitted process > preprocessing:preprocess (LT05_L1TP_183035_19971230_20171214_01_T1)
[4a/f5e2b8] Submitted process > preprocessing:preprocess (LT05_L1TP_183035_19871203_20170504_01_T1)
[e4/e27537] Submitted process > preprocessing:preprocess (LE07_L1TP_183035_20040803_20170119_01_T1)
[ef/a99592] Submitted process > preprocessing:preprocess (LT05_L1TP_183035_19930610_20170613_01_T1)
[30/157cd6] Submitted process > preprocessing:preprocess (LT05_L1TP_183035_19950312_20180210_01_T1)
WARN: K8s pod cannot be scheduled -- 0/24 nodes are available: 21 node(s) didn't match node selector, 3 Insufficient cpu, 3 Insufficient memory.
[4c/255035] Submitted process > preprocessing:preprocess (LT05_L1TP_183035_19841007_20171213_01_T1)
[f5/103ca4] Submitted process > preprocessing:preprocess (LE07_L1TP_183035_20051025_20170112_01_T1)
WARN: K8s pod cannot be scheduled -- 0/24 nodes are available: 21 node(s) didn't match node selector, 3 Insufficient cpu, 3 Insufficient memory.
[a2/793899] Submitted process > preprocessing:preprocess (LT05_L1TP_183035_19970808_20180613_01_T1)
WARN: K8s pod cannot be scheduled -- 0/24 nodes are available: 21 node(s) didn't match node selector, 3 Insufficient cpu, 3 Insufficient memory.
[2f/35ca00] Submitted process > preprocessing:preprocess (LT05_L1TP_183035_19920927_20180301_01_T1)
WARN: K8s pod cannot be scheduled -- 0/24 nodes are available: 21 node(s) didn't match node selector, 3 Insufficient cpu, 3 Insufficient memory.
[d6/e401d3] Submitted process > preprocessing:preprocess (LE07_L1TP_183035_20000504_20170212_01_T1)
[fb/84b67d] Submitted process > preprocessing:preprocess (LT05_L1TP_183035_19990102_20180728_01_T1)
WARN: K8s pod cannot be scheduled -- 0/24 nodes are available: 21 node(s) didn't match node selector, 3 Insufficient cpu, 3 Insufficient memory.
[22/682f6f] Submitted process > preprocessing:preprocess (LT05_L1TP_183035_19900922_20170908_01_T1)
WARN: K8s pod cannot be scheduled -- 0/24 nodes are available: 21 node(s) didn't match node selector, 3 Insufficient cpu, 3 Insufficient memory.
WARN: K8s pod cannot be scheduled -- 0/24 nodes are available: 21 node(s) didn't match node selector, 3 Insufficient cpu, 3 Insufficient memory.
[99/f61f93] Submitted process > preprocessing:preprocess (LT05_L1TP_183035_19970707_20180210_01_T1)
[16/989c15] Submitted process > preprocessing:preprocess (LT05_L1TP_183035_19980827_20170717_01_T1)
[ab/07bf34] Submitted process > preprocessing:preprocess (LE07_L1TP_183035_20020729_20170128_01_T1)
WARN: K8s pod cannot be scheduled -- 0/24 nodes are available: 21 node(s) didn't match node selector, 3 Insufficient cpu, 3 Insufficient memory.
[bf/7fdb53] Submitted process > preprocessing:preprocess (LT05_L1TP_183035_19860623_20180430_01_T1)
[3c/b798fd] Submitted process > preprocessing:preprocess (LT05_L1TP_183035_20001104_20180909_01_T1)
WARN: K8s pod cannot be scheduled -- 0/24 nodes are available: 21 node(s) didn't match node selector, 3 Insufficient cpu, 3 Insufficient memory.
[a2/492399] Submitted process > preprocessing:preprocess (LT05_L1TP_183035_19930509_20180210_01_T1)
[1a/32d6a2] Submitted process > preprocessing:preprocess (LT05_L1TP_183035_19990307_20180210_01_T1)
[10/c6eee8] Submitted process > preprocessing:preprocess (LT05_L1TP_183035_20010107_20180311_01_T1)
WARN: K8s pod cannot be scheduled -- 0/24 nodes are available: 21 node(s) didn't match node selector, 3 Insufficient cpu, 3 Insufficient memory.
[83/91d686] Submitted process > preprocessing:preprocess (LE07_L1TP_183035_20000317_20170213_01_T1)
WARN: K8s pod cannot be scheduled -- 0/24 nodes are available: 21 node(s) didn't match node selector, 3 Insufficient cpu, 3 Insufficient memory.
[a5/75f03e] Submitted process > preprocessing:preprocess (LT05_L1TP_183035_19981030_20171208_01_T1)
[96/0ee8f8] Submitted process > preprocessing:preprocess (LT05_L1TP_183035_19970909_20171214_01_T1)
[22/7b645f] Submitted process > preprocessing:preprocess (LT05_L1TP_183035_20011022_20180501_01_T1)
WARN: K8s pod cannot be scheduled -- 0/24 nodes are available: 21 node(s) didn't match node selector, 3 Insufficient cpu, 3 Insufficient memory.
[ca/21b003] Submitted process > preprocessing:preprocess (LT05_L1TP_183035_19890919_20180210_01_T1)
[cd/6fa004] Submitted process > preprocessing:preprocess (LT05_L1TP_183035_19950616_20180210_01_T1)
WARN: K8s pod cannot be scheduled -- 0/24 nodes are available: 21 node(s) didn't match node selector, 3 Insufficient cpu, 3 Insufficient memory.
[80/0e9152] Submitted process > preprocessing:preprocess (LT05_L1TP_183035_19870930_20170211_01_T1)
[94/409663] Submitted process > preprocessing:preprocess (LT05_L1TP_183035_19891122_20180210_01_T1)
WARN: K8s pod cannot be scheduled -- 0/24 nodes are available: 21 node(s) didn't match node selector, 3 Insufficient cpu, 3 Insufficient memory.
[67/fd0c28] Submitted process > preprocessing:preprocess (LT05_L1TP_183035_19910504_20180302_01_T1)
WARN: K8s pod cannot be scheduled -- 0/24 nodes are available: 21 node(s) didn't match node selector, 3 Insufficient cpu, 3 Insufficient memory.
[92/53df6e] Submitted process > preprocessing:preprocess (LT05_L1TP_183035_19990729_20180210_01_T1)
[7d/1a7f3a] Submitted process > preprocessing:preprocess (LT05_L1TP_183035_19930813_20180219_01_T1)
[36/cb4030] Submitted process > preprocessing:preprocess (LT05_L1TP_183035_19910301_20180210_01_T1)
WARN: K8s pod cannot be scheduled -- 0/24 nodes are available: 21 node(s) didn't match node selector, 3 Insufficient cpu, 3 Insufficient memory.
[7d/cea0fe] Submitted process > preprocessing:preprocess (LT05_L1TP_183035_19971011_20180210_01_T1)
[eb/dbf4d4] Submitted process > preprocessing:preprocess (LT05_L1TP_183035_19930202_20180704_01_T1)
[d7/343c8e] Submitted process > preprocessing:preprocess (LT05_L1TP_183035_19901008_20180210_01_T1)
WARN: K8s pod cannot be scheduled -- 0/24 nodes are available: 21 node(s) didn't match node selector, 3 Insufficient cpu, 3 Insufficient memory.
[8f/cd44ce] Submitted process > preprocessing:preprocess (LE07_L1TP_183035_20010421_20170205_01_T1)
WARN: K8s pod cannot be scheduled -- 0/24 nodes are available: 21 node(s) didn't match node selector, 3 Insufficient cpu, 3 Insufficient memory.
[2d/66a2ef] Submitted process > preprocessing:preprocess (LT05_L1TP_183035_19920607_20171207_01_T1)
WARN: K8s pod cannot be scheduled -- 0/24 nodes are available: 21 node(s) didn't match node selector, 3 Insufficient cpu, 3 Insufficient memory.
[e2/fc3d59] Submitted process > preprocessing:preprocess (LT05_L1TP_183035_19980726_20170717_01_T1)
[06/c05bf6] Submitted process > preprocessing:preprocess (LT05_L1TP_183035_19990611_20180822_01_T1)
[9c/aa2021] Submitted process > preprocessing:preprocess (LT05_L1TP_183035_19890106_20180210_01_T1)
WARN: K8s pod cannot be scheduled -- 0/24 nodes are available: 21 node(s) didn't match node selector, 3 Insufficient cpu, 3 Insufficient memory.
[82/4b2949] Submitted process > preprocessing:preprocess (LT05_L1TP_183035_19980320_20180210_01_T1)
[7e/f15a51] Submitted process > preprocessing:preprocess (LT05_L1TP_183035_20040523_20180310_01_T1)
WARN: K8s pod cannot be scheduled -- 0/24 nodes are available: 21 node(s) didn't match node selector, 3 Insufficient cpu, 3 Insufficient memory.
[69/4f01f0] Submitted process > preprocessing:preprocess (LT05_L1TP_183035_19980507_20180219_01_T1)
[17/148047] Submitted process > preprocessing:preprocess (LT05_L1TP_183035_19861013_20181025_01_T1)
WARN: K8s pod cannot be scheduled -- 0/24 nodes are available: 21 node(s) didn't match node selector, 3 Insufficient cpu, 3 Insufficient memory.
[a2/88d0a2] Submitted process > preprocessing:preprocess (LT05_L1TP_183035_19990814_20180210_01_T1)
WARN: K8s pod cannot be scheduled -- 0/24 nodes are available: 21 node(s) didn't match node selector, 3 Insufficient cpu, 3 Insufficient memory.
[14/db0936] Submitted process > preprocessing:preprocess (LT05_L1TP_183035_19980131_20180210_01_T1)
[d3/50365b] Submitted process > preprocessing:preprocess (LE07_L1TP_183035_20011030_20170202_01_T1)
[f1/9cfe21] Submitted process > preprocessing:preprocess (LE07_L1TP_183035_20011115_20170213_01_T1)
[0d/316206] Submitted process > preprocessing:preprocess (LT05_L1TP_183035_19850823_20171212_01_T1)
WARN: K8s pod cannot be scheduled -- 0/24 nodes are available: 21 node(s) didn't match node selector, 3 Insufficient cpu, 3 Insufficient memory.
WARN: K8s pod cannot be scheduled -- 0/24 nodes are available: 21 node(s) didn't match node selector, 3 Insufficient cpu, 3 Insufficient memory.
[ea/fc546b] Submitted process > preprocessing:preprocess (LE07_L1TP_183035_20000621_20170211_01_T1)
[b5/94c86b] Submitted process > preprocessing:preprocess (LE07_L1TP_183035_20040429_20170121_01_T1)
WARN: K8s pod cannot be scheduled -- 0/24 nodes are available: 21 node(s) didn't match node selector, 3 Insufficient cpu, 3 Insufficient memory.
[af/98c6c9] Submitted process > preprocessing:preprocess (LT05_L1TP_183035_19960821_20180210_01_T1)
[c6/56481e] Submitted process > preprocessing:preprocess (LT05_L1TP_183035_19990323_20180210_01_T1)
[8e/ef9a40] Submitted process > preprocessing:preprocess (LT05_L1TP_183035_20000731_20180913_01_T1)
WARN: K8s pod cannot be scheduled -- 0/24 nodes are available: 21 node(s) didn't match node selector, 3 Insufficient cpu, 3 Insufficient memory.
[c1/0d67b0] Submitted process > preprocessing:preprocess (LE07_L1TP_183035_20031004_20170123_01_T1)
WARN: K8s pod cannot be scheduled -- 0/24 nodes are available: 21 node(s) didn't match node selector, 3 Insufficient cpu, 3 Insufficient memory.
WARN: K8s pod cannot be scheduled -- 0/24 nodes are available: 21 node(s) didn't match node selector, 3 Insufficient cpu, 3 Insufficient memory.
[d4/a988f5] Submitted process > preprocessing:preprocess (LT05_L1TP_183035_19950413_20180210_01_T1)
[cd/a915fb] Submitted process > preprocessing:preprocess (LT05_L1TP_183035_19970621_20180210_01_T1)
[75/6c8a90] Submitted process > preprocessing:preprocess (LT05_L1TP_183035_20050627_20180124_01_T1)
[2d/cf1768] Submitted process > preprocessing:preprocess (LT05_L1TP_183035_19841108_20171213_01_T1)
[41/cedfe4] Submitted process > preprocessing:preprocess (LT05_L1TP_183035_19890530_20180302_01_T1)
WARN: K8s pod cannot be scheduled -- 0/24 nodes are available: 21 node(s) didn't match node selector, 3 Insufficient cpu, 3 Insufficient memory.
[16/8a8f3c] Submitted process > preprocessing:preprocess (LT05_L1TP_183035_20050611_20180126_01_T1)
WARN: K8s pod cannot be scheduled -- 0/24 nodes are available: 21 node(s) didn't match node selector, 3 Insufficient cpu, 3 Insufficient memory.
[48/57d28f] Submitted process > preprocessing:preprocess (LT05_L1TP_183035_19990203_20171215_01_T1)
WARN: K8s pod cannot be scheduled -- 0/24 nodes are available: 21 node(s) didn't match node selector, 3 Insufficient cpu, 3 Insufficient memory.
[70/3652be] Submitted process > preprocessing:preprocess (LE07_L1TP_183035_20040531_20170120_01_T1)
[71/2c200b] Submitted process > preprocessing:preprocess (LT05_L1TP_183035_19870626_20170212_01_T1)
WARN: K8s pod cannot be scheduled -- 0/24 nodes are available: 21 node(s) didn't match node selector, 3 Insufficient cpu, 3 Insufficient memory.
[90/e8aa69] Submitted process > preprocessing:preprocess (LT05_L1TP_183035_19980912_20171215_01_T1)
[e4/2d4181] Submitted process > preprocessing:preprocess (LT05_L1TP_183035_20010904_20171214_01_T1)
[fc/19f5a8] Submitted process > preprocessing:preprocess (LT05_L1TP_183035_19920911_20180219_01_T1)
[8f/6d17d4] Submitted process > preprocessing:preprocess (LT05_L1TP_183035_19981115_20180219_01_T1)
WARN: K8s pod cannot be scheduled -- 0/24 nodes are available: 21 node(s) didn't match node selector, 3 Insufficient cpu, 3 Insufficient memory.
[88/69ce45] Submitted process > preprocessing:preprocess (LT05_L1TP_183035_19980710_20171214_01_T1)
[ba/f8bf63] Submitted process > preprocessing:preprocess (LT05_L1TP_183035_20040507_20180310_01_T1)
WARN: K8s pod cannot be scheduled -- 0/24 nodes are available: 21 node(s) didn't match node selector, 3 Insufficient cpu, 3 Insufficient memory.
[e8/498522] Submitted process > preprocessing:preprocess (LE07_L1TP_183035_20061113_20170106_01_T1)
WARN: K8s pod cannot be scheduled -- 0/24 nodes are available: 21 node(s) didn't match node selector, 3 Insufficient cpu, 3 Insufficient memory.
[83/5c24e9] Submitted process > preprocessing:preprocess (LT05_L1TP_183035_19890615_20180210_01_T1)
WARN: K8s pod cannot be scheduled -- 0/24 nodes are available: 21 node(s) didn't match node selector, 3 Insufficient cpu, 3 Insufficient memory.
[d0/2bd4b3] Submitted process > preprocessing:preprocess (LT05_L1TP_183035_19951107_20180210_01_T1)
[02/288a2f] Submitted process > preprocessing:preprocess (LE07_L1TP_183035_20051110_20170112_01_T1)
[01/3f1502] Submitted process > preprocessing:preprocess (LT05_L1TP_183035_19990713_20180210_01_T1)
WARN: K8s pod cannot be scheduled -- 0/24 nodes are available: 21 node(s) didn't match node selector, 3 Insufficient cpu, 3 Insufficient memory.
[16/154377] Submitted process > preprocessing:preprocess (LT05_L1TP_183035_20010718_20180430_01_T1)
[09/b14059] Submitted process > preprocessing:preprocess (LT05_L1TP_183035_20050219_20180127_01_T1)
WARN: K8s pod cannot be scheduled -- 0/24 nodes are available: 21 node(s) didn't match node selector, 3 Insufficient cpu, 3 Insufficient memory.
[ea/5b478a] Submitted process > preprocessing:preprocess (LT05_L1TP_183035_20030724_20161205_01_T1)
[c1/e558a9] Submitted process > preprocessing:preprocess (LE07_L1TP_183035_20040616_20170121_01_T1)
WARN: K8s pod cannot be scheduled -- 0/24 nodes are available: 21 node(s) didn't match node selector, 3 Insufficient cpu, 3 Insufficient memory.
WARN: K8s pod cannot be scheduled -- 0/24 nodes are available: 21 node(s) didn't match node selector, 3 Insufficient cpu, 3 Insufficient memory.
[18/e1b1c5] Submitted process > preprocessing:preprocess (LE07_L1TP_183035_20000723_20170210_01_T1)
WARN: K8s pod cannot be scheduled -- 0/24 nodes are available: 21 node(s) didn't match node selector, 3 Insufficient cpu, 3 Insufficient memory.
[60/704c5d] Submitted process > preprocessing:preprocess (LT05_L1TP_183035_20000206_20180430_01_T1)
[cd/0d18fe] Submitted process > preprocessing:preprocess (LT05_L1TP_183035_19891021_20180210_01_T1)
[4e/f41501] Submitted process > preprocessing:preprocess (LT05_L1TP_183035_19940731_20180210_01_T1)
[0f/3e0bae] Submitted process > preprocessing:preprocess (LT05_L1TP_183035_20060918_20161118_01_T1)
[5a/8ad61c] Submitted process > preprocessing:preprocess (LT05_L1TP_183035_19890802_20180210_01_T1)
WARN: K8s pod cannot be scheduled -- 0/24 nodes are available: 21 node(s) didn't match node selector, 3 Insufficient cpu, 3 Insufficient memory.
[1b/384a40] Submitted process > preprocessing:preprocess (LT05_L1TP_183035_19910621_20180219_01_T1)
WARN: K8s pod cannot be scheduled -- 0/24 nodes are available: 21 node(s) didn't match node selector, 3 Insufficient cpu, 3 Insufficient memory.
[18/0065a6] Submitted process > preprocessing:preprocess (LE07_L1TP_183035_20021118_20170127_01_T1)
WARN: K8s pod cannot be scheduled -- 0/24 nodes are available: 21 node(s) didn't match node selector, 3 Insufficient cpu, 3 Insufficient memory.
[b4/1a22d5] Submitted process > preprocessing:preprocess (LT05_L1TP_183035_19880714_20170613_01_T1)
[cc/208f5c] Submitted process > preprocessing:preprocess (LT05_L1TP_183035_19911011_20180210_01_T1)
[eb/858e17] Submitted process > preprocessing:preprocess (LT05_L1TP_183035_19850127_20171213_01_T1)
WARN: K8s pod cannot be scheduled -- 0/24 nodes are available: 21 node(s) didn't match node selector, 3 Insufficient cpu, 3 Insufficient memory.
[7c/543503] Submitted process > preprocessing:preprocess (LT05_L1TP_183035_19880425_20170613_01_T1)
[75/c2d6c7] Submitted process > preprocessing:preprocess (LT05_L1TP_183035_19900415_20180210_01_T1)
WARN: K8s pod cannot be scheduled -- 0/24 nodes are available: 21 node(s) didn't match node selector, 3 Insufficient cpu, 3 Insufficient memory.
[26/3fbb8f] Submitted process > preprocessing:preprocess (LT05_L1TP_183035_19940731_20181022_01_T1)
WARN: K8s pod cannot be scheduled -- 0/24 nodes are available: 21 node(s) didn't match node selector, 3 Insufficient cpu, 3 Insufficient memory.
[b5/8db8cc] Submitted process > preprocessing:preprocess (LT05_L1TP_183035_19930322_20180301_01_T1)
[83/f486ae] Submitted process > preprocessing:preprocess (LT05_L1TP_183035_19950515_20180210_01_T1)
[d4/4db4b8] Submitted process > preprocessing:preprocess (LT05_L1TP_183035_19930525_20180210_01_T1)
WARN: K8s pod cannot be scheduled -- 0/24 nodes are available: 21 node(s) didn't match node selector, 3 Insufficient cpu, 3 Insufficient memory.
[95/0e0078] Submitted process > preprocessing:preprocess (LT05_L1TP_183035_19900906_20171208_01_T1)
[02/95b4e7] Submitted process > preprocessing:preprocess (LT05_L1TP_183035_19880612_20180210_01_T1)
[3b/b59cb7] Submitted process > preprocessing:preprocess (LE07_L1TP_183035_20050110_20170116_01_T1)
WARN: K8s pod cannot be scheduled -- 0/24 nodes are available: 21 node(s) didn't match node selector, 3 Insufficient cpu, 3 Insufficient memory.
WARN: K8s pod cannot be scheduled -- 0/24 nodes are available: 21 node(s) didn't match node selector, 3 Insufficient cpu, 3 Insufficient memory.
[91/85eb98] Submitted process > preprocessing:preprocess (LT05_L1TP_183035_19931219_20180210_01_T1)
[98/1c930d] Submitted process > preprocessing:preprocess (LT05_L1TP_183035_19981030_20180727_01_T1)
WARN: K8s pod cannot be scheduled -- 0/24 nodes are available: 21 node(s) didn't match node selector, 3 Insufficient cpu, 3 Insufficient memory.
[79/fe1ec8] Submitted process > preprocessing:preprocess (LE07_L1TP_183035_19990907_20170217_01_T1)
[7d/16d947] Submitted process > preprocessing:preprocess (LT05_L1TP_183035_19920623_20170908_01_T1)
[93/90f642] Submitted process > preprocessing:preprocess (LT05_L1TP_183035_19841124_20171213_01_T1)
[6e/167a68] Submitted process > preprocessing:preprocess (LT05_L1TP_183035_20050510_20180501_01_T1)
[04/a93f34] Submitted process > preprocessing:preprocess (LT05_L1TP_183035_19920725_20180210_01_T1)
WARN: K8s pod cannot be scheduled -- 0/24 nodes are available: 21 node(s) didn't match node selector, 3 Insufficient cpu, 3 Insufficient memory.
[a5/d178f4] Submitted process > preprocessing:preprocess (LT05_L1TP_183035_19840921_20171213_01_T1)
[cb/39e208] Submitted process > preprocessing:preprocess (LT05_L1TP_183035_19860420_20180210_01_T1)
WARN: K8s pod cannot be scheduled -- 0/24 nodes are available: 21 node(s) didn't match node selector, 3 Insufficient cpu, 3 Insufficient memory.
WARN: K8s pod cannot be scheduled -- 0/24 nodes are available: 21 node(s) didn't match node selector, 3 Insufficient cpu, 3 Insufficient memory.
[68/80ec54] Submitted process > preprocessing:preprocess (LT05_L1TP_183035_19990219_20180210_01_T1)
[55/ea1e64] Submitted process > preprocessing:preprocess (LT05_L1TP_183035_19860319_20180210_01_T1)
[df/7af9a6] Submitted process > preprocessing:preprocess (LT05_L1TP_183035_19900226_20180210_01_T1)
WARN: K8s pod cannot be scheduled -- 0/24 nodes are available: 21 node(s) didn't match node selector, 3 Insufficient cpu, 3 Insufficient memory.
[31/df6958] Submitted process > preprocessing:preprocess (LE07_L1TP_183035_20000129_20170213_01_T1)
[70/51e4f3] Submitted process > preprocessing:preprocess (LT05_L1TP_183035_19990526_20180210_01_T1)
[ff/b5c020] Submitted process > preprocessing:preprocess (LT05_L1TP_183035_19890223_20180112_01_T1)
WARN: K8s pod cannot be scheduled -- 0/24 nodes are available: 21 node(s) didn't match node selector, 3 Insufficient cpu, 3 Insufficient memory.
[3e/1985a8] Submitted process > preprocessing:preprocess (LT05_L1TP_183035_19970520_20180210_01_T1)
[ea/011f3c] Submitted process > preprocessing:preprocess (LT04_L1TP_183035_19910901_20170126_01_T1)
[7d/54e596] Submitted process > preprocessing:preprocess (LT05_L1TP_183035_20020211_20180312_01_T1)
WARN: K8s pod cannot be scheduled -- 0/24 nodes are available: 21 node(s) didn't match node selector, 3 Insufficient cpu, 3 Insufficient memory.
WARN: K8s pod cannot be scheduled -- 0/24 nodes are available: 21 node(s) didn't match node selector, 3 Insufficient cpu, 3 Insufficient memory.
[e0/01ae79] Submitted process > preprocessing:preprocess (LE07_L1TP_183035_20061028_20170106_01_T1)
[d4/919941] Submitted process > preprocessing:preprocess (LT05_L1TP_183035_19980811_20171215_01_T1)
WARN: K8s pod cannot be scheduled -- 0/24 nodes are available: 21 node(s) didn't match node selector, 3 Insufficient cpu, 3 Insufficient memory.
WARN: K8s pod cannot be scheduled -- 0/24 nodes are available: 21 node(s) didn't match node selector, 3 Insufficient cpu, 3 Insufficient memory.
[d6/a7f40a] Submitted process > preprocessing:preprocess (LT05_L1TP_183035_19860114_20180210_01_T1)
[94/201bf4] Submitted process > preprocessing:preprocess (LT05_L1TP_183035_19920216_20171214_01_T1)
[96/4f0227] Submitted process > preprocessing:preprocess (LE07_L1TP_183035_20000214_20170213_01_T1)
[c4/f43de3] Submitted process > preprocessing:preprocess (LE07_L1TP_183035_20011014_20170202_01_T1)
[a3/523c58] Submitted process > preprocessing:preprocess (LT05_L1TP_183035_19920826_20171214_01_T1)
[d3/b9554b] Submitted process > preprocessing:preprocess (LT05_L1TP_183035_20050408_20180311_01_T1)
WARN: K8s pod cannot be scheduled -- 0/24 nodes are available: 21 node(s) didn't match node selector, 3 Insufficient cpu, 3 Insufficient memory.
[38/2b16a6] Submitted process > preprocessing:preprocess (LT05_L1TP_183035_20000105_20171212_01_T1)
[e6/abe7c7] Submitted process > preprocessing:preprocess (LT05_L1TP_183035_19881119_20180210_01_T1)
WARN: K8s pod cannot be scheduled -- 0/24 nodes are available: 21 node(s) didn't match node selector, 3 Insufficient cpu, 3 Insufficient memory.
[90/13da44] Submitted process > preprocessing:preprocess (LT05_L1TP_183035_20050814_20180127_01_T1)
[5a/e245f5] Submitted process > preprocessing:preprocess (LT05_L1TP_183035_19960805_20180210_01_T1)
WARN: K8s pod cannot be scheduled -- 0/24 nodes are available: 21 node(s) didn't match node selector, 3 Insufficient cpu, 3 Insufficient memory.
WARN: K8s pod cannot be scheduled -- 0/24 nodes are available: 21 node(s) didn't match node selector, 3 Insufficient cpu, 3 Insufficient memory.
[fe/57a77a] Submitted process > preprocessing:preprocess (LT05_L1TP_183035_19940613_20180210_01_T1)
[b7/47ca2e] Submitted process > preprocessing:preprocess (LT05_L1TP_183035_20010328_20180827_01_T1)
[1d/8f6f9c] Submitted process > preprocessing:preprocess (LT05_L1TP_183035_20000121_20171214_01_T1)
[84/4d8609] Submitted process > preprocessing:preprocess (LT05_L1TP_183035_20060310_20180310_01_T1)
WARN: K8s pod cannot be scheduled -- 0/24 nodes are available: 21 node(s) didn't match node selector, 3 Insufficient cpu, 3 Insufficient memory.
[28/103b15] Submitted process > preprocessing:preprocess (LT05_L1TP_183035_20000613_20171212_01_T1)
[86/eb282f] Submitted process > preprocessing:preprocess (LT05_L1TP_183035_19910824_20180210_01_T1)
[a9/ba6e67] Submitted process > preprocessing:preprocess (LT05_L1TP_183035_19911112_20171214_01_T1)
WARN: K8s pod cannot be scheduled -- 0/24 nodes are available: 21 node(s) didn't match node selector, 3 Insufficient cpu, 3 Insufficient memory.
WARN: K8s pod cannot be scheduled -- 0/24 nodes are available: 21 node(s) didn't match node selector, 3 Insufficient cpu, 3 Insufficient memory.
[5c/bef776] Submitted process > preprocessing:preprocess (LT05_L1TP_183035_19861114_20170216_01_T1)
[dd/223ade] Submitted process > preprocessing:preprocess (LE07_L1TP_183035_20040225_20170122_01_T1)
[81/72ed13] Submitted process > preprocessing:preprocess (LT05_L1TP_183035_20060222_20180311_01_T1)
WARN: K8s pod cannot be scheduled -- 0/24 nodes are available: 21 node(s) didn't match node selector, 3 Insufficient cpu, 3 Insufficient memory.
WARN: K8s pod cannot be scheduled -- 0/24 nodes are available: 21 node(s) didn't match node selector, 3 Insufficient cpu, 3 Insufficient memory.
[f2/f590a4] Submitted process > preprocessing:preprocess (LT05_L1TP_183035_20030809_20161205_01_T1)
[d6/68a03f] Submitted process > preprocessing:preprocess (LT05_L1TP_183035_19871117_20180210_01_T1)
WARN: K8s pod cannot be scheduled -- 0/24 nodes are available: 21 node(s) didn't match node selector, 3 Insufficient cpu, 3 Insufficient memory.
[e8/a14194] Submitted process > preprocessing:preprocess (LT05_L1TP_183035_19900517_20180301_01_T1)
[e1/5cb4b4] Submitted process > preprocessing:preprocess (LT05_L1TP_183035_19931101_20180210_01_T1)
[29/4912c5] Submitted process > preprocessing:preprocess (LT05_L1TP_183035_19991204_20171214_01_T1)
WARN: K8s pod cannot be scheduled -- 0/24 nodes are available: 21 node(s) didn't match node selector, 3 Insufficient cpu, 3 Insufficient memory.
[64/500258] Submitted process > preprocessing:preprocess (LE07_L1TP_183035_20020118_20170201_01_T1)
[39/550164] Submitted process > preprocessing:preprocess (LE07_L1TP_183035_20000301_20170213_01_T1)
[77/773cc8] Submitted process > preprocessing:preprocess (LE07_L1TP_183035_20040904_20170119_01_T1)
WARN: K8s pod cannot be scheduled -- 0/24 nodes are available: 21 node(s) didn't match node selector, 3 Insufficient cpu, 3 Insufficient memory.
[82/183fb5] Submitted process > preprocessing:preprocess (LE07_L1TP_183035_20010304_20170206_01_T1)
WARN: K8s pod cannot be scheduled -- 0/24 nodes are available: 21 node(s) didn't match node selector, 3 Insufficient cpu, 3 Insufficient memory.
[70/78bae7] Submitted process > preprocessing:preprocess (LE07_L1TP_183035_20001230_20170208_01_T1)
WARN: K8s pod cannot be scheduled -- 0/24 nodes are available: 21 node(s) didn't match node selector, 3 Insufficient cpu, 3 Insufficient memory.
[d2/465ac8] Submitted process > preprocessing:preprocess (LT05_L1TP_183035_19900109_20180210_01_T1)
[0e/420c93] Submitted process > preprocessing:preprocess (LT05_L1TP_183035_19891224_20180613_01_T1)
[4a/217d9a] Submitted process > preprocessing:preprocess (LT05_L1TP_183035_19961125_20180210_01_T1)
[15/d793c4] Submitted process > preprocessing:preprocess (LE07_L1TP_183035_19990721_20170218_01_T1)
WARN: K8s pod cannot be scheduled -- 0/24 nodes are available: 21 node(s) didn't match node selector, 3 Insufficient cpu, 3 Insufficient memory.
[8d/6790b9] Submitted process > preprocessing:preprocess (LT05_L1TP_183035_19940325_20180210_01_T1)
[da/ec6308] Submitted process > preprocessing:preprocess (LT05_L1TP_183035_20001104_20171210_01_T1)
WARN: K8s pod cannot be scheduled -- 0/24 nodes are available: 21 node(s) didn't match node selector, 3 Insufficient cpu, 3 Insufficient memory.
[eb/eb7b37] Submitted process > preprocessing:preprocess (LT05_L1TP_183035_19860130_20180210_01_T1)
[bb/7d936b] Submitted process > preprocessing:preprocess (LT05_L1TP_183035_19971027_20171208_01_T1)
[cd/4d508b] Submitted process > preprocessing:preprocess (LE07_L1TP_183035_20000707_20170211_01_T1)
WARN: K8s pod cannot be scheduled -- 0/24 nodes are available: 21 node(s) didn't match node selector, 3 Insufficient cpu, 3 Insufficient memory.
[42/db5864] Submitted process > preprocessing:preprocess (LT05_L1TP_183035_19840703_20171213_01_T1)
WARN: K8s pod cannot be scheduled -- 0/24 nodes are available: 21 node(s) didn't match node selector, 3 Insufficient cpu, 3 Insufficient memory.
[ea/38e281] Submitted process > preprocessing:preprocess (LT05_L1TP_183035_19881018_20180210_01_T1)
[75/5f6f09] Submitted process > preprocessing:preprocess (LT05_L1TP_183035_19871219_20180210_01_T1)
WARN: K8s pod cannot be scheduled -- 0/24 nodes are available: 21 node(s) didn't match node selector, 3 Insufficient cpu, 3 Insufficient memory.
[62/46596c] Submitted process > preprocessing:preprocess (LT05_L1TP_183035_19870813_20170211_01_T1)
WARN: K8s pod cannot be scheduled -- 0/24 nodes are available: 21 node(s) didn't match node selector, 3 Insufficient cpu, 3 Insufficient memory.
[5c/9f568b] Submitted process > preprocessing:preprocess (LT05_L1TP_183035_19930626_20170717_01_T1)
[df/be7421] Submitted process > preprocessing:preprocess (LT05_L1TP_183035_19980928_20170908_01_T1)
WARN: K8s pod cannot be scheduled -- 0/24 nodes are available: 21 node(s) didn't match node selector, 3 Insufficient cpu, 3 Insufficient memory.
[ab/876101] Submitted process > preprocessing:preprocess (LE07_L1TP_183035_20010507_20170205_01_T1)
WARN: K8s pod cannot be scheduled -- 0/24 nodes are available: 21 node(s) didn't match node selector, 3 Insufficient cpu, 3 Insufficient memory.
[49/eb8f01] Submitted process > preprocessing:preprocess (LT05_L1TP_183035_19950328_20180302_01_T1)
[52/ff1199] Submitted process > preprocessing:preprocess (LT05_L1TP_183035_19891106_20180210_01_T1)
[2f/1c1d81] Submitted process > preprocessing:preprocess (LT05_L1TP_183035_19841210_20171213_01_T1)
WARN: K8s pod cannot be scheduled -- 0/24 nodes are available: 21 node(s) didn't match node selector, 3 Insufficient cpu, 3 Insufficient memory.
[a5/46b0c3] Submitted process > preprocessing:preprocess (LT05_L1TP_183035_19941003_20180210_01_T1)
WARN: K8s pod cannot be scheduled -- 0/24 nodes are available: 21 node(s) didn't match node selector, 3 Insufficient cpu, 3 Insufficient memory.
[88/ef33b5] Submitted process > preprocessing:preprocess (LT05_L1TP_183035_20000512_20180501_01_T1)
[57/1ab90b] Submitted process > preprocessing:preprocess (LT05_L1TP_183035_19860927_20180430_01_T1)
WARN: K8s pod cannot be scheduled -- 0/24 nodes are available: 21 node(s) didn't match node selector, 3 Insufficient cpu, 3 Insufficient memory.
[a5/607186] Submitted process > preprocessing:preprocess (LT05_L1TP_183035_19940901_20180210_01_T1)
[79/57880c] Submitted process > preprocessing:preprocess (LT05_L1TP_183035_19981201_20170504_01_T1)
WARN: K8s pod cannot be scheduled -- 0/24 nodes are available: 21 node(s) didn't match node selector, 3 Insufficient cpu, 3 Insufficient memory.
[1c/d93eb3] Submitted process > preprocessing:preprocess (LT05_L1TP_183035_19900501_20180210_01_T1)
[d9/647c3c] Submitted process > preprocessing:preprocess (LE07_L1TP_183035_20000402_20170212_01_T1)
WARN: K8s pod cannot be scheduled -- 0/24 nodes are available: 21 node(s) didn't match node selector, 3 Insufficient cpu, 3 Insufficient memory.
[ea/9f578a] Submitted process > preprocessing:preprocess (LT05_L1TP_183035_19900704_20180210_01_T1)
[aa/38efab] Submitted process > preprocessing:preprocess (LT05_L1TP_183035_19940205_20180210_01_T1)
[b2/a10b63] Submitted process > preprocessing:preprocess (LT05_L1TP_183035_19940715_20190714_01_T1)
WARN: K8s pod cannot be scheduled -- 0/24 nodes are available: 21 node(s) didn't match node selector, 3 Insufficient cpu, 3 Insufficient memory.
[f0/fc12e7] Submitted process > preprocessing:preprocess (LT05_L1TP_183035_19970128_20180210_01_T1)
[01/7533f6] Submitted process > preprocessing:preprocess (LE07_L1TP_183035_20000113_20170215_01_T1)
WARN: K8s pod cannot be scheduled -- 0/24 nodes are available: 21 node(s) didn't match node selector, 3 Insufficient cpu, 3 Insufficient memory.
WARN: K8s pod cannot be scheduled -- 0/24 nodes are available: 21 node(s) didn't match node selector, 3 Insufficient cpu, 3 Insufficient memory.
[0e/b03fef] Submitted process > preprocessing:preprocess (LT05_L1TP_183035_20000426_20171210_01_T1)
[4c/b92f65] Submitted process > preprocessing:preprocess (LE07_L1TP_183035_20041022_20170118_01_T1)
WARN: K8s pod cannot be scheduled -- 0/24 nodes are available: 21 node(s) didn't match node selector, 3 Insufficient cpu, 3 Insufficient memory.
[81/81e392] Submitted process > preprocessing:preprocess (LT05_L1TP_183035_19900125_20180210_01_T1)
[cb/173477] Submitted process > preprocessing:preprocess (LT05_L1TP_183035_20040320_20180310_01_T1)
[d1/4a2e1e] Submitted process > preprocessing:preprocess (LT05_L1TP_183035_19880104_20171209_01_T1)
[74/48ccd7] Submitted process > preprocessing:preprocess (LT05_L1TP_183035_19951006_20180210_01_T1)
WARN: K8s pod cannot be scheduled -- 0/24 nodes are available: 21 node(s) didn't match node selector, 3 Insufficient cpu, 3 Insufficient memory.
[ba/7a2776] Submitted process > preprocessing:preprocess (LT05_L1TP_183035_20030910_20161204_01_T1)
[db/85e8ef] Submitted process > preprocessing:preprocess (LT05_L1TP_183035_19960330_20180210_01_T1)
WARN: K8s pod cannot be scheduled -- 0/24 nodes are available: 21 node(s) didn't match node selector, 3 Insufficient cpu, 3 Insufficient memory.
WARN: K8s pod cannot be scheduled -- 0/24 nodes are available: 21 node(s) didn't match node selector, 3 Insufficient cpu, 3 Insufficient memory.
[b4/9dff2b] Submitted process > preprocessing:preprocess (LT05_L1TP_183035_19950803_20180210_01_T1)
[c4/dcd95d] Submitted process > preprocessing:preprocess (LE07_L1TP_183035_20030902_20170124_01_T1)
WARN: K8s pod cannot be scheduled -- 0/24 nodes are available: 21 node(s) didn't match node selector, 3 Insufficient cpu, 3 Insufficient memory.
[83/47df5a] Submitted process > preprocessing:preprocess (LT05_L1TP_183035_20030708_20161205_01_T1)
[c8/ef604f] Submitted process > preprocessing:preprocess (LT05_L1TP_183035_19930728_20180210_01_T1)
[5d/fbc131] Submitted process > preprocessing:preprocess (LT05_L1TP_183035_19930423_20180210_01_T1)
WARN: K8s pod cannot be scheduled -- 0/24 nodes are available: 21 node(s) didn't match node selector, 3 Insufficient cpu, 3 Insufficient memory.
[c7/574065] Submitted process > preprocessing:preprocess (LE07_L1TP_183035_20040718_20170120_01_T1)
[16/37e26c] Submitted process > preprocessing:preprocess (LT05_L1TP_183035_19990830_20180210_01_T1)
WARN: K8s pod cannot be scheduled -- 0/24 nodes are available: 21 node(s) didn't match node selector, 3 Insufficient cpu, 3 Insufficient memory.
WARN: K8s pod cannot be scheduled -- 0/24 nodes are available: 21 node(s) didn't match node selector, 3 Insufficient cpu, 3 Insufficient memory.
[a1/48dd24] Submitted process > preprocessing:preprocess (LE07_L1TP_183035_20010710_20170204_01_T1)
WARN: K8s pod cannot be scheduled -- 0/24 nodes are available: 21 node(s) didn't match node selector, 3 Insufficient cpu, 3 Insufficient memory.
[52/e64850] Submitted process > preprocessing:preprocess (LT05_L1TP_183035_20010803_20180501_01_T1)
[23/c54e87] Submitted process > preprocessing:preprocess (LT05_L1TP_183035_20060513_20180309_01_T1)
[49/64195f] Submitted process > preprocessing:preprocess (LE07_L1TP_183035_19990705_20170218_01_T1)
[ec/74cce8] Submitted process > preprocessing:preprocess (LT05_L1TP_183035_20010819_20170921_01_T1)
[fb/8790bc] Submitted process > preprocessing:preprocess (LT05_L1TP_183035_19960602_20180210_01_T1)
WARN: K8s pod cannot be scheduled -- 0/24 nodes are available: 21 node(s) didn't match node selector, 3 Insufficient cpu, 3 Insufficient memory.
[ec/d1fd85] Submitted process > preprocessing:preprocess (LE07_L1TP_183035_20031121_20170123_01_T1)
WARN: K8s pod cannot be scheduled -- 0/24 nodes are available: 21 node(s) didn't match node selector, 3 Insufficient cpu, 3 Insufficient memory.
[1f/0f4860] Submitted process > preprocessing:preprocess (LT05_L1TP_183035_19890701_20180210_01_T1)
[6e/231837] Submitted process > preprocessing:preprocess (LT05_L1TP_183035_19880831_20180301_01_T1)
WARN: K8s pod cannot be scheduled -- 0/24 nodes are available: 21 node(s) didn't match node selector, 3 Insufficient cpu, 3 Insufficient memory.
[ac/8769cf] Submitted process > preprocessing:preprocess (LT05_L1TP_183035_19880730_20180112_01_T1)
[63/e8c32c] Submitted process > preprocessing:preprocess (LE07_L1TP_183035_20010624_20170204_01_T1)
WARN: K8s pod cannot be scheduled -- 0/24 nodes are available: 21 node(s) didn't match node selector, 3 Insufficient cpu, 3 Insufficient memory.
[f3/37cfb6] Submitted process > preprocessing:preprocess (LT05_L1TP_183035_19890514_20180112_01_T1)
[c9/01f325] Submitted process > preprocessing:preprocess (LE07_L1TP_183035_20060825_20170107_01_T1)
[a5/ba218f] Submitted process > preprocessing:preprocess (LT05_L1TP_183035_20020806_20180624_01_T1)
[03/413462] Submitted process > preprocessing:preprocess (LT05_L1TP_183035_20060630_20180309_01_T1)
[1d/4237e3] Submitted process > preprocessing:preprocess (LE07_L1TP_183035_20041225_20170116_01_T1)
WARN: K8s pod cannot be scheduled -- 0/24 nodes are available: 21 node(s) didn't match node selector, 3 Insufficient cpu, 3 Insufficient memory.
WARN: K8s pod cannot be scheduled -- 0/24 nodes are available: 21 node(s) didn't match node selector, 3 Insufficient cpu, 3 Insufficient memory.
[4d/3aa012] Submitted process > preprocessing:preprocess (LE07_L1TP_183035_20010827_20170203_01_T1)
WARN: K8s pod cannot be scheduled -- 0/24 nodes are available: 21 node(s) didn't match node selector, 3 Insufficient cpu, 3 Insufficient memory.
[d8/1a497d] Submitted process > preprocessing:preprocess (LT05_L1TP_183035_19991001_20171214_01_T1)
[a2/cb569c] Submitted process > preprocessing:preprocess (LT05_L1TP_183035_19911027_20180210_01_T1)
[be/a3f04a] Submitted process > preprocessing:preprocess (LT05_L1TP_183035_19940426_20180210_01_T1)
WARN: K8s pod cannot be scheduled -- 0/24 nodes are available: 21 node(s) didn't match node selector, 3 Insufficient cpu, 3 Insufficient memory.
[76/d48ae5] Submitted process > preprocessing:preprocess (LT05_L1TP_183035_19870610_20170212_01_T1)
[13/6e70c6] Submitted process > preprocessing:preprocess (LE07_L1TP_183035_20020611_20170129_01_T1)
[cf/6d3477] Submitted process > preprocessing:preprocess (LE07_L1TP_183035_20021017_20170127_01_T1)
[c5/6ecf38] Submitted process > preprocessing:preprocess (LE07_L1TP_183035_19991212_20170215_01_T1)
WARN: K8s pod cannot be scheduled -- 0/24 nodes are available: 21 node(s) didn't match node selector, 3 Insufficient cpu, 3 Insufficient memory.
[9c/a0c541] Submitted process > preprocessing:preprocess (LT05_L1TP_183035_20001120_20171210_01_T1)
[81/abf4dd] Submitted process > preprocessing:preprocess (LT05_L1TP_183035_19840617_20171213_01_T1)
WARN: K8s pod cannot be scheduled -- 0/24 nodes are available: 21 node(s) didn't match node selector, 3 Insufficient cpu, 3 Insufficient memory.
[fc/19e707] Submitted process > preprocessing:preprocess (LE07_L1TP_183035_19991025_20170216_01_T1)
WARN: K8s pod cannot be scheduled -- 0/24 nodes are available: 21 node(s) didn't match node selector, 3 Insufficient cpu, 3 Insufficient memory.
[ed/210763] Submitted process > preprocessing:preprocess (LE07_L1TP_183035_20000520_20170211_01_T1)
WARN: K8s pod cannot be scheduled -- 0/24 nodes are available: 21 node(s) didn't match node selector, 3 Insufficient cpu, 3 Insufficient memory.
[8a/f0b60d] Submitted process > preprocessing:preprocess (LT05_L1TP_183035_20010224_20180910_01_T1)
[51/c83a33] Submitted process > preprocessing:preprocess (LT05_L1TP_183035_19981201_20171215_01_T1)
[c3/e2f783] Submitted process > preprocessing:preprocess (LT05_L1TP_183035_19920810_20180210_01_T1)
[12/9c4701] Submitted process > preprocessing:preprocess (LT05_L1TP_183035_19930712_20180210_01_T1)
[5c/6da373] Submitted process > preprocessing:preprocess (LT05_L1TP_183035_19931117_20180210_01_T1)
WARN: K8s pod cannot be scheduled -- 0/24 nodes are available: 21 node(s) didn't match node selector, 3 Insufficient cpu, 3 Insufficient memory.
WARN: K8s pod cannot be scheduled -- 0/24 nodes are available: 21 node(s) didn't match node selector, 3 Insufficient cpu, 3 Insufficient memory.
[95/16bfe5] Submitted process > preprocessing:preprocess (LT04_L1TP_183035_19880128_20170209_01_T1)
WARN: K8s pod cannot be scheduled -- 0/24 nodes are available: 21 node(s) didn't match node selector, 3 Insufficient cpu, 3 Insufficient memory.
[32/eb27ff] Submitted process > preprocessing:preprocess (LT05_L1TP_183035_19930829_20180210_01_T1)
[5f/b8da4a] Submitted process > preprocessing:preprocess (LE07_L1TP_183035_20020408_20170131_01_T1)
[0f/7cd77f] Submitted process > preprocessing:preprocess (LT05_L1TP_183035_19860826_20170216_01_T1)
WARN: K8s pod cannot be scheduled -- 0/24 nodes are available: 21 node(s) didn't match node selector, 3 Insufficient cpu, 3 Insufficient memory.
[07/1b6919] Submitted process > preprocessing:preprocess (LT05_L1TP_183035_20000309_20170908_01_T1)
[ff/b943a9] Submitted process > preprocessing:preprocess (LT05_L1TP_183035_19880815_20180210_01_T1)
[94/2d2662] Submitted process > preprocessing:preprocess (LT05_L1TP_183035_19960227_20180210_01_T1)
[95/24df81] Submitted process > preprocessing:preprocess (LT05_L1TP_183035_19960922_20180210_01_T1)
WARN: K8s pod cannot be scheduled -- 0/24 nodes are available: 21 node(s) didn't match node selector, 3 Insufficient cpu, 3 Insufficient memory.
[26/f41bae] Submitted process > preprocessing:preprocess (LT05_L1TP_183035_19880221_20170613_01_T1)
WARN: K8s pod cannot be scheduled -- 0/24 nodes are available: 21 node(s) didn't match node selector, 3 Insufficient cpu, 3 Insufficient memory.
[d3/14dc99] Submitted process > preprocessing:preprocess (LT05_L1TP_183035_20050118_20180128_01_T1)
[eb/1aaa02] Submitted process > preprocessing:preprocess (LE07_L1TP_183035_20020102_20170201_01_T1)
WARN: K8s pod cannot be scheduled -- 0/24 nodes are available: 21 node(s) didn't match node selector, 3 Insufficient cpu, 3 Insufficient memory.
WARN: K8s pod cannot be scheduled -- 0/24 nodes are available: 21 node(s) didn't match node selector, 3 Insufficient cpu, 3 Insufficient memory.
[e6/a686e1] Submitted process > preprocessing:preprocess (LT05_L1TP_183035_20000222_20171214_01_T1)
[97/dd880a] Submitted process > preprocessing:preprocess (LT05_L1TP_183035_19950224_20180210_01_T1)
[30/200bf4] Submitted process > preprocessing:preprocess (LT05_L1TP_183035_19990510_20180210_01_T1)
[ed/bd0f8e] Submitted process > preprocessing:preprocess (LT05_L1TP_183035_19980912_20170504_01_T1)
[04/3b2708] Submitted process > preprocessing:preprocess (LE07_L1TP_183035_20031207_20170123_01_T1)
WARN: K8s pod cannot be scheduled -- 0/24 nodes are available: 21 node(s) didn't match node selector, 3 Insufficient cpu, 3 Insufficient memory.
[9c/00b86d] Submitted process > preprocessing:preprocess (LE07_L1TP_183035_20020219_20170201_01_T1)
WARN: K8s pod cannot be scheduled -- 0/24 nodes are available: 21 node(s) didn't match node selector, 3 Insufficient cpu, 3 Insufficient memory.
[cd/f65f06] Submitted process > preprocessing:preprocess (LT05_L1TP_183035_19960704_20180613_01_T1)
[34/460bce] Submitted process > preprocessing:preprocess (LE07_L1TP_183035_20020830_20170128_01_T1)
WARN: K8s pod cannot be scheduled -- 0/24 nodes are available: 21 node(s) didn't match node selector, 3 Insufficient cpu, 3 Insufficient memory.
WARN: K8s pod cannot be scheduled -- 0/24 nodes are available: 21 node(s) didn't match node selector, 3 Insufficient cpu, 3 Insufficient memory.
[63/7dee6d] Submitted process > preprocessing:preprocess (LE07_L1TP_183035_20010928_20170203_01_T1)
[32/64179d] Submitted process > preprocessing:preprocess (LT05_L1TP_183035_20040116_20180312_01_T1)
[5b/5f1c07] Submitted process > preprocessing:preprocess (LT05_L1TP_183035_19940410_20180219_01_T1)
WARN: K8s pod cannot be scheduled -- 0/24 nodes are available: 21 node(s) didn't match node selector, 3 Insufficient cpu, 3 Insufficient memory.
[7f/a0ee9c] Submitted process > preprocessing:preprocess (LT05_L1TP_183035_20000901_20180312_01_T1)
[b6/83b34e] Submitted process > preprocessing:preprocess (LT05_L1TP_183035_19980608_20180810_01_T1)
[c2/610777] Submitted process > preprocessing:preprocess (LT05_L1TP_183035_19930202_20200626_01_T1)
[12/8367b7] Submitted process > preprocessing:preprocess (LT05_L1TP_183035_20040624_20180310_01_T1)
[d0/79322d] Submitted process > preprocessing:preprocess (LT05_L1TP_183035_19850604_20171212_01_T1)
WARN: K8s pod cannot be scheduled -- 0/24 nodes are available: 21 node(s) didn't match node selector, 3 Insufficient cpu, 3 Insufficient memory.
[21/342066] Submitted process > preprocessing:preprocess (LT05_L1TP_183035_20020721_20180616_01_T1)
[4a/afb54a] Submitted process > preprocessing:preprocess (LE07_L1TP_183035_20010726_20170204_01_T1)
WARN: K8s pod cannot be scheduled -- 0/24 nodes are available: 21 node(s) didn't match node selector, 3 Insufficient cpu, 3 Insufficient memory.
WARN: K8s pod cannot be scheduled -- 0/24 nodes are available: 21 node(s) didn't match node selector, 3 Insufficient cpu, 3 Insufficient memory.
[d5/4bed18] Submitted process > preprocessing:preprocess (LT05_L1TP_183035_19870829_20170211_01_T1)
[bd/107eca] Submitted process > preprocessing:preprocess (LT05_L1TP_183035_19990915_20180210_01_T1)
WARN: K8s pod cannot be scheduled -- 0/24 nodes are available: 21 node(s) didn't match node selector, 3 Insufficient cpu, 3 Insufficient memory.
[99/711471] Submitted process > preprocessing:preprocess (LT05_L1TP_183035_19940528_20180210_01_T1)
[88/c90ca2] Submitted process > preprocessing:preprocess (LT05_L1TP_183035_19951123_20180210_01_T1)
[04/e15ba8] Submitted process > preprocessing:preprocess (LT05_L1TP_183035_20040201_20180310_01_T1)
[63/67e291] Submitted process > preprocessing:preprocess (LT05_L1TP_183035_20060902_20180309_01_T1)
[bd/8ba02f] Submitted process > preprocessing:preprocess (LE07_L1TP_183035_20030427_20170125_01_T1)
WARN: K8s pod cannot be scheduled -- 0/24 nodes are available: 21 node(s) didn't match node selector, 3 Insufficient cpu, 3 Insufficient memory.
[4b/38561a] Submitted process > preprocessing:preprocess (LE07_L1TP_183035_20050315_20170115_01_T1)
WARN: K8s pod cannot be scheduled -- 0/24 nodes are available: 21 node(s) didn't match node selector, 3 Insufficient cpu, 3 Insufficient memory.
WARN: K8s pod cannot be scheduled -- 0/24 nodes are available: 21 node(s) didn't match node selector, 3 Insufficient cpu, 3 Insufficient memory.
[e6/cd8641] Submitted process > preprocessing:preprocess (LE07_L1TP_183035_20020814_20170129_01_T1)
WARN: K8s pod cannot be scheduled -- 0/24 nodes are available: 21 node(s) didn't match node selector, 3 Insufficient cpu, 3 Insufficient memory.
[b9/1fdab5] Submitted process > preprocessing:preprocess (LT05_L1TP_183035_19920115_20180210_01_T1)
[25/5069d1] Submitted process > preprocessing:preprocess (LT05_L1TP_183035_19980726_20180810_01_T1)
[da/26c332] Submitted process > preprocessing:preprocess (LT05_L1TP_183035_19990611_20170504_01_T1)
[05/671f83] Submitted process > preprocessing:preprocess (LT05_L1TP_183035_19950904_20180210_01_T1)
WARN: K8s pod cannot be scheduled -- 0/24 nodes are available: 21 node(s) didn't match node selector, 3 Insufficient cpu, 3 Insufficient memory.
[b9/29181c] Submitted process > preprocessing:preprocess (LT05_L1TP_183035_19900314_20171214_01_T1)
[bf/c2738c] Submitted process > preprocessing:preprocess (LT05_L1TP_183035_19860810_20170216_01_T1)
WARN: K8s pod cannot be scheduled -- 0/24 nodes are available: 21 node(s) didn't match node selector, 3 Insufficient cpu, 3 Insufficient memory.
[a2/b67367] Submitted process > preprocessing:preprocess (LT05_L1TP_183035_20000816_20180913_01_T1)
WARN: K8s pod cannot be scheduled -- 0/24 nodes are available: 21 node(s) didn't match node selector, 3 Insufficient cpu, 3 Insufficient memory.
[8f/d20345] Submitted process > preprocessing:preprocess (LT05_L1TP_183035_20031012_20161204_01_T1)
[57/b1e8bb] Submitted process > preprocessing:preprocess (LT05_L1TP_183035_19910605_20170808_01_T1)
WARN: K8s pod cannot be scheduled -- 0/24 nodes are available: 21 node(s) didn't match node selector, 3 Insufficient cpu, 3 Insufficient memory.
[e8/f707c1] Submitted process > preprocessing:preprocess (LE07_L1TP_183035_20020424_20170130_01_T1)
[a9/b430c0] Submitted process > preprocessing:preprocess (LE07_L1TP_183035_19990806_20170218_01_T1)
WARN: K8s pod cannot be scheduled -- 0/24 nodes are available: 21 node(s) didn't match node selector, 3 Insufficient cpu, 3 Insufficient memory.
[95/448d61] Submitted process > preprocessing:preprocess (LT05_L1TP_183035_19981014_20170717_01_T1)
WARN: K8s pod cannot be scheduled -- 0/24 nodes are available: 21 node(s) didn't match node selector, 3 Insufficient cpu, 3 Insufficient memory.
[84/03fe0c] Submitted process > preprocessing:preprocess (LT05_L1TP_183035_20010702_20180311_01_T1)
WARN: K8s pod cannot be scheduled -- 0/24 nodes are available: 21 node(s) didn't match node selector, 3 Insufficient cpu, 3 Insufficient memory.
[bc/9a994f] Submitted process > preprocessing:preprocess (LT05_L1TP_183035_19900720_20180210_01_T1)
[c2/da69e8] Submitted process > preprocessing:preprocess (LT05_L1TP_183035_19860522_20170217_01_T1)
[cb/e0d651] Submitted process > preprocessing:preprocess (LT05_L1TP_183035_19850401_20171213_01_T1)
[c9/e56723] Submitted process > preprocessing:preprocess (LT05_L1TP_183035_19950107_20180210_01_T1)
[2c/39072e] Submitted process > preprocessing:preprocess (LT05_L1TP_183035_19911230_20170908_01_T1)
WARN: K8s pod cannot be scheduled -- 0/24 nodes are available: 21 node(s) didn't match node selector, 3 Insufficient cpu, 3 Insufficient memory.
[b0/58b4d1] Submitted process > preprocessing:preprocess (LT05_L1TP_183035_19950531_20180210_01_T1)
WARN: K8s pod cannot be scheduled -- 0/24 nodes are available: 21 node(s) didn't match node selector, 3 Insufficient cpu, 3 Insufficient memory.
[19/55a50e] Submitted process > preprocessing:preprocess (LT05_L1TP_183035_19890327_20170908_01_T1)
[19/9752d0] Submitted process > preprocessing:preprocess (LE07_L1TP_183035_20040920_20170119_01_T1)
WARN: K8s pod cannot be scheduled -- 0/24 nodes are available: 21 node(s) didn't match node selector, 3 Insufficient cpu, 3 Insufficient memory.
[c6/ddbb23] Submitted process > preprocessing:preprocess (LT05_L1TP_183035_20041115_20180310_01_T1)
[02/cbccf6] Submitted process > preprocessing:preprocess (LT05_L1TP_183035_20010531_20180726_01_T1)
[98/b7ce32] Submitted process > preprocessing:preprocess (LT05_L1TP_183035_19900821_20170613_01_T1)
WARN: K8s pod cannot be scheduled -- 0/24 nodes are available: 21 node(s) didn't match node selector, 3 Insufficient cpu, 3 Insufficient memory.
[fe/fe5bc2] Submitted process > preprocessing:preprocess (LT05_L1TP_183035_19890311_20170717_01_T1)
[84/2cd3f4] Submitted process > preprocessing:preprocess (LT05_L1TP_183035_19950819_20180210_01_T1)
[e5/06ee34] Submitted process > preprocessing:preprocess (LT05_L1TP_183035_19891208_20180210_01_T1)
[42/9381ec] Submitted process > preprocessing:preprocess (LT05_L1TP_183035_19960906_20180210_01_T1)
WARN: K8s pod cannot be scheduled -- 0/24 nodes are available: 21 node(s) didn't match node selector, 3 Insufficient cpu, 3 Insufficient memory.
WARN: K8s pod cannot be scheduled -- 0/24 nodes are available: 21 node(s) didn't match node selector, 3 Insufficient cpu, 3 Insufficient memory.
[95/fad615] Submitted process > preprocessing:preprocess (LT05_L1TP_183035_19940715_20180210_01_T1)
[aa/b7c795] Submitted process > preprocessing:preprocess (LT05_L1TP_183035_19980216_20180210_01_T1)
WARN: K8s pod cannot be scheduled -- 0/24 nodes are available: 21 node(s) didn't match node selector, 3 Insufficient cpu, 3 Insufficient memory.
[cb/b24145] Submitted process > preprocessing:preprocess (LT05_L1TP_183035_20030825_20161204_01_T1)
[fb/1386e2] Submitted process > preprocessing:preprocess (LT05_L1TP_183035_19920319_20180210_01_T1)
WARN: K8s pod cannot be scheduled -- 0/24 nodes are available: 21 node(s) didn't match node selector, 3 Insufficient cpu, 3 Insufficient memory.
[ff/485c75] Submitted process > preprocessing:preprocess (LT05_L1TP_183035_19840719_20171213_01_T1)
[4e/d55be1] Submitted process > preprocessing:preprocess (LT05_L1TP_183035_19910925_20170717_01_T1)
[ce/3f4908] Submitted process > preprocessing:preprocess (LT05_L1TP_183035_19970824_20180210_01_T1)
[03/5c8fae] Submitted process > preprocessing:preprocess (LT05_L1TP_183035_19851127_20171212_01_T1)
WARN: K8s pod cannot be scheduled -- 0/24 nodes are available: 21 node(s) didn't match node selector, 3 Insufficient cpu, 3 Insufficient memory.
WARN: K8s pod cannot be scheduled -- 0/24 nodes are available: 21 node(s) didn't match node selector, 3 Insufficient cpu, 3 Insufficient memory.
[ae/65c4c1] Submitted process > preprocessing:preprocess (LT05_L1TP_183035_19870525_20170212_01_T1)
[6b/410a9c] Submitted process > preprocessing:preprocess (LE07_L1TP_183035_20050227_20170117_01_T1)
WARN: K8s pod cannot be scheduled -- 0/24 nodes are available: 21 node(s) didn't match node selector, 3 Insufficient cpu, 3 Insufficient memory.
[f0/48bb89] Submitted process > preprocessing:preprocess (LT05_L1TP_183035_19940629_20180210_01_T1)
[61/e4968b] Submitted process > preprocessing:preprocess (LT05_L1TP_183035_19911214_20180301_01_T1)
[05/3b3a0d] Submitted process > preprocessing:preprocess (LT05_L1TP_183035_19961109_20180210_01_T1)
WARN: K8s pod cannot be scheduled -- 0/24 nodes are available: 21 node(s) didn't match node selector, 3 Insufficient cpu, 3 Insufficient memory.
[ca/42ced6] Submitted process > preprocessing:preprocess (LT05_L1TP_183035_19981014_20180821_01_T1)
[19/11af30] Submitted process > preprocessing:preprocess (LT05_L1TP_183035_19841023_20170220_01_T1)
[a5/ef75e2] Submitted process > preprocessing:preprocess (LE07_L1TP_183035_20020203_20170201_01_T1)
[80/653f62] Submitted process > preprocessing:preprocess (LT05_L1TP_183035_20020619_20180616_01_T1)
WARN: K8s pod cannot be scheduled -- 0/24 nodes are available: 21 node(s) didn't match node selector, 3 Insufficient cpu, 3 Insufficient memory.
WARN: K8s pod cannot be scheduled -- 0/24 nodes are available: 21 node(s) didn't match node selector, 3 Insufficient cpu, 3 Insufficient memory.
[cd/36dd02] Submitted process > preprocessing:preprocess (LT05_L1TP_183035_19881002_20170717_01_T1)
WARN: K8s pod cannot be scheduled -- 0/24 nodes are available: 21 node(s) didn't match node selector, 3 Insufficient cpu, 3 Insufficient memory.
[2f/42c0f9] Submitted process > preprocessing:preprocess (LT05_L1TP_183035_19900330_20180210_01_T1)
[0e/2595ed] Submitted process > preprocessing:preprocess (LE07_L1TP_183035_20000808_20170210_01_T1)
[02/7670bc] Submitted process > preprocessing:preprocess (LT05_L1TP_183035_20010429_20180311_01_T1)
WARN: K8s pod cannot be scheduled -- 0/24 nodes are available: 21 node(s) didn't match node selector, 3 Insufficient cpu, 3 Insufficient memory.
[e7/5130ee] Submitted process > preprocessing:preprocess (LT05_L1TP_183035_20010208_20180311_01_T1)
[6a/e34615] Submitted process > preprocessing:preprocess (LT05_L1TP_183035_20060817_20180310_01_T1)
WARN: K8s pod cannot be scheduled -- 0/24 nodes are available: 21 node(s) didn't match node selector, 3 Insufficient cpu, 3 Insufficient memory.
[67/9858a8] Submitted process > preprocessing:preprocess (LT05_L1TP_183035_19840820_20170220_01_T1)
WARN: K8s pod cannot be scheduled -- 0/24 nodes are available: 21 node(s) didn't match node selector, 3 Insufficient cpu, 3 Insufficient memory.
[41/4d3323] Submitted process > preprocessing:preprocess (LT05_L1TP_183035_19890717_20180210_01_T1)
[ee/3fecbd] Submitted process > preprocessing:preprocess (LT05_L1TP_183035_19960618_20180210_01_T1)
WARN: K8s pod cannot be scheduled -- 0/24 nodes are available: 21 node(s) didn't match node selector, 3 Insufficient cpu, 3 Insufficient memory.
[aa/177780] Submitted process > preprocessing:preprocess (LE07_L1TP_183035_20060505_20170109_01_T1)
[9b/877700] Submitted process > preprocessing:preprocess (LT05_L1TP_183035_19870914_20180219_01_T1)
[02/af24b4] Submitted process > preprocessing:preprocess (LE07_L1TP_183035_19990822_20170217_01_T1)
WARN: K8s pod cannot be scheduled -- 0/24 nodes are available: 21 node(s) didn't match node selector, 3 Insufficient cpu, 3 Insufficient memory.
[f0/c04e21] Submitted process > preprocessing:preprocess (LE07_L1TP_183035_20040819_20170119_01_T1)
WARN: K8s pod cannot be scheduled -- 0/24 nodes are available: 21 node(s) didn't match node selector, 3 Insufficient cpu, 3 Insufficient memory.
[e6/672c8f] Submitted process > preprocessing:preprocess (LT05_L1TP_183035_19910112_20180219_01_T1)
WARN: K8s pod cannot be scheduled -- 0/24 nodes are available: 21 node(s) didn't match node selector, 3 Insufficient cpu, 3 Insufficient memory.
[2b/23d597] Submitted process > preprocessing:preprocess (LE07_L1TP_183035_20010811_20170204_01_T1)
[9c/5aa077] Submitted process > preprocessing:preprocess (LT05_L1TP_182035_19890507_20180620_01_T1)
WARN: K8s pod cannot be scheduled -- 0/24 nodes are available: 21 node(s) didn't match node selector, 3 Insufficient cpu, 3 Insufficient memory.
[8a/28e1a4] Submitted process > preprocessing:preprocess (LT05_L1TP_182035_20060607_20180310_01_T1)
[12/5c2545] Submitted process > preprocessing:preprocess (LT04_L1TP_182035_19891209_20170201_01_T1)
[57/79a7a3] Submitted process > preprocessing:preprocess (LT05_L1TP_182035_19960915_20180210_01_T1)
[03/fe2fd0] Submitted process > preprocessing:preprocess (LE07_L1TP_182035_19990730_20170218_01_T1)
WARN: K8s pod cannot be scheduled -- 0/24 nodes are available: 21 node(s) didn't match node selector, 3 Insufficient cpu, 3 Insufficient memory.
WARN: K8s pod cannot be scheduled -- 0/24 nodes are available: 21 node(s) didn't match node selector, 3 Insufficient cpu, 3 Insufficient memory.
WARN: K8s pod cannot be scheduled -- 0/24 nodes are available: 21 node(s) didn't match node selector, 3 Insufficient cpu, 3 Insufficient memory.
[78/83f2fa] Submitted process > preprocessing:preprocess (LE07_L1TP_182035_20051002_20170112_01_T1)
[cf/ce1712] Submitted process > preprocessing:preprocess (LT05_L1TP_182035_20040617_20180311_01_T1)
[f9/a459ff] Submitted process > preprocessing:preprocess (LT05_L1TP_182035_20010727_20161210_01_T1)
[22/7506d1] Submitted process > preprocessing:preprocess (LE07_L1TP_182035_19991221_20170215_01_T1)
[a3/48f7d4] Submitted process > preprocessing:preprocess (LT05_L1TP_182035_19970817_20180210_01_T1)
WARN: K8s pod cannot be scheduled -- 0/24 nodes are available: 21 node(s) didn't match node selector, 3 Insufficient cpu, 3 Insufficient memory.
[2b/792409] Submitted process > preprocessing:preprocess (LT05_L1TP_182035_19950305_20180210_01_T1)
[0a/da8a93] Submitted process > preprocessing:preprocess (LE07_L1TP_182035_20060514_20170108_01_T1)
[1e/f1f280] Submitted process > preprocessing:preprocess (LT05_L1TP_182035_19890304_20180302_01_T1)
WARN: K8s pod cannot be scheduled -- 0/24 nodes are available: 21 node(s) didn't match node selector, 3 Insufficient cpu, 3 Insufficient memory.
[24/8e81a6] Submitted process > preprocessing:preprocess (LE07_L1TP_182035_20000614_20170211_01_T1)
WARN: K8s pod cannot be scheduled -- 0/24 nodes are available: 21 node(s) didn't match node selector, 3 Insufficient cpu, 3 Insufficient memory.
WARN: K8s pod cannot be scheduled -- 0/24 nodes are available: 21 node(s) didn't match node selector, 3 Insufficient cpu, 3 Insufficient memory.
[de/127584] Submitted process > preprocessing:preprocess (LE07_L1TP_182035_20010209_20170207_01_T1)
[b5/b96f1f] Submitted process > preprocessing:preprocess (LT05_L1TP_182035_19901118_20180210_01_T1)
[13/3c1004] Submitted process > preprocessing:preprocess (LE07_L1TP_182035_20000326_20170212_01_T1)
WARN: K8s pod cannot be scheduled -- 0/24 nodes are available: 21 node(s) didn't match node selector, 3 Insufficient cpu, 3 Insufficient memory.
[4f/3648a5] Submitted process > preprocessing:preprocess (LT05_L1TP_182035_19940809_20200430_01_T1)
[4e/fbe486] Submitted process > preprocessing:preprocess (LT05_L1TP_182035_19860920_20180430_01_T1)
[1b/fade8d] Submitted process > preprocessing:preprocess (LE07_L1TP_182035_20030303_20170126_01_T1)
WARN: K8s pod cannot be scheduled -- 0/24 nodes are available: 21 node(s) didn't match node selector, 3 Insufficient cpu, 3 Insufficient memory.
WARN: K8s pod cannot be scheduled -- 0/24 nodes are available: 21 node(s) didn't match node selector, 3 Insufficient cpu, 3 Insufficient memory.
[44/0138e1] Submitted process > preprocessing:preprocess (LT05_L1TP_182035_19881011_20180210_01_T1)
[dc/a985a0] Submitted process > preprocessing:preprocess (LT05_L1TP_182035_19911004_20180210_01_T1)
[5a/b44272] Submitted process > preprocessing:preprocess (LT05_L1TP_182035_19960103_20180210_01_T1)
WARN: K8s pod cannot be scheduled -- 0/24 nodes are available: 21 node(s) didn't match node selector, 3 Insufficient cpu, 3 Insufficient memory.
[eb/baad64] Submitted process > preprocessing:preprocess (LT05_L1TP_182035_19980703_20171214_01_T1)
[08/c228df] Submitted process > preprocessing:preprocess (LT05_L1TP_182035_20060522_20180310_01_T1)
WARN: K8s pod cannot be scheduled -- 0/24 nodes are available: 21 node(s) didn't match node selector, 3 Insufficient cpu, 3 Insufficient memory.
[f1/f07765] Submitted process > preprocessing:preprocess (LT05_L1TP_182035_20010625_20180929_01_T1)
[4a/361396] Submitted process > preprocessing:preprocess (LT05_L1TP_182035_19971223_20180210_01_T1)
WARN: K8s pod cannot be scheduled -- 0/24 nodes are available: 21 node(s) didn't match node selector, 3 Insufficient cpu, 3 Insufficient memory.
[49/1eeae0] Submitted process > preprocessing:preprocess (LT05_L1TP_182035_19900814_20170128_01_T1)
WARN: K8s pod cannot be scheduled -- 0/24 nodes are available: 21 node(s) didn't match node selector, 3 Insufficient cpu, 3 Insufficient memory.
[bf/a90f11] Submitted process > preprocessing:preprocess (LE07_L1TP_182035_20050628_20170115_01_T1)
[K8s] API request threw socket exception: Connection reset for GET /api/v1/namespaces/default/pods/nf-6ae3461568fb11859bb9f88bc8e15f02/status 


[K8s] Try API request again, remaining trials: 4
WARN: K8s pod cannot be scheduled -- 0/24 nodes are available: 21 node(s) didn't match node selector, 3 Insufficient cpu, 3 Insufficient memory.
WARN: K8s pod cannot be scheduled -- 0/24 nodes are available: 21 node(s) didn't match node selector, 3 Insufficient cpu, 3 Insufficient memory.
[32/358f68] Submitted process > preprocessing:preprocess (LE07_L1TP_182035_20030114_20170213_01_T1)
[e1/a7e15c] Submitted process > preprocessing:preprocess (LE07_L1TP_182035_20001105_20170209_01_T1)
[7a/bf098d] Submitted process > preprocessing:preprocess (LT05_L1TP_182035_19950913_20180210_01_T1)
[d9/2be3aa] Submitted process > preprocessing:preprocess (LT05_L1TP_182035_19981007_20180821_01_T1)
WARN: K8s pod cannot be scheduled -- 0/24 nodes are available: 21 node(s) didn't match node selector, 3 Insufficient cpu, 3 Insufficient memory.
[5c/28ab66] Submitted process > preprocessing:preprocess (LE07_L1TP_182035_19990916_20170217_01_T1)
[d6/cca67f] Submitted process > preprocessing:preprocess (LT05_L1TP_182035_19981023_20170717_01_T1)
[e3/d230e2] Submitted process > preprocessing:preprocess (LT05_L1TP_182035_19910105_20180210_01_T1)
WARN: K8s pod cannot be scheduled -- 0/24 nodes are available: 21 node(s) didn't match node selector, 3 Insufficient cpu, 3 Insufficient memory.
WARN: K8s pod cannot be scheduled -- 0/24 nodes are available: 21 node(s) didn't match node selector, 3 Insufficient cpu, 3 Insufficient memory.
[cc/e18d1b] Submitted process > preprocessing:preprocess (LT05_L1TP_182035_20051111_20180126_01_T1)
WARN: K8s pod cannot be scheduled -- 0/24 nodes are available: 21 node(s) didn't match node selector, 3 Insufficient cpu, 3 Insufficient memory.
[6c/9e31cb] Submitted process > preprocessing:preprocess (LE07_L1TP_182035_20011124_20170213_01_T1)
[65/796821] Submitted process > preprocessing:preprocess (LT05_L1TP_182035_19890115_20180613_01_T1)
WARN: K8s pod cannot be scheduled -- 0/24 nodes are available: 21 node(s) didn't match node selector, 3 Insufficient cpu, 3 Insufficient memory.
[3f/74f7ec] Submitted process > preprocessing:preprocess (LT05_L1TP_182035_19910716_20171208_01_T1)
[6b/4658fc] Submitted process > preprocessing:preprocess (LT05_L1TP_182035_19941113_20180210_01_T1)
[60/7e435b] Submitted process > preprocessing:preprocess (LE07_L1TP_182035_20031130_20170123_01_T1)
[e2/604e9f] Submitted process > preprocessing:preprocess (LT05_L1TP_182035_20000521_20180914_01_T1)
WARN: K8s pod cannot be scheduled -- 0/24 nodes are available: 21 node(s) didn't match node selector, 3 Insufficient cpu, 3 Insufficient memory.
[49/c83f8f] Submitted process > preprocessing:preprocess (LE07_L1TP_182035_20000207_20170213_01_T1)
[c3/8b29cb] Submitted process > preprocessing:preprocess (LT05_L1TP_182035_19970716_20180210_01_T1)
WARN: K8s pod cannot be scheduled -- 0/24 nodes are available: 21 node(s) didn't match node selector, 3 Insufficient cpu, 3 Insufficient memory.
WARN: K8s pod cannot be scheduled -- 0/24 nodes are available: 21 node(s) didn't match node selector, 3 Insufficient cpu, 3 Insufficient memory.
[e9/256ddd] Submitted process > preprocessing:preprocess (LT05_L1TP_182035_19961220_20180210_01_T1)
[03/1f9714] Submitted process > preprocessing:preprocess (LT05_L1TP_182035_19900713_20180210_01_T1)
[e0/d96b7a] Submitted process > preprocessing:preprocess (LT05_L1TP_182035_19910529_20180113_01_T1)
WARN: K8s pod cannot be scheduled -- 0/24 nodes are available: 21 node(s) didn't match node selector, 3 Insufficient cpu, 3 Insufficient memory.
[fa/d841b1] Submitted process > preprocessing:preprocess (LT05_L1TP_182035_19920920_20180302_01_T1)
WARN: K8s pod cannot be scheduled -- 0/24 nodes are available: 21 node(s) didn't match node selector, 3 Insufficient cpu, 3 Insufficient memory.
[56/3906a3] Submitted process > preprocessing:preprocess (LE07_L1TP_182035_20060530_20170108_01_T1)
WARN: K8s pod cannot be scheduled -- 0/24 nodes are available: 21 node(s) didn't match node selector, 3 Insufficient cpu, 3 Insufficient memory.
[66/ace56d] Submitted process > preprocessing:preprocess (LE07_L1TP_182035_20051205_20170111_01_T1)
[b9/6238a6] Submitted process > preprocessing:preprocess (LT05_L1TP_182035_19840509_20171214_01_T1)
WARN: K8s pod cannot be scheduled -- 0/24 nodes are available: 21 node(s) didn't match node selector, 3 Insufficient cpu, 3 Insufficient memory.
[c4/892660] Submitted process > preprocessing:preprocess (LT05_L1TP_182035_20020714_20180902_01_T1)
[2a/d9201e] Submitted process > preprocessing:preprocess (LT05_L1TP_182035_19960627_20180210_01_T1)
WARN: K8s pod cannot be scheduled -- 0/24 nodes are available: 21 node(s) didn't match node selector, 3 Insufficient cpu, 3 Insufficient memory.
[1d/6a8c01] Submitted process > preprocessing:preprocess (LE07_L1TP_182035_20011007_20170203_01_T1)
[8c/36c145] Submitted process > preprocessing:preprocess (LT05_L1TP_182035_20000926_20171211_01_T1)
[eb/845d58] Submitted process > preprocessing:preprocess (LT05_L1TP_182035_19941231_20180210_01_T1)
WARN: K8s pod cannot be scheduled -- 0/24 nodes are available: 21 node(s) didn't match node selector, 3 Insufficient cpu, 3 Insufficient memory.
[99/59dde8] Submitted process > preprocessing:preprocess (LT05_L1TP_182035_19900323_20180210_01_T1)
[77/dded0f] Submitted process > preprocessing:preprocess (LT05_L1TP_182035_20000708_20171210_01_T1)
WARN: K8s pod cannot be scheduled -- 0/24 nodes are available: 21 node(s) didn't match node selector, 3 Insufficient cpu, 3 Insufficient memory.
[76/fb424a] Submitted process > preprocessing:preprocess (LT05_L1TP_182035_19980905_20171208_01_T1)
WARN: K8s pod cannot be scheduled -- 0/24 nodes are available: 21 node(s) didn't match node selector, 3 Insufficient cpu, 3 Insufficient memory.
[19/816c50] Submitted process > preprocessing:preprocess (LE07_L1TP_182035_20020228_20170131_01_T1)
WARN: K8s pod cannot be scheduled -- 0/24 nodes are available: 21 node(s) didn't match node selector, 3 Insufficient cpu, 3 Insufficient memory.
[6e/07653e] Submitted process > preprocessing:preprocess (LT05_L1TP_182035_19870705_20170212_01_T1)
[5a/6c2cb4] Submitted process > preprocessing:preprocess (LT05_L1TP_182035_19880113_20170907_01_T1)
WARN: K8s pod cannot be scheduled -- 0/24 nodes are available: 21 node(s) didn't match node selector, 3 Insufficient cpu, 3 Insufficient memory.
[f3/143c7e] Submitted process > preprocessing:preprocess (LT05_L1TP_182035_20010422_20180311_01_T1)
[90/3ad251] Submitted process > preprocessing:preprocess (LT05_L1TP_182035_19940129_20171214_01_T1)
[2a/d566a8] Submitted process > preprocessing:preprocess (LT05_L1TP_182035_19930721_20180210_01_T1)
WARN: K8s pod cannot be scheduled -- 0/24 nodes are available: 21 node(s) didn't match node selector, 3 Insufficient cpu, 3 Insufficient memory.
[43/b2de40] Submitted process > preprocessing:preprocess (LT05_L1TP_182035_19950828_20201112_01_T1)
[51/01e8e0] Submitted process > preprocessing:preprocess (LT05_L1TP_182035_19880129_20180210_01_T1)
WARN: K8s pod cannot be scheduled -- 0/24 nodes are available: 21 node(s) didn't match node selector, 3 Insufficient cpu, 3 Insufficient memory.
WARN: K8s pod cannot be scheduled -- 0/24 nodes are available: 21 node(s) didn't match node selector, 3 Insufficient cpu, 3 Insufficient memory.
[31/b1324a] Submitted process > preprocessing:preprocess (LT05_L1TP_182035_19940521_20180210_01_T1)
[c6/28440d] Submitted process > preprocessing:preprocess (LT05_L1TP_182035_19951202_20170907_01_T1)
[41/99d1e5] Submitted process > preprocessing:preprocess (LE07_L1TP_182035_20030130_20170126_01_T1)
WARN: K8s pod cannot be scheduled -- 0/24 nodes are available: 21 node(s) didn't match node selector, 3 Insufficient cpu, 3 Insufficient memory.
[0e/6d3fff] Submitted process > preprocessing:preprocess (LT05_L1TP_182035_19980820_20171215_01_T1)
WARN: K8s pod cannot be scheduled -- 0/24 nodes are available: 21 node(s) didn't match node selector, 3 Insufficient cpu, 3 Insufficient memory.
[50/594d6d] Submitted process > preprocessing:preprocess (LE07_L1TP_182035_20050409_20170115_01_T1)
WARN: K8s pod cannot be scheduled -- 0/24 nodes are available: 21 node(s) didn't match node selector, 3 Insufficient cpu, 3 Insufficient memory.
[65/557c3a] Submitted process > preprocessing:preprocess (LT05_L1TP_182035_19911223_20180210_01_T1)
[1c/0fa8e7] Submitted process > preprocessing:preprocess (LT05_L1TP_182035_19900830_20180302_01_T1)
WARN: K8s pod cannot be scheduled -- 0/24 nodes are available: 21 node(s) didn't match node selector, 3 Insufficient cpu, 3 Insufficient memory.
[f5/cc9028] Submitted process > preprocessing:preprocess (LT05_L1TP_182035_19960510_20180210_01_T1)
[de/2715ea] Submitted process > preprocessing:preprocess (LE07_L1TP_182035_20010108_20170208_01_T1)
WARN: K8s pod cannot be scheduled -- 0/24 nodes are available: 21 node(s) didn't match node selector, 3 Insufficient cpu, 3 Insufficient memory.
[b6/abf482] Submitted process > preprocessing:preprocess (LT05_L1TP_182035_19880707_20170613_01_T1)
[5c/80fc36] Submitted process > preprocessing:preprocess (LE07_L1TP_182035_20060717_20170107_01_T1)
WARN: K8s pod cannot be scheduled -- 0/24 nodes are available: 21 node(s) didn't match node selector, 3 Insufficient cpu, 3 Insufficient memory.
WARN: K8s pod cannot be scheduled -- 0/24 nodes are available: 21 node(s) didn't match node selector, 3 Insufficient cpu, 3 Insufficient memory.
[00/5828e6] Submitted process > preprocessing:preprocess (LT05_L1TP_182035_19860224_20180210_01_T1)
[9c/4e424a] Submitted process > preprocessing:preprocess (LT05_L1TP_182035_19910614_20180210_01_T1)
[4e/5493fc] Submitted process > preprocessing:preprocess (LT05_L1TP_182035_19940419_20180210_01_T1)
WARN: K8s pod cannot be scheduled -- 0/24 nodes are available: 21 node(s) didn't match node selector, 3 Insufficient cpu, 3 Insufficient memory.
[25/394238] Submitted process > preprocessing:preprocess (LT05_L1TP_182035_19970529_20180210_01_T1)
WARN: K8s pod cannot be scheduled -- 0/24 nodes are available: 21 node(s) didn't match node selector, 3 Insufficient cpu, 3 Insufficient memory.
[3a/756284] Submitted process > preprocessing:preprocess (LT05_L1TP_182035_19850205_20170219_01_T1)
WARN: K8s pod cannot be scheduled -- 0/24 nodes are available: 21 node(s) didn't match node selector, 3 Insufficient cpu, 3 Insufficient memory.
[f2/dde9b0] Submitted process > preprocessing:preprocess (LT05_L1TP_182035_20020628_20161208_01_T1)
[27/a7ce90] Submitted process > preprocessing:preprocess (LT05_L1TP_182035_19920718_20180218_01_T1)
[44/39691d] Submitted process > preprocessing:preprocess (LT05_L1TP_182035_19980905_20180727_01_T1)
WARN: K8s pod cannot be scheduled -- 0/24 nodes are available: 21 node(s) didn't match node selector, 3 Insufficient cpu, 3 Insufficient memory.
WARN: Unable to fetch pod exit status -- pod=eo-experiment-r8-n3-e3 state=[running:[startedAt:2021-07-15T12:01:11Z]]
