go
Launcher pod spec file: .nextflow.pod.yaml
Pod submitted: eo-experiment-r8-n1-e3 .. waiting to start[2KPod started: eo-experiment-r8-n1-e3
N E X T F L O W  ~  version 21.04.0-edge
Launching `/workdir/B5-Workflow-Earth-Observation/EO-01/workflow-dsl2.nf` [eo-experiment-r8-n1-e3] - revision: 95e4f03f65
WARN: It appears you have never run this project before -- Option `-resume` is ignored
input data path: '/data/b5/eo-01'
[b3/6db5e1] Submitted process > preprocessing:generateTileAllowList
[2a/e7821f] Submitted process > preprocessing:generateAnalysisMask
[9f/1d729e] Submitted process > preprocessing:preprocess (LT05_L1TP_183035_19980421_20180210_01_T1)
[1a/d72378] Submitted process > preprocessing:preprocess (LT05_L1TP_183035_20040811_20180309_01_T1)
[54/8f9ced] Submitted process > preprocessing:preprocess (LE07_L1TP_183035_20000824_20170210_01_T1)
[8b/4ad1fa] Submitted process > preprocessing:preprocess (LT05_L1TP_183035_19980523_20180210_01_T1)
[c5/d0e12f] Submitted process > preprocessing:preprocess (LE07_L1TP_183035_20010320_20170206_01_T1)
[ff/d08e2c] Submitted process > preprocessing:preprocess (LT05_L1TP_183035_19911128_20180302_01_T1)
[73/d25f7e] Submitted process > preprocessing:preprocess (LT05_L1TP_183035_19970301_20180210_01_T1)
[86/5faa8c] Submitted process > preprocessing:preprocess (LT05_L1TP_183035_19921216_20170504_01_T1)
[e0/3e99fc] Submitted process > preprocessing:preprocess (LE07_L1TP_183035_20030105_20170127_01_T1)
[a1/7d95d7] Submitted process > preprocessing:preprocess (LT05_L1TP_183035_19980811_20170717_01_T1)
[d1/40ac8f] Submitted process > preprocessing:preprocess (LT05_L1TP_183035_19950718_20180210_01_T1)
[79/47b3cb] Submitted process > preprocessing:preprocess (LT05_L1TP_183035_20010616_20180311_01_T1)
[b4/fa0df1] Submitted process > preprocessing:preprocess (LT05_L1TP_183035_19960501_20180210_01_T1)
[62/fe4b6e] Submitted process > preprocessing:preprocess (LT05_L1TP_183035_19950429_20180210_01_T1)
[20/4df1cd] Submitted process > preprocessing:preprocess (LT05_L1TP_183035_19951022_20180210_01_T1)
[8c/027f89] Submitted process > preprocessing:preprocess (LT05_L1TP_183035_19910317_20180210_01_T1)
[54/c93017] Submitted process > preprocessing:preprocess (LT05_L1TP_183035_19980304_20180210_01_T1)
[5d/459c87] Submitted process > preprocessing:preprocess (LE07_L1TP_183035_19990923_20170217_01_T1)
[68/08777e] Submitted process > preprocessing:preprocess (LT05_L1TP_183035_19960110_20180210_01_T1)
[46/93f290] Submitted process > preprocessing:preprocess (LT05_L1TP_183035_19920522_20180210_01_T1)
[80/527868] Submitted process > preprocessing:preprocess (LT05_L1TP_183035_19900602_20180210_01_T1)
[2c/b5288b] Submitted process > preprocessing:preprocess (LT05_L1TP_183035_19940917_20180210_01_T1)
[05/67c41b] Submitted process > preprocessing:preprocess (LE07_L1TP_183035_20020307_20170131_01_T1)
[61/3b3c95] Submitted process > preprocessing:preprocess (LT05_L1TP_183035_19860607_20180210_01_T1)
[52/a761de] Submitted process > preprocessing:preprocess (LT05_L1TP_183035_19991102_20180210_01_T1)
[12/6db684] Submitted process > preprocessing:preprocess (LE07_L1TP_183035_20050923_20170112_01_T1)
[eb/fcad9a] Submitted process > preprocessing:preprocess (LE07_L1TP_183035_20010216_20170206_01_T1)
[ce/f1b94a] Submitted process > preprocessing:preprocess (LT05_L1TP_183035_20010123_20180311_01_T1)
[20/87d8f9] Submitted process > preprocessing:preprocess (LT05_L1TP_183035_19861130_20170215_01_T1)
[35/361961] Submitted process > preprocessing:preprocess (LT05_L1TP_183035_19870423_20170213_01_T1)
[4b/7a1cbb] Submitted process > preprocessing:preprocess (LT05_L1TP_183035_19940715_20180616_01_T1)
[df/add384] Submitted process > preprocessing:preprocess (LT05_L1TP_183035_20050323_20180128_01_T1)
[ea/cbca75] Submitted process > preprocessing:preprocess (LT05_L1TP_183035_19870509_20170213_01_T1)
[7f/bb8497] Submitted process > preprocessing:preprocess (LE07_L1TP_183035_20000925_20170209_01_T1)
[a7/fba3c3] Submitted process > preprocessing:preprocess (LT05_L1TP_183035_19990627_20180210_01_T1)
WARN: K8s pod cannot be scheduled -- 0/24 nodes are available: 1 Insufficient cpu, 1 Insufficient memory, 23 node(s) didn't match node selector.
[8d/65b496] Submitted process > preprocessing:preprocess (LE07_L1TP_183035_20030817_20170125_01_T1)
[5b/562fbf] Submitted process > preprocessing:preprocess (LT05_L1TP_183035_20010515_20180311_01_T1)
[4d/730b3d] Submitted process > preprocessing:preprocess (LT04_L1TP_183035_19891216_20170201_01_T1)
[1d/9a4923] Submitted process > preprocessing:preprocess (LE07_L1TP_183035_20020713_20170129_01_T1)
[03/3d851b] Submitted process > preprocessing:preprocess (LE07_L1TP_183035_20010405_20170205_01_T1)
[8f/8662f9] Submitted process > preprocessing:preprocess (LT05_L1TP_183035_20020315_20180312_01_T1)
[60/3d8be5] Submitted process > preprocessing:preprocess (LT05_L1TP_183035_19910723_20180302_01_T1)
[29/4e9233] Submitted process > preprocessing:preprocess (LT05_L1TP_183035_19931203_20180210_01_T1)
[48/545f64] Submitted process > preprocessing:preprocess (LT05_L1TP_183035_19990408_20180210_01_T1)
[fe/f273dd] Submitted process > preprocessing:preprocess (LT05_L1TP_183035_19880628_20170613_01_T1)
[a6/ebccb0] Submitted process > preprocessing:preprocess (LE07_L1TP_183035_20001112_20170209_01_T1)
[ef/d11b26] Submitted process > preprocessing:preprocess (LT05_L1TP_183035_19880409_20180112_01_T1)
[59/6315a8] Submitted process > preprocessing:preprocess (LT05_L1TP_183035_19990118_20171215_01_T1)
[61/8cc64a] Submitted process > preprocessing:preprocess (LT05_L1TP_183035_19991017_20180210_01_T1)
[27/e9ab82] Submitted process > preprocessing:preprocess (LT05_L1TP_183035_19900805_20180620_01_T1)
[f0/759a64] Submitted process > preprocessing:preprocess (LT05_L1TP_183035_20041201_20180309_01_T1)
[df/13e82a] Submitted process > preprocessing:preprocess (LT05_L1TP_183035_19940731_20180720_01_T1)
[9d/19c8cd] Submitted process > preprocessing:preprocess (LT05_L1TP_183035_19881205_20180210_01_T1)
[38/d1e796] Submitted process > preprocessing:preprocess (LT05_L1TP_183035_19950208_20180210_01_T1)
[6c/5b9550] Submitted process > preprocessing:preprocess (LT05_L1TP_183035_19950123_20180210_01_T1)
[08/3adb05] Submitted process > preprocessing:preprocess (LE07_L1TP_183035_20060318_20170110_01_T1)
[31/ad4f47] Submitted process > preprocessing:preprocess (LE07_L1TP_183035_20041123_20170117_01_T1)
[b2/d55d74] Submitted process > preprocessing:preprocess (LT05_L1TP_183035_19851026_20171212_01_T1)
[c3/8b0fa7] Submitted process > preprocessing:preprocess (LT05_L1TP_183035_19840516_20170220_01_T1)
[61/415e01] Submitted process > preprocessing:preprocess (LT05_L1TP_183035_19870117_20170215_01_T1)
[4c/b659a0] Submitted process > preprocessing:preprocess (LT04_L1TP_183035_19871227_20170210_01_T1)
[5f/070491] Submitted process > preprocessing:preprocess (LE07_L1TP_183035_20030513_20170125_01_T1)
[9b/3ecb2c] Submitted process > preprocessing:preprocess (LE07_L1TP_183035_20041107_20170118_01_T1)
[d0/8dfe1c] Submitted process > preprocessing:preprocess (LT05_L1TP_183035_20040608_20180310_01_T1)
[4b/1d8515] Submitted process > preprocessing:preprocess (LT05_L1TP_183035_20020110_20180312_01_T1)
[3b/f75f28] Submitted process > preprocessing:preprocess (LT05_L1TP_183035_19940816_20180210_01_T1)
[71/c5228b] Submitted process > preprocessing:preprocess (LT05_L1TP_183035_20051102_20180127_01_T1)
[4c/95d2b1] Submitted process > preprocessing:preprocess (LT05_L1TP_183035_20040827_20180310_01_T1)
[8e/c993af] Submitted process > preprocessing:preprocess (LT05_L1TP_183035_19940104_20180613_01_T1)
[c7/c2fa09] Submitted process > preprocessing:preprocess (LT05_L1TP_183035_19850924_20171212_01_T1)
[67/fe02aa] Submitted process > preprocessing:preprocess (LT05_L1TP_183035_20011006_20180501_01_T1)
[a9/e368fd] Submitted process > preprocessing:preprocess (LE07_L1TP_183035_20021001_20170128_01_T1)
[3a/a1b449] Submitted process > preprocessing:preprocess (LT05_L1TP_183035_19910707_20170613_01_T1)
[bd/e6034f] Submitted process > preprocessing:preprocess (LT05_L1TP_183035_19970504_20180210_01_T1)
[97/0866b7] Submitted process > preprocessing:preprocess (LE07_L1TP_183035_20060403_20170110_01_T1)
[02/d8ddc2] Submitted process > preprocessing:preprocess (LT05_L1TP_183035_19920709_20180219_01_T1)
[82/0eafd8] Submitted process > preprocessing:preprocess (LT05_L1TP_183035_20050627_20180126_01_T1)
[24/6bc17d] Submitted process > preprocessing:preprocess (LT05_L1TP_183035_19971112_20170504_01_T1)
[6f/d9ef59] Submitted process > preprocessing:preprocess (LT05_L1TP_183035_19990424_20180710_01_T1)
[c3/4dd2d7] Submitted process > preprocessing:preprocess (LT05_L1TP_183035_19980608_20170717_01_T1)
[6b/87febd] Submitted process > preprocessing:preprocess (LT05_L1TP_183035_19960126_20180210_01_T1)
[01/f9d845] Submitted process > preprocessing:preprocess (LT05_L1TP_183035_19880527_20180210_01_T1)
[0d/940792] Submitted process > preprocessing:preprocess (LE07_L1TP_183035_20030326_20170126_01_T1)
[84/336f1d] Submitted process > preprocessing:preprocess (LT05_L1TP_183035_20060614_20180310_01_T1)
[bb/1727b0] Submitted process > preprocessing:preprocess (LT05_L1TP_183035_19920303_20171214_01_T1)
[28/2398db] Submitted process > preprocessing:preprocess (LT05_L1TP_183035_19940104_20180210_01_T1)
[a0/e151d2] Submitted process > preprocessing:preprocess (LT05_L1TP_183035_20020227_20180830_01_T1)
[91/2b47d1] Submitted process > preprocessing:preprocess (LE07_L1TP_183035_20000418_20170212_01_T1)
[b5/d2ede4] Submitted process > preprocessing:preprocess (LT05_L1TP_183035_19941222_20180210_01_T1)
[c7/e8e062] Submitted process > preprocessing:preprocess (LE07_L1TP_183035_20020323_20170213_01_T1)
[de/f568e2] Submitted process > preprocessing:preprocess (LT05_L1TP_183035_19930930_20180219_01_T1)
[00/bb7100] Submitted process > preprocessing:preprocess (LE07_L1TP_183035_20050502_20170114_01_T1)
[54/efc83e] Submitted process > preprocessing:preprocess (LT05_L1TP_183035_19890207_20171208_01_T1)
[26/c560a6] Submitted process > preprocessing:preprocess (LT05_L1TP_183035_19960415_20180210_01_T1)
[50/810b65] Submitted process > preprocessing:preprocess (LT05_L1TP_183035_19860725_20170217_01_T1)
[17/a4fcc8] Submitted process > preprocessing:preprocess (LT05_L1TP_183035_19921013_20171214_01_T1)
[ad/00170d] Submitted process > preprocessing:preprocess (LT05_L1TP_183035_19931016_20170613_01_T1)
[93/fb9c95] Submitted process > preprocessing:preprocess (LT05_L1TP_183035_19951209_20180210_01_T1)
[6f/109aee] Submitted process > preprocessing:preprocess (LE07_L1TP_183035_20010608_20170205_01_T1)
[94/ee332e] Submitted process > preprocessing:preprocess (LT05_L1TP_183035_19930407_20180210_01_T1)
WARN: K8s pod cannot be scheduled -- 0/24 nodes are available: 1 Insufficient cpu, 1 Insufficient memory, 23 node(s) didn't match node selector.
WARN: K8s pod cannot be scheduled -- 0/24 nodes are available: 1 Insufficient cpu, 1 Insufficient memory, 23 node(s) didn't match node selector.
WARN: K8s pod cannot be scheduled -- 0/24 nodes are available: 1 Insufficient cpu, 1 Insufficient memory, 23 node(s) didn't match node selector.
WARN: K8s pod cannot be scheduled -- 0/24 nodes are available: 1 Insufficient cpu, 1 Insufficient memory, 23 node(s) didn't match node selector.
[cc/3adc3c] Submitted process > preprocessing:preprocess (LE07_L1TP_183035_20040515_20170120_01_T1)
[80/cd38c9] Submitted process > preprocessing:preprocess (LE07_L1TP_183035_20001214_20170208_01_T1)
[4b/7e06f2] Submitted process > preprocessing:preprocess (LT05_L1TP_183035_19850620_20171212_01_T1)
WARN: K8s pod cannot be scheduled -- 0/24 nodes are available: 1 Insufficient cpu, 1 Insufficient memory, 23 node(s) didn't match node selector.
WARN: K8s pod cannot be scheduled -- 0/24 nodes are available: 1 Insufficient cpu, 1 Insufficient memory, 23 node(s) didn't match node selector.
WARN: K8s pod cannot be scheduled -- 0/24 nodes are available: 1 Insufficient cpu, 1 Insufficient memory, 23 node(s) didn't match node selector.
WARN: K8s pod cannot be scheduled -- 0/24 nodes are available: 1 Insufficient cpu, 1 Insufficient memory, 23 node(s) didn't match node selector.
[47/428f64] Submitted process > preprocessing:preprocess (LT05_L1TP_183035_19901125_20171208_01_T1)
[bd/b4b017] Submitted process > preprocessing:preprocess (LT05_L1TP_183035_20000629_20171211_01_T1)
[1e/c10a2d] Submitted process > preprocessing:preprocess (LT05_L1TP_183035_20060801_20180309_01_T1)
WARN: K8s pod cannot be scheduled -- 0/24 nodes are available: 1 Insufficient cpu, 1 Insufficient memory, 23 node(s) didn't match node selector.
WARN: K8s pod cannot be scheduled -- 0/24 nodes are available: 1 Insufficient cpu, 1 Insufficient memory, 23 node(s) didn't match node selector.
WARN: K8s pod cannot be scheduled -- 0/24 nodes are available: 1 Insufficient cpu, 1 Insufficient memory, 23 node(s) didn't match node selector.
WARN: K8s pod cannot be scheduled -- 0/24 nodes are available: 1 Insufficient cpu, 1 Insufficient memory, 23 node(s) didn't match node selector.
[19/b9775b] Submitted process > preprocessing:preprocess (LT05_L1TP_183035_19970723_20180210_01_T1)
WARN: K8s pod cannot be scheduled -- 0/24 nodes are available: 1 Insufficient cpu, 1 Insufficient memory, 23 node(s) didn't match node selector.
WARN: K8s pod cannot be scheduled -- 0/24 nodes are available: 1 Insufficient cpu, 1 Insufficient memory, 23 node(s) didn't match node selector.
[10/b1eb70] Submitted process > preprocessing:preprocess (LT05_L1TP_183035_19880916_20180210_01_T1)
WARN: K8s pod cannot be scheduled -- 0/24 nodes are available: 1 Insufficient cpu, 1 Insufficient memory, 23 node(s) didn't match node selector.
[b2/8a3bf6] Submitted process > preprocessing:preprocess (LT05_L1TP_183035_19930914_20180210_01_T1)
WARN: K8s pod cannot be scheduled -- 0/24 nodes are available: 1 Insufficient cpu, 1 Insufficient memory, 23 node(s) didn't match node selector.
[2a/1b5d83] Submitted process > preprocessing:preprocess (LT05_L1TP_183035_19950702_20180210_01_T1)
WARN: K8s pod cannot be scheduled -- 0/24 nodes are available: 1 Insufficient cpu, 1 Insufficient memory, 23 node(s) didn't match node selector.
WARN: K8s pod cannot be scheduled -- 0/24 nodes are available: 1 Insufficient cpu, 1 Insufficient memory, 23 node(s) didn't match node selector.
WARN: K8s pod cannot be scheduled -- 0/24 nodes are available: 1 Insufficient cpu, 1 Insufficient memory, 23 node(s) didn't match node selector.
[ee/391c33] Submitted process > preprocessing:preprocess (LT05_L1TP_183035_20000917_20171211_01_T1)
WARN: K8s pod cannot be scheduled -- 0/24 nodes are available: 1 Insufficient cpu, 1 Insufficient memory, 23 node(s) didn't match node selector.
[97/9ee303] Submitted process > preprocessing:preprocess (LT05_L1TP_183035_19921029_20171209_01_T1)
WARN: K8s pod cannot be scheduled -- 0/24 nodes are available: 1 Insufficient cpu, 1 Insufficient memory, 23 node(s) didn't match node selector.
[94/832903] Submitted process > preprocessing:preprocess (LT05_L1TP_183035_20060716_20180310_01_T1)
WARN: K8s pod cannot be scheduled -- 0/24 nodes are available: 1 Insufficient cpu, 1 Insufficient memory, 23 node(s) didn't match node selector.
[fe/9e3bca] Submitted process > preprocessing:preprocess (LT05_L1TP_183035_19840430_20171213_01_T1)
WARN: K8s pod cannot be scheduled -- 0/24 nodes are available: 1 Insufficient cpu, 1 Insufficient memory, 23 node(s) didn't match node selector.
WARN: K8s pod cannot be scheduled -- 0/24 nodes are available: 1 Insufficient cpu, 1 Insufficient memory, 23 node(s) didn't match node selector.
[10/4c7dec] Submitted process > preprocessing:preprocess (LT05_L1TP_183035_19940512_20180210_01_T1)
WARN: K8s pod cannot be scheduled -- 0/24 nodes are available: 1 Insufficient cpu, 1 Insufficient memory, 23 node(s) didn't match node selector.
[K8s] API request threw socket exception: Connection reset for GET /api/v1/namespaces/default/pods/nf-083adb05804dc75d9540fba479ccdd44/status 


[K8s] Try API request again, remaining trials: 4
WARN: K8s pod cannot be scheduled -- 0/24 nodes are available: 1 Insufficient cpu, 1 Insufficient memory, 23 node(s) didn't match node selector.
[d1/958f1f] Submitted process > preprocessing:preprocess (LT05_L1TP_183035_19920506_20180210_01_T1)
WARN: K8s pod cannot be scheduled -- 0/24 nodes are available: 1 Insufficient cpu, 1 Insufficient memory, 23 node(s) didn't match node selector.
WARN: K8s pod cannot be scheduled -- 0/24 nodes are available: 1 Insufficient cpu, 1 Insufficient memory, 23 node(s) didn't match node selector.
[78/33007d] Submitted process > preprocessing:preprocess (LT05_L1TP_183035_19870407_20170213_01_T1)
WARN: K8s pod cannot be scheduled -- 0/24 nodes are available: 1 Insufficient cpu, 1 Insufficient memory, 23 node(s) didn't match node selector.
[b2/24413d] Submitted process > preprocessing:preprocess (LT05_L1TP_183035_19920404_20170613_01_T1)
WARN: K8s pod cannot be scheduled -- 0/24 nodes are available: 1 Insufficient cpu, 1 Insufficient memory, 23 node(s) didn't match node selector.
WARN: K8s pod cannot be scheduled -- 0/24 nodes are available: 1 Insufficient cpu, 1 Insufficient memory, 23 node(s) didn't match node selector.
WARN: K8s pod cannot be scheduled -- 0/24 nodes are available: 1 Insufficient cpu, 1 Insufficient memory, 23 node(s) didn't match node selector.
[5b/cda885] Submitted process > preprocessing:preprocess (LT05_L1TP_183035_19980405_20180210_01_T1)
[e5/291349] Submitted process > preprocessing:preprocess (LT05_L1TP_183035_19980624_20180704_01_T1)
WARN: K8s pod cannot be scheduled -- 0/24 nodes are available: 1 Insufficient cpu, 1 Insufficient memory, 23 node(s) didn't match node selector.
[91/e16b78] Submitted process > preprocessing:preprocess (LT05_L1TP_183035_19910808_20180302_01_T1)
WARN: K8s pod cannot be scheduled -- 0/24 nodes are available: 1 Insufficient cpu, 1 Insufficient memory, 23 node(s) didn't match node selector.
WARN: K8s pod cannot be scheduled -- 0/24 nodes are available: 1 Insufficient cpu, 1 Insufficient memory, 23 node(s) didn't match node selector.
WARN: K8s pod cannot be scheduled -- 0/24 nodes are available: 1 Insufficient cpu, 1 Insufficient memory, 23 node(s) didn't match node selector.
[38/6acc08] Submitted process > preprocessing:preprocess (LT05_L1TP_183035_19960517_20180210_01_T1)
[a9/188137] Submitted process > preprocessing:preprocess (LT05_L1TP_183035_19851010_20171212_01_T1)
WARN: K8s pod cannot be scheduled -- 0/24 nodes are available: 1 Insufficient cpu, 1 Insufficient memory, 23 node(s) didn't match node selector.
[3f/0735b8] Submitted process > preprocessing:preprocess (LT05_L1TP_183035_19941120_20180210_01_T1)
WARN: K8s pod cannot be scheduled -- 0/24 nodes are available: 1 Insufficient cpu, 1 Insufficient memory, 23 node(s) didn't match node selector.
WARN: K8s pod cannot be scheduled -- 0/24 nodes are available: 1 Insufficient cpu, 1 Insufficient memory, 23 node(s) didn't match node selector.
WARN: K8s pod cannot be scheduled -- 0/24 nodes are available: 1 Insufficient cpu, 1 Insufficient memory, 23 node(s) didn't match node selector.
[9b/319ded] Submitted process > preprocessing:preprocess (LE07_L1TP_183035_20010912_20170203_01_T1)
WARN: K8s pod cannot be scheduled -- 0/24 nodes are available: 1 Insufficient cpu, 1 Insufficient memory, 23 node(s) didn't match node selector.
[43/530cd6] Submitted process > preprocessing:preprocess (LE07_L1TP_183035_20001128_20170209_01_T1)
WARN: K8s pod cannot be scheduled -- 0/24 nodes are available: 1 Insufficient cpu, 1 Insufficient memory, 23 node(s) didn't match node selector.
WARN: K8s pod cannot be scheduled -- 0/24 nodes are available: 1 Insufficient cpu, 1 Insufficient memory, 23 node(s) didn't match node selector.
[02/4a3a12] Submitted process > preprocessing:preprocess (LE07_L1TP_183035_20050619_20170115_01_T1)
WARN: K8s pod cannot be scheduled -- 0/24 nodes are available: 1 Insufficient cpu, 1 Insufficient memory, 23 node(s) didn't match node selector.
[48/8cb1a2] Submitted process > preprocessing:preprocess (LT05_L1TP_183035_19960720_20180210_01_T1)
WARN: K8s pod cannot be scheduled -- 0/24 nodes are available: 1 Insufficient cpu, 1 Insufficient memory, 23 node(s) didn't match node selector.
[c0/80d4bf] Submitted process > preprocessing:preprocess (LT05_L1TP_183035_20000715_20171211_01_T1)
WARN: K8s pod cannot be scheduled -- 0/24 nodes are available: 1 Insufficient cpu, 1 Insufficient memory, 23 node(s) didn't match node selector.
[4b/112ca9] Submitted process > preprocessing:preprocess (LT05_L1TP_183035_20060529_20180310_01_T1)
WARN: K8s pod cannot be scheduled -- 0/24 nodes are available: 1 Insufficient cpu, 1 Insufficient memory, 23 node(s) didn't match node selector.
WARN: K8s pod cannot be scheduled -- 0/24 nodes are available: 1 Insufficient cpu, 1 Insufficient memory, 23 node(s) didn't match node selector.
WARN: K8s pod cannot be scheduled -- 0/24 nodes are available: 1 Insufficient cpu, 1 Insufficient memory, 23 node(s) didn't match node selector.
[4c/55dd8e] Submitted process > preprocessing:preprocess (LT05_L1TP_183035_19850908_20171212_01_T1)
WARN: K8s pod cannot be scheduled -- 0/24 nodes are available: 1 Insufficient cpu, 1 Insufficient memory, 23 node(s) didn't match node selector.
[6b/a874fe] Submitted process > preprocessing:preprocess (LT05_L1TP_183035_19900618_20180210_01_T1)
WARN: K8s pod cannot be scheduled -- 0/24 nodes are available: 1 Insufficient cpu, 1 Insufficient memory, 23 node(s) didn't match node selector.
[64/9cb39b] Submitted process > preprocessing:preprocess (LE07_L1TP_183035_19991009_20170216_01_T1)
WARN: K8s pod cannot be scheduled -- 0/24 nodes are available: 1 Insufficient cpu, 1 Insufficient memory, 23 node(s) didn't match node selector.
WARN: K8s pod cannot be scheduled -- 0/24 nodes are available: 1 Insufficient cpu, 1 Insufficient memory, 23 node(s) didn't match node selector.
WARN: K8s pod cannot be scheduled -- 0/24 nodes are available: 1 Insufficient cpu, 1 Insufficient memory, 23 node(s) didn't match node selector.
[fc/9bbe6f] Submitted process > preprocessing:preprocess (LT05_L1TP_183035_19870728_20180210_01_T1)
WARN: K8s pod cannot be scheduled -- 0/24 nodes are available: 1 Insufficient cpu, 1 Insufficient memory, 23 node(s) didn't match node selector.
[60/68f565] Submitted process > preprocessing:preprocess (LT05_L1TP_183035_19941206_20180210_01_T1)
WARN: K8s pod cannot be scheduled -- 0/24 nodes are available: 1 Insufficient cpu, 1 Insufficient memory, 23 node(s) didn't match node selector.
WARN: K8s pod cannot be scheduled -- 0/24 nodes are available: 1 Insufficient cpu, 1 Insufficient memory, 23 node(s) didn't match node selector.
[ed/ef8327] Submitted process > preprocessing:preprocess (LE07_L1TP_183035_20030206_20170213_01_T1)
WARN: K8s pod cannot be scheduled -- 0/24 nodes are available: 1 Insufficient cpu, 1 Insufficient memory, 23 node(s) didn't match node selector.
[10/a1b85c] Submitted process > preprocessing:preprocess (LT05_L1TP_183035_19970317_20180210_01_T1)
WARN: K8s pod cannot be scheduled -- 0/24 nodes are available: 1 Insufficient cpu, 1 Insufficient memory, 23 node(s) didn't match node selector.
[2d/f42bd2] Submitted process > preprocessing:preprocess (LT05_L1TP_183035_19881103_20170908_01_T1)
WARN: K8s pod cannot be scheduled -- 0/24 nodes are available: 1 Insufficient cpu, 1 Insufficient memory, 23 node(s) didn't match node selector.
WARN: K8s pod cannot be scheduled -- 0/24 nodes are available: 1 Insufficient cpu, 1 Insufficient memory, 23 node(s) didn't match node selector.
WARN: K8s pod cannot be scheduled -- 0/24 nodes are available: 1 Insufficient cpu, 1 Insufficient memory, 23 node(s) didn't match node selector.
[6f/bd56ab] Submitted process > preprocessing:preprocess (LT05_L1TP_183035_20030926_20161203_01_T1)
WARN: K8s pod cannot be scheduled -- 0/24 nodes are available: 1 Insufficient cpu, 1 Insufficient memory, 23 node(s) didn't match node selector.
[4e/ae681a] Submitted process > preprocessing:preprocess (LT05_L1TP_183035_19941104_20180210_01_T1)
WARN: K8s pod cannot be scheduled -- 0/24 nodes are available: 1 Insufficient cpu, 1 Insufficient memory, 23 node(s) didn't match node selector.
WARN: K8s pod cannot be scheduled -- 0/24 nodes are available: 1 Insufficient cpu, 1 Insufficient memory, 23 node(s) didn't match node selector.
WARN: K8s pod cannot be scheduled -- 0/24 nodes are available: 1 Insufficient cpu, 1 Insufficient memory, 23 node(s) didn't match node selector.
[30/771e61] Submitted process > preprocessing:preprocess (LT05_L1TP_183035_20010920_20170908_01_T1)
[ea/ec532f] Submitted process > preprocessing:preprocess (LE07_L1TP_183035_20000605_20170211_01_T1)
WARN: K8s pod cannot be scheduled -- 0/24 nodes are available: 1 Insufficient cpu, 1 Insufficient memory, 23 node(s) didn't match node selector.
[29/cfe031] Submitted process > preprocessing:preprocess (LE07_L1TP_183035_20010131_20170207_01_T1)
WARN: K8s pod cannot be scheduled -- 0/24 nodes are available: 1 Insufficient cpu, 1 Insufficient memory, 23 node(s) didn't match node selector.
WARN: K8s pod cannot be scheduled -- 0/24 nodes are available: 1 Insufficient cpu, 1 Insufficient memory, 23 node(s) didn't match node selector.
[dd/e66aaf] Submitted process > preprocessing:preprocess (LT05_L1TP_183035_19880324_20170808_01_T1)
WARN: K8s pod cannot be scheduled -- 0/24 nodes are available: 1 Insufficient cpu, 1 Insufficient memory, 23 node(s) didn't match node selector.
[50/5370c8] Submitted process > preprocessing:preprocess (LT05_L1TP_183035_19970418_20180210_01_T1)
WARN: K8s pod cannot be scheduled -- 0/24 nodes are available: 1 Insufficient cpu, 1 Insufficient memory, 23 node(s) didn't match node selector.
[fa/5bd8a6] Submitted process > preprocessing:preprocess (LE07_L1TP_183035_20061231_20170106_01_T1)
WARN: K8s pod cannot be scheduled -- 0/24 nodes are available: 1 Insufficient cpu, 1 Insufficient memory, 23 node(s) didn't match node selector.
WARN: K8s pod cannot be scheduled -- 0/24 nodes are available: 1 Insufficient cpu, 1 Insufficient memory, 23 node(s) didn't match node selector.
[44/6c28ac] Submitted process > preprocessing:preprocess (LT05_L1TP_183035_19870712_20170212_01_T1)
WARN: K8s pod cannot be scheduled -- 0/24 nodes are available: 1 Insufficient cpu, 1 Insufficient memory, 23 node(s) didn't match node selector.
WARN: K8s pod cannot be scheduled -- 0/24 nodes are available: 1 Insufficient cpu, 1 Insufficient memory, 23 node(s) didn't match node selector.
[39/971f80] Submitted process > preprocessing:preprocess (LT05_L1TP_183035_19971230_20171214_01_T1)
WARN: K8s pod cannot be scheduled -- 0/24 nodes are available: 1 Insufficient cpu, 1 Insufficient memory, 23 node(s) didn't match node selector.
WARN: K8s pod cannot be scheduled -- 0/24 nodes are available: 1 Insufficient cpu, 1 Insufficient memory, 23 node(s) didn't match node selector.
[9c/74159c] Submitted process > preprocessing:preprocess (LT05_L1TP_183035_19871203_20170504_01_T1)
WARN: K8s pod cannot be scheduled -- 0/24 nodes are available: 1 Insufficient cpu, 1 Insufficient memory, 23 node(s) didn't match node selector.
WARN: K8s pod cannot be scheduled -- 0/24 nodes are available: 1 Insufficient cpu, 1 Insufficient memory, 23 node(s) didn't match node selector.
[01/4eaeab] Submitted process > preprocessing:preprocess (LE07_L1TP_183035_20040803_20170119_01_T1)
WARN: K8s pod cannot be scheduled -- 0/24 nodes are available: 1 Insufficient cpu, 1 Insufficient memory, 23 node(s) didn't match node selector.
WARN: K8s pod cannot be scheduled -- 0/24 nodes are available: 1 Insufficient cpu, 1 Insufficient memory, 23 node(s) didn't match node selector.
[2e/49e0c8] Submitted process > preprocessing:preprocess (LT05_L1TP_183035_19930610_20170613_01_T1)
[f3/c6a540] Submitted process > preprocessing:preprocess (LT05_L1TP_183035_19950312_20180210_01_T1)
WARN: K8s pod cannot be scheduled -- 0/24 nodes are available: 1 Insufficient cpu, 1 Insufficient memory, 23 node(s) didn't match node selector.
WARN: K8s pod cannot be scheduled -- 0/24 nodes are available: 1 Insufficient cpu, 1 Insufficient memory, 23 node(s) didn't match node selector.
[d4/6414af] Submitted process > preprocessing:preprocess (LT05_L1TP_183035_19841007_20171213_01_T1)
WARN: K8s pod cannot be scheduled -- 0/24 nodes are available: 1 Insufficient cpu, 1 Insufficient memory, 23 node(s) didn't match node selector.
WARN: K8s pod cannot be scheduled -- 0/24 nodes are available: 1 Insufficient cpu, 1 Insufficient memory, 23 node(s) didn't match node selector.
[20/5b829a] Submitted process > preprocessing:preprocess (LE07_L1TP_183035_20051025_20170112_01_T1)
[16/e3fc22] Submitted process > preprocessing:preprocess (LT05_L1TP_183035_19970808_20180613_01_T1)
WARN: K8s pod cannot be scheduled -- 0/24 nodes are available: 1 Insufficient cpu, 1 Insufficient memory, 23 node(s) didn't match node selector.
WARN: K8s pod cannot be scheduled -- 0/24 nodes are available: 1 Insufficient cpu, 1 Insufficient memory, 23 node(s) didn't match node selector.
[82/43e779] Submitted process > preprocessing:preprocess (LT05_L1TP_183035_19920927_20180301_01_T1)
WARN: K8s pod cannot be scheduled -- 0/24 nodes are available: 1 Insufficient cpu, 1 Insufficient memory, 23 node(s) didn't match node selector.
WARN: K8s pod cannot be scheduled -- 0/24 nodes are available: 1 Insufficient cpu, 1 Insufficient memory, 23 node(s) didn't match node selector.
[4d/0bf75f] Submitted process > preprocessing:preprocess (LE07_L1TP_183035_20000504_20170212_01_T1)
[8a/d9d086] Submitted process > preprocessing:preprocess (LT05_L1TP_183035_19990102_20180728_01_T1)
WARN: K8s pod cannot be scheduled -- 0/24 nodes are available: 1 Insufficient cpu, 1 Insufficient memory, 23 node(s) didn't match node selector.
WARN: K8s pod cannot be scheduled -- 0/24 nodes are available: 1 Insufficient cpu, 1 Insufficient memory, 23 node(s) didn't match node selector.
WARN: K8s pod cannot be scheduled -- 0/24 nodes are available: 1 Insufficient cpu, 1 Insufficient memory, 23 node(s) didn't match node selector.
[de/875087] Submitted process > preprocessing:preprocess (LT05_L1TP_183035_19900922_20170908_01_T1)
WARN: K8s pod cannot be scheduled -- 0/24 nodes are available: 1 Insufficient cpu, 1 Insufficient memory, 23 node(s) didn't match node selector.
[d9/d7881b] Submitted process > preprocessing:preprocess (LT05_L1TP_183035_19970707_20180210_01_T1)
[5a/c1d5f4] Submitted process > preprocessing:preprocess (LT05_L1TP_183035_19980827_20170717_01_T1)
WARN: K8s pod cannot be scheduled -- 0/24 nodes are available: 1 Insufficient cpu, 1 Insufficient memory, 23 node(s) didn't match node selector.
WARN: K8s pod cannot be scheduled -- 0/24 nodes are available: 1 Insufficient cpu, 1 Insufficient memory, 23 node(s) didn't match node selector.
WARN: K8s pod cannot be scheduled -- 0/24 nodes are available: 1 Insufficient cpu, 1 Insufficient memory, 23 node(s) didn't match node selector.
[ba/9f05bf] Submitted process > preprocessing:preprocess (LE07_L1TP_183035_20020729_20170128_01_T1)
WARN: K8s pod cannot be scheduled -- 0/24 nodes are available: 1 Insufficient cpu, 1 Insufficient memory, 23 node(s) didn't match node selector.
[5f/f52a6a] Submitted process > preprocessing:preprocess (LT05_L1TP_183035_19860623_20180430_01_T1)
WARN: K8s pod cannot be scheduled -- 0/24 nodes are available: 1 Insufficient cpu, 1 Insufficient memory, 23 node(s) didn't match node selector.
[00/8887b9] Submitted process > preprocessing:preprocess (LT05_L1TP_183035_20001104_20180909_01_T1)
WARN: K8s pod cannot be scheduled -- 0/24 nodes are available: 1 Insufficient cpu, 1 Insufficient memory, 23 node(s) didn't match node selector.
WARN: K8s pod cannot be scheduled -- 0/24 nodes are available: 1 Insufficient cpu, 1 Insufficient memory, 23 node(s) didn't match node selector.
[c3/1f4c4e] Submitted process > preprocessing:preprocess (LT05_L1TP_183035_19930509_20180210_01_T1)
WARN: K8s pod cannot be scheduled -- 0/24 nodes are available: 1 Insufficient cpu, 1 Insufficient memory, 23 node(s) didn't match node selector.
[4e/d89b4b] Submitted process > preprocessing:preprocess (LT05_L1TP_183035_19990307_20180210_01_T1)
WARN: K8s pod cannot be scheduled -- 0/24 nodes are available: 1 Insufficient cpu, 1 Insufficient memory, 23 node(s) didn't match node selector.
[df/08062b] Submitted process > preprocessing:preprocess (LT05_L1TP_183035_20010107_20180311_01_T1)
WARN: K8s pod cannot be scheduled -- 0/24 nodes are available: 1 Insufficient cpu, 1 Insufficient memory, 23 node(s) didn't match node selector.
WARN: K8s pod cannot be scheduled -- 0/24 nodes are available: 1 Insufficient cpu, 1 Insufficient memory, 23 node(s) didn't match node selector.
[70/7328a3] Submitted process > preprocessing:preprocess (LE07_L1TP_183035_20000317_20170213_01_T1)
WARN: K8s pod cannot be scheduled -- 0/24 nodes are available: 1 Insufficient cpu, 1 Insufficient memory, 23 node(s) didn't match node selector.
[16/cf4a93] Submitted process > preprocessing:preprocess (LT05_L1TP_183035_19981030_20171208_01_T1)
WARN: K8s pod cannot be scheduled -- 0/24 nodes are available: 1 Insufficient cpu, 1 Insufficient memory, 23 node(s) didn't match node selector.
WARN: K8s pod cannot be scheduled -- 0/24 nodes are available: 1 Insufficient cpu, 1 Insufficient memory, 23 node(s) didn't match node selector.
[91/0d7b03] Submitted process > preprocessing:preprocess (LT05_L1TP_183035_19970909_20171214_01_T1)
WARN: K8s pod cannot be scheduled -- 0/24 nodes are available: 1 Insufficient cpu, 1 Insufficient memory, 23 node(s) didn't match node selector.
[87/cc6cd5] Submitted process > preprocessing:preprocess (LT05_L1TP_183035_20011022_20180501_01_T1)
WARN: K8s pod cannot be scheduled -- 0/24 nodes are available: 1 Insufficient cpu, 1 Insufficient memory, 23 node(s) didn't match node selector.
[07/5fb712] Submitted process > preprocessing:preprocess (LT05_L1TP_183035_19890919_20180210_01_T1)
WARN: K8s pod cannot be scheduled -- 0/24 nodes are available: 1 Insufficient cpu, 1 Insufficient memory, 23 node(s) didn't match node selector.
WARN: K8s pod cannot be scheduled -- 0/24 nodes are available: 1 Insufficient cpu, 1 Insufficient memory, 23 node(s) didn't match node selector.
[a6/155702] Submitted process > preprocessing:preprocess (LT05_L1TP_183035_19950616_20180210_01_T1)
WARN: K8s pod cannot be scheduled -- 0/24 nodes are available: 1 Insufficient cpu, 1 Insufficient memory, 23 node(s) didn't match node selector.
[b2/558a40] Submitted process > preprocessing:preprocess (LT05_L1TP_183035_19870930_20170211_01_T1)
WARN: K8s pod cannot be scheduled -- 0/24 nodes are available: 1 Insufficient cpu, 1 Insufficient memory, 23 node(s) didn't match node selector.
WARN: K8s pod cannot be scheduled -- 0/24 nodes are available: 1 Insufficient cpu, 1 Insufficient memory, 23 node(s) didn't match node selector.
[46/d46f4c] Submitted process > preprocessing:preprocess (LT05_L1TP_183035_19891122_20180210_01_T1)
WARN: K8s pod cannot be scheduled -- 0/24 nodes are available: 1 Insufficient cpu, 1 Insufficient memory, 23 node(s) didn't match node selector.
WARN: K8s pod cannot be scheduled -- 0/24 nodes are available: 1 Insufficient cpu, 1 Insufficient memory, 23 node(s) didn't match node selector.
[38/ba3977] Submitted process > preprocessing:preprocess (LT05_L1TP_183035_19910504_20180302_01_T1)
WARN: K8s pod cannot be scheduled -- 0/24 nodes are available: 1 Insufficient cpu, 1 Insufficient memory, 23 node(s) didn't match node selector.
[24/ccd1c6] Submitted process > preprocessing:preprocess (LT05_L1TP_183035_19990729_20180210_01_T1)
WARN: K8s pod cannot be scheduled -- 0/24 nodes are available: 1 Insufficient cpu, 1 Insufficient memory, 23 node(s) didn't match node selector.
[17/663d6a] Submitted process > preprocessing:preprocess (LT05_L1TP_183035_19930813_20180219_01_T1)
WARN: K8s pod cannot be scheduled -- 0/24 nodes are available: 1 Insufficient cpu, 1 Insufficient memory, 23 node(s) didn't match node selector.
WARN: K8s pod cannot be scheduled -- 0/24 nodes are available: 1 Insufficient cpu, 1 Insufficient memory, 23 node(s) didn't match node selector.
[fa/37d75c] Submitted process > preprocessing:preprocess (LT05_L1TP_183035_19910301_20180210_01_T1)
[45/a895d9] Submitted process > preprocessing:preprocess (LT05_L1TP_183035_19971011_20180210_01_T1)
WARN: K8s pod cannot be scheduled -- 0/24 nodes are available: 1 Insufficient cpu, 1 Insufficient memory, 23 node(s) didn't match node selector.
WARN: K8s pod cannot be scheduled -- 0/24 nodes are available: 1 Insufficient cpu, 1 Insufficient memory, 23 node(s) didn't match node selector.
[f9/e5c415] Submitted process > preprocessing:preprocess (LT05_L1TP_183035_19930202_20180704_01_T1)
WARN: K8s pod cannot be scheduled -- 0/24 nodes are available: 1 Insufficient cpu, 1 Insufficient memory, 23 node(s) didn't match node selector.
WARN: K8s pod cannot be scheduled -- 0/24 nodes are available: 1 Insufficient cpu, 1 Insufficient memory, 23 node(s) didn't match node selector.
[c0/2566c5] Submitted process > preprocessing:preprocess (LT05_L1TP_183035_19901008_20180210_01_T1)
[73/95b025] Submitted process > preprocessing:preprocess (LE07_L1TP_183035_20010421_20170205_01_T1)
WARN: K8s pod cannot be scheduled -- 0/24 nodes are available: 1 Insufficient cpu, 1 Insufficient memory, 23 node(s) didn't match node selector.
WARN: K8s pod cannot be scheduled -- 0/24 nodes are available: 1 Insufficient cpu, 1 Insufficient memory, 23 node(s) didn't match node selector.
[d9/8016c1] Submitted process > preprocessing:preprocess (LT05_L1TP_183035_19920607_20171207_01_T1)
WARN: K8s pod cannot be scheduled -- 0/24 nodes are available: 1 Insufficient cpu, 1 Insufficient memory, 23 node(s) didn't match node selector.
WARN: K8s pod cannot be scheduled -- 0/24 nodes are available: 1 Insufficient cpu, 1 Insufficient memory, 23 node(s) didn't match node selector.
[1f/a0a37c] Submitted process > preprocessing:preprocess (LT05_L1TP_183035_19980726_20170717_01_T1)
WARN: K8s pod cannot be scheduled -- 0/24 nodes are available: 1 Insufficient cpu, 1 Insufficient memory, 23 node(s) didn't match node selector.
WARN: K8s pod cannot be scheduled -- 0/24 nodes are available: 1 Insufficient cpu, 1 Insufficient memory, 23 node(s) didn't match node selector.
[8e/5b89d9] Submitted process > preprocessing:preprocess (LT05_L1TP_183035_19990611_20180822_01_T1)
WARN: K8s pod cannot be scheduled -- 0/24 nodes are available: 1 Insufficient cpu, 1 Insufficient memory, 23 node(s) didn't match node selector.
WARN: K8s pod cannot be scheduled -- 0/24 nodes are available: 1 Insufficient cpu, 1 Insufficient memory, 23 node(s) didn't match node selector.
[cf/e7bc92] Submitted process > preprocessing:preprocess (LT05_L1TP_183035_19890106_20180210_01_T1)
WARN: K8s pod cannot be scheduled -- 0/24 nodes are available: 1 Insufficient cpu, 1 Insufficient memory, 23 node(s) didn't match node selector.
[d6/9b0aed] Submitted process > preprocessing:preprocess (LT05_L1TP_183035_19980320_20180210_01_T1)
WARN: K8s pod cannot be scheduled -- 0/24 nodes are available: 1 Insufficient cpu, 1 Insufficient memory, 23 node(s) didn't match node selector.
[c1/b1691f] Submitted process > preprocessing:preprocess (LT05_L1TP_182035_20020612_20161208_01_T1)
WARN: K8s pod cannot be scheduled -- 0/24 nodes are available: 1 Insufficient cpu, 1 Insufficient memory, 23 node(s) didn't match node selector.
WARN: K8s pod cannot be scheduled -- 0/24 nodes are available: 1 Insufficient cpu, 1 Insufficient memory, 23 node(s) didn't match node selector.
[03/469dbd] Submitted process > preprocessing:preprocess (LT05_L1TP_183035_20040523_20180310_01_T1)
WARN: K8s pod cannot be scheduled -- 0/24 nodes are available: 1 Insufficient cpu, 1 Insufficient memory, 23 node(s) didn't match node selector.
[14/9eda47] Submitted process > preprocessing:preprocess (LT05_L1TP_183035_19980507_20180219_01_T1)
WARN: K8s pod cannot be scheduled -- 0/24 nodes are available: 1 Insufficient cpu, 1 Insufficient memory, 23 node(s) didn't match node selector.
[c8/9ee8b9] Submitted process > preprocessing:preprocess (LT05_L1TP_183035_19861013_20181025_01_T1)
WARN: K8s pod cannot be scheduled -- 0/24 nodes are available: 1 Insufficient cpu, 1 Insufficient memory, 23 node(s) didn't match node selector.
WARN: K8s pod cannot be scheduled -- 0/24 nodes are available: 1 Insufficient cpu, 1 Insufficient memory, 23 node(s) didn't match node selector.
[4a/a68cb8] Submitted process > preprocessing:preprocess (LT05_L1TP_183035_19990814_20180210_01_T1)
WARN: K8s pod cannot be scheduled -- 0/24 nodes are available: 1 Insufficient cpu, 1 Insufficient memory, 23 node(s) didn't match node selector.
[ab/f535d0] Submitted process > preprocessing:preprocess (LT05_L1TP_183035_19980131_20180210_01_T1)
WARN: K8s pod cannot be scheduled -- 0/24 nodes are available: 1 Insufficient cpu, 1 Insufficient memory, 23 node(s) didn't match node selector.
WARN: K8s pod cannot be scheduled -- 0/24 nodes are available: 1 Insufficient cpu, 1 Insufficient memory, 23 node(s) didn't match node selector.
WARN: K8s pod cannot be scheduled -- 0/24 nodes are available: 1 Insufficient cpu, 1 Insufficient memory, 23 node(s) didn't match node selector.
[9d/6b80fa] Submitted process > preprocessing:preprocess (LE07_L1TP_183035_20011030_20170202_01_T1)
[b7/24092e] Submitted process > preprocessing:preprocess (LE07_L1TP_183035_20011115_20170213_01_T1)
WARN: K8s pod cannot be scheduled -- 0/24 nodes are available: 1 Insufficient cpu, 1 Insufficient memory, 23 node(s) didn't match node selector.
[ce/11e889] Submitted process > preprocessing:preprocess (LT05_L1TP_183035_19850823_20171212_01_T1)
WARN: K8s pod cannot be scheduled -- 0/24 nodes are available: 1 Insufficient cpu, 1 Insufficient memory, 23 node(s) didn't match node selector.
WARN: K8s pod cannot be scheduled -- 0/24 nodes are available: 1 Insufficient cpu, 1 Insufficient memory, 23 node(s) didn't match node selector.
WARN: K8s pod cannot be scheduled -- 0/24 nodes are available: 1 Insufficient cpu, 1 Insufficient memory, 23 node(s) didn't match node selector.
[74/652bd1] Submitted process > preprocessing:preprocess (LE07_L1TP_183035_20000621_20170211_01_T1)
[c4/c58214] Submitted process > preprocessing:preprocess (LE07_L1TP_183035_20040429_20170121_01_T1)
WARN: K8s pod cannot be scheduled -- 0/24 nodes are available: 1 Insufficient cpu, 1 Insufficient memory, 23 node(s) didn't match node selector.
WARN: K8s pod cannot be scheduled -- 0/24 nodes are available: 1 Insufficient cpu, 1 Insufficient memory, 23 node(s) didn't match node selector.
[b3/6e3f6f] Submitted process > preprocessing:preprocess (LT05_L1TP_183035_19990323_20180210_01_T1)
WARN: K8s pod cannot be scheduled -- 0/24 nodes are available: 1 Insufficient cpu, 1 Insufficient memory, 23 node(s) didn't match node selector.
WARN: K8s pod cannot be scheduled -- 0/24 nodes are available: 1 Insufficient cpu, 1 Insufficient memory, 23 node(s) didn't match node selector.
[41/ae8960] Submitted process > preprocessing:preprocess (LT05_L1TP_183035_19960821_20180210_01_T1)
WARN: K8s pod cannot be scheduled -- 0/24 nodes are available: 1 Insufficient cpu, 1 Insufficient memory, 23 node(s) didn't match node selector.
WARN: K8s pod cannot be scheduled -- 0/24 nodes are available: 1 Insufficient cpu, 1 Insufficient memory, 23 node(s) didn't match node selector.
[fd/cc18ba] Submitted process > preprocessing:preprocess (LT05_L1TP_183035_20000731_20180913_01_T1)
[95/45714e] Submitted process > preprocessing:preprocess (LE07_L1TP_183035_20031004_20170123_01_T1)
WARN: K8s pod cannot be scheduled -- 0/24 nodes are available: 1 Insufficient cpu, 1 Insufficient memory, 23 node(s) didn't match node selector.
WARN: K8s pod cannot be scheduled -- 0/24 nodes are available: 1 Insufficient cpu, 1 Insufficient memory, 23 node(s) didn't match node selector.
[76/094cd1] Submitted process > preprocessing:preprocess (LT05_L1TP_183035_19950413_20180210_01_T1)
WARN: K8s pod cannot be scheduled -- 0/24 nodes are available: 1 Insufficient cpu, 1 Insufficient memory, 23 node(s) didn't match node selector.
[8b/487639] Submitted process > preprocessing:preprocess (LT05_L1TP_183035_19970621_20180210_01_T1)
WARN: K8s pod cannot be scheduled -- 0/24 nodes are available: 1 Insufficient cpu, 1 Insufficient memory, 23 node(s) didn't match node selector.
[0d/bc2132] Submitted process > preprocessing:preprocess (LT05_L1TP_183035_20050627_20180124_01_T1)
WARN: K8s pod cannot be scheduled -- 0/24 nodes are available: 1 Insufficient cpu, 1 Insufficient memory, 23 node(s) didn't match node selector.
WARN: K8s pod cannot be scheduled -- 0/24 nodes are available: 1 Insufficient cpu, 1 Insufficient memory, 23 node(s) didn't match node selector.
[97/9e2ea8] Submitted process > preprocessing:preprocess (LT05_L1TP_183035_19841108_20171213_01_T1)
WARN: K8s pod cannot be scheduled -- 0/24 nodes are available: 1 Insufficient cpu, 1 Insufficient memory, 23 node(s) didn't match node selector.
WARN: K8s pod cannot be scheduled -- 0/24 nodes are available: 1 Insufficient cpu, 1 Insufficient memory, 23 node(s) didn't match node selector.
[6b/e07c75] Submitted process > preprocessing:preprocess (LT05_L1TP_183035_19890530_20180302_01_T1)
WARN: K8s pod cannot be scheduled -- 0/24 nodes are available: 1 Insufficient cpu, 1 Insufficient memory, 23 node(s) didn't match node selector.
WARN: K8s pod cannot be scheduled -- 0/24 nodes are available: 1 Insufficient cpu, 1 Insufficient memory, 23 node(s) didn't match node selector.
WARN: K8s pod cannot be scheduled -- 0/24 nodes are available: 1 Insufficient cpu, 1 Insufficient memory, 23 node(s) didn't match node selector.
[c7/96e21b] Submitted process > preprocessing:preprocess (LT05_L1TP_183035_20050611_20180126_01_T1)
WARN: K8s pod cannot be scheduled -- 0/24 nodes are available: 1 Insufficient cpu, 1 Insufficient memory, 23 node(s) didn't match node selector.
WARN: K8s pod cannot be scheduled -- 0/24 nodes are available: 1 Insufficient cpu, 1 Insufficient memory, 23 node(s) didn't match node selector.
WARN: K8s pod cannot be scheduled -- 0/24 nodes are available: 1 Insufficient cpu, 1 Insufficient memory, 23 node(s) didn't match node selector.
[71/ec4d40] Submitted process > preprocessing:preprocess (LT05_L1TP_183035_19990203_20171215_01_T1)
WARN: K8s pod cannot be scheduled -- 0/24 nodes are available: 1 Insufficient cpu, 1 Insufficient memory, 23 node(s) didn't match node selector.
[ab/a57e19] Submitted process > preprocessing:preprocess (LE07_L1TP_183035_20040531_20170120_01_T1)
WARN: K8s pod cannot be scheduled -- 0/24 nodes are available: 1 Insufficient cpu, 1 Insufficient memory, 23 node(s) didn't match node selector.
[bf/9e9291] Submitted process > preprocessing:preprocess (LT05_L1TP_183035_19870626_20170212_01_T1)
WARN: K8s pod cannot be scheduled -- 0/24 nodes are available: 1 Insufficient cpu, 1 Insufficient memory, 23 node(s) didn't match node selector.
WARN: K8s pod cannot be scheduled -- 0/24 nodes are available: 1 Insufficient cpu, 1 Insufficient memory, 23 node(s) didn't match node selector.
WARN: K8s pod cannot be scheduled -- 0/24 nodes are available: 1 Insufficient cpu, 1 Insufficient memory, 23 node(s) didn't match node selector.
WARN: K8s pod cannot be scheduled -- 0/24 nodes are available: 1 Insufficient cpu, 1 Insufficient memory, 23 node(s) didn't match node selector.
[3c/874a8e] Submitted process > preprocessing:preprocess (LT05_L1TP_183035_19980912_20171215_01_T1)
WARN: K8s pod cannot be scheduled -- 0/24 nodes are available: 1 Insufficient cpu, 1 Insufficient memory, 23 node(s) didn't match node selector.
[79/a6297d] Submitted process > preprocessing:preprocess (LT05_L1TP_183035_20010904_20171214_01_T1)
WARN: K8s pod cannot be scheduled -- 0/24 nodes are available: 1 Insufficient cpu, 1 Insufficient memory, 23 node(s) didn't match node selector.
[ac/ad5c49] Submitted process > preprocessing:preprocess (LT05_L1TP_183035_19920911_20180219_01_T1)
WARN: K8s pod cannot be scheduled -- 0/24 nodes are available: 1 Insufficient cpu, 1 Insufficient memory, 23 node(s) didn't match node selector.
WARN: K8s pod cannot be scheduled -- 0/24 nodes are available: 1 Insufficient cpu, 1 Insufficient memory, 23 node(s) didn't match node selector.
[df/3efa77] Submitted process > preprocessing:preprocess (LT05_L1TP_183035_19981115_20180219_01_T1)
WARN: K8s pod cannot be scheduled -- 0/24 nodes are available: 1 Insufficient cpu, 1 Insufficient memory, 23 node(s) didn't match node selector.
[4c/3dfb16] Submitted process > preprocessing:preprocess (LT05_L1TP_183035_19980710_20171214_01_T1)
WARN: K8s pod cannot be scheduled -- 0/24 nodes are available: 1 Insufficient cpu, 1 Insufficient memory, 23 node(s) didn't match node selector.
WARN: K8s pod cannot be scheduled -- 0/24 nodes are available: 1 Insufficient cpu, 1 Insufficient memory, 23 node(s) didn't match node selector.
[34/6584ea] Submitted process > preprocessing:preprocess (LT05_L1TP_183035_20040507_20180310_01_T1)
WARN: K8s pod cannot be scheduled -- 0/24 nodes are available: 1 Insufficient cpu, 1 Insufficient memory, 23 node(s) didn't match node selector.
[08/0eca62] Submitted process > preprocessing:preprocess (LE07_L1TP_183035_20061113_20170106_01_T1)
WARN: K8s pod cannot be scheduled -- 0/24 nodes are available: 1 Insufficient cpu, 1 Insufficient memory, 23 node(s) didn't match node selector.
WARN: K8s pod cannot be scheduled -- 0/24 nodes are available: 1 Insufficient cpu, 1 Insufficient memory, 23 node(s) didn't match node selector.
WARN: K8s pod cannot be scheduled -- 0/24 nodes are available: 1 Insufficient cpu, 1 Insufficient memory, 23 node(s) didn't match node selector.
[d7/13d8bc] Submitted process > preprocessing:preprocess (LT05_L1TP_183035_19890615_20180210_01_T1)
WARN: K8s pod cannot be scheduled -- 0/24 nodes are available: 1 Insufficient cpu, 1 Insufficient memory, 23 node(s) didn't match node selector.
WARN: K8s pod cannot be scheduled -- 0/24 nodes are available: 1 Insufficient cpu, 1 Insufficient memory, 23 node(s) didn't match node selector.
WARN: K8s pod cannot be scheduled -- 0/24 nodes are available: 1 Insufficient cpu, 1 Insufficient memory, 23 node(s) didn't match node selector.
[86/d016ce] Submitted process > preprocessing:preprocess (LT05_L1TP_183035_19951107_20180210_01_T1)
WARN: K8s pod cannot be scheduled -- 0/24 nodes are available: 1 Insufficient cpu, 1 Insufficient memory, 23 node(s) didn't match node selector.
[44/01992f] Submitted process > preprocessing:preprocess (LE07_L1TP_183035_20051110_20170112_01_T1)
[3a/0687cf] Submitted process > preprocessing:preprocess (LT05_L1TP_183035_19990713_20180210_01_T1)
WARN: K8s pod cannot be scheduled -- 0/24 nodes are available: 1 Insufficient cpu, 1 Insufficient memory, 23 node(s) didn't match node selector.
WARN: K8s pod cannot be scheduled -- 0/24 nodes are available: 1 Insufficient cpu, 1 Insufficient memory, 23 node(s) didn't match node selector.
[5a/e87170] Submitted process > preprocessing:preprocess (LT05_L1TP_181036_19940412_20180719_01_T1)
WARN: K8s pod cannot be scheduled -- 0/24 nodes are available: 1 Insufficient cpu, 1 Insufficient memory, 23 node(s) didn't match node selector.
WARN: K8s pod cannot be scheduled -- 0/24 nodes are available: 1 Insufficient cpu, 1 Insufficient memory, 23 node(s) didn't match node selector.
[38/73e345] Submitted process > preprocessing:preprocess (LT05_L1TP_183035_20010718_20180430_01_T1)
[f1/43c05c] Submitted process > preprocessing:preprocess (LT05_L1TP_183035_20050219_20180127_01_T1)
WARN: K8s pod cannot be scheduled -- 0/24 nodes are available: 1 Insufficient cpu, 1 Insufficient memory, 23 node(s) didn't match node selector.
WARN: K8s pod cannot be scheduled -- 0/24 nodes are available: 1 Insufficient cpu, 1 Insufficient memory, 23 node(s) didn't match node selector.
WARN: K8s pod cannot be scheduled -- 0/24 nodes are available: 1 Insufficient cpu, 1 Insufficient memory, 23 node(s) didn't match node selector.
WARN: K8s pod cannot be scheduled -- 0/24 nodes are available: 1 Insufficient cpu, 1 Insufficient memory, 23 node(s) didn't match node selector.
[65/2e5a1a] Submitted process > preprocessing:preprocess (LT05_L1TP_183035_20030724_20161205_01_T1)
[e8/427c5f] Submitted process > preprocessing:preprocess (LE07_L1TP_183035_20040616_20170121_01_T1)
WARN: K8s pod cannot be scheduled -- 0/24 nodes are available: 1 Insufficient cpu, 1 Insufficient memory, 23 node(s) didn't match node selector.
WARN: K8s pod cannot be scheduled -- 0/24 nodes are available: 1 Insufficient cpu, 1 Insufficient memory, 23 node(s) didn't match node selector.
WARN: K8s pod cannot be scheduled -- 0/24 nodes are available: 1 Insufficient cpu, 1 Insufficient memory, 23 node(s) didn't match node selector.
WARN: K8s pod cannot be scheduled -- 0/24 nodes are available: 1 Insufficient cpu, 1 Insufficient memory, 23 node(s) didn't match node selector.
[1b/3c6328] Submitted process > preprocessing:preprocess (LE07_L1TP_183035_20000723_20170210_01_T1)
[13/f97419] Submitted process > preprocessing:preprocess (LT05_L1TP_183035_20000206_20180430_01_T1)
[da/d0a535] Submitted process > preprocessing:preprocess (LT05_L1TP_183035_19891021_20180210_01_T1)
WARN: K8s pod cannot be scheduled -- 0/24 nodes are available: 1 Insufficient cpu, 1 Insufficient memory, 23 node(s) didn't match node selector.
WARN: K8s pod cannot be scheduled -- 0/24 nodes are available: 1 Insufficient cpu, 1 Insufficient memory, 23 node(s) didn't match node selector.
WARN: K8s pod cannot be scheduled -- 0/24 nodes are available: 1 Insufficient cpu, 1 Insufficient memory, 23 node(s) didn't match node selector.
WARN: K8s pod cannot be scheduled -- 0/24 nodes are available: 1 Insufficient cpu, 1 Insufficient memory, 23 node(s) didn't match node selector.
[08/683c9b] Submitted process > preprocessing:preprocess (LT05_L1TP_183035_19940731_20180210_01_T1)
[57/66b7e3] Submitted process > preprocessing:preprocess (LT05_L1TP_183035_20060918_20161118_01_T1)
[10/3ed2f4] Submitted process > preprocessing:preprocess (LT05_L1TP_183035_19890802_20180210_01_T1)
WARN: K8s pod cannot be scheduled -- 0/24 nodes are available: 1 Insufficient cpu, 1 Insufficient memory, 23 node(s) didn't match node selector.
WARN: K8s pod cannot be scheduled -- 0/24 nodes are available: 1 Insufficient cpu, 1 Insufficient memory, 23 node(s) didn't match node selector.
WARN: K8s pod cannot be scheduled -- 0/24 nodes are available: 1 Insufficient cpu, 1 Insufficient memory, 23 node(s) didn't match node selector.
WARN: K8s pod cannot be scheduled -- 0/24 nodes are available: 1 Insufficient cpu, 1 Insufficient memory, 23 node(s) didn't match node selector.
[b7/d5af48] Submitted process > preprocessing:preprocess (LT05_L1TP_183035_19910621_20180219_01_T1)
[00/7c72f1] Submitted process > preprocessing:preprocess (LE07_L1TP_183035_20021118_20170127_01_T1)
WARN: K8s pod cannot be scheduled -- 0/24 nodes are available: 1 Insufficient cpu, 1 Insufficient memory, 23 node(s) didn't match node selector.
[11/baafd4] Submitted process > preprocessing:preprocess (LT05_L1TP_183035_19880714_20170613_01_T1)
WARN: K8s pod cannot be scheduled -- 0/24 nodes are available: 1 Insufficient cpu, 1 Insufficient memory, 23 node(s) didn't match node selector.
WARN: K8s pod cannot be scheduled -- 0/24 nodes are available: 1 Insufficient cpu, 1 Insufficient memory, 23 node(s) didn't match node selector.
WARN: K8s pod cannot be scheduled -- 0/24 nodes are available: 1 Insufficient cpu, 1 Insufficient memory, 23 node(s) didn't match node selector.
[54/862bf5] Submitted process > preprocessing:preprocess (LT05_L1TP_183035_19911011_20180210_01_T1)
[b3/0d380a] Submitted process > preprocessing:preprocess (LT05_L1TP_182036_19901001_20171208_01_T1)
WARN: K8s pod cannot be scheduled -- 0/24 nodes are available: 1 Insufficient cpu, 1 Insufficient memory, 23 node(s) didn't match node selector.
[0f/0eedb1] Submitted process > preprocessing:preprocess (LT05_L1TP_183035_19850127_20171213_01_T1)
WARN: K8s pod cannot be scheduled -- 0/24 nodes are available: 1 Insufficient cpu, 1 Insufficient memory, 23 node(s) didn't match node selector.
WARN: K8s pod cannot be scheduled -- 0/24 nodes are available: 1 Insufficient cpu, 1 Insufficient memory, 23 node(s) didn't match node selector.
WARN: K8s pod cannot be scheduled -- 0/24 nodes are available: 1 Insufficient cpu, 1 Insufficient memory, 23 node(s) didn't match node selector.
WARN: K8s pod cannot be scheduled -- 0/24 nodes are available: 1 Insufficient cpu, 1 Insufficient memory, 23 node(s) didn't match node selector.
[e2/146835] Submitted process > preprocessing:preprocess (LT05_L1TP_183035_19880425_20170613_01_T1)
[4e/6560bb] Submitted process > preprocessing:preprocess (LT05_L1TP_183035_19940731_20181022_01_T1)
[74/4c8d83] Submitted process > preprocessing:preprocess (LT05_L1TP_183035_19900415_20180210_01_T1)
WARN: K8s pod cannot be scheduled -- 0/24 nodes are available: 1 Insufficient cpu, 1 Insufficient memory, 23 node(s) didn't match node selector.
WARN: K8s pod cannot be scheduled -- 0/24 nodes are available: 1 Insufficient cpu, 1 Insufficient memory, 23 node(s) didn't match node selector.
WARN: K8s pod cannot be scheduled -- 0/24 nodes are available: 1 Insufficient cpu, 1 Insufficient memory, 23 node(s) didn't match node selector.
[7c/882299] Submitted process > preprocessing:preprocess (LT05_L1TP_183035_19930322_20180301_01_T1)
WARN: K8s pod cannot be scheduled -- 0/24 nodes are available: 1 Insufficient cpu, 1 Insufficient memory, 23 node(s) didn't match node selector.
[50/70edbd] Submitted process > preprocessing:preprocess (LT05_L1TP_183035_19950515_20180210_01_T1)
WARN: K8s pod cannot be scheduled -- 0/24 nodes are available: 1 Insufficient cpu, 1 Insufficient memory, 23 node(s) didn't match node selector.
[26/e24a70] Submitted process > preprocessing:preprocess (LT05_L1TP_183035_19930525_20180210_01_T1)
WARN: K8s pod cannot be scheduled -- 0/24 nodes are available: 1 Insufficient cpu, 1 Insufficient memory, 23 node(s) didn't match node selector.
WARN: K8s pod cannot be scheduled -- 0/24 nodes are available: 1 Insufficient cpu, 1 Insufficient memory, 23 node(s) didn't match node selector.
WARN: K8s pod cannot be scheduled -- 0/24 nodes are available: 1 Insufficient cpu, 1 Insufficient memory, 23 node(s) didn't match node selector.
[67/2195ab] Submitted process > preprocessing:preprocess (LT05_L1TP_183035_19900906_20171208_01_T1)
[88/6d17a6] Submitted process > preprocessing:preprocess (LT05_L1TP_183035_19880612_20180210_01_T1)
WARN: K8s pod cannot be scheduled -- 0/24 nodes are available: 1 Insufficient cpu, 1 Insufficient memory, 23 node(s) didn't match node selector.
WARN: K8s pod cannot be scheduled -- 0/24 nodes are available: 1 Insufficient cpu, 1 Insufficient memory, 23 node(s) didn't match node selector.
WARN: K8s pod cannot be scheduled -- 0/24 nodes are available: 1 Insufficient cpu, 1 Insufficient memory, 23 node(s) didn't match node selector.
[32/ff64fa] Submitted process > preprocessing:preprocess (LE07_L1TP_183035_20050110_20170116_01_T1)
[67/bd46f3] Submitted process > preprocessing:preprocess (LT05_L1TP_183035_19931219_20180210_01_T1)
WARN: K8s pod cannot be scheduled -- 0/24 nodes are available: 1 Insufficient cpu, 1 Insufficient memory, 23 node(s) didn't match node selector.
[a5/3bc71a] Submitted process > preprocessing:preprocess (LT05_L1TP_183035_19981030_20180727_01_T1)
WARN: K8s pod cannot be scheduled -- 0/24 nodes are available: 1 Insufficient cpu, 1 Insufficient memory, 23 node(s) didn't match node selector.
WARN: K8s pod cannot be scheduled -- 0/24 nodes are available: 1 Insufficient cpu, 1 Insufficient memory, 23 node(s) didn't match node selector.
WARN: K8s pod cannot be scheduled -- 0/24 nodes are available: 1 Insufficient cpu, 1 Insufficient memory, 23 node(s) didn't match node selector.
[b3/b1ac94] Submitted process > preprocessing:preprocess (LE07_L1TP_183035_19990907_20170217_01_T1)
WARN: K8s pod cannot be scheduled -- 0/24 nodes are available: 1 Insufficient cpu, 1 Insufficient memory, 23 node(s) didn't match node selector.
[41/4b587e] Submitted process > preprocessing:preprocess (LT05_L1TP_183035_19920623_20170908_01_T1)
WARN: K8s pod cannot be scheduled -- 0/24 nodes are available: 1 Insufficient cpu, 1 Insufficient memory, 23 node(s) didn't match node selector.
[57/39307e] Submitted process > preprocessing:preprocess (LT05_L1TP_183035_19841124_20171213_01_T1)
WARN: K8s pod cannot be scheduled -- 0/24 nodes are available: 1 Insufficient cpu, 1 Insufficient memory, 23 node(s) didn't match node selector.
WARN: K8s pod cannot be scheduled -- 0/24 nodes are available: 1 Insufficient cpu, 1 Insufficient memory, 23 node(s) didn't match node selector.
[e1/dd7cfd] Submitted process > preprocessing:preprocess (LT05_L1TP_183035_20050510_20180501_01_T1)
WARN: K8s pod cannot be scheduled -- 0/24 nodes are available: 1 Insufficient cpu, 1 Insufficient memory, 23 node(s) didn't match node selector.
[1a/87f9dc] Submitted process > preprocessing:preprocess (LT05_L1TP_183035_19920725_20180210_01_T1)
WARN: Unable to fetch pod exit status -- pod=eo-experiment-r8-n1-e3 state=[running:[startedAt:2021-07-10T22:24:27Z]]
