go
Launcher pod spec file: .nextflow.pod.yaml
Pod submitted: eo-experiment-r4-n3-e1 .. waiting to start[2KPod started: eo-experiment-r4-n3-e1
N E X T F L O W  ~  version 21.04.0-edge
Launching `/workdir/B5-Workflow-Earth-Observation/EO-01/workflow-dsl2.nf` [eo-experiment-r4-n3-e1] - revision: 95e4f03f65
WARN: It appears you have never run this project before -- Option `-resume` is ignored
input data path: '/data/b5/eo-01'
[d9/0f532d] Submitted process > preprocessing:generateTileAllowList
[17/b8e29a] Submitted process > preprocessing:generateAnalysisMask
[1b/affc48] Submitted process > preprocessing:preprocess (LT05_L1TP_183035_19980421_20180210_01_T1)
[a4/9ad2b4] Submitted process > preprocessing:preprocess (LT05_L1TP_183035_20040811_20180309_01_T1)
[ef/08c5b6] Submitted process > preprocessing:preprocess (LE07_L1TP_183035_20000824_20170210_01_T1)
[ab/c64e7c] Submitted process > preprocessing:preprocess (LT05_L1TP_183035_19980523_20180210_01_T1)
[53/82fd2f] Submitted process > preprocessing:preprocess (LE07_L1TP_183035_20010320_20170206_01_T1)
[67/5932a9] Submitted process > preprocessing:preprocess (LT05_L1TP_183035_19911128_20180302_01_T1)
[81/9b402b] Submitted process > preprocessing:preprocess (LT05_L1TP_183035_19970301_20180210_01_T1)
[a9/9f3606] Submitted process > preprocessing:preprocess (LT05_L1TP_183035_19921216_20170504_01_T1)
[ba/bed5bb] Submitted process > preprocessing:preprocess (LE07_L1TP_183035_20030105_20170127_01_T1)
[39/1a759f] Submitted process > preprocessing:preprocess (LT05_L1TP_183035_19980811_20170717_01_T1)
[5a/935a80] Submitted process > preprocessing:preprocess (LT05_L1TP_183035_19950718_20180210_01_T1)
[b9/542de1] Submitted process > preprocessing:preprocess (LT05_L1TP_183035_20010616_20180311_01_T1)
[d3/058858] Submitted process > preprocessing:preprocess (LT05_L1TP_183035_19960501_20180210_01_T1)
[5d/5405e6] Submitted process > preprocessing:preprocess (LT05_L1TP_183035_19950429_20180210_01_T1)
[b6/4215bb] Submitted process > preprocessing:preprocess (LT05_L1TP_183035_19951022_20180210_01_T1)
[ae/c361f7] Submitted process > preprocessing:preprocess (LT05_L1TP_183035_19910317_20180210_01_T1)
[4b/14e8a2] Submitted process > preprocessing:preprocess (LT05_L1TP_183035_19980304_20180210_01_T1)
[2a/b9e523] Submitted process > preprocessing:preprocess (LE07_L1TP_183035_19990923_20170217_01_T1)
[ea/567214] Submitted process > preprocessing:preprocess (LT05_L1TP_183035_19960110_20180210_01_T1)
[b5/221aa5] Submitted process > preprocessing:preprocess (LT05_L1TP_183035_19920522_20180210_01_T1)
[94/97052e] Submitted process > preprocessing:preprocess (LT05_L1TP_183035_19900602_20180210_01_T1)
[aa/ed2f5c] Submitted process > preprocessing:preprocess (LT05_L1TP_183035_19940917_20180210_01_T1)
[af/0cd63b] Submitted process > preprocessing:preprocess (LE07_L1TP_183035_20020307_20170131_01_T1)
[c8/304bb2] Submitted process > preprocessing:preprocess (LT05_L1TP_183035_19860607_20180210_01_T1)
[a3/972776] Submitted process > preprocessing:preprocess (LT05_L1TP_183035_19991102_20180210_01_T1)
[8e/f29088] Submitted process > preprocessing:preprocess (LE07_L1TP_183035_20050923_20170112_01_T1)
[80/089bc9] Submitted process > preprocessing:preprocess (LE07_L1TP_183035_20010216_20170206_01_T1)
[86/343baa] Submitted process > preprocessing:preprocess (LT05_L1TP_183035_20010123_20180311_01_T1)
[64/998cde] Submitted process > preprocessing:preprocess (LT05_L1TP_183035_19861130_20170215_01_T1)
[3f/cced40] Submitted process > preprocessing:preprocess (LT05_L1TP_183035_19870423_20170213_01_T1)
[e5/a6469a] Submitted process > preprocessing:preprocess (LT05_L1TP_183035_19940715_20180616_01_T1)
[d5/66d3db] Submitted process > preprocessing:preprocess (LT05_L1TP_183035_20050323_20180128_01_T1)
WARN: K8s pod cannot be scheduled -- 0/24 nodes are available: 21 node(s) didn't match node selector, 3 Insufficient cpu, 3 Insufficient memory.
[7f/c52686] Submitted process > preprocessing:preprocess (LT05_L1TP_183035_19870509_20170213_01_T1)
[c7/afca3b] Submitted process > preprocessing:preprocess (LE07_L1TP_183035_20000925_20170209_01_T1)
[26/a58d4e] Submitted process > preprocessing:preprocess (LT05_L1TP_183035_19990627_20180210_01_T1)
[61/596991] Submitted process > preprocessing:preprocess (LE07_L1TP_183035_20030817_20170125_01_T1)
[48/165945] Submitted process > preprocessing:preprocess (LT05_L1TP_183035_20010515_20180311_01_T1)
[28/312e04] Submitted process > preprocessing:preprocess (LT04_L1TP_183035_19891216_20170201_01_T1)
[51/89c243] Submitted process > preprocessing:preprocess (LE07_L1TP_183035_20020713_20170129_01_T1)
[f3/014b93] Submitted process > preprocessing:preprocess (LE07_L1TP_183035_20010405_20170205_01_T1)
[a2/78a6f6] Submitted process > preprocessing:preprocess (LT05_L1TP_183035_20020315_20180312_01_T1)
[bf/dab47c] Submitted process > preprocessing:preprocess (LT05_L1TP_183035_19910723_20180302_01_T1)
[8d/a170ef] Submitted process > preprocessing:preprocess (LT05_L1TP_183035_19931203_20180210_01_T1)
[26/31a6a1] Submitted process > preprocessing:preprocess (LT05_L1TP_183035_19990408_20180210_01_T1)
[61/ed4917] Submitted process > preprocessing:preprocess (LT05_L1TP_183035_19880628_20170613_01_T1)
[02/e8fdf2] Submitted process > preprocessing:preprocess (LE07_L1TP_183035_20001112_20170209_01_T1)
[cd/6aeb8c] Submitted process > preprocessing:preprocess (LT05_L1TP_183035_19880409_20180112_01_T1)
[ad/545e6f] Submitted process > preprocessing:preprocess (LT05_L1TP_183035_19990118_20171215_01_T1)
[2d/0f2791] Submitted process > preprocessing:preprocess (LT05_L1TP_183035_19991017_20180210_01_T1)
[78/7f210d] Submitted process > preprocessing:preprocess (LT05_L1TP_183035_19900805_20180620_01_T1)
[aa/354e2a] Submitted process > preprocessing:preprocess (LT05_L1TP_183035_20041201_20180309_01_T1)
[45/f55210] Submitted process > preprocessing:preprocess (LT05_L1TP_183035_19940731_20180720_01_T1)
[46/d9a7b9] Submitted process > preprocessing:preprocess (LT05_L1TP_183035_19881205_20180210_01_T1)
[b3/7aa30b] Submitted process > preprocessing:preprocess (LT05_L1TP_183035_19950208_20180210_01_T1)
[83/511771] Submitted process > preprocessing:preprocess (LT05_L1TP_183035_19950123_20180210_01_T1)
[0a/3c61a4] Submitted process > preprocessing:preprocess (LE07_L1TP_183035_20060318_20170110_01_T1)
[7f/4d597c] Submitted process > preprocessing:preprocess (LE07_L1TP_183035_20041123_20170117_01_T1)
[5b/541ae1] Submitted process > preprocessing:preprocess (LT05_L1TP_183035_19851026_20171212_01_T1)
[e1/c168bf] Submitted process > preprocessing:preprocess (LT05_L1TP_183035_19840516_20170220_01_T1)
[49/80cb37] Submitted process > preprocessing:preprocess (LT05_L1TP_183035_19870117_20170215_01_T1)
[ad/0bd8f4] Submitted process > preprocessing:preprocess (LT04_L1TP_183035_19871227_20170210_01_T1)
[00/fba1ab] Submitted process > preprocessing:preprocess (LE07_L1TP_183035_20030513_20170125_01_T1)
[e4/5c769d] Submitted process > preprocessing:preprocess (LE07_L1TP_183035_20041107_20170118_01_T1)
[08/8cb833] Submitted process > preprocessing:preprocess (LT05_L1TP_183035_20040608_20180310_01_T1)
[6a/2c7d15] Submitted process > preprocessing:preprocess (LT05_L1TP_183035_20020110_20180312_01_T1)
[c1/09f47e] Submitted process > preprocessing:preprocess (LT05_L1TP_183035_19940816_20180210_01_T1)
[2b/83e9d9] Submitted process > preprocessing:preprocess (LT05_L1TP_183035_20051102_20180127_01_T1)
[a7/3ebf31] Submitted process > preprocessing:preprocess (LT05_L1TP_183035_20040827_20180310_01_T1)
[66/a8c129] Submitted process > preprocessing:preprocess (LT05_L1TP_183035_19940104_20180613_01_T1)
[7d/43998c] Submitted process > preprocessing:preprocess (LT05_L1TP_183035_19850924_20171212_01_T1)
[ee/902f1d] Submitted process > preprocessing:preprocess (LT05_L1TP_183035_20011006_20180501_01_T1)
[8d/4c8cbf] Submitted process > preprocessing:preprocess (LE07_L1TP_183035_20021001_20170128_01_T1)
[6f/0dc2f2] Submitted process > preprocessing:preprocess (LT05_L1TP_183035_19910707_20170613_01_T1)
[d5/e18f1e] Submitted process > preprocessing:preprocess (LT05_L1TP_183035_19970504_20180210_01_T1)
[65/6d3004] Submitted process > preprocessing:preprocess (LE07_L1TP_183035_20060403_20170110_01_T1)
[95/3c535f] Submitted process > preprocessing:preprocess (LT05_L1TP_183035_19920709_20180219_01_T1)
[73/70b2bc] Submitted process > preprocessing:preprocess (LT05_L1TP_183035_20050627_20180126_01_T1)
[af/477877] Submitted process > preprocessing:preprocess (LT05_L1TP_183035_19971112_20170504_01_T1)
[3e/8136d7] Submitted process > preprocessing:preprocess (LT05_L1TP_183035_19990424_20180710_01_T1)
[48/e1d6b0] Submitted process > preprocessing:preprocess (LT05_L1TP_183035_19980608_20170717_01_T1)
[d5/34430b] Submitted process > preprocessing:preprocess (LT05_L1TP_183035_19960126_20180210_01_T1)
[6a/471866] Submitted process > preprocessing:preprocess (LT05_L1TP_183035_19880527_20180210_01_T1)
[9f/7622b5] Submitted process > preprocessing:preprocess (LE07_L1TP_183035_20030326_20170126_01_T1)
[2d/dc01cb] Submitted process > preprocessing:preprocess (LT05_L1TP_183035_20060614_20180310_01_T1)
[54/bc6884] Submitted process > preprocessing:preprocess (LT05_L1TP_183035_19920303_20171214_01_T1)
[a9/6609dc] Submitted process > preprocessing:preprocess (LT05_L1TP_183035_19940104_20180210_01_T1)
[fb/1db25b] Submitted process > preprocessing:preprocess (LT05_L1TP_183035_20020227_20180830_01_T1)
[fc/acba1c] Submitted process > preprocessing:preprocess (LE07_L1TP_183035_20000418_20170212_01_T1)
[a7/a9d23d] Submitted process > preprocessing:preprocess (LT05_L1TP_183035_19941222_20180210_01_T1)
[84/848a03] Submitted process > preprocessing:preprocess (LE07_L1TP_183035_20020323_20170213_01_T1)
[3a/c29304] Submitted process > preprocessing:preprocess (LT05_L1TP_183035_19930930_20180219_01_T1)
[14/1707a4] Submitted process > preprocessing:preprocess (LE07_L1TP_183035_20050502_20170114_01_T1)
[33/b619aa] Submitted process > preprocessing:preprocess (LT05_L1TP_183035_19890207_20171208_01_T1)
[65/c7e435] Submitted process > preprocessing:preprocess (LT05_L1TP_183035_19960415_20180210_01_T1)
[9a/02cdf9] Submitted process > preprocessing:preprocess (LT05_L1TP_183035_19860725_20170217_01_T1)
[eb/20a73f] Submitted process > preprocessing:preprocess (LT05_L1TP_183035_19921013_20171214_01_T1)
[24/4d8de7] Submitted process > preprocessing:preprocess (LT05_L1TP_183035_19931016_20170613_01_T1)
[ce/3c8e68] Submitted process > preprocessing:preprocess (LT05_L1TP_183035_19951209_20180210_01_T1)
[bb/2ddebb] Submitted process > preprocessing:preprocess (LE07_L1TP_183035_20010608_20170205_01_T1)
[7c/a35da3] Submitted process > preprocessing:preprocess (LT05_L1TP_183035_19930407_20180210_01_T1)
WARN: K8s pod cannot be scheduled -- 0/24 nodes are available: 21 node(s) didn't match node selector, 3 Insufficient cpu, 3 Insufficient memory.
WARN: K8s pod cannot be scheduled -- 0/24 nodes are available: 21 node(s) didn't match node selector, 3 Insufficient cpu, 3 Insufficient memory.
WARN: K8s pod cannot be scheduled -- 0/24 nodes are available: 21 node(s) didn't match node selector, 3 Insufficient cpu, 3 Insufficient memory.
[55/1cc208] Submitted process > preprocessing:preprocess (LE07_L1TP_183035_20040515_20170120_01_T1)
[ee/b7567f] Submitted process > preprocessing:preprocess (LE07_L1TP_183035_20001214_20170208_01_T1)
WARN: K8s pod cannot be scheduled -- 0/24 nodes are available: 21 node(s) didn't match node selector, 3 Insufficient cpu, 3 Insufficient memory.
[65/a64dba] Submitted process > preprocessing:preprocess (LT05_L1TP_183035_19850620_20171212_01_T1)
[4d/ac26d6] Submitted process > preprocessing:preprocess (LT05_L1TP_183035_19901125_20171208_01_T1)
[81/aec121] Submitted process > preprocessing:preprocess (LT05_L1TP_183035_20000629_20171211_01_T1)
[fc/78dc9c] Submitted process > preprocessing:preprocess (LT05_L1TP_183035_20060801_20180309_01_T1)
WARN: K8s pod cannot be scheduled -- 0/24 nodes are available: 21 node(s) didn't match node selector, 3 Insufficient cpu, 3 Insufficient memory.
WARN: K8s pod cannot be scheduled -- 0/24 nodes are available: 21 node(s) didn't match node selector, 3 Insufficient cpu, 3 Insufficient memory.
[f0/c57212] Submitted process > preprocessing:preprocess (LT05_L1TP_183035_19970723_20180210_01_T1)
WARN: K8s pod cannot be scheduled -- 0/24 nodes are available: 21 node(s) didn't match node selector, 3 Insufficient cpu, 3 Insufficient memory.
[3b/536bb8] Submitted process > preprocessing:preprocess (LT05_L1TP_183035_19880916_20180210_01_T1)
[4a/a2f0b3] Submitted process > preprocessing:preprocess (LT05_L1TP_183035_19930914_20180210_01_T1)
[ab/099a4c] Submitted process > preprocessing:preprocess (LT05_L1TP_183035_19950702_20180210_01_T1)
[32/eacc12] Submitted process > preprocessing:preprocess (LT05_L1TP_183035_20000917_20171211_01_T1)
WARN: K8s pod cannot be scheduled -- 0/24 nodes are available: 21 node(s) didn't match node selector, 3 Insufficient cpu, 3 Insufficient memory.
[63/7539f5] Submitted process > preprocessing:preprocess (LT05_L1TP_183035_19921029_20171209_01_T1)
[d7/68feed] Submitted process > preprocessing:preprocess (LT05_L1TP_183035_20060716_20180310_01_T1)
WARN: K8s pod cannot be scheduled -- 0/24 nodes are available: 21 node(s) didn't match node selector, 3 Insufficient cpu, 3 Insufficient memory.
WARN: K8s pod cannot be scheduled -- 0/24 nodes are available: 21 node(s) didn't match node selector, 3 Insufficient cpu, 3 Insufficient memory.
[ee/0c4a4c] Submitted process > preprocessing:preprocess (LT05_L1TP_183035_19840430_20171213_01_T1)
[c1/358779] Submitted process > preprocessing:preprocess (LT05_L1TP_183035_19940512_20180210_01_T1)
WARN: K8s pod cannot be scheduled -- 0/24 nodes are available: 21 node(s) didn't match node selector, 3 Insufficient cpu, 3 Insufficient memory.
[76/74d16d] Submitted process > preprocessing:preprocess (LT05_L1TP_183035_19920506_20180210_01_T1)
[a1/3a5b3b] Submitted process > preprocessing:preprocess (LT05_L1TP_183035_19870407_20170213_01_T1)
[16/fdf352] Submitted process > preprocessing:preprocess (LT05_L1TP_183035_19920404_20170613_01_T1)
[5c/c32b17] Submitted process > preprocessing:preprocess (LT05_L1TP_183035_19980405_20180210_01_T1)
[c6/0cc15f] Submitted process > preprocessing:preprocess (LT05_L1TP_183035_19980624_20180704_01_T1)
WARN: K8s pod cannot be scheduled -- 0/24 nodes are available: 21 node(s) didn't match node selector, 3 Insufficient cpu, 3 Insufficient memory.
[4d/affa01] Submitted process > preprocessing:preprocess (LT05_L1TP_183035_19910808_20180302_01_T1)
WARN: K8s pod cannot be scheduled -- 0/24 nodes are available: 21 node(s) didn't match node selector, 3 Insufficient cpu, 3 Insufficient memory.
[81/61276b] Submitted process > preprocessing:preprocess (LT05_L1TP_183035_19960517_20180210_01_T1)
WARN: K8s pod cannot be scheduled -- 0/24 nodes are available: 21 node(s) didn't match node selector, 3 Insufficient cpu, 3 Insufficient memory.
[24/c96eba] Submitted process > preprocessing:preprocess (LT05_L1TP_183035_19851010_20171212_01_T1)
[4f/27bbb1] Submitted process > preprocessing:preprocess (LT05_L1TP_183035_19941120_20180210_01_T1)
[2b/9b48af] Submitted process > preprocessing:preprocess (LE07_L1TP_183035_20010912_20170203_01_T1)
WARN: K8s pod cannot be scheduled -- 0/24 nodes are available: 21 node(s) didn't match node selector, 3 Insufficient cpu, 3 Insufficient memory.
[ad/3f3fea] Submitted process > preprocessing:preprocess (LE07_L1TP_183035_20001128_20170209_01_T1)
[f7/585aef] Submitted process > preprocessing:preprocess (LE07_L1TP_183035_20050619_20170115_01_T1)
[fa/b76299] Submitted process > preprocessing:preprocess (LT05_L1TP_183035_19960720_20180210_01_T1)
WARN: K8s pod cannot be scheduled -- 0/24 nodes are available: 21 node(s) didn't match node selector, 3 Insufficient cpu, 3 Insufficient memory.
[44/4122eb] Submitted process > preprocessing:preprocess (LT05_L1TP_183035_20000715_20171211_01_T1)
WARN: K8s pod cannot be scheduled -- 0/24 nodes are available: 21 node(s) didn't match node selector, 3 Insufficient cpu, 3 Insufficient memory.
[d2/b5995c] Submitted process > preprocessing:preprocess (LT05_L1TP_183035_20060529_20180310_01_T1)
[ab/8ffe5f] Submitted process > preprocessing:preprocess (LT05_L1TP_183035_19850908_20171212_01_T1)
WARN: K8s pod cannot be scheduled -- 0/24 nodes are available: 21 node(s) didn't match node selector, 3 Insufficient cpu, 3 Insufficient memory.
[fb/3555e2] Submitted process > preprocessing:preprocess (LT05_L1TP_183035_19900618_20180210_01_T1)
WARN: K8s pod cannot be scheduled -- 0/24 nodes are available: 21 node(s) didn't match node selector, 3 Insufficient cpu, 3 Insufficient memory.
[a8/01c169] Submitted process > preprocessing:preprocess (LE07_L1TP_183035_19991009_20170216_01_T1)
[17/04ac1e] Submitted process > preprocessing:preprocess (LT05_L1TP_183035_19870728_20180210_01_T1)
[b8/eadea5] Submitted process > preprocessing:preprocess (LT05_L1TP_183035_19941206_20180210_01_T1)
WARN: K8s pod cannot be scheduled -- 0/24 nodes are available: 21 node(s) didn't match node selector, 3 Insufficient cpu, 3 Insufficient memory.
[e6/a72b00] Submitted process > preprocessing:preprocess (LE07_L1TP_183035_20030206_20170213_01_T1)
WARN: K8s pod cannot be scheduled -- 0/24 nodes are available: 21 node(s) didn't match node selector, 3 Insufficient cpu, 3 Insufficient memory.
[d4/a26db0] Submitted process > preprocessing:preprocess (LT05_L1TP_183035_19970317_20180210_01_T1)
[31/85714f] Submitted process > preprocessing:preprocess (LT05_L1TP_183035_19881103_20170908_01_T1)
WARN: K8s pod cannot be scheduled -- 0/24 nodes are available: 21 node(s) didn't match node selector, 3 Insufficient cpu, 3 Insufficient memory.
[fb/173080] Submitted process > preprocessing:preprocess (LT05_L1TP_183035_20030926_20161203_01_T1)
[93/47b03d] Submitted process > preprocessing:preprocess (LT05_L1TP_183035_19941104_20180210_01_T1)
[4a/6af141] Submitted process > preprocessing:preprocess (LT05_L1TP_183035_20010920_20170908_01_T1)
[10/5d95fe] Submitted process > preprocessing:preprocess (LE07_L1TP_183035_20000605_20170211_01_T1)
WARN: K8s pod cannot be scheduled -- 0/24 nodes are available: 21 node(s) didn't match node selector, 3 Insufficient cpu, 3 Insufficient memory.
WARN: K8s pod cannot be scheduled -- 0/24 nodes are available: 21 node(s) didn't match node selector, 3 Insufficient cpu, 3 Insufficient memory.
[ec/dad835] Submitted process > preprocessing:preprocess (LE07_L1TP_183035_20010131_20170207_01_T1)
[83/48158d] Submitted process > preprocessing:preprocess (LT05_L1TP_183035_19880324_20170808_01_T1)
[5f/d38527] Submitted process > preprocessing:preprocess (LT05_L1TP_183035_19970418_20180210_01_T1)
WARN: K8s pod cannot be scheduled -- 0/24 nodes are available: 21 node(s) didn't match node selector, 3 Insufficient cpu, 3 Insufficient memory.
WARN: K8s pod cannot be scheduled -- 0/24 nodes are available: 21 node(s) didn't match node selector, 3 Insufficient cpu, 3 Insufficient memory.
[f2/4794a1] Submitted process > preprocessing:preprocess (LE07_L1TP_183035_20061231_20170106_01_T1)
[cb/e8080c] Submitted process > preprocessing:preprocess (LT05_L1TP_183035_19870712_20170212_01_T1)
[69/86e4a6] Submitted process > preprocessing:preprocess (LT05_L1TP_183035_19971230_20171214_01_T1)
WARN: K8s pod cannot be scheduled -- 0/24 nodes are available: 21 node(s) didn't match node selector, 3 Insufficient cpu, 3 Insufficient memory.
[2c/10c03b] Submitted process > preprocessing:preprocess (LT05_L1TP_183035_19871203_20170504_01_T1)
[1a/e1c177] Submitted process > preprocessing:preprocess (LE07_L1TP_183035_20040803_20170119_01_T1)
WARN: K8s pod cannot be scheduled -- 0/24 nodes are available: 21 node(s) didn't match node selector, 3 Insufficient cpu, 3 Insufficient memory.
[bd/fa0f96] Submitted process > preprocessing:preprocess (LT05_L1TP_183035_19930610_20170613_01_T1)
WARN: K8s pod cannot be scheduled -- 0/24 nodes are available: 21 node(s) didn't match node selector, 3 Insufficient cpu, 3 Insufficient memory.
[99/7e7aa2] Submitted process > preprocessing:preprocess (LT05_L1TP_183035_19950312_20180210_01_T1)
[4f/ab17dc] Submitted process > preprocessing:preprocess (LT05_L1TP_183035_19841007_20171213_01_T1)
WARN: K8s pod cannot be scheduled -- 0/24 nodes are available: 21 node(s) didn't match node selector, 3 Insufficient cpu, 3 Insufficient memory.
[1a/4b8c5c] Submitted process > preprocessing:preprocess (LE07_L1TP_183035_20051025_20170112_01_T1)
[56/a83f9c] Submitted process > preprocessing:preprocess (LT05_L1TP_183035_19970808_20180613_01_T1)
WARN: K8s pod cannot be scheduled -- 0/24 nodes are available: 21 node(s) didn't match node selector, 3 Insufficient cpu, 3 Insufficient memory.
[76/7ff099] Submitted process > preprocessing:preprocess (LT05_L1TP_183035_19920927_20180301_01_T1)
[2d/ea7ec3] Submitted process > preprocessing:preprocess (LE07_L1TP_183035_20000504_20170212_01_T1)
WARN: K8s pod cannot be scheduled -- 0/24 nodes are available: 21 node(s) didn't match node selector, 3 Insufficient cpu, 3 Insufficient memory.
[38/101f76] Submitted process > preprocessing:preprocess (LT05_L1TP_183035_19990102_20180728_01_T1)
WARN: K8s pod cannot be scheduled -- 0/24 nodes are available: 21 node(s) didn't match node selector, 3 Insufficient cpu, 3 Insufficient memory.
[f9/64a778] Submitted process > preprocessing:preprocess (LT05_L1TP_183035_19900922_20170908_01_T1)
WARN: K8s pod cannot be scheduled -- 0/24 nodes are available: 21 node(s) didn't match node selector, 3 Insufficient cpu, 3 Insufficient memory.
[e2/c0d756] Submitted process > preprocessing:preprocess (LT05_L1TP_183035_19970707_20180210_01_T1)
[c1/2f6276] Submitted process > preprocessing:preprocess (LT05_L1TP_183035_19980827_20170717_01_T1)
[90/dd6ccd] Submitted process > preprocessing:preprocess (LE07_L1TP_183035_20020729_20170128_01_T1)
[d0/64b8fe] Submitted process > preprocessing:preprocess (LT05_L1TP_183035_19860623_20180430_01_T1)
WARN: K8s pod cannot be scheduled -- 0/24 nodes are available: 21 node(s) didn't match node selector, 3 Insufficient cpu, 3 Insufficient memory.
[10/653532] Submitted process > preprocessing:preprocess (LT05_L1TP_183035_20001104_20180909_01_T1)
[19/f656f4] Submitted process > preprocessing:preprocess (LT05_L1TP_183035_19930509_20180210_01_T1)
WARN: K8s pod cannot be scheduled -- 0/24 nodes are available: 21 node(s) didn't match node selector, 3 Insufficient cpu, 3 Insufficient memory.
[2d/57d467] Submitted process > preprocessing:preprocess (LT05_L1TP_183035_19990307_20180210_01_T1)
WARN: K8s pod cannot be scheduled -- 0/24 nodes are available: 21 node(s) didn't match node selector, 3 Insufficient cpu, 3 Insufficient memory.
[c9/241b86] Submitted process > preprocessing:preprocess (LT05_L1TP_183035_20010107_20180311_01_T1)
WARN: K8s pod cannot be scheduled -- 0/24 nodes are available: 21 node(s) didn't match node selector, 3 Insufficient cpu, 3 Insufficient memory.
[c3/c41f07] Submitted process > preprocessing:preprocess (LE07_L1TP_183035_20000317_20170213_01_T1)
[07/f51ea5] Submitted process > preprocessing:preprocess (LT05_L1TP_183035_19981030_20171208_01_T1)
[73/484a7c] Submitted process > preprocessing:preprocess (LT05_L1TP_183035_19970909_20171214_01_T1)
WARN: K8s pod cannot be scheduled -- 0/24 nodes are available: 21 node(s) didn't match node selector, 3 Insufficient cpu, 3 Insufficient memory.
[88/4a832c] Submitted process > preprocessing:preprocess (LT05_L1TP_183035_20011022_20180501_01_T1)
[d1/d81c35] Submitted process > preprocessing:preprocess (LT05_L1TP_183035_19890919_20180210_01_T1)
[5b/89d7e4] Submitted process > preprocessing:preprocess (LT05_L1TP_183035_19950616_20180210_01_T1)
[87/5c6932] Submitted process > preprocessing:preprocess (LT05_L1TP_183035_19870930_20170211_01_T1)
[ef/b454be] Submitted process > preprocessing:preprocess (LT05_L1TP_183035_19891122_20180210_01_T1)
WARN: K8s pod cannot be scheduled -- 0/24 nodes are available: 21 node(s) didn't match node selector, 3 Insufficient cpu, 3 Insufficient memory.
[86/600b73] Submitted process > preprocessing:preprocess (LT05_L1TP_183035_19910504_20180302_01_T1)
[a7/8fc091] Submitted process > preprocessing:preprocess (LT05_L1TP_183035_19990729_20180210_01_T1)
WARN: K8s pod cannot be scheduled -- 0/24 nodes are available: 21 node(s) didn't match node selector, 3 Insufficient cpu, 3 Insufficient memory.
[fb/c79a26] Submitted process > preprocessing:preprocess (LT05_L1TP_183035_19930813_20180219_01_T1)
WARN: K8s pod cannot be scheduled -- 0/24 nodes are available: 21 node(s) didn't match node selector, 3 Insufficient cpu, 3 Insufficient memory.
WARN: K8s pod cannot be scheduled -- 0/24 nodes are available: 21 node(s) didn't match node selector, 3 Insufficient cpu, 3 Insufficient memory.
[a9/1c1cc9] Submitted process > preprocessing:preprocess (LT05_L1TP_183035_19910301_20180210_01_T1)
[04/54ab78] Submitted process > preprocessing:preprocess (LT05_L1TP_183035_19971011_20180210_01_T1)
[6b/c4508f] Submitted process > preprocessing:preprocess (LT05_L1TP_183035_19930202_20180704_01_T1)
WARN: K8s pod cannot be scheduled -- 0/24 nodes are available: 21 node(s) didn't match node selector, 3 Insufficient cpu, 3 Insufficient memory.
[f1/91e03f] Submitted process > preprocessing:preprocess (LT05_L1TP_183035_19901008_20180210_01_T1)
[16/97550a] Submitted process > preprocessing:preprocess (LE07_L1TP_183035_20010421_20170205_01_T1)
[79/293519] Submitted process > preprocessing:preprocess (LT05_L1TP_183035_19920607_20171207_01_T1)
[87/765dbb] Submitted process > preprocessing:preprocess (LT05_L1TP_183035_19980726_20170717_01_T1)
WARN: K8s pod cannot be scheduled -- 0/24 nodes are available: 21 node(s) didn't match node selector, 3 Insufficient cpu, 3 Insufficient memory.
[a0/6e1a09] Submitted process > preprocessing:preprocess (LT05_L1TP_183035_19990611_20180822_01_T1)
WARN: K8s pod cannot be scheduled -- 0/24 nodes are available: 21 node(s) didn't match node selector, 3 Insufficient cpu, 3 Insufficient memory.
[15/9eaabf] Submitted process > preprocessing:preprocess (LT05_L1TP_183035_19890106_20180210_01_T1)
[16/c8346f] Submitted process > preprocessing:preprocess (LT05_L1TP_183035_19980320_20180210_01_T1)
WARN: K8s pod cannot be scheduled -- 0/24 nodes are available: 21 node(s) didn't match node selector, 3 Insufficient cpu, 3 Insufficient memory.
[4a/6a8637] Submitted process > preprocessing:preprocess (LT05_L1TP_183035_20040523_20180310_01_T1)
[8b/f70c88] Submitted process > preprocessing:preprocess (LT05_L1TP_183035_19980507_20180219_01_T1)
WARN: K8s pod cannot be scheduled -- 0/24 nodes are available: 21 node(s) didn't match node selector, 3 Insufficient cpu, 3 Insufficient memory.
[86/6f5661] Submitted process > preprocessing:preprocess (LT05_L1TP_183035_19861013_20181025_01_T1)
[eb/958217] Submitted process > preprocessing:preprocess (LT05_L1TP_183035_19990814_20180210_01_T1)
WARN: K8s pod cannot be scheduled -- 0/24 nodes are available: 21 node(s) didn't match node selector, 3 Insufficient cpu, 3 Insufficient memory.
[9c/c49276] Submitted process > preprocessing:preprocess (LT05_L1TP_183035_19980131_20180210_01_T1)
[90/3486d3] Submitted process > preprocessing:preprocess (LE07_L1TP_183035_20011030_20170202_01_T1)
WARN: K8s pod cannot be scheduled -- 0/24 nodes are available: 21 node(s) didn't match node selector, 3 Insufficient cpu, 3 Insufficient memory.
[ce/4a4c55] Submitted process > preprocessing:preprocess (LE07_L1TP_183035_20011115_20170213_01_T1)
WARN: K8s pod cannot be scheduled -- 0/24 nodes are available: 21 node(s) didn't match node selector, 3 Insufficient cpu, 3 Insufficient memory.
[c9/02e7c0] Submitted process > preprocessing:preprocess (LT05_L1TP_183035_19850823_20171212_01_T1)
WARN: K8s pod cannot be scheduled -- 0/24 nodes are available: 21 node(s) didn't match node selector, 3 Insufficient cpu, 3 Insufficient memory.
[e4/96260e] Submitted process > preprocessing:preprocess (LE07_L1TP_183035_20000621_20170211_01_T1)
[1b/4a10e7] Submitted process > preprocessing:preprocess (LE07_L1TP_183035_20040429_20170121_01_T1)
[3a/beb40b] Submitted process > preprocessing:preprocess (LT05_L1TP_183035_19960821_20180210_01_T1)
WARN: K8s pod cannot be scheduled -- 0/24 nodes are available: 21 node(s) didn't match node selector, 3 Insufficient cpu, 3 Insufficient memory.
[a3/7699e5] Submitted process > preprocessing:preprocess (LT05_L1TP_183035_19990323_20180210_01_T1)
[bf/eb4149] Submitted process > preprocessing:preprocess (LT05_L1TP_183035_20000731_20180913_01_T1)
[ac/e72f16] Submitted process > preprocessing:preprocess (LE07_L1TP_183035_20031004_20170123_01_T1)
WARN: K8s pod cannot be scheduled -- 0/24 nodes are available: 21 node(s) didn't match node selector, 3 Insufficient cpu, 3 Insufficient memory.
[60/99c5ce] Submitted process > preprocessing:preprocess (LT05_L1TP_183035_19950413_20180210_01_T1)
WARN: K8s pod cannot be scheduled -- 0/24 nodes are available: 21 node(s) didn't match node selector, 3 Insufficient cpu, 3 Insufficient memory.
[78/3cb442] Submitted process > preprocessing:preprocess (LT05_L1TP_183035_19970621_20180210_01_T1)
[18/0c9151] Submitted process > preprocessing:preprocess (LT05_L1TP_183035_20050627_20180124_01_T1)
WARN: K8s pod cannot be scheduled -- 0/24 nodes are available: 21 node(s) didn't match node selector, 3 Insufficient cpu, 3 Insufficient memory.
[4a/d986e3] Submitted process > preprocessing:preprocess (LT05_L1TP_183035_19841108_20171213_01_T1)
[6f/37c2c3] Submitted process > preprocessing:preprocess (LT05_L1TP_183035_19890530_20180302_01_T1)
[cf/1394f4] Submitted process > preprocessing:preprocess (LT05_L1TP_183035_20050611_20180126_01_T1)
WARN: K8s pod cannot be scheduled -- 0/24 nodes are available: 21 node(s) didn't match node selector, 3 Insufficient cpu, 3 Insufficient memory.
[92/4f4ceb] Submitted process > preprocessing:preprocess (LT05_L1TP_183035_19990203_20171215_01_T1)
[b1/9d748b] Submitted process > preprocessing:preprocess (LE07_L1TP_183035_20040531_20170120_01_T1)
WARN: K8s pod cannot be scheduled -- 0/24 nodes are available: 21 node(s) didn't match node selector, 3 Insufficient cpu, 3 Insufficient memory.
[15/501967] Submitted process > preprocessing:preprocess (LT05_L1TP_183035_19870626_20170212_01_T1)
WARN: K8s pod cannot be scheduled -- 0/24 nodes are available: 21 node(s) didn't match node selector, 3 Insufficient cpu, 3 Insufficient memory.
[85/d2627c] Submitted process > preprocessing:preprocess (LT05_L1TP_183035_19980912_20171215_01_T1)
[05/558608] Submitted process > preprocessing:preprocess (LT05_L1TP_183035_20010904_20171214_01_T1)
WARN: K8s pod cannot be scheduled -- 0/24 nodes are available: 21 node(s) didn't match node selector, 3 Insufficient cpu, 3 Insufficient memory.
[27/f24e6c] Submitted process > preprocessing:preprocess (LT05_L1TP_183035_19920911_20180219_01_T1)
[e7/888fb2] Submitted process > preprocessing:preprocess (LT05_L1TP_183035_19981115_20180219_01_T1)
WARN: K8s pod cannot be scheduled -- 0/24 nodes are available: 21 node(s) didn't match node selector, 3 Insufficient cpu, 3 Insufficient memory.
[37/50d80c] Submitted process > preprocessing:preprocess (LT05_L1TP_183035_19980710_20171214_01_T1)
[24/8e3452] Submitted process > preprocessing:preprocess (LT05_L1TP_183035_20040507_20180310_01_T1)
[42/3aa4ec] Submitted process > preprocessing:preprocess (LE07_L1TP_183035_20061113_20170106_01_T1)
[36/a9c112] Submitted process > preprocessing:preprocess (LT05_L1TP_183035_19890615_20180210_01_T1)
WARN: K8s pod cannot be scheduled -- 0/24 nodes are available: 21 node(s) didn't match node selector, 3 Insufficient cpu, 3 Insufficient memory.
[7b/f1d621] Submitted process > preprocessing:preprocess (LT05_L1TP_183035_19951107_20180210_01_T1)
[23/8a88b7] Submitted process > preprocessing:preprocess (LE07_L1TP_183035_20051110_20170112_01_T1)
[b9/96742e] Submitted process > preprocessing:preprocess (LT05_L1TP_183035_19990713_20180210_01_T1)
WARN: K8s pod cannot be scheduled -- 0/24 nodes are available: 21 node(s) didn't match node selector, 3 Insufficient cpu, 3 Insufficient memory.
WARN: K8s pod cannot be scheduled -- 0/24 nodes are available: 21 node(s) didn't match node selector, 3 Insufficient cpu, 3 Insufficient memory.
[0b/f4deae] Submitted process > preprocessing:preprocess (LT05_L1TP_183035_20010718_20180430_01_T1)
[ec/1d692e] Submitted process > preprocessing:preprocess (LT05_L1TP_183035_20050219_20180127_01_T1)
[9f/3367e0] Submitted process > preprocessing:preprocess (LT05_L1TP_183035_20030724_20161205_01_T1)
WARN: K8s pod cannot be scheduled -- 0/24 nodes are available: 21 node(s) didn't match node selector, 3 Insufficient cpu, 3 Insufficient memory.
[ae/1d9295] Submitted process > preprocessing:preprocess (LE07_L1TP_183035_20040616_20170121_01_T1)
[24/d7bca5] Submitted process > preprocessing:preprocess (LE07_L1TP_183035_20000723_20170210_01_T1)
WARN: K8s pod cannot be scheduled -- 0/24 nodes are available: 21 node(s) didn't match node selector, 3 Insufficient cpu, 3 Insufficient memory.
[cb/3cb366] Submitted process > preprocessing:preprocess (LT05_L1TP_183035_20000206_20180430_01_T1)
WARN: K8s pod cannot be scheduled -- 0/24 nodes are available: 21 node(s) didn't match node selector, 3 Insufficient cpu, 3 Insufficient memory.
[98/544609] Submitted process > preprocessing:preprocess (LT05_L1TP_183035_19891021_20180210_01_T1)
[0e/425020] Submitted process > preprocessing:preprocess (LT05_L1TP_183035_19940731_20180210_01_T1)
WARN: K8s pod cannot be scheduled -- 0/24 nodes are available: 21 node(s) didn't match node selector, 3 Insufficient cpu, 3 Insufficient memory.
[04/d3ead8] Submitted process > preprocessing:preprocess (LT05_L1TP_183035_20060918_20161118_01_T1)
[bb/ae22bd] Submitted process > preprocessing:preprocess (LT05_L1TP_183035_19890802_20180210_01_T1)
[58/277baf] Submitted process > preprocessing:preprocess (LT05_L1TP_183035_19910621_20180219_01_T1)
[e7/6b52b6] Submitted process > preprocessing:preprocess (LE07_L1TP_183035_20021118_20170127_01_T1)
WARN: K8s pod cannot be scheduled -- 0/24 nodes are available: 21 node(s) didn't match node selector, 3 Insufficient cpu, 3 Insufficient memory.
WARN: K8s pod cannot be scheduled -- 0/24 nodes are available: 21 node(s) didn't match node selector, 3 Insufficient cpu, 3 Insufficient memory.
[b3/1eb0b7] Submitted process > preprocessing:preprocess (LT05_L1TP_183035_19880714_20170613_01_T1)
[43/11eaca] Submitted process > preprocessing:preprocess (LT05_L1TP_183035_19911011_20180210_01_T1)
[dc/9cf4de] Submitted process > preprocessing:preprocess (LT05_L1TP_183035_19850127_20171213_01_T1)
WARN: K8s pod cannot be scheduled -- 0/24 nodes are available: 21 node(s) didn't match node selector, 3 Insufficient cpu, 3 Insufficient memory.
[c1/23c5fd] Submitted process > preprocessing:preprocess (LT05_L1TP_183035_19880425_20170613_01_T1)
[b1/2fefd2] Submitted process > preprocessing:preprocess (LT05_L1TP_183035_19940731_20181022_01_T1)
[72/64571f] Submitted process > preprocessing:preprocess (LT05_L1TP_183035_19900415_20180210_01_T1)
WARN: K8s pod cannot be scheduled -- 0/24 nodes are available: 21 node(s) didn't match node selector, 3 Insufficient cpu, 3 Insufficient memory.
[ef/9724c9] Submitted process > preprocessing:preprocess (LT05_L1TP_183035_19930322_20180301_01_T1)
[c3/9742cf] Submitted process > preprocessing:preprocess (LT05_L1TP_183035_19950515_20180210_01_T1)
WARN: K8s pod cannot be scheduled -- 0/24 nodes are available: 21 node(s) didn't match node selector, 3 Insufficient cpu, 3 Insufficient memory.
WARN: K8s pod cannot be scheduled -- 0/24 nodes are available: 21 node(s) didn't match node selector, 3 Insufficient cpu, 3 Insufficient memory.
[70/136e10] Submitted process > preprocessing:preprocess (LT05_L1TP_183035_19930525_20180210_01_T1)
[1d/122c28] Submitted process > preprocessing:preprocess (LT05_L1TP_183035_19900906_20171208_01_T1)
WARN: K8s pod cannot be scheduled -- 0/24 nodes are available: 21 node(s) didn't match node selector, 3 Insufficient cpu, 3 Insufficient memory.
[b6/9810d1] Submitted process > preprocessing:preprocess (LT05_L1TP_183035_19880612_20180210_01_T1)
[79/d26b5c] Submitted process > preprocessing:preprocess (LE07_L1TP_183035_20050110_20170116_01_T1)
[ab/b08853] Submitted process > preprocessing:preprocess (LT05_L1TP_183035_19931219_20180210_01_T1)
WARN: K8s pod cannot be scheduled -- 0/24 nodes are available: 21 node(s) didn't match node selector, 3 Insufficient cpu, 3 Insufficient memory.
[47/7b0323] Submitted process > preprocessing:preprocess (LT05_L1TP_183035_19981030_20180727_01_T1)
[cf/121e59] Submitted process > preprocessing:preprocess (LE07_L1TP_183035_19990907_20170217_01_T1)
WARN: K8s pod cannot be scheduled -- 0/24 nodes are available: 21 node(s) didn't match node selector, 3 Insufficient cpu, 3 Insufficient memory.
[e5/e3ee45] Submitted process > preprocessing:preprocess (LT05_L1TP_183035_19920623_20170908_01_T1)
[18/5c912a] Submitted process > preprocessing:preprocess (LT05_L1TP_183035_19841124_20171213_01_T1)
[25/77a424] Submitted process > preprocessing:preprocess (LT05_L1TP_183035_20050510_20180501_01_T1)
WARN: K8s pod cannot be scheduled -- 0/24 nodes are available: 21 node(s) didn't match node selector, 3 Insufficient cpu, 3 Insufficient memory.
[f1/456d02] Submitted process > preprocessing:preprocess (LT05_L1TP_183035_19920725_20180210_01_T1)
WARN: K8s pod cannot be scheduled -- 0/24 nodes are available: 21 node(s) didn't match node selector, 3 Insufficient cpu, 3 Insufficient memory.
[e6/71e9aa] Submitted process > preprocessing:preprocess (LT05_L1TP_183035_19840921_20171213_01_T1)
[33/6dc4d4] Submitted process > preprocessing:preprocess (LT05_L1TP_183035_19860420_20180210_01_T1)
[66/c59220] Submitted process > preprocessing:preprocess (LT05_L1TP_183035_19990219_20180210_01_T1)
[72/71aa65] Submitted process > preprocessing:preprocess (LT05_L1TP_183035_19860319_20180210_01_T1)
WARN: K8s pod cannot be scheduled -- 0/24 nodes are available: 21 node(s) didn't match node selector, 3 Insufficient cpu, 3 Insufficient memory.
WARN: K8s pod cannot be scheduled -- 0/24 nodes are available: 21 node(s) didn't match node selector, 3 Insufficient cpu, 3 Insufficient memory.
[f4/d7c5f1] Submitted process > preprocessing:preprocess (LT05_L1TP_183035_19900226_20180210_01_T1)
[0d/7ece37] Submitted process > preprocessing:preprocess (LE07_L1TP_183035_20000129_20170213_01_T1)
[99/ca394b] Submitted process > preprocessing:preprocess (LT05_L1TP_183035_19990526_20180210_01_T1)
[0a/a7b240] Submitted process > preprocessing:preprocess (LT05_L1TP_183035_19890223_20180112_01_T1)
[7c/fe1699] Submitted process > preprocessing:preprocess (LT05_L1TP_183035_19970520_20180210_01_T1)
WARN: K8s pod cannot be scheduled -- 0/24 nodes are available: 21 node(s) didn't match node selector, 3 Insufficient cpu, 3 Insufficient memory.
WARN: K8s pod cannot be scheduled -- 0/24 nodes are available: 21 node(s) didn't match node selector, 3 Insufficient cpu, 3 Insufficient memory.
[16/133e94] Submitted process > preprocessing:preprocess (LT04_L1TP_183035_19910901_20170126_01_T1)
[9f/989fdc] Submitted process > preprocessing:preprocess (LT05_L1TP_183035_20020211_20180312_01_T1)
[8f/235d28] Submitted process > preprocessing:preprocess (LE07_L1TP_183035_20061028_20170106_01_T1)
WARN: K8s pod cannot be scheduled -- 0/24 nodes are available: 21 node(s) didn't match node selector, 3 Insufficient cpu, 3 Insufficient memory.
[06/6c3847] Submitted process > preprocessing:preprocess (LT05_L1TP_183035_19980811_20171215_01_T1)
[e5/00ebdb] Submitted process > preprocessing:preprocess (LT05_L1TP_183035_19860114_20180210_01_T1)
WARN: K8s pod cannot be scheduled -- 0/24 nodes are available: 21 node(s) didn't match node selector, 3 Insufficient cpu, 3 Insufficient memory.
[28/df2984] Submitted process > preprocessing:preprocess (LT05_L1TP_183035_19920216_20171214_01_T1)
WARN: K8s pod cannot be scheduled -- 0/24 nodes are available: 21 node(s) didn't match node selector, 3 Insufficient cpu, 3 Insufficient memory.
WARN: K8s pod cannot be scheduled -- 0/24 nodes are available: 21 node(s) didn't match node selector, 3 Insufficient cpu, 3 Insufficient memory.
[b4/54b6a0] Submitted process > preprocessing:preprocess (LE07_L1TP_183035_20000214_20170213_01_T1)
[38/6237c7] Submitted process > preprocessing:preprocess (LE07_L1TP_183035_20011014_20170202_01_T1)
[2a/2eef08] Submitted process > preprocessing:preprocess (LT05_L1TP_183035_19920826_20171214_01_T1)
[02/6a8b97] Submitted process > preprocessing:preprocess (LT05_L1TP_183035_20050408_20180311_01_T1)
[51/f01ff4] Submitted process > preprocessing:preprocess (LT05_L1TP_183035_20000105_20171212_01_T1)
WARN: K8s pod cannot be scheduled -- 0/24 nodes are available: 21 node(s) didn't match node selector, 3 Insufficient cpu, 3 Insufficient memory.
[fe/8bc537] Submitted process > preprocessing:preprocess (LT05_L1TP_183035_19881119_20180210_01_T1)
[8c/1e5c1f] Submitted process > preprocessing:preprocess (LT05_L1TP_183035_20050814_20180127_01_T1)
WARN: K8s pod cannot be scheduled -- 0/24 nodes are available: 21 node(s) didn't match node selector, 3 Insufficient cpu, 3 Insufficient memory.
[03/7e1d18] Submitted process > preprocessing:preprocess (LT05_L1TP_183035_19960805_20180210_01_T1)
[3d/bdeb57] Submitted process > preprocessing:preprocess (LT05_L1TP_183035_19940613_20180210_01_T1)
WARN: K8s pod cannot be scheduled -- 0/24 nodes are available: 21 node(s) didn't match node selector, 3 Insufficient cpu, 3 Insufficient memory.
[5b/98f3f7] Submitted process > preprocessing:preprocess (LT05_L1TP_183035_20010328_20180827_01_T1)
[58/392bcf] Submitted process > preprocessing:preprocess (LT05_L1TP_183035_20000121_20171214_01_T1)
WARN: K8s pod cannot be scheduled -- 0/24 nodes are available: 21 node(s) didn't match node selector, 3 Insufficient cpu, 3 Insufficient memory.
[cc/4391f0] Submitted process > preprocessing:preprocess (LT05_L1TP_183035_20060310_20180310_01_T1)
[ed/8b6146] Submitted process > preprocessing:preprocess (LT05_L1TP_183035_20000613_20171212_01_T1)
[d0/2a555f] Submitted process > preprocessing:preprocess (LT05_L1TP_183035_19910824_20180210_01_T1)
WARN: K8s pod cannot be scheduled -- 0/24 nodes are available: 21 node(s) didn't match node selector, 3 Insufficient cpu, 3 Insufficient memory.
[a0/fc997f] Submitted process > preprocessing:preprocess (LT05_L1TP_183035_19911112_20171214_01_T1)
WARN: K8s pod cannot be scheduled -- 0/24 nodes are available: 21 node(s) didn't match node selector, 3 Insufficient cpu, 3 Insufficient memory.
WARN: K8s pod cannot be scheduled -- 0/24 nodes are available: 21 node(s) didn't match node selector, 3 Insufficient cpu, 3 Insufficient memory.
[35/e16c33] Submitted process > preprocessing:preprocess (LT05_L1TP_183035_19861114_20170216_01_T1)
[51/39fd40] Submitted process > preprocessing:preprocess (LE07_L1TP_183035_20040225_20170122_01_T1)
[6f/8a99bb] Submitted process > preprocessing:preprocess (LT05_L1TP_183035_20060222_20180311_01_T1)
[02/da550f] Submitted process > preprocessing:preprocess (LT05_L1TP_183035_20030809_20161205_01_T1)
WARN: K8s pod cannot be scheduled -- 0/24 nodes are available: 21 node(s) didn't match node selector, 3 Insufficient cpu, 3 Insufficient memory.
[c9/628beb] Submitted process > preprocessing:preprocess (LT05_L1TP_183035_19871117_20180210_01_T1)
WARN: K8s pod cannot be scheduled -- 0/24 nodes are available: 21 node(s) didn't match node selector, 3 Insufficient cpu, 3 Insufficient memory.
[3f/920d12] Submitted process > preprocessing:preprocess (LT05_L1TP_183035_19900517_20180301_01_T1)
[35/017c85] Submitted process > preprocessing:preprocess (LT05_L1TP_183035_19931101_20180210_01_T1)
WARN: K8s pod cannot be scheduled -- 0/24 nodes are available: 21 node(s) didn't match node selector, 3 Insufficient cpu, 3 Insufficient memory.
[a4/a513a4] Submitted process > preprocessing:preprocess (LT05_L1TP_183035_19991204_20171214_01_T1)
WARN: K8s pod cannot be scheduled -- 0/24 nodes are available: 21 node(s) didn't match node selector, 3 Insufficient cpu, 3 Insufficient memory.
[d4/5e04e1] Submitted process > preprocessing:preprocess (LE07_L1TP_183035_20020118_20170201_01_T1)
[fd/12e8d9] Submitted process > preprocessing:preprocess (LE07_L1TP_183035_20000301_20170213_01_T1)
WARN: K8s pod cannot be scheduled -- 0/24 nodes are available: 21 node(s) didn't match node selector, 3 Insufficient cpu, 3 Insufficient memory.
WARN: K8s pod cannot be scheduled -- 0/24 nodes are available: 21 node(s) didn't match node selector, 3 Insufficient cpu, 3 Insufficient memory.
[aa/a2947c] Submitted process > preprocessing:preprocess (LE07_L1TP_183035_20040904_20170119_01_T1)
[bd/a4215d] Submitted process > preprocessing:preprocess (LE07_L1TP_183035_20010304_20170206_01_T1)
[51/4f42ae] Submitted process > preprocessing:preprocess (LE07_L1TP_183035_20001230_20170208_01_T1)
WARN: K8s pod cannot be scheduled -- 0/24 nodes are available: 21 node(s) didn't match node selector, 3 Insufficient cpu, 3 Insufficient memory.
[ee/5a9b53] Submitted process > preprocessing:preprocess (LT05_L1TP_183035_19900109_20180210_01_T1)
[2a/e593c4] Submitted process > preprocessing:preprocess (LT05_L1TP_183035_19891224_20180613_01_T1)
[8d/0ae305] Submitted process > preprocessing:preprocess (LT05_L1TP_183035_19961125_20180210_01_T1)
WARN: K8s pod cannot be scheduled -- 0/24 nodes are available: 21 node(s) didn't match node selector, 3 Insufficient cpu, 3 Insufficient memory.
[1a/c8a73c] Submitted process > preprocessing:preprocess (LE07_L1TP_183035_19990721_20170218_01_T1)
WARN: K8s pod cannot be scheduled -- 0/24 nodes are available: 21 node(s) didn't match node selector, 3 Insufficient cpu, 3 Insufficient memory.
[af/606da7] Submitted process > preprocessing:preprocess (LT05_L1TP_183035_19940325_20180210_01_T1)
[b2/f0a619] Submitted process > preprocessing:preprocess (LT05_L1TP_183035_20001104_20171210_01_T1)
[89/44d8f0] Submitted process > preprocessing:preprocess (LT05_L1TP_183035_19860130_20180210_01_T1)
WARN: K8s pod cannot be scheduled -- 0/24 nodes are available: 21 node(s) didn't match node selector, 3 Insufficient cpu, 3 Insufficient memory.
[e4/9cc48a] Submitted process > preprocessing:preprocess (LT05_L1TP_183035_19971027_20171208_01_T1)
WARN: K8s pod cannot be scheduled -- 0/24 nodes are available: 21 node(s) didn't match node selector, 3 Insufficient cpu, 3 Insufficient memory.
[80/f68367] Submitted process > preprocessing:preprocess (LE07_L1TP_183035_20000707_20170211_01_T1)
[73/7f3e06] Submitted process > preprocessing:preprocess (LT05_L1TP_183035_19840703_20171213_01_T1)
WARN: K8s pod cannot be scheduled -- 0/24 nodes are available: 21 node(s) didn't match node selector, 3 Insufficient cpu, 3 Insufficient memory.
[2a/6ec6ff] Submitted process > preprocessing:preprocess (LT05_L1TP_183035_19881018_20180210_01_T1)
WARN: K8s pod cannot be scheduled -- 0/24 nodes are available: 21 node(s) didn't match node selector, 3 Insufficient cpu, 3 Insufficient memory.
[0d/a3112b] Submitted process > preprocessing:preprocess (LT05_L1TP_183035_19871219_20180210_01_T1)
[d2/e15265] Submitted process > preprocessing:preprocess (LT05_L1TP_183035_19870813_20170211_01_T1)
WARN: K8s pod cannot be scheduled -- 0/24 nodes are available: 21 node(s) didn't match node selector, 3 Insufficient cpu, 3 Insufficient memory.
[be/ea3ea2] Submitted process > preprocessing:preprocess (LT05_L1TP_183035_19930626_20170717_01_T1)
WARN: K8s pod cannot be scheduled -- 0/24 nodes are available: 21 node(s) didn't match node selector, 3 Insufficient cpu, 3 Insufficient memory.
[17/2d94ae] Submitted process > preprocessing:preprocess (LT05_L1TP_183035_19980928_20170908_01_T1)
[ac/d868ca] Submitted process > preprocessing:preprocess (LE07_L1TP_183035_20010507_20170205_01_T1)
[02/905a12] Submitted process > preprocessing:preprocess (LT05_L1TP_183035_19950328_20180302_01_T1)
WARN: K8s pod cannot be scheduled -- 0/24 nodes are available: 21 node(s) didn't match node selector, 3 Insufficient cpu, 3 Insufficient memory.
[19/f22013] Submitted process > preprocessing:preprocess (LT05_L1TP_183035_19891106_20180210_01_T1)
WARN: K8s pod cannot be scheduled -- 0/24 nodes are available: 21 node(s) didn't match node selector, 3 Insufficient cpu, 3 Insufficient memory.
[a0/262da4] Submitted process > preprocessing:preprocess (LT05_L1TP_183035_19841210_20171213_01_T1)
[0e/4a2cb4] Submitted process > preprocessing:preprocess (LT05_L1TP_183035_19941003_20180210_01_T1)
[36/141b90] Submitted process > preprocessing:preprocess (LT05_L1TP_183035_20000512_20180501_01_T1)
WARN: K8s pod cannot be scheduled -- 0/24 nodes are available: 21 node(s) didn't match node selector, 3 Insufficient cpu, 3 Insufficient memory.
[1b/cf2943] Submitted process > preprocessing:preprocess (LT05_L1TP_183035_19860927_20180430_01_T1)
[9a/bd2207] Submitted process > preprocessing:preprocess (LT05_L1TP_183035_19940901_20180210_01_T1)
WARN: K8s pod cannot be scheduled -- 0/24 nodes are available: 21 node(s) didn't match node selector, 3 Insufficient cpu, 3 Insufficient memory.
[5d/686d4c] Submitted process > preprocessing:preprocess (LT05_L1TP_183035_19981201_20170504_01_T1)
[38/80b437] Submitted process > preprocessing:preprocess (LT05_L1TP_183035_19900501_20180210_01_T1)
[51/94e052] Submitted process > preprocessing:preprocess (LE07_L1TP_183035_20000402_20170212_01_T1)
WARN: K8s pod cannot be scheduled -- 0/24 nodes are available: 21 node(s) didn't match node selector, 3 Insufficient cpu, 3 Insufficient memory.
[56/154eda] Submitted process > preprocessing:preprocess (LT05_L1TP_183035_19900704_20180210_01_T1)
WARN: K8s pod cannot be scheduled -- 0/24 nodes are available: 21 node(s) didn't match node selector, 3 Insufficient cpu, 3 Insufficient memory.
[d7/f75114] Submitted process > preprocessing:preprocess (LT05_L1TP_183035_19940205_20180210_01_T1)
[65/a72aff] Submitted process > preprocessing:preprocess (LT05_L1TP_183035_19940715_20190714_01_T1)
WARN: K8s pod cannot be scheduled -- 0/24 nodes are available: 21 node(s) didn't match node selector, 3 Insufficient cpu, 3 Insufficient memory.
[4e/0de776] Submitted process > preprocessing:preprocess (LT05_L1TP_183035_19970128_20180210_01_T1)
[07/cf902a] Submitted process > preprocessing:preprocess (LE07_L1TP_183035_20000113_20170215_01_T1)
WARN: K8s pod cannot be scheduled -- 0/24 nodes are available: 21 node(s) didn't match node selector, 3 Insufficient cpu, 3 Insufficient memory.
[7b/ee7fbb] Submitted process > preprocessing:preprocess (LT05_L1TP_183035_20000426_20171210_01_T1)
WARN: K8s pod cannot be scheduled -- 0/24 nodes are available: 21 node(s) didn't match node selector, 3 Insufficient cpu, 3 Insufficient memory.
[17/ca8d61] Submitted process > preprocessing:preprocess (LE07_L1TP_183035_20041022_20170118_01_T1)
[dd/b20986] Submitted process > preprocessing:preprocess (LT05_L1TP_183035_19900125_20180210_01_T1)
WARN: K8s pod cannot be scheduled -- 0/24 nodes are available: 21 node(s) didn't match node selector, 3 Insufficient cpu, 3 Insufficient memory.
[dd/05556f] Submitted process > preprocessing:preprocess (LT05_L1TP_183035_20040320_20180310_01_T1)
[77/2d5189] Submitted process > preprocessing:preprocess (LT05_L1TP_183035_19880104_20171209_01_T1)
[ba/92d3c4] Submitted process > preprocessing:preprocess (LT05_L1TP_183035_19951006_20180210_01_T1)
[8c/69c01e] Submitted process > preprocessing:preprocess (LT05_L1TP_183035_20030910_20161204_01_T1)
WARN: K8s pod cannot be scheduled -- 0/24 nodes are available: 21 node(s) didn't match node selector, 3 Insufficient cpu, 3 Insufficient memory.
[ec/e92219] Submitted process > preprocessing:preprocess (LT05_L1TP_183035_19960330_20180210_01_T1)
[37/df1860] Submitted process > preprocessing:preprocess (LT05_L1TP_183035_19950803_20180210_01_T1)
WARN: K8s pod cannot be scheduled -- 0/24 nodes are available: 21 node(s) didn't match node selector, 3 Insufficient cpu, 3 Insufficient memory.
WARN: K8s pod cannot be scheduled -- 0/24 nodes are available: 21 node(s) didn't match node selector, 3 Insufficient cpu, 3 Insufficient memory.
[4b/8c26ea] Submitted process > preprocessing:preprocess (LE07_L1TP_183035_20030902_20170124_01_T1)
WARN: K8s pod cannot be scheduled -- 0/24 nodes are available: 21 node(s) didn't match node selector, 3 Insufficient cpu, 3 Insufficient memory.
[0c/ae75f1] Submitted process > preprocessing:preprocess (LT05_L1TP_183035_20030708_20161205_01_T1)
[df/a5a0f7] Submitted process > preprocessing:preprocess (LT05_L1TP_183035_19930728_20180210_01_T1)
[61/dc4d9a] Submitted process > preprocessing:preprocess (LT05_L1TP_183035_19930423_20180210_01_T1)
[f0/fee0dd] Submitted process > preprocessing:preprocess (LE07_L1TP_183035_20040718_20170120_01_T1)
WARN: K8s pod cannot be scheduled -- 0/24 nodes are available: 21 node(s) didn't match node selector, 3 Insufficient cpu, 3 Insufficient memory.
[d5/f65c03] Submitted process > preprocessing:preprocess (LT05_L1TP_183035_19990830_20180210_01_T1)
[5b/5012c4] Submitted process > preprocessing:preprocess (LE07_L1TP_183035_20010710_20170204_01_T1)
WARN: K8s pod cannot be scheduled -- 0/24 nodes are available: 21 node(s) didn't match node selector, 3 Insufficient cpu, 3 Insufficient memory.
WARN: K8s pod cannot be scheduled -- 0/24 nodes are available: 21 node(s) didn't match node selector, 3 Insufficient cpu, 3 Insufficient memory.
[57/09fe74] Submitted process > preprocessing:preprocess (LT05_L1TP_183035_20010803_20180501_01_T1)
[44/478fa5] Submitted process > preprocessing:preprocess (LT05_L1TP_183035_20060513_20180309_01_T1)
WARN: K8s pod cannot be scheduled -- 0/24 nodes are available: 21 node(s) didn't match node selector, 3 Insufficient cpu, 3 Insufficient memory.
[ab/e97361] Submitted process > preprocessing:preprocess (LE07_L1TP_183035_19990705_20170218_01_T1)
[44/445e2c] Submitted process > preprocessing:preprocess (LT05_L1TP_183035_20010819_20170921_01_T1)
[e5/6fd362] Submitted process > preprocessing:preprocess (LT05_L1TP_183035_19960602_20180210_01_T1)
WARN: K8s pod cannot be scheduled -- 0/24 nodes are available: 21 node(s) didn't match node selector, 3 Insufficient cpu, 3 Insufficient memory.
[84/23a164] Submitted process > preprocessing:preprocess (LE07_L1TP_183035_20031121_20170123_01_T1)
[fb/ab959b] Submitted process > preprocessing:preprocess (LT05_L1TP_183035_19890701_20180210_01_T1)
WARN: K8s pod cannot be scheduled -- 0/24 nodes are available: 21 node(s) didn't match node selector, 3 Insufficient cpu, 3 Insufficient memory.
[36/2a6f3b] Submitted process > preprocessing:preprocess (LT05_L1TP_183035_19880831_20180301_01_T1)
WARN: K8s pod cannot be scheduled -- 0/24 nodes are available: 21 node(s) didn't match node selector, 3 Insufficient cpu, 3 Insufficient memory.
[8f/906fbf] Submitted process > preprocessing:preprocess (LT05_L1TP_183035_19880730_20180112_01_T1)
[76/b49662] Submitted process > preprocessing:preprocess (LE07_L1TP_183035_20010624_20170204_01_T1)
[03/bb1dfe] Submitted process > preprocessing:preprocess (LT05_L1TP_183035_19890514_20180112_01_T1)
[9c/c8457f] Submitted process > preprocessing:preprocess (LE07_L1TP_183035_20060825_20170107_01_T1)
WARN: K8s pod cannot be scheduled -- 0/24 nodes are available: 21 node(s) didn't match node selector, 3 Insufficient cpu, 3 Insufficient memory.
[c4/145eb7] Submitted process > preprocessing:preprocess (LT05_L1TP_183035_20020806_20180624_01_T1)
[ed/e1da60] Submitted process > preprocessing:preprocess (LT05_L1TP_183035_20060630_20180309_01_T1)
WARN: K8s pod cannot be scheduled -- 0/24 nodes are available: 21 node(s) didn't match node selector, 3 Insufficient cpu, 3 Insufficient memory.
[93/ce509b] Submitted process > preprocessing:preprocess (LE07_L1TP_183035_20041225_20170116_01_T1)
[01/2d5bc9] Submitted process > preprocessing:preprocess (LE07_L1TP_183035_20010827_20170203_01_T1)
WARN: K8s pod cannot be scheduled -- 0/24 nodes are available: 21 node(s) didn't match node selector, 3 Insufficient cpu, 3 Insufficient memory.
[3b/1c7d48] Submitted process > preprocessing:preprocess (LT05_L1TP_183035_19991001_20171214_01_T1)
WARN: K8s pod cannot be scheduled -- 0/24 nodes are available: 21 node(s) didn't match node selector, 3 Insufficient cpu, 3 Insufficient memory.
[20/adf2cc] Submitted process > preprocessing:preprocess (LT05_L1TP_183035_19911027_20180210_01_T1)
WARN: K8s pod cannot be scheduled -- 0/24 nodes are available: 21 node(s) didn't match node selector, 3 Insufficient cpu, 3 Insufficient memory.
[f2/02e0d7] Submitted process > preprocessing:preprocess (LT05_L1TP_183035_19940426_20180210_01_T1)
[d7/76bf80] Submitted process > preprocessing:preprocess (LT05_L1TP_183035_19870610_20170212_01_T1)
[36/f9c41b] Submitted process > preprocessing:preprocess (LE07_L1TP_183035_20020611_20170129_01_T1)
[a9/14610e] Submitted process > preprocessing:preprocess (LE07_L1TP_183035_20021017_20170127_01_T1)
[3a/79f0c4] Submitted process > preprocessing:preprocess (LE07_L1TP_183035_19991212_20170215_01_T1)
WARN: K8s pod cannot be scheduled -- 0/24 nodes are available: 21 node(s) didn't match node selector, 3 Insufficient cpu, 3 Insufficient memory.
[4e/25a3da] Submitted process > preprocessing:preprocess (LT05_L1TP_183035_20001120_20171210_01_T1)
WARN: K8s pod cannot be scheduled -- 0/24 nodes are available: 21 node(s) didn't match node selector, 3 Insufficient cpu, 3 Insufficient memory.
[7a/858ec8] Submitted process > preprocessing:preprocess (LT05_L1TP_183035_19840617_20171213_01_T1)
WARN: K8s pod cannot be scheduled -- 0/24 nodes are available: 21 node(s) didn't match node selector, 3 Insufficient cpu, 3 Insufficient memory.
[03/7c3c9d] Submitted process > preprocessing:preprocess (LE07_L1TP_183035_19991025_20170216_01_T1)
[39/eed56c] Submitted process > preprocessing:preprocess (LE07_L1TP_183035_20000520_20170211_01_T1)
WARN: K8s pod cannot be scheduled -- 0/24 nodes are available: 21 node(s) didn't match node selector, 3 Insufficient cpu, 3 Insufficient memory.
[4c/a45480] Submitted process > preprocessing:preprocess (LT05_L1TP_183035_20010224_20180910_01_T1)
[8c/1730f1] Submitted process > preprocessing:preprocess (LT05_L1TP_183035_19981201_20171215_01_T1)
[ef/996daf] Submitted process > preprocessing:preprocess (LT05_L1TP_183035_19930712_20180210_01_T1)
WARN: K8s pod cannot be scheduled -- 0/24 nodes are available: 21 node(s) didn't match node selector, 3 Insufficient cpu, 3 Insufficient memory.
[19/fa0ee6] Submitted process > preprocessing:preprocess (LT05_L1TP_183035_19920810_20180210_01_T1)
WARN: K8s pod cannot be scheduled -- 0/24 nodes are available: 21 node(s) didn't match node selector, 3 Insufficient cpu, 3 Insufficient memory.
[06/2c1323] Submitted process > preprocessing:preprocess (LT05_L1TP_183035_19931117_20180210_01_T1)
WARN: K8s pod cannot be scheduled -- 0/24 nodes are available: 21 node(s) didn't match node selector, 3 Insufficient cpu, 3 Insufficient memory.
[a4/a38900] Submitted process > preprocessing:preprocess (LT04_L1TP_183035_19880128_20170209_01_T1)
[70/81cfd2] Submitted process > preprocessing:preprocess (LT05_L1TP_183035_19930829_20180210_01_T1)
[36/249f62] Submitted process > preprocessing:preprocess (LE07_L1TP_183035_20020408_20170131_01_T1)
[c9/f9966d] Submitted process > preprocessing:preprocess (LT05_L1TP_183035_19860826_20170216_01_T1)
WARN: K8s pod cannot be scheduled -- 0/24 nodes are available: 21 node(s) didn't match node selector, 3 Insufficient cpu, 3 Insufficient memory.
[b1/b65f4c] Submitted process > preprocessing:preprocess (LT05_L1TP_183035_20000309_20170908_01_T1)
[c8/848570] Submitted process > preprocessing:preprocess (LT05_L1TP_183035_19880815_20180210_01_T1)
[f6/881190] Submitted process > preprocessing:preprocess (LT05_L1TP_183035_19960227_20180210_01_T1)
WARN: K8s pod cannot be scheduled -- 0/24 nodes are available: 21 node(s) didn't match node selector, 3 Insufficient cpu, 3 Insufficient memory.
[bd/888a24] Submitted process > preprocessing:preprocess (LT05_L1TP_183035_19960922_20180210_01_T1)
WARN: K8s pod cannot be scheduled -- 0/24 nodes are available: 21 node(s) didn't match node selector, 3 Insufficient cpu, 3 Insufficient memory.
[5f/5a102a] Submitted process > preprocessing:preprocess (LT05_L1TP_183035_19880221_20170613_01_T1)
WARN: K8s pod cannot be scheduled -- 0/24 nodes are available: 21 node(s) didn't match node selector, 3 Insufficient cpu, 3 Insufficient memory.
[0d/9dcf0b] Submitted process > preprocessing:preprocess (LT05_L1TP_183035_20050118_20180128_01_T1)
[fd/6503eb] Submitted process > preprocessing:preprocess (LE07_L1TP_183035_20020102_20170201_01_T1)
[3e/a44dbc] Submitted process > preprocessing:preprocess (LT05_L1TP_183035_20000222_20171214_01_T1)
WARN: K8s pod cannot be scheduled -- 0/24 nodes are available: 21 node(s) didn't match node selector, 3 Insufficient cpu, 3 Insufficient memory.
[04/357505] Submitted process > preprocessing:preprocess (LT05_L1TP_183035_19950224_20180210_01_T1)
[13/8c7505] Submitted process > preprocessing:preprocess (LT05_L1TP_183035_19990510_20180210_01_T1)
[1a/7d6312] Submitted process > preprocessing:preprocess (LT05_L1TP_183035_19980912_20170504_01_T1)
WARN: K8s pod cannot be scheduled -- 0/24 nodes are available: 21 node(s) didn't match node selector, 3 Insufficient cpu, 3 Insufficient memory.
[5b/30207a] Submitted process > preprocessing:preprocess (LE07_L1TP_183035_20031207_20170123_01_T1)
[bc/948e9b] Submitted process > preprocessing:preprocess (LE07_L1TP_183035_20020219_20170201_01_T1)
[c4/cb8007] Submitted process > preprocessing:preprocess (LT05_L1TP_183035_19960704_20180613_01_T1)
WARN: K8s pod cannot be scheduled -- 0/24 nodes are available: 21 node(s) didn't match node selector, 3 Insufficient cpu, 3 Insufficient memory.
[4a/205e6f] Submitted process > preprocessing:preprocess (LE07_L1TP_183035_20020830_20170128_01_T1)
WARN: K8s pod cannot be scheduled -- 0/24 nodes are available: 21 node(s) didn't match node selector, 3 Insufficient cpu, 3 Insufficient memory.
[bc/284840] Submitted process > preprocessing:preprocess (LE07_L1TP_183035_20010928_20170203_01_T1)
WARN: K8s pod cannot be scheduled -- 0/24 nodes are available: 21 node(s) didn't match node selector, 3 Insufficient cpu, 3 Insufficient memory.
[aa/cd2d60] Submitted process > preprocessing:preprocess (LT05_L1TP_183035_20040116_20180312_01_T1)
WARN: K8s pod cannot be scheduled -- 0/24 nodes are available: 21 node(s) didn't match node selector, 3 Insufficient cpu, 3 Insufficient memory.
[ba/db87a9] Submitted process > preprocessing:preprocess (LT05_L1TP_183035_19940410_20180219_01_T1)
[c7/a26f5d] Submitted process > preprocessing:preprocess (LT05_L1TP_183035_20000901_20180312_01_T1)
WARN: K8s pod cannot be scheduled -- 0/24 nodes are available: 21 node(s) didn't match node selector, 3 Insufficient cpu, 3 Insufficient memory.
[0e/e91a00] Submitted process > preprocessing:preprocess (LT05_L1TP_183035_19980608_20180810_01_T1)
WARN: K8s pod cannot be scheduled -- 0/24 nodes are available: 21 node(s) didn't match node selector, 3 Insufficient cpu, 3 Insufficient memory.
[0d/2925a1] Submitted process > preprocessing:preprocess (LT05_L1TP_183035_19930202_20200626_01_T1)
[f1/229973] Submitted process > preprocessing:preprocess (LT05_L1TP_183035_20040624_20180310_01_T1)
[9c/666884] Submitted process > preprocessing:preprocess (LT05_L1TP_183035_19850604_20171212_01_T1)
[86/53aa43] Submitted process > preprocessing:preprocess (LT05_L1TP_183035_20020721_20180616_01_T1)
WARN: K8s pod cannot be scheduled -- 0/24 nodes are available: 21 node(s) didn't match node selector, 3 Insufficient cpu, 3 Insufficient memory.
[bf/bc7381] Submitted process > preprocessing:preprocess (LE07_L1TP_183035_20010726_20170204_01_T1)
[cf/a0faa9] Submitted process > preprocessing:preprocess (LT05_L1TP_183035_19870829_20170211_01_T1)
WARN: K8s pod cannot be scheduled -- 0/24 nodes are available: 21 node(s) didn't match node selector, 3 Insufficient cpu, 3 Insufficient memory.
[85/c3aa56] Submitted process > preprocessing:preprocess (LT05_L1TP_183035_19990915_20180210_01_T1)
[ab/7f2710] Submitted process > preprocessing:preprocess (LT05_L1TP_183035_19940528_20180210_01_T1)
[cb/d56be3] Submitted process > preprocessing:preprocess (LT05_L1TP_183035_19951123_20180210_01_T1)
WARN: K8s pod cannot be scheduled -- 0/24 nodes are available: 21 node(s) didn't match node selector, 3 Insufficient cpu, 3 Insufficient memory.
[6e/bc2b74] Submitted process > preprocessing:preprocess (LT05_L1TP_183035_20040201_20180310_01_T1)
[77/0972ca] Submitted process > preprocessing:preprocess (LT05_L1TP_183035_20060902_20180309_01_T1)
WARN: K8s pod cannot be scheduled -- 0/24 nodes are available: 21 node(s) didn't match node selector, 3 Insufficient cpu, 3 Insufficient memory.
[14/c3726d] Submitted process > preprocessing:preprocess (LE07_L1TP_183035_20030427_20170125_01_T1)
[42/97a271] Submitted process > preprocessing:preprocess (LE07_L1TP_183035_20050315_20170115_01_T1)
WARN: K8s pod cannot be scheduled -- 0/24 nodes are available: 21 node(s) didn't match node selector, 3 Insufficient cpu, 3 Insufficient memory.
[93/862436] Submitted process > preprocessing:preprocess (LE07_L1TP_183035_20020814_20170129_01_T1)
WARN: K8s pod cannot be scheduled -- 0/24 nodes are available: 21 node(s) didn't match node selector, 3 Insufficient cpu, 3 Insufficient memory.
[26/c2ba22] Submitted process > preprocessing:preprocess (LT05_L1TP_183035_19920115_20180210_01_T1)
[f4/4808ca] Submitted process > preprocessing:preprocess (LT05_L1TP_183035_19980726_20180810_01_T1)
WARN: K8s pod cannot be scheduled -- 0/24 nodes are available: 21 node(s) didn't match node selector, 3 Insufficient cpu, 3 Insufficient memory.
[11/d60a12] Submitted process > preprocessing:preprocess (LT05_L1TP_183035_19990611_20170504_01_T1)
WARN: K8s pod cannot be scheduled -- 0/24 nodes are available: 21 node(s) didn't match node selector, 3 Insufficient cpu, 3 Insufficient memory.
[0d/6e32da] Submitted process > preprocessing:preprocess (LT05_L1TP_183035_19950904_20180210_01_T1)
[a5/b1b2c9] Submitted process > preprocessing:preprocess (LT05_L1TP_183035_19900314_20171214_01_T1)
WARN: K8s pod cannot be scheduled -- 0/24 nodes are available: 21 node(s) didn't match node selector, 3 Insufficient cpu, 3 Insufficient memory.
[73/fbac96] Submitted process > preprocessing:preprocess (LT05_L1TP_183035_19860810_20170216_01_T1)
WARN: K8s pod cannot be scheduled -- 0/24 nodes are available: 21 node(s) didn't match node selector, 3 Insufficient cpu, 3 Insufficient memory.
[ea/273a11] Submitted process > preprocessing:preprocess (LT05_L1TP_183035_20000816_20180913_01_T1)
[e2/3aaa61] Submitted process > preprocessing:preprocess (LT05_L1TP_183035_20031012_20161204_01_T1)
[62/3a58cc] Submitted process > preprocessing:preprocess (LT05_L1TP_183035_19910605_20170808_01_T1)
WARN: K8s pod cannot be scheduled -- 0/24 nodes are available: 21 node(s) didn't match node selector, 3 Insufficient cpu, 3 Insufficient memory.
[55/9113de] Submitted process > preprocessing:preprocess (LE07_L1TP_183035_20020424_20170130_01_T1)
WARN: K8s pod cannot be scheduled -- 0/24 nodes are available: 21 node(s) didn't match node selector, 3 Insufficient cpu, 3 Insufficient memory.
[bc/80d097] Submitted process > preprocessing:preprocess (LE07_L1TP_183035_19990806_20170218_01_T1)
[02/61b20c] Submitted process > preprocessing:preprocess (LT05_L1TP_183035_19981014_20170717_01_T1)
[af/d038cb] Submitted process > preprocessing:preprocess (LT05_L1TP_183035_20010702_20180311_01_T1)
[2c/7f2f09] Submitted process > preprocessing:preprocess (LT05_L1TP_183035_19900720_20180210_01_T1)
WARN: K8s pod cannot be scheduled -- 0/24 nodes are available: 21 node(s) didn't match node selector, 3 Insufficient cpu, 3 Insufficient memory.
[75/c788d5] Submitted process > preprocessing:preprocess (LT05_L1TP_183035_19860522_20170217_01_T1)
WARN: K8s pod cannot be scheduled -- 0/24 nodes are available: 21 node(s) didn't match node selector, 3 Insufficient cpu, 3 Insufficient memory.
[bb/663fc3] Submitted process > preprocessing:preprocess (LT05_L1TP_183035_19850401_20171213_01_T1)
[4b/809074] Submitted process > preprocessing:preprocess (LT05_L1TP_183035_19950107_20180210_01_T1)
[13/e42142] Submitted process > preprocessing:preprocess (LT05_L1TP_183035_19911230_20170908_01_T1)
WARN: K8s pod cannot be scheduled -- 0/24 nodes are available: 21 node(s) didn't match node selector, 3 Insufficient cpu, 3 Insufficient memory.
[29/7d34d8] Submitted process > preprocessing:preprocess (LT05_L1TP_183035_19950531_20180210_01_T1)
[d3/ef73e7] Submitted process > preprocessing:preprocess (LT05_L1TP_183035_19890327_20170908_01_T1)
[5b/a29953] Submitted process > preprocessing:preprocess (LE07_L1TP_183035_20040920_20170119_01_T1)
WARN: K8s pod cannot be scheduled -- 0/24 nodes are available: 21 node(s) didn't match node selector, 3 Insufficient cpu, 3 Insufficient memory.
[98/0ba712] Submitted process > preprocessing:preprocess (LT05_L1TP_183035_20041115_20180310_01_T1)
[5c/0b8bfc] Submitted process > preprocessing:preprocess (LT05_L1TP_183035_20010531_20180726_01_T1)
WARN: K8s pod cannot be scheduled -- 0/24 nodes are available: 21 node(s) didn't match node selector, 3 Insufficient cpu, 3 Insufficient memory.
[23/ccf0c0] Submitted process > preprocessing:preprocess (LT05_L1TP_183035_19900821_20170613_01_T1)
[6e/dbbf5f] Submitted process > preprocessing:preprocess (LT05_L1TP_183035_19890311_20170717_01_T1)
WARN: K8s pod cannot be scheduled -- 0/24 nodes are available: 21 node(s) didn't match node selector, 3 Insufficient cpu, 3 Insufficient memory.
[37/ee30ea] Submitted process > preprocessing:preprocess (LT05_L1TP_183035_19950819_20180210_01_T1)
[9d/273488] Submitted process > preprocessing:preprocess (LT05_L1TP_183035_19891208_20180210_01_T1)
[0f/d639dd] Submitted process > preprocessing:preprocess (LT05_L1TP_183035_19960906_20180210_01_T1)
WARN: K8s pod cannot be scheduled -- 0/24 nodes are available: 21 node(s) didn't match node selector, 3 Insufficient cpu, 3 Insufficient memory.
[38/b09aca] Submitted process > preprocessing:preprocess (LT05_L1TP_183035_19940715_20180210_01_T1)
WARN: K8s pod cannot be scheduled -- 0/24 nodes are available: 21 node(s) didn't match node selector, 3 Insufficient cpu, 3 Insufficient memory.
WARN: K8s pod cannot be scheduled -- 0/24 nodes are available: 21 node(s) didn't match node selector, 3 Insufficient cpu, 3 Insufficient memory.
[f1/be1883] Submitted process > preprocessing:preprocess (LT05_L1TP_183035_19980216_20180210_01_T1)
[3c/72c33e] Submitted process > preprocessing:preprocess (LT05_L1TP_183035_20030825_20161204_01_T1)
[64/7dab6f] Submitted process > preprocessing:preprocess (LT05_L1TP_183035_19920319_20180210_01_T1)
WARN: K8s pod cannot be scheduled -- 0/24 nodes are available: 21 node(s) didn't match node selector, 3 Insufficient cpu, 3 Insufficient memory.
[05/af5a21] Submitted process > preprocessing:preprocess (LT05_L1TP_183035_19840719_20171213_01_T1)
[ef/15bf5f] Submitted process > preprocessing:preprocess (LT05_L1TP_183035_19910925_20170717_01_T1)
[68/d44516] Submitted process > preprocessing:preprocess (LT05_L1TP_183035_19970824_20180210_01_T1)
WARN: K8s pod cannot be scheduled -- 0/24 nodes are available: 21 node(s) didn't match node selector, 3 Insufficient cpu, 3 Insufficient memory.
WARN: K8s pod cannot be scheduled -- 0/24 nodes are available: 21 node(s) didn't match node selector, 3 Insufficient cpu, 3 Insufficient memory.
[77/35ea3b] Submitted process > preprocessing:preprocess (LT05_L1TP_183035_19851127_20171212_01_T1)
WARN: K8s pod cannot be scheduled -- 0/24 nodes are available: 21 node(s) didn't match node selector, 3 Insufficient cpu, 3 Insufficient memory.
WARN: K8s pod cannot be scheduled -- 0/24 nodes are available: 21 node(s) didn't match node selector, 3 Insufficient cpu, 3 Insufficient memory.
[90/3cedaa] Submitted process > preprocessing:preprocess (LT05_L1TP_183035_19870525_20170212_01_T1)
[37/226e98] Submitted process > preprocessing:preprocess (LE07_L1TP_183035_20050227_20170117_01_T1)
[4b/b5ea88] Submitted process > preprocessing:preprocess (LT05_L1TP_183035_19940629_20180210_01_T1)
[03/027a31] Submitted process > preprocessing:preprocess (LT05_L1TP_183035_19911214_20180301_01_T1)
[4e/3fc872] Submitted process > preprocessing:preprocess (LT05_L1TP_183035_19961109_20180210_01_T1)
WARN: K8s pod cannot be scheduled -- 0/24 nodes are available: 21 node(s) didn't match node selector, 3 Insufficient cpu, 3 Insufficient memory.
[a6/30e3be] Submitted process > preprocessing:preprocess (LT05_L1TP_183035_19981014_20180821_01_T1)
WARN: K8s pod cannot be scheduled -- 0/24 nodes are available: 21 node(s) didn't match node selector, 3 Insufficient cpu, 3 Insufficient memory.
[8e/f7539b] Submitted process > preprocessing:preprocess (LT05_L1TP_183035_19841023_20170220_01_T1)
WARN: K8s pod cannot be scheduled -- 0/24 nodes are available: 21 node(s) didn't match node selector, 3 Insufficient cpu, 3 Insufficient memory.
[62/796606] Submitted process > preprocessing:preprocess (LT05_L1TP_183035_20020619_20180616_01_T1)
WARN: K8s pod cannot be scheduled -- 0/24 nodes are available: 21 node(s) didn't match node selector, 3 Insufficient cpu, 3 Insufficient memory.
[82/cc71d6] Submitted process > preprocessing:preprocess (LE07_L1TP_183035_20020203_20170201_01_T1)
[7a/778c95] Submitted process > preprocessing:preprocess (LT05_L1TP_183035_19881002_20170717_01_T1)
[21/c2f1c0] Submitted process > preprocessing:preprocess (LT05_L1TP_183035_19900330_20180210_01_T1)
WARN: K8s pod cannot be scheduled -- 0/24 nodes are available: 21 node(s) didn't match node selector, 3 Insufficient cpu, 3 Insufficient memory.
[5c/57501b] Submitted process > preprocessing:preprocess (LE07_L1TP_183035_20000808_20170210_01_T1)
WARN: K8s pod cannot be scheduled -- 0/24 nodes are available: 21 node(s) didn't match node selector, 3 Insufficient cpu, 3 Insufficient memory.
[77/eed2a2] Submitted process > preprocessing:preprocess (LT05_L1TP_183035_20010429_20180311_01_T1)
[f8/d788ad] Submitted process > preprocessing:preprocess (LT05_L1TP_183035_20010208_20180311_01_T1)
WARN: K8s pod cannot be scheduled -- 0/24 nodes are available: 21 node(s) didn't match node selector, 3 Insufficient cpu, 3 Insufficient memory.
[47/b643ea] Submitted process > preprocessing:preprocess (LT05_L1TP_183035_20060817_20180310_01_T1)
[5c/447abf] Submitted process > preprocessing:preprocess (LT05_L1TP_183035_19840820_20170220_01_T1)
[c0/311a1e] Submitted process > preprocessing:preprocess (LT05_L1TP_183035_19890717_20180210_01_T1)
WARN: K8s pod cannot be scheduled -- 0/24 nodes are available: 21 node(s) didn't match node selector, 3 Insufficient cpu, 3 Insufficient memory.
[5c/20a951] Submitted process > preprocessing:preprocess (LT05_L1TP_183035_19960618_20180210_01_T1)
[8e/4742e0] Submitted process > preprocessing:preprocess (LE07_L1TP_183035_20060505_20170109_01_T1)
WARN: K8s pod cannot be scheduled -- 0/24 nodes are available: 21 node(s) didn't match node selector, 3 Insufficient cpu, 3 Insufficient memory.
[7b/74fab9] Submitted process > preprocessing:preprocess (LT05_L1TP_183035_19870914_20180219_01_T1)
[1f/63c5ca] Submitted process > preprocessing:preprocess (LE07_L1TP_183035_19990822_20170217_01_T1)
WARN: K8s pod cannot be scheduled -- 0/24 nodes are available: 21 node(s) didn't match node selector, 3 Insufficient cpu, 3 Insufficient memory.
[9b/74b681] Submitted process > preprocessing:preprocess (LE07_L1TP_183035_20040819_20170119_01_T1)
WARN: K8s pod cannot be scheduled -- 0/24 nodes are available: 21 node(s) didn't match node selector, 3 Insufficient cpu, 3 Insufficient memory.
[6a/375641] Submitted process > preprocessing:preprocess (LT05_L1TP_183035_19910112_20180219_01_T1)
[e1/667713] Submitted process > preprocessing:preprocess (LE07_L1TP_183035_20010811_20170204_01_T1)
[ec/4d898a] Submitted process > preprocessing:preprocess (LT05_L1TP_182035_19890507_20180620_01_T1)
[f9/5ff796] Submitted process > preprocessing:preprocess (LT05_L1TP_182035_20060607_20180310_01_T1)
WARN: K8s pod cannot be scheduled -- 0/24 nodes are available: 21 node(s) didn't match node selector, 3 Insufficient cpu, 3 Insufficient memory.
WARN: K8s pod cannot be scheduled -- 0/24 nodes are available: 21 node(s) didn't match node selector, 3 Insufficient cpu, 3 Insufficient memory.
[95/cf13df] Submitted process > preprocessing:preprocess (LT04_L1TP_182035_19891209_20170201_01_T1)
[e4/14582e] Submitted process > preprocessing:preprocess (LT05_L1TP_182035_19960915_20180210_01_T1)
[0a/809573] Submitted process > preprocessing:preprocess (LE07_L1TP_182035_19990730_20170218_01_T1)
WARN: K8s pod cannot be scheduled -- 0/24 nodes are available: 21 node(s) didn't match node selector, 3 Insufficient cpu, 3 Insufficient memory.
[ec/d60a4a] Submitted process > preprocessing:preprocess (LE07_L1TP_182035_20051002_20170112_01_T1)
WARN: K8s pod cannot be scheduled -- 0/24 nodes are available: 21 node(s) didn't match node selector, 3 Insufficient cpu, 3 Insufficient memory.
[c8/58ae11] Submitted process > preprocessing:preprocess (LT05_L1TP_182035_20040617_20180311_01_T1)
[a0/d3c78e] Submitted process > preprocessing:preprocess (LT05_L1TP_182035_20010727_20161210_01_T1)
[62/9c1eb1] Submitted process > preprocessing:preprocess (LE07_L1TP_182035_19991221_20170215_01_T1)
[b8/814375] Submitted process > preprocessing:preprocess (LT05_L1TP_182035_19970817_20180210_01_T1)
WARN: K8s pod cannot be scheduled -- 0/24 nodes are available: 21 node(s) didn't match node selector, 3 Insufficient cpu, 3 Insufficient memory.
[4f/2f0356] Submitted process > preprocessing:preprocess (LT05_L1TP_182035_19950305_20180210_01_T1)
WARN: K8s pod cannot be scheduled -- 0/24 nodes are available: 21 node(s) didn't match node selector, 3 Insufficient cpu, 3 Insufficient memory.
[d6/5bc275] Submitted process > preprocessing:preprocess (LE07_L1TP_182035_20060514_20170108_01_T1)
WARN: K8s pod cannot be scheduled -- 0/24 nodes are available: 21 node(s) didn't match node selector, 3 Insufficient cpu, 3 Insufficient memory.
[6d/135a62] Submitted process > preprocessing:preprocess (LT05_L1TP_182035_19890304_20180302_01_T1)
[4b/755ee4] Submitted process > preprocessing:preprocess (LE07_L1TP_182035_20000614_20170211_01_T1)
WARN: K8s pod cannot be scheduled -- 0/24 nodes are available: 21 node(s) didn't match node selector, 3 Insufficient cpu, 3 Insufficient memory.
[94/50e853] Submitted process > preprocessing:preprocess (LE07_L1TP_182035_20010209_20170207_01_T1)
[b0/2d8110] Submitted process > preprocessing:preprocess (LT05_L1TP_182035_19901118_20180210_01_T1)
[99/025911] Submitted process > preprocessing:preprocess (LE07_L1TP_182035_20000326_20170212_01_T1)
[ca/f7f891] Submitted process > preprocessing:preprocess (LT05_L1TP_182035_19940809_20200430_01_T1)
WARN: K8s pod cannot be scheduled -- 0/24 nodes are available: 21 node(s) didn't match node selector, 3 Insufficient cpu, 3 Insufficient memory.
[44/7d0eb4] Submitted process > preprocessing:preprocess (LT05_L1TP_182035_19860920_20180430_01_T1)
[06/cd6201] Submitted process > preprocessing:preprocess (LE07_L1TP_182035_20030303_20170126_01_T1)
WARN: K8s pod cannot be scheduled -- 0/24 nodes are available: 21 node(s) didn't match node selector, 3 Insufficient cpu, 3 Insufficient memory.
[96/b7d42c] Submitted process > preprocessing:preprocess (LT05_L1TP_182035_19881011_20180210_01_T1)
WARN: K8s pod cannot be scheduled -- 0/24 nodes are available: 21 node(s) didn't match node selector, 3 Insufficient cpu, 3 Insufficient memory.
[64/c2c40a] Submitted process > preprocessing:preprocess (LT05_L1TP_182035_19911004_20180210_01_T1)
[e1/c04342] Submitted process > preprocessing:preprocess (LT05_L1TP_182035_19960103_20180210_01_T1)
WARN: K8s pod cannot be scheduled -- 0/24 nodes are available: 21 node(s) didn't match node selector, 3 Insufficient cpu, 3 Insufficient memory.
[99/073607] Submitted process > preprocessing:preprocess (LT05_L1TP_182035_19980703_20171214_01_T1)
[98/2ad507] Submitted process > preprocessing:preprocess (LT05_L1TP_182035_20060522_20180310_01_T1)
[cc/127cd3] Submitted process > preprocessing:preprocess (LT05_L1TP_182035_20010625_20180929_01_T1)
[d4/b14be2] Submitted process > preprocessing:preprocess (LT05_L1TP_182035_19971223_20180210_01_T1)
WARN: K8s pod cannot be scheduled -- 0/24 nodes are available: 21 node(s) didn't match node selector, 3 Insufficient cpu, 3 Insufficient memory.
[fa/2205f4] Submitted process > preprocessing:preprocess (LT05_L1TP_182035_19900814_20170128_01_T1)
[07/00bf13] Submitted process > preprocessing:preprocess (LE07_L1TP_182035_20050628_20170115_01_T1)
[de/e8babc] Submitted process > preprocessing:preprocess (LE07_L1TP_182035_20030114_20170213_01_T1)
WARN: K8s pod cannot be scheduled -- 0/24 nodes are available: 21 node(s) didn't match node selector, 3 Insufficient cpu, 3 Insufficient memory.
WARN: K8s pod cannot be scheduled -- 0/24 nodes are available: 21 node(s) didn't match node selector, 3 Insufficient cpu, 3 Insufficient memory.
[85/c01c05] Submitted process > preprocessing:preprocess (LE07_L1TP_182035_20001105_20170209_01_T1)
[36/ae4fcf] Submitted process > preprocessing:preprocess (LT05_L1TP_182035_19950913_20180210_01_T1)
WARN: K8s pod cannot be scheduled -- 0/24 nodes are available: 21 node(s) didn't match node selector, 3 Insufficient cpu, 3 Insufficient memory.
[55/2902f9] Submitted process > preprocessing:preprocess (LT05_L1TP_182035_19981007_20180821_01_T1)
[ad/8ac0fe] Submitted process > preprocessing:preprocess (LE07_L1TP_182035_19990916_20170217_01_T1)
WARN: K8s pod cannot be scheduled -- 0/24 nodes are available: 21 node(s) didn't match node selector, 3 Insufficient cpu, 3 Insufficient memory.
[f8/5e972b] Submitted process > preprocessing:preprocess (LT05_L1TP_182035_19981023_20170717_01_T1)
[f3/ab3aa8] Submitted process > preprocessing:preprocess (LT05_L1TP_182035_19910105_20180210_01_T1)
[c0/56b9d5] Submitted process > preprocessing:preprocess (LT05_L1TP_182035_20051111_20180126_01_T1)
WARN: K8s pod cannot be scheduled -- 0/24 nodes are available: 21 node(s) didn't match node selector, 3 Insufficient cpu, 3 Insufficient memory.
WARN: K8s pod cannot be scheduled -- 0/24 nodes are available: 21 node(s) didn't match node selector, 3 Insufficient cpu, 3 Insufficient memory.
[7c/bdb3e5] Submitted process > preprocessing:preprocess (LE07_L1TP_182035_20011124_20170213_01_T1)
WARN: K8s pod cannot be scheduled -- 0/24 nodes are available: 21 node(s) didn't match node selector, 3 Insufficient cpu, 3 Insufficient memory.
[ec/affe0f] Submitted process > preprocessing:preprocess (LT05_L1TP_182035_19890115_20180613_01_T1)
[99/e4147b] Submitted process > preprocessing:preprocess (LT05_L1TP_182035_19910716_20171208_01_T1)
[5c/ea8feb] Submitted process > preprocessing:preprocess (LT05_L1TP_182035_19941113_20180210_01_T1)
[9e/4f1747] Submitted process > preprocessing:preprocess (LE07_L1TP_182035_20031130_20170123_01_T1)
WARN: K8s pod cannot be scheduled -- 0/24 nodes are available: 21 node(s) didn't match node selector, 3 Insufficient cpu, 3 Insufficient memory.
[f8/c4e695] Submitted process > preprocessing:preprocess (LT05_L1TP_182035_20000521_20180914_01_T1)
[2f/ec98f5] Submitted process > preprocessing:preprocess (LE07_L1TP_182035_20000207_20170213_01_T1)
[b5/3ee644] Submitted process > preprocessing:preprocess (LT05_L1TP_182035_19970716_20180210_01_T1)
WARN: K8s pod cannot be scheduled -- 0/24 nodes are available: 21 node(s) didn't match node selector, 3 Insufficient cpu, 3 Insufficient memory.
WARN: K8s pod cannot be scheduled -- 0/24 nodes are available: 21 node(s) didn't match node selector, 3 Insufficient cpu, 3 Insufficient memory.
[07/74f30c] Submitted process > preprocessing:preprocess (LT05_L1TP_182035_19961220_20180210_01_T1)
WARN: K8s pod cannot be scheduled -- 0/24 nodes are available: 21 node(s) didn't match node selector, 3 Insufficient cpu, 3 Insufficient memory.
[c8/7c45fb] Submitted process > preprocessing:preprocess (LT05_L1TP_182035_19900713_20180210_01_T1)
[86/108ecb] Submitted process > preprocessing:preprocess (LT05_L1TP_182035_19910529_20180113_01_T1)
WARN: K8s pod cannot be scheduled -- 0/24 nodes are available: 21 node(s) didn't match node selector, 3 Insufficient cpu, 3 Insufficient memory.
[04/463251] Submitted process > preprocessing:preprocess (LT05_L1TP_182035_19920920_20180302_01_T1)
[7d/d87514] Submitted process > preprocessing:preprocess (LE07_L1TP_182035_20060530_20170108_01_T1)
[d3/5d1968] Submitted process > preprocessing:preprocess (LE07_L1TP_182035_20051205_20170111_01_T1)
WARN: K8s pod cannot be scheduled -- 0/24 nodes are available: 21 node(s) didn't match node selector, 3 Insufficient cpu, 3 Insufficient memory.
WARN: K8s pod cannot be scheduled -- 0/24 nodes are available: 21 node(s) didn't match node selector, 3 Insufficient cpu, 3 Insufficient memory.
[11/8f3f6a] Submitted process > preprocessing:preprocess (LT05_L1TP_182035_19840509_20171214_01_T1)
[50/5360ef] Submitted process > preprocessing:preprocess (LT05_L1TP_182035_20020714_20180902_01_T1)
WARN: K8s pod cannot be scheduled -- 0/24 nodes are available: 21 node(s) didn't match node selector, 3 Insufficient cpu, 3 Insufficient memory.
[7e/ef6f37] Submitted process > preprocessing:preprocess (LT05_L1TP_182035_19960627_20180210_01_T1)
[1f/500e4c] Submitted process > preprocessing:preprocess (LE07_L1TP_182035_20011007_20170203_01_T1)
[2c/9f110b] Submitted process > preprocessing:preprocess (LT05_L1TP_182035_20000926_20171211_01_T1)
WARN: K8s pod cannot be scheduled -- 0/24 nodes are available: 21 node(s) didn't match node selector, 3 Insufficient cpu, 3 Insufficient memory.
[65/523685] Submitted process > preprocessing:preprocess (LT05_L1TP_182035_19941231_20180210_01_T1)
WARN: K8s pod cannot be scheduled -- 0/24 nodes are available: 21 node(s) didn't match node selector, 3 Insufficient cpu, 3 Insufficient memory.
[5e/148803] Submitted process > preprocessing:preprocess (LT05_L1TP_182035_19900323_20180210_01_T1)
[8f/6d0837] Submitted process > preprocessing:preprocess (LT05_L1TP_182035_20000708_20171210_01_T1)
WARN: K8s pod cannot be scheduled -- 0/24 nodes are available: 21 node(s) didn't match node selector, 3 Insufficient cpu, 3 Insufficient memory.
[a4/f732d7] Submitted process > preprocessing:preprocess (LT05_L1TP_182035_19980905_20171208_01_T1)
[95/d90b58] Submitted process > preprocessing:preprocess (LE07_L1TP_182035_20020228_20170131_01_T1)
[fe/faec32] Submitted process > preprocessing:preprocess (LT05_L1TP_182035_19870705_20170212_01_T1)
WARN: K8s pod cannot be scheduled -- 0/24 nodes are available: 21 node(s) didn't match node selector, 3 Insufficient cpu, 3 Insufficient memory.
[34/a0ce87] Submitted process > preprocessing:preprocess (LT05_L1TP_182035_19880113_20170907_01_T1)
WARN: K8s pod cannot be scheduled -- 0/24 nodes are available: 21 node(s) didn't match node selector, 3 Insufficient cpu, 3 Insufficient memory.
[db/2dbc1f] Submitted process > preprocessing:preprocess (LT05_L1TP_182035_20010422_20180311_01_T1)
[17/980931] Submitted process > preprocessing:preprocess (LT05_L1TP_182035_19940129_20171214_01_T1)
[c6/76eb69] Submitted process > preprocessing:preprocess (LT05_L1TP_182035_19930721_20180210_01_T1)
WARN: K8s pod cannot be scheduled -- 0/24 nodes are available: 21 node(s) didn't match node selector, 3 Insufficient cpu, 3 Insufficient memory.
[8b/0c91ba] Submitted process > preprocessing:preprocess (LT05_L1TP_182035_19950828_20201112_01_T1)
WARN: K8s pod cannot be scheduled -- 0/24 nodes are available: 21 node(s) didn't match node selector, 3 Insufficient cpu, 3 Insufficient memory.
[68/8584a5] Submitted process > preprocessing:preprocess (LT05_L1TP_182035_19880129_20180210_01_T1)
[94/8e126b] Submitted process > preprocessing:preprocess (LT05_L1TP_182035_19940521_20180210_01_T1)
[cc/dc71cc] Submitted process > preprocessing:preprocess (LT05_L1TP_182035_19951202_20170907_01_T1)
WARN: K8s pod cannot be scheduled -- 0/24 nodes are available: 21 node(s) didn't match node selector, 3 Insufficient cpu, 3 Insufficient memory.
WARN: K8s pod cannot be scheduled -- 0/24 nodes are available: 21 node(s) didn't match node selector, 3 Insufficient cpu, 3 Insufficient memory.
[22/6dbfb5] Submitted process > preprocessing:preprocess (LE07_L1TP_182035_20030130_20170126_01_T1)
WARN: K8s pod cannot be scheduled -- 0/24 nodes are available: 21 node(s) didn't match node selector, 3 Insufficient cpu, 3 Insufficient memory.
[2b/954f40] Submitted process > preprocessing:preprocess (LT05_L1TP_182035_19980820_20171215_01_T1)
[da/195b80] Submitted process > preprocessing:preprocess (LE07_L1TP_182035_20050409_20170115_01_T1)
[49/b1ad82] Submitted process > preprocessing:preprocess (LT05_L1TP_182035_19911223_20180210_01_T1)
WARN: K8s pod cannot be scheduled -- 0/24 nodes are available: 21 node(s) didn't match node selector, 3 Insufficient cpu, 3 Insufficient memory.
[50/fc9525] Submitted process > preprocessing:preprocess (LT05_L1TP_182035_19900830_20180302_01_T1)
WARN: K8s pod cannot be scheduled -- 0/24 nodes are available: 21 node(s) didn't match node selector, 3 Insufficient cpu, 3 Insufficient memory.
WARN: K8s pod cannot be scheduled -- 0/24 nodes are available: 21 node(s) didn't match node selector, 3 Insufficient cpu, 3 Insufficient memory.
WARN: K8s pod cannot be scheduled -- 0/24 nodes are available: 21 node(s) didn't match node selector, 3 Insufficient cpu, 3 Insufficient memory.
[4a/88fed4] Submitted process > preprocessing:preprocess (LT05_L1TP_182035_19960510_20180210_01_T1)
[cc/9cdcc0] Submitted process > preprocessing:preprocess (LE07_L1TP_182035_20010108_20170208_01_T1)
[90/fd8294] Submitted process > preprocessing:preprocess (LT05_L1TP_182035_19880707_20170613_01_T1)
WARN: K8s pod cannot be scheduled -- 0/24 nodes are available: 21 node(s) didn't match node selector, 3 Insufficient cpu, 3 Insufficient memory.
[ba/b9210a] Submitted process > preprocessing:preprocess (LE07_L1TP_182035_20060717_20170107_01_T1)
[55/3726dc] Submitted process > preprocessing:preprocess (LT05_L1TP_182035_19860224_20180210_01_T1)
[cd/6bd71c] Submitted process > preprocessing:preprocess (LT05_L1TP_182035_19910614_20180210_01_T1)
WARN: K8s pod cannot be scheduled -- 0/24 nodes are available: 21 node(s) didn't match node selector, 3 Insufficient cpu, 3 Insufficient memory.
[a3/a4bbc9] Submitted process > preprocessing:preprocess (LT05_L1TP_182035_19940419_20180210_01_T1)
WARN: K8s pod cannot be scheduled -- 0/24 nodes are available: 21 node(s) didn't match node selector, 3 Insufficient cpu, 3 Insufficient memory.
[1f/bd9bdf] Submitted process > preprocessing:preprocess (LT05_L1TP_182035_19970529_20180210_01_T1)
WARN: K8s pod cannot be scheduled -- 0/24 nodes are available: 21 node(s) didn't match node selector, 3 Insufficient cpu, 3 Insufficient memory.
[c7/b03115] Submitted process > preprocessing:preprocess (LT05_L1TP_182035_19850205_20170219_01_T1)
[7b/36c94c] Submitted process > preprocessing:preprocess (LT05_L1TP_182035_20020628_20161208_01_T1)
WARN: K8s pod cannot be scheduled -- 0/24 nodes are available: 21 node(s) didn't match node selector, 3 Insufficient cpu, 3 Insufficient memory.
WARN: Unable to fetch pod exit status -- pod=eo-experiment-r4-n3-e1 state=[running:[startedAt:2021-06-25T11:42:37Z]]
