go
Launcher pod spec file: .nextflow.pod.yaml
Pod submitted: eo-experiment-r8-n1-e2 .. waiting to start[2KPod started: eo-experiment-r8-n1-e2
N E X T F L O W  ~  version 21.04.0-edge
Launching `/workdir/B5-Workflow-Earth-Observation/EO-01/workflow-dsl2.nf` [eo-experiment-r8-n1-e2] - revision: 95e4f03f65
WARN: It appears you have never run this project before -- Option `-resume` is ignored
input data path: '/data/b5/eo-01'
[10/27d238] Submitted process > preprocessing:generateAnalysisMask
[ef/8e779e] Submitted process > preprocessing:generateTileAllowList
[0a/876ca0] Submitted process > preprocessing:preprocess (LT05_L1TP_183035_19980421_20180210_01_T1)
[0e/578d3e] Submitted process > preprocessing:preprocess (LT05_L1TP_183035_20040811_20180309_01_T1)
[2b/b847df] Submitted process > preprocessing:preprocess (LE07_L1TP_183035_20000824_20170210_01_T1)
[3a/972b09] Submitted process > preprocessing:preprocess (LT05_L1TP_183035_19980523_20180210_01_T1)
[61/385ca4] Submitted process > preprocessing:preprocess (LE07_L1TP_183035_20010320_20170206_01_T1)
[f2/2d6be6] Submitted process > preprocessing:preprocess (LT05_L1TP_183035_19911128_20180302_01_T1)
[99/640b96] Submitted process > preprocessing:preprocess (LT05_L1TP_183035_19970301_20180210_01_T1)
[01/3ce72a] Submitted process > preprocessing:preprocess (LT05_L1TP_183035_19921216_20170504_01_T1)
[75/864093] Submitted process > preprocessing:preprocess (LE07_L1TP_183035_20030105_20170127_01_T1)
[b0/38b954] Submitted process > preprocessing:preprocess (LT05_L1TP_183035_19980811_20170717_01_T1)
[25/316743] Submitted process > preprocessing:preprocess (LT05_L1TP_183035_19950718_20180210_01_T1)
[bd/05c225] Submitted process > preprocessing:preprocess (LT05_L1TP_183035_20010616_20180311_01_T1)
[b8/6608c1] Submitted process > preprocessing:preprocess (LT05_L1TP_183035_19960501_20180210_01_T1)
[c5/84bc16] Submitted process > preprocessing:preprocess (LT05_L1TP_183035_19950429_20180210_01_T1)
[c4/ce4191] Submitted process > preprocessing:preprocess (LT05_L1TP_183035_19951022_20180210_01_T1)
[42/0501ea] Submitted process > preprocessing:preprocess (LT05_L1TP_183035_19910317_20180210_01_T1)
[33/61fec1] Submitted process > preprocessing:preprocess (LT05_L1TP_183035_19980304_20180210_01_T1)
[55/531ecd] Submitted process > preprocessing:preprocess (LE07_L1TP_183035_19990923_20170217_01_T1)
[82/29b6bf] Submitted process > preprocessing:preprocess (LT05_L1TP_183035_19960110_20180210_01_T1)
[e2/65835b] Submitted process > preprocessing:preprocess (LT05_L1TP_183035_19920522_20180210_01_T1)
[15/1d8776] Submitted process > preprocessing:preprocess (LT05_L1TP_183035_19900602_20180210_01_T1)
[08/a925c1] Submitted process > preprocessing:preprocess (LT05_L1TP_183035_19940917_20180210_01_T1)
[b6/43da98] Submitted process > preprocessing:preprocess (LE07_L1TP_183035_20020307_20170131_01_T1)
[f6/1576ea] Submitted process > preprocessing:preprocess (LT05_L1TP_183035_19860607_20180210_01_T1)
[2f/396255] Submitted process > preprocessing:preprocess (LT05_L1TP_183035_19991102_20180210_01_T1)
[6f/ca67d2] Submitted process > preprocessing:preprocess (LE07_L1TP_183035_20050923_20170112_01_T1)
[c4/33e499] Submitted process > preprocessing:preprocess (LE07_L1TP_183035_20010216_20170206_01_T1)
[61/27b906] Submitted process > preprocessing:preprocess (LT05_L1TP_183035_20010123_20180311_01_T1)
[83/12a3d1] Submitted process > preprocessing:preprocess (LT05_L1TP_183035_19861130_20170215_01_T1)
[63/e6db0c] Submitted process > preprocessing:preprocess (LT05_L1TP_183035_19870423_20170213_01_T1)
[0f/3057ce] Submitted process > preprocessing:preprocess (LT05_L1TP_183035_19940715_20180616_01_T1)
[20/4a1813] Submitted process > preprocessing:preprocess (LT05_L1TP_183035_20050323_20180128_01_T1)
[84/c0cd2d] Submitted process > preprocessing:preprocess (LT05_L1TP_183035_19870509_20170213_01_T1)
[9f/9b6456] Submitted process > preprocessing:preprocess (LE07_L1TP_183035_20000925_20170209_01_T1)
[16/cc894d] Submitted process > preprocessing:preprocess (LT05_L1TP_183035_19990627_20180210_01_T1)
[14/b54b50] Submitted process > preprocessing:preprocess (LE07_L1TP_183035_20030817_20170125_01_T1)
[12/59d716] Submitted process > preprocessing:preprocess (LT05_L1TP_183035_20010515_20180311_01_T1)
[6d/40bced] Submitted process > preprocessing:preprocess (LT04_L1TP_183035_19891216_20170201_01_T1)
WARN: K8s pod cannot be scheduled -- 0/24 nodes are available: 1 Insufficient cpu, 1 Insufficient memory, 23 node(s) didn't match node selector.
[a1/a7f661] Submitted process > preprocessing:preprocess (LE07_L1TP_183035_20020713_20170129_01_T1)
[d7/e1f774] Submitted process > preprocessing:preprocess (LE07_L1TP_183035_20010405_20170205_01_T1)
[d5/c14cd3] Submitted process > preprocessing:preprocess (LT05_L1TP_183035_20020315_20180312_01_T1)
[be/f0fbed] Submitted process > preprocessing:preprocess (LT05_L1TP_183035_19910723_20180302_01_T1)
[3b/42cf2f] Submitted process > preprocessing:preprocess (LT05_L1TP_183035_19931203_20180210_01_T1)
[a8/4d0808] Submitted process > preprocessing:preprocess (LT05_L1TP_183035_19990408_20180210_01_T1)
[f2/2217e9] Submitted process > preprocessing:preprocess (LT05_L1TP_183035_19880628_20170613_01_T1)
[a3/05bf22] Submitted process > preprocessing:preprocess (LE07_L1TP_183035_20001112_20170209_01_T1)
[4c/f81fd0] Submitted process > preprocessing:preprocess (LT05_L1TP_183035_19880409_20180112_01_T1)
[3f/84d7c7] Submitted process > preprocessing:preprocess (LT05_L1TP_183035_19990118_20171215_01_T1)
[07/47270f] Submitted process > preprocessing:preprocess (LT05_L1TP_183035_19991017_20180210_01_T1)
[c1/34402d] Submitted process > preprocessing:preprocess (LT05_L1TP_183035_19900805_20180620_01_T1)
[3f/2d40bb] Submitted process > preprocessing:preprocess (LT05_L1TP_183035_20041201_20180309_01_T1)
[4e/7c332d] Submitted process > preprocessing:preprocess (LT05_L1TP_183035_19940731_20180720_01_T1)
[eb/05b7e9] Submitted process > preprocessing:preprocess (LT05_L1TP_183035_19881205_20180210_01_T1)
[a9/566173] Submitted process > preprocessing:preprocess (LT05_L1TP_183035_19950208_20180210_01_T1)
[94/5fa10f] Submitted process > preprocessing:preprocess (LT05_L1TP_183035_19950123_20180210_01_T1)
[2f/e2a58f] Submitted process > preprocessing:preprocess (LE07_L1TP_183035_20060318_20170110_01_T1)
[40/30efe9] Submitted process > preprocessing:preprocess (LE07_L1TP_183035_20041123_20170117_01_T1)
[a5/e67491] Submitted process > preprocessing:preprocess (LT05_L1TP_183035_19851026_20171212_01_T1)
[ce/98d680] Submitted process > preprocessing:preprocess (LT05_L1TP_183035_19840516_20170220_01_T1)
[19/bc9016] Submitted process > preprocessing:preprocess (LT05_L1TP_183035_19870117_20170215_01_T1)
[1c/994ada] Submitted process > preprocessing:preprocess (LT04_L1TP_183035_19871227_20170210_01_T1)
[56/e74af1] Submitted process > preprocessing:preprocess (LE07_L1TP_183035_20030513_20170125_01_T1)
[2c/cb26e0] Submitted process > preprocessing:preprocess (LE07_L1TP_183035_20041107_20170118_01_T1)
[0d/17595c] Submitted process > preprocessing:preprocess (LT05_L1TP_183035_20040608_20180310_01_T1)
[99/f6d837] Submitted process > preprocessing:preprocess (LT05_L1TP_183035_20020110_20180312_01_T1)
[92/ae1453] Submitted process > preprocessing:preprocess (LT05_L1TP_183035_19940816_20180210_01_T1)
[85/a859e7] Submitted process > preprocessing:preprocess (LT05_L1TP_183035_20051102_20180127_01_T1)
[6c/a597fa] Submitted process > preprocessing:preprocess (LT05_L1TP_183035_20040827_20180310_01_T1)
[c5/62033d] Submitted process > preprocessing:preprocess (LT05_L1TP_183035_19940104_20180613_01_T1)
[c1/6c542c] Submitted process > preprocessing:preprocess (LT05_L1TP_183035_19850924_20171212_01_T1)
[c3/650821] Submitted process > preprocessing:preprocess (LT05_L1TP_183035_20011006_20180501_01_T1)
[de/7846c9] Submitted process > preprocessing:preprocess (LE07_L1TP_183035_20021001_20170128_01_T1)
[6e/badca5] Submitted process > preprocessing:preprocess (LT05_L1TP_183035_19910707_20170613_01_T1)
[6a/c4be92] Submitted process > preprocessing:preprocess (LT05_L1TP_183035_19970504_20180210_01_T1)
[cb/2d4b5f] Submitted process > preprocessing:preprocess (LE07_L1TP_183035_20060403_20170110_01_T1)
[6e/cc7eb7] Submitted process > preprocessing:preprocess (LT05_L1TP_183035_19920709_20180219_01_T1)
[f3/817aaf] Submitted process > preprocessing:preprocess (LT05_L1TP_183035_20050627_20180126_01_T1)
[fe/d4f69c] Submitted process > preprocessing:preprocess (LT05_L1TP_183035_19971112_20170504_01_T1)
[2f/01e556] Submitted process > preprocessing:preprocess (LT05_L1TP_183035_19990424_20180710_01_T1)
[0b/43eb85] Submitted process > preprocessing:preprocess (LT05_L1TP_183035_19980608_20170717_01_T1)
[e3/da85e6] Submitted process > preprocessing:preprocess (LT05_L1TP_183035_19960126_20180210_01_T1)
[19/6ea376] Submitted process > preprocessing:preprocess (LT05_L1TP_183035_19880527_20180210_01_T1)
[59/4ee6b2] Submitted process > preprocessing:preprocess (LE07_L1TP_183035_20030326_20170126_01_T1)
[04/9f8611] Submitted process > preprocessing:preprocess (LT05_L1TP_183035_20060614_20180310_01_T1)
[63/9a6d6e] Submitted process > preprocessing:preprocess (LT05_L1TP_183035_19920303_20171214_01_T1)
[80/b03323] Submitted process > preprocessing:preprocess (LT05_L1TP_183035_19940104_20180210_01_T1)
[2a/404c9c] Submitted process > preprocessing:preprocess (LT05_L1TP_183035_20020227_20180830_01_T1)
[b3/37403a] Submitted process > preprocessing:preprocess (LE07_L1TP_183035_20000418_20170212_01_T1)
[9e/78fbab] Submitted process > preprocessing:preprocess (LT05_L1TP_183035_19941222_20180210_01_T1)
[62/ba83f1] Submitted process > preprocessing:preprocess (LE07_L1TP_183035_20020323_20170213_01_T1)
[ac/3ec8f7] Submitted process > preprocessing:preprocess (LT05_L1TP_183035_19930930_20180219_01_T1)
[2d/b9dfcf] Submitted process > preprocessing:preprocess (LT05_L1TP_183035_19890207_20171208_01_T1)
[88/7f004b] Submitted process > preprocessing:preprocess (LE07_L1TP_183035_20050502_20170114_01_T1)
[74/abbd4a] Submitted process > preprocessing:preprocess (LT05_L1TP_183035_19960415_20180210_01_T1)
[f6/b316a6] Submitted process > preprocessing:preprocess (LT05_L1TP_183035_19860725_20170217_01_T1)
[31/ded45d] Submitted process > preprocessing:preprocess (LT05_L1TP_183035_19921013_20171214_01_T1)
[45/f515b6] Submitted process > preprocessing:preprocess (LT05_L1TP_183035_19931016_20170613_01_T1)
[c7/94a7cf] Submitted process > preprocessing:preprocess (LT05_L1TP_183035_19951209_20180210_01_T1)
[53/a92baf] Submitted process > preprocessing:preprocess (LE07_L1TP_183035_20010608_20170205_01_T1)
[c0/883829] Submitted process > preprocessing:preprocess (LT05_L1TP_183035_19930407_20180210_01_T1)
WARN: K8s pod cannot be scheduled -- 0/24 nodes are available: 1 Insufficient cpu, 1 Insufficient memory, 23 node(s) didn't match node selector.
WARN: K8s pod cannot be scheduled -- 0/24 nodes are available: 1 Insufficient cpu, 1 Insufficient memory, 23 node(s) didn't match node selector.
WARN: K8s pod cannot be scheduled -- 0/24 nodes are available: 1 Insufficient cpu, 1 Insufficient memory, 23 node(s) didn't match node selector.
WARN: K8s pod cannot be scheduled -- 0/24 nodes are available: 1 Insufficient cpu, 1 Insufficient memory, 23 node(s) didn't match node selector.
[8e/f7ba1b] Submitted process > preprocessing:preprocess (LE07_L1TP_183035_20040515_20170120_01_T1)
[a2/aab547] Submitted process > preprocessing:preprocess (LE07_L1TP_183035_20001214_20170208_01_T1)
[9c/d40e95] Submitted process > preprocessing:preprocess (LT05_L1TP_183035_19901125_20171208_01_T1)
WARN: K8s pod cannot be scheduled -- 0/24 nodes are available: 1 Insufficient cpu, 1 Insufficient memory, 23 node(s) didn't match node selector.
WARN: K8s pod cannot be scheduled -- 0/24 nodes are available: 1 Insufficient cpu, 1 Insufficient memory, 23 node(s) didn't match node selector.
WARN: K8s pod cannot be scheduled -- 0/24 nodes are available: 1 Insufficient cpu, 1 Insufficient memory, 23 node(s) didn't match node selector.
[f4/7bced6] Submitted process > preprocessing:preprocess (LT05_L1TP_183035_19850620_20171212_01_T1)
WARN: K8s pod cannot be scheduled -- 0/24 nodes are available: 1 Insufficient cpu, 1 Insufficient memory, 23 node(s) didn't match node selector.
[e0/452102] Submitted process > preprocessing:preprocess (LT05_L1TP_183035_20000629_20171211_01_T1)
[31/a8d344] Submitted process > preprocessing:preprocess (LT05_L1TP_183035_19970723_20180210_01_T1)
WARN: K8s pod cannot be scheduled -- 0/24 nodes are available: 1 Insufficient cpu, 1 Insufficient memory, 23 node(s) didn't match node selector.
WARN: K8s pod cannot be scheduled -- 0/24 nodes are available: 1 Insufficient cpu, 1 Insufficient memory, 23 node(s) didn't match node selector.
WARN: K8s pod cannot be scheduled -- 0/24 nodes are available: 1 Insufficient cpu, 1 Insufficient memory, 23 node(s) didn't match node selector.
[f7/ed4eac] Submitted process > preprocessing:preprocess (LT05_L1TP_183035_20060801_20180309_01_T1)
[30/1e6ab2] Submitted process > preprocessing:preprocess (LT05_L1TP_183035_19880916_20180210_01_T1)
WARN: K8s pod cannot be scheduled -- 0/24 nodes are available: 1 Insufficient cpu, 1 Insufficient memory, 23 node(s) didn't match node selector.
WARN: K8s pod cannot be scheduled -- 0/24 nodes are available: 1 Insufficient cpu, 1 Insufficient memory, 23 node(s) didn't match node selector.
[d7/729c12] Submitted process > preprocessing:preprocess (LT05_L1TP_183035_19930914_20180210_01_T1)
WARN: K8s pod cannot be scheduled -- 0/24 nodes are available: 1 Insufficient cpu, 1 Insufficient memory, 23 node(s) didn't match node selector.
WARN: K8s pod cannot be scheduled -- 0/24 nodes are available: 1 Insufficient cpu, 1 Insufficient memory, 23 node(s) didn't match node selector.
[53/7e32fc] Submitted process > preprocessing:preprocess (LT05_L1TP_183035_19950702_20180210_01_T1)
WARN: K8s pod cannot be scheduled -- 0/24 nodes are available: 1 Insufficient cpu, 1 Insufficient memory, 23 node(s) didn't match node selector.
[18/539b36] Submitted process > preprocessing:preprocess (LT05_L1TP_183035_20000917_20171211_01_T1)
WARN: K8s pod cannot be scheduled -- 0/24 nodes are available: 1 Insufficient cpu, 1 Insufficient memory, 23 node(s) didn't match node selector.
[6a/735178] Submitted process > preprocessing:preprocess (LT05_L1TP_183035_19921029_20171209_01_T1)
WARN: K8s pod cannot be scheduled -- 0/24 nodes are available: 1 Insufficient cpu, 1 Insufficient memory, 23 node(s) didn't match node selector.
WARN: K8s pod cannot be scheduled -- 0/24 nodes are available: 1 Insufficient cpu, 1 Insufficient memory, 23 node(s) didn't match node selector.
[67/039940] Submitted process > preprocessing:preprocess (LT05_L1TP_183035_20060716_20180310_01_T1)
WARN: K8s pod cannot be scheduled -- 0/24 nodes are available: 1 Insufficient cpu, 1 Insufficient memory, 23 node(s) didn't match node selector.
WARN: K8s pod cannot be scheduled -- 0/24 nodes are available: 1 Insufficient cpu, 1 Insufficient memory, 23 node(s) didn't match node selector.
WARN: K8s pod cannot be scheduled -- 0/24 nodes are available: 1 Insufficient cpu, 1 Insufficient memory, 23 node(s) didn't match node selector.
[ae/421165] Submitted process > preprocessing:preprocess (LT05_L1TP_183035_19840430_20171213_01_T1)
WARN: K8s pod cannot be scheduled -- 0/24 nodes are available: 1 Insufficient cpu, 1 Insufficient memory, 23 node(s) didn't match node selector.
[cd/6d5446] Submitted process > preprocessing:preprocess (LT05_L1TP_183035_19940512_20180210_01_T1)
[bd/0f62d8] Submitted process > preprocessing:preprocess (LT05_L1TP_183035_19920506_20180210_01_T1)
WARN: K8s pod cannot be scheduled -- 0/24 nodes are available: 1 Insufficient cpu, 1 Insufficient memory, 23 node(s) didn't match node selector.
WARN: K8s pod cannot be scheduled -- 0/24 nodes are available: 1 Insufficient cpu, 1 Insufficient memory, 23 node(s) didn't match node selector.
[1e/b32af8] Submitted process > preprocessing:preprocess (LT05_L1TP_183035_19870407_20170213_01_T1)
WARN: K8s pod cannot be scheduled -- 0/24 nodes are available: 1 Insufficient cpu, 1 Insufficient memory, 23 node(s) didn't match node selector.
WARN: K8s pod cannot be scheduled -- 0/24 nodes are available: 1 Insufficient cpu, 1 Insufficient memory, 23 node(s) didn't match node selector.
[60/337645] Submitted process > preprocessing:preprocess (LT05_L1TP_183035_19920404_20170613_01_T1)
[f2/3d2e96] Submitted process > preprocessing:preprocess (LT05_L1TP_183035_19980405_20180210_01_T1)
WARN: K8s pod cannot be scheduled -- 0/24 nodes are available: 1 Insufficient cpu, 1 Insufficient memory, 23 node(s) didn't match node selector.
WARN: K8s pod cannot be scheduled -- 0/24 nodes are available: 1 Insufficient cpu, 1 Insufficient memory, 23 node(s) didn't match node selector.
WARN: K8s pod cannot be scheduled -- 0/24 nodes are available: 1 Insufficient cpu, 1 Insufficient memory, 23 node(s) didn't match node selector.
WARN: K8s pod cannot be scheduled -- 0/24 nodes are available: 1 Insufficient cpu, 1 Insufficient memory, 23 node(s) didn't match node selector.
[59/403aa1] Submitted process > preprocessing:preprocess (LT05_L1TP_183035_19980624_20180704_01_T1)
WARN: K8s pod cannot be scheduled -- 0/24 nodes are available: 1 Insufficient cpu, 1 Insufficient memory, 23 node(s) didn't match node selector.
[5f/b6e3d1] Submitted process > preprocessing:preprocess (LT05_L1TP_183035_19910808_20180302_01_T1)
[27/67c73b] Submitted process > preprocessing:preprocess (LT05_L1TP_183035_19960517_20180210_01_T1)
WARN: K8s pod cannot be scheduled -- 0/24 nodes are available: 1 Insufficient cpu, 1 Insufficient memory, 23 node(s) didn't match node selector.
WARN: K8s pod cannot be scheduled -- 0/24 nodes are available: 1 Insufficient cpu, 1 Insufficient memory, 23 node(s) didn't match node selector.
WARN: K8s pod cannot be scheduled -- 0/24 nodes are available: 1 Insufficient cpu, 1 Insufficient memory, 23 node(s) didn't match node selector.
[f4/1b873a] Submitted process > preprocessing:preprocess (LT05_L1TP_183035_19851010_20171212_01_T1)
WARN: K8s pod cannot be scheduled -- 0/24 nodes are available: 1 Insufficient cpu, 1 Insufficient memory, 23 node(s) didn't match node selector.
[e4/a5ed85] Submitted process > preprocessing:preprocess (LT05_L1TP_183035_19941120_20180210_01_T1)
[70/305e50] Submitted process > preprocessing:preprocess (LE07_L1TP_183035_20010912_20170203_01_T1)
WARN: K8s pod cannot be scheduled -- 0/24 nodes are available: 1 Insufficient cpu, 1 Insufficient memory, 23 node(s) didn't match node selector.
WARN: K8s pod cannot be scheduled -- 0/24 nodes are available: 1 Insufficient cpu, 1 Insufficient memory, 23 node(s) didn't match node selector.
[c6/b6c397] Submitted process > preprocessing:preprocess (LE07_L1TP_183035_20001128_20170209_01_T1)
WARN: K8s pod cannot be scheduled -- 0/24 nodes are available: 1 Insufficient cpu, 1 Insufficient memory, 23 node(s) didn't match node selector.
[ac/4899c8] Submitted process > preprocessing:preprocess (LE07_L1TP_183035_20050619_20170115_01_T1)
WARN: K8s pod cannot be scheduled -- 0/24 nodes are available: 1 Insufficient cpu, 1 Insufficient memory, 23 node(s) didn't match node selector.
WARN: K8s pod cannot be scheduled -- 0/24 nodes are available: 1 Insufficient cpu, 1 Insufficient memory, 23 node(s) didn't match node selector.
WARN: K8s pod cannot be scheduled -- 0/24 nodes are available: 1 Insufficient cpu, 1 Insufficient memory, 23 node(s) didn't match node selector.
[41/cb48f5] Submitted process > preprocessing:preprocess (LT05_L1TP_183035_19960720_20180210_01_T1)
WARN: K8s pod cannot be scheduled -- 0/24 nodes are available: 1 Insufficient cpu, 1 Insufficient memory, 23 node(s) didn't match node selector.
[ff/44d5d1] Submitted process > preprocessing:preprocess (LT05_L1TP_183035_20000715_20171211_01_T1)
WARN: K8s pod cannot be scheduled -- 0/24 nodes are available: 1 Insufficient cpu, 1 Insufficient memory, 23 node(s) didn't match node selector.
WARN: K8s pod cannot be scheduled -- 0/24 nodes are available: 1 Insufficient cpu, 1 Insufficient memory, 23 node(s) didn't match node selector.
[4b/19ca15] Submitted process > preprocessing:preprocess (LT05_L1TP_183035_20060529_20180310_01_T1)
WARN: K8s pod cannot be scheduled -- 0/24 nodes are available: 1 Insufficient cpu, 1 Insufficient memory, 23 node(s) didn't match node selector.
WARN: K8s pod cannot be scheduled -- 0/24 nodes are available: 1 Insufficient cpu, 1 Insufficient memory, 23 node(s) didn't match node selector.
WARN: K8s pod cannot be scheduled -- 0/24 nodes are available: 1 Insufficient cpu, 1 Insufficient memory, 23 node(s) didn't match node selector.
WARN: K8s pod cannot be scheduled -- 0/24 nodes are available: 1 Insufficient cpu, 1 Insufficient memory, 23 node(s) didn't match node selector.
[d7/8f6fee] Submitted process > preprocessing:preprocess (LT05_L1TP_183035_19850908_20171212_01_T1)
[1b/35ed78] Submitted process > preprocessing:preprocess (LT05_L1TP_183035_19900618_20180210_01_T1)
WARN: K8s pod cannot be scheduled -- 0/24 nodes are available: 1 Insufficient cpu, 1 Insufficient memory, 23 node(s) didn't match node selector.
[12/49beb1] Submitted process > preprocessing:preprocess (LE07_L1TP_183035_19991009_20170216_01_T1)
WARN: K8s pod cannot be scheduled -- 0/24 nodes are available: 1 Insufficient cpu, 1 Insufficient memory, 23 node(s) didn't match node selector.
WARN: K8s pod cannot be scheduled -- 0/24 nodes are available: 1 Insufficient cpu, 1 Insufficient memory, 23 node(s) didn't match node selector.
WARN: K8s pod cannot be scheduled -- 0/24 nodes are available: 1 Insufficient cpu, 1 Insufficient memory, 23 node(s) didn't match node selector.
[a1/0f142c] Submitted process > preprocessing:preprocess (LT05_L1TP_183035_19870728_20180210_01_T1)
WARN: K8s pod cannot be scheduled -- 0/24 nodes are available: 1 Insufficient cpu, 1 Insufficient memory, 23 node(s) didn't match node selector.
[37/bb0202] Submitted process > preprocessing:preprocess (LT05_L1TP_183035_19941206_20180210_01_T1)
WARN: K8s pod cannot be scheduled -- 0/24 nodes are available: 1 Insufficient cpu, 1 Insufficient memory, 23 node(s) didn't match node selector.
WARN: K8s pod cannot be scheduled -- 0/24 nodes are available: 1 Insufficient cpu, 1 Insufficient memory, 23 node(s) didn't match node selector.
WARN: K8s pod cannot be scheduled -- 0/24 nodes are available: 1 Insufficient cpu, 1 Insufficient memory, 23 node(s) didn't match node selector.
WARN: K8s pod cannot be scheduled -- 0/24 nodes are available: 1 Insufficient cpu, 1 Insufficient memory, 23 node(s) didn't match node selector.
[70/803249] Submitted process > preprocessing:preprocess (LE07_L1TP_183035_20030206_20170213_01_T1)
[a5/a4b3b0] Submitted process > preprocessing:preprocess (LT05_L1TP_183035_19970317_20180210_01_T1)
[26/99514f] Submitted process > preprocessing:preprocess (LT05_L1TP_183035_19881103_20170908_01_T1)
WARN: K8s pod cannot be scheduled -- 0/24 nodes are available: 1 Insufficient cpu, 1 Insufficient memory, 23 node(s) didn't match node selector.
WARN: K8s pod cannot be scheduled -- 0/24 nodes are available: 1 Insufficient cpu, 1 Insufficient memory, 23 node(s) didn't match node selector.
WARN: K8s pod cannot be scheduled -- 0/24 nodes are available: 1 Insufficient cpu, 1 Insufficient memory, 23 node(s) didn't match node selector.
WARN: K8s pod cannot be scheduled -- 0/24 nodes are available: 1 Insufficient cpu, 1 Insufficient memory, 23 node(s) didn't match node selector.
[56/58cca7] Submitted process > preprocessing:preprocess (LT05_L1TP_183035_20030926_20161203_01_T1)
[64/d5ed4f] Submitted process > preprocessing:preprocess (LT05_L1TP_183035_19941104_20180210_01_T1)
WARN: K8s pod cannot be scheduled -- 0/24 nodes are available: 1 Insufficient cpu, 1 Insufficient memory, 23 node(s) didn't match node selector.
WARN: K8s pod cannot be scheduled -- 0/24 nodes are available: 1 Insufficient cpu, 1 Insufficient memory, 23 node(s) didn't match node selector.
WARN: K8s pod cannot be scheduled -- 0/24 nodes are available: 1 Insufficient cpu, 1 Insufficient memory, 23 node(s) didn't match node selector.
WARN: K8s pod cannot be scheduled -- 0/24 nodes are available: 1 Insufficient cpu, 1 Insufficient memory, 23 node(s) didn't match node selector.
[be/383be3] Submitted process > preprocessing:preprocess (LT05_L1TP_183035_20010920_20170908_01_T1)
[b1/d8b1e1] Submitted process > preprocessing:preprocess (LE07_L1TP_183035_20000605_20170211_01_T1)
[59/36a02f] Submitted process > preprocessing:preprocess (LE07_L1TP_183035_20010131_20170207_01_T1)
WARN: K8s pod cannot be scheduled -- 0/24 nodes are available: 1 Insufficient cpu, 1 Insufficient memory, 23 node(s) didn't match node selector.
WARN: K8s pod cannot be scheduled -- 0/24 nodes are available: 1 Insufficient cpu, 1 Insufficient memory, 23 node(s) didn't match node selector.
WARN: K8s pod cannot be scheduled -- 0/24 nodes are available: 1 Insufficient cpu, 1 Insufficient memory, 23 node(s) didn't match node selector.
WARN: K8s pod cannot be scheduled -- 0/24 nodes are available: 1 Insufficient cpu, 1 Insufficient memory, 23 node(s) didn't match node selector.
[8d/e73e5f] Submitted process > preprocessing:preprocess (LT05_L1TP_183035_19880324_20170808_01_T1)
[c1/de1537] Submitted process > preprocessing:preprocess (LT05_L1TP_183035_19970418_20180210_01_T1)
WARN: K8s pod cannot be scheduled -- 0/24 nodes are available: 1 Insufficient cpu, 1 Insufficient memory, 23 node(s) didn't match node selector.
WARN: K8s pod cannot be scheduled -- 0/24 nodes are available: 1 Insufficient cpu, 1 Insufficient memory, 23 node(s) didn't match node selector.
[cc/cdabac] Submitted process > preprocessing:preprocess (LE07_L1TP_183035_20061231_20170106_01_T1)
WARN: K8s pod cannot be scheduled -- 0/24 nodes are available: 1 Insufficient cpu, 1 Insufficient memory, 23 node(s) didn't match node selector.
WARN: K8s pod cannot be scheduled -- 0/24 nodes are available: 1 Insufficient cpu, 1 Insufficient memory, 23 node(s) didn't match node selector.
[30/dcb92c] Submitted process > preprocessing:preprocess (LT05_L1TP_183035_19870712_20170212_01_T1)
[e3/eeca84] Submitted process > preprocessing:preprocess (LT05_L1TP_183035_19971230_20171214_01_T1)
WARN: K8s pod cannot be scheduled -- 0/24 nodes are available: 1 Insufficient cpu, 1 Insufficient memory, 23 node(s) didn't match node selector.
WARN: K8s pod cannot be scheduled -- 0/24 nodes are available: 1 Insufficient cpu, 1 Insufficient memory, 23 node(s) didn't match node selector.
[96/c3ef8f] Submitted process > preprocessing:preprocess (LT05_L1TP_183035_19871203_20170504_01_T1)
WARN: K8s pod cannot be scheduled -- 0/24 nodes are available: 1 Insufficient cpu, 1 Insufficient memory, 23 node(s) didn't match node selector.
WARN: K8s pod cannot be scheduled -- 0/24 nodes are available: 1 Insufficient cpu, 1 Insufficient memory, 23 node(s) didn't match node selector.
[7f/bb7011] Submitted process > preprocessing:preprocess (LE07_L1TP_183035_20040803_20170119_01_T1)
[a6/123a93] Submitted process > preprocessing:preprocess (LT05_L1TP_183035_19930610_20170613_01_T1)
WARN: K8s pod cannot be scheduled -- 0/24 nodes are available: 1 Insufficient cpu, 1 Insufficient memory, 23 node(s) didn't match node selector.
WARN: K8s pod cannot be scheduled -- 0/24 nodes are available: 1 Insufficient cpu, 1 Insufficient memory, 23 node(s) didn't match node selector.
[72/42f606] Submitted process > preprocessing:preprocess (LT05_L1TP_183035_19950312_20180210_01_T1)
WARN: K8s pod cannot be scheduled -- 0/24 nodes are available: 1 Insufficient cpu, 1 Insufficient memory, 23 node(s) didn't match node selector.
[e2/01363e] Submitted process > preprocessing:preprocess (LT05_L1TP_183035_19841007_20171213_01_T1)
WARN: K8s pod cannot be scheduled -- 0/24 nodes are available: 1 Insufficient cpu, 1 Insufficient memory, 23 node(s) didn't match node selector.
WARN: K8s pod cannot be scheduled -- 0/24 nodes are available: 1 Insufficient cpu, 1 Insufficient memory, 23 node(s) didn't match node selector.
[44/4db978] Submitted process > preprocessing:preprocess (LE07_L1TP_183035_20051025_20170112_01_T1)
WARN: K8s pod cannot be scheduled -- 0/24 nodes are available: 1 Insufficient cpu, 1 Insufficient memory, 23 node(s) didn't match node selector.
WARN: K8s pod cannot be scheduled -- 0/24 nodes are available: 1 Insufficient cpu, 1 Insufficient memory, 23 node(s) didn't match node selector.
[e3/2287f2] Submitted process > preprocessing:preprocess (LT05_L1TP_183035_19970808_20180613_01_T1)
[b3/bb0570] Submitted process > preprocessing:preprocess (LT05_L1TP_183035_19920927_20180301_01_T1)
WARN: K8s pod cannot be scheduled -- 0/24 nodes are available: 1 Insufficient cpu, 1 Insufficient memory, 23 node(s) didn't match node selector.
WARN: K8s pod cannot be scheduled -- 0/24 nodes are available: 1 Insufficient cpu, 1 Insufficient memory, 23 node(s) didn't match node selector.
[0a/8161e8] Submitted process > preprocessing:preprocess (LE07_L1TP_183035_20000504_20170212_01_T1)
WARN: K8s pod cannot be scheduled -- 0/24 nodes are available: 1 Insufficient cpu, 1 Insufficient memory, 23 node(s) didn't match node selector.
WARN: K8s pod cannot be scheduled -- 0/24 nodes are available: 1 Insufficient cpu, 1 Insufficient memory, 23 node(s) didn't match node selector.
[84/06386a] Submitted process > preprocessing:preprocess (LT05_L1TP_183035_19990102_20180728_01_T1)
[06/751e33] Submitted process > preprocessing:preprocess (LT05_L1TP_183035_19900922_20170908_01_T1)
WARN: K8s pod cannot be scheduled -- 0/24 nodes are available: 1 Insufficient cpu, 1 Insufficient memory, 23 node(s) didn't match node selector.
WARN: K8s pod cannot be scheduled -- 0/24 nodes are available: 1 Insufficient cpu, 1 Insufficient memory, 23 node(s) didn't match node selector.
[10/9d6a1a] Submitted process > preprocessing:preprocess (LT05_L1TP_183035_19970707_20180210_01_T1)
WARN: K8s pod cannot be scheduled -- 0/24 nodes are available: 1 Insufficient cpu, 1 Insufficient memory, 23 node(s) didn't match node selector.
WARN: K8s pod cannot be scheduled -- 0/24 nodes are available: 1 Insufficient cpu, 1 Insufficient memory, 23 node(s) didn't match node selector.
[4a/5e0800] Submitted process > preprocessing:preprocess (LT05_L1TP_183035_19980827_20170717_01_T1)
[1b/14ab86] Submitted process > preprocessing:preprocess (LE07_L1TP_183035_20020729_20170128_01_T1)
WARN: K8s pod cannot be scheduled -- 0/24 nodes are available: 1 Insufficient cpu, 1 Insufficient memory, 23 node(s) didn't match node selector.
WARN: K8s pod cannot be scheduled -- 0/24 nodes are available: 1 Insufficient cpu, 1 Insufficient memory, 23 node(s) didn't match node selector.
[df/8fe497] Submitted process > preprocessing:preprocess (LT05_L1TP_183035_19860623_20180430_01_T1)
[K8s] API request threw socket exception: Connection reset for GET /api/v1/namespaces/default/pods/nf-cd6d5446462d876f6c53e7080a5dbcde/status 


[K8s] Try API request again, remaining trials: 4
WARN: K8s pod cannot be scheduled -- 0/24 nodes are available: 1 Insufficient cpu, 1 Insufficient memory, 23 node(s) didn't match node selector.
WARN: K8s pod cannot be scheduled -- 0/24 nodes are available: 1 Insufficient cpu, 1 Insufficient memory, 23 node(s) didn't match node selector.
[82/f64edc] Submitted process > preprocessing:preprocess (LT05_L1TP_183035_20001104_20180909_01_T1)
WARN: K8s pod cannot be scheduled -- 0/24 nodes are available: 1 Insufficient cpu, 1 Insufficient memory, 23 node(s) didn't match node selector.
[2e/95c4d1] Submitted process > preprocessing:preprocess (LT05_L1TP_183035_19930509_20180210_01_T1)
WARN: K8s pod cannot be scheduled -- 0/24 nodes are available: 1 Insufficient cpu, 1 Insufficient memory, 23 node(s) didn't match node selector.
[23/ae2bbc] Submitted process > preprocessing:preprocess (LT05_L1TP_183035_19990307_20180210_01_T1)
WARN: K8s pod cannot be scheduled -- 0/24 nodes are available: 1 Insufficient cpu, 1 Insufficient memory, 23 node(s) didn't match node selector.
WARN: K8s pod cannot be scheduled -- 0/24 nodes are available: 1 Insufficient cpu, 1 Insufficient memory, 23 node(s) didn't match node selector.
[e5/a0f2bb] Submitted process > preprocessing:preprocess (LT05_L1TP_183035_20010107_20180311_01_T1)
WARN: K8s pod cannot be scheduled -- 0/24 nodes are available: 1 Insufficient cpu, 1 Insufficient memory, 23 node(s) didn't match node selector.
[fc/fdcad5] Submitted process > preprocessing:preprocess (LE07_L1TP_183035_20000317_20170213_01_T1)
WARN: K8s pod cannot be scheduled -- 0/24 nodes are available: 1 Insufficient cpu, 1 Insufficient memory, 23 node(s) didn't match node selector.
[62/cd6b4d] Submitted process > preprocessing:preprocess (LT05_L1TP_183035_19981030_20171208_01_T1)
WARN: K8s pod cannot be scheduled -- 0/24 nodes are available: 1 Insufficient cpu, 1 Insufficient memory, 23 node(s) didn't match node selector.
WARN: K8s pod cannot be scheduled -- 0/24 nodes are available: 1 Insufficient cpu, 1 Insufficient memory, 23 node(s) didn't match node selector.
WARN: K8s pod cannot be scheduled -- 0/24 nodes are available: 1 Insufficient cpu, 1 Insufficient memory, 23 node(s) didn't match node selector.
[df/9917a4] Submitted process > preprocessing:preprocess (LT05_L1TP_183035_19970909_20171214_01_T1)
[8b/93fcd1] Submitted process > preprocessing:preprocess (LT05_L1TP_183035_20011022_20180501_01_T1)
WARN: K8s pod cannot be scheduled -- 0/24 nodes are available: 1 Insufficient cpu, 1 Insufficient memory, 23 node(s) didn't match node selector.
WARN: K8s pod cannot be scheduled -- 0/24 nodes are available: 1 Insufficient cpu, 1 Insufficient memory, 23 node(s) didn't match node selector.
WARN: K8s pod cannot be scheduled -- 0/24 nodes are available: 1 Insufficient cpu, 1 Insufficient memory, 23 node(s) didn't match node selector.
WARN: K8s pod cannot be scheduled -- 0/24 nodes are available: 1 Insufficient cpu, 1 Insufficient memory, 23 node(s) didn't match node selector.
[09/1cbd42] Submitted process > preprocessing:preprocess (LT05_L1TP_183035_19890919_20180210_01_T1)
[77/7b2487] Submitted process > preprocessing:preprocess (LT05_L1TP_183035_19950616_20180210_01_T1)
WARN: K8s pod cannot be scheduled -- 0/24 nodes are available: 1 Insufficient cpu, 1 Insufficient memory, 23 node(s) didn't match node selector.
WARN: K8s pod cannot be scheduled -- 0/24 nodes are available: 1 Insufficient cpu, 1 Insufficient memory, 23 node(s) didn't match node selector.
[ac/623c64] Submitted process > preprocessing:preprocess (LT05_L1TP_183035_19870930_20170211_01_T1)
WARN: K8s pod cannot be scheduled -- 0/24 nodes are available: 1 Insufficient cpu, 1 Insufficient memory, 23 node(s) didn't match node selector.
WARN: K8s pod cannot be scheduled -- 0/24 nodes are available: 1 Insufficient cpu, 1 Insufficient memory, 23 node(s) didn't match node selector.
[b0/51fed1] Submitted process > preprocessing:preprocess (LT05_L1TP_183035_19891122_20180210_01_T1)
[80/aa5c09] Submitted process > preprocessing:preprocess (LT05_L1TP_183035_19910504_20180302_01_T1)
WARN: K8s pod cannot be scheduled -- 0/24 nodes are available: 1 Insufficient cpu, 1 Insufficient memory, 23 node(s) didn't match node selector.
WARN: K8s pod cannot be scheduled -- 0/24 nodes are available: 1 Insufficient cpu, 1 Insufficient memory, 23 node(s) didn't match node selector.
[c4/bc032d] Submitted process > preprocessing:preprocess (LT05_L1TP_183035_19990729_20180210_01_T1)
WARN: K8s pod cannot be scheduled -- 0/24 nodes are available: 1 Insufficient cpu, 1 Insufficient memory, 23 node(s) didn't match node selector.
WARN: K8s pod cannot be scheduled -- 0/24 nodes are available: 1 Insufficient cpu, 1 Insufficient memory, 23 node(s) didn't match node selector.
[87/b44659] Submitted process > preprocessing:preprocess (LT05_L1TP_183035_19930813_20180219_01_T1)
[5a/fd07ed] Submitted process > preprocessing:preprocess (LT05_L1TP_183035_19910301_20180210_01_T1)
WARN: K8s pod cannot be scheduled -- 0/24 nodes are available: 1 Insufficient cpu, 1 Insufficient memory, 23 node(s) didn't match node selector.
WARN: K8s pod cannot be scheduled -- 0/24 nodes are available: 1 Insufficient cpu, 1 Insufficient memory, 23 node(s) didn't match node selector.
[37/034f1b] Submitted process > preprocessing:preprocess (LT05_L1TP_183035_19971011_20180210_01_T1)
WARN: K8s pod cannot be scheduled -- 0/24 nodes are available: 1 Insufficient cpu, 1 Insufficient memory, 23 node(s) didn't match node selector.
WARN: K8s pod cannot be scheduled -- 0/24 nodes are available: 1 Insufficient cpu, 1 Insufficient memory, 23 node(s) didn't match node selector.
[a3/015b34] Submitted process > preprocessing:preprocess (LT05_L1TP_183035_19930202_20180704_01_T1)
[4d/086d7b] Submitted process > preprocessing:preprocess (LT05_L1TP_183035_19901008_20180210_01_T1)
WARN: K8s pod cannot be scheduled -- 0/24 nodes are available: 1 Insufficient cpu, 1 Insufficient memory, 23 node(s) didn't match node selector.
WARN: K8s pod cannot be scheduled -- 0/24 nodes are available: 1 Insufficient cpu, 1 Insufficient memory, 23 node(s) didn't match node selector.
[11/423689] Submitted process > preprocessing:preprocess (LE07_L1TP_183035_20010421_20170205_01_T1)
WARN: K8s pod cannot be scheduled -- 0/24 nodes are available: 1 Insufficient cpu, 1 Insufficient memory, 23 node(s) didn't match node selector.
WARN: K8s pod cannot be scheduled -- 0/24 nodes are available: 1 Insufficient cpu, 1 Insufficient memory, 23 node(s) didn't match node selector.
WARN: K8s pod cannot be scheduled -- 0/24 nodes are available: 1 Insufficient cpu, 1 Insufficient memory, 23 node(s) didn't match node selector.
WARN: K8s pod cannot be scheduled -- 0/24 nodes are available: 1 Insufficient cpu, 1 Insufficient memory, 23 node(s) didn't match node selector.
[ea/181b7d] Submitted process > preprocessing:preprocess (LT05_L1TP_183035_19920607_20171207_01_T1)
WARN: K8s pod cannot be scheduled -- 0/24 nodes are available: 1 Insufficient cpu, 1 Insufficient memory, 23 node(s) didn't match node selector.
WARN: K8s pod cannot be scheduled -- 0/24 nodes are available: 1 Insufficient cpu, 1 Insufficient memory, 23 node(s) didn't match node selector.
[12/4157e8] Submitted process > preprocessing:preprocess (LT05_L1TP_183035_19980726_20170717_01_T1)
WARN: K8s pod cannot be scheduled -- 0/24 nodes are available: 1 Insufficient cpu, 1 Insufficient memory, 23 node(s) didn't match node selector.
WARN: K8s pod cannot be scheduled -- 0/24 nodes are available: 1 Insufficient cpu, 1 Insufficient memory, 23 node(s) didn't match node selector.
[58/383d61] Submitted process > preprocessing:preprocess (LT05_L1TP_183035_19990611_20180822_01_T1)
[15/97234e] Submitted process > preprocessing:preprocess (LT05_L1TP_183035_19890106_20180210_01_T1)
WARN: K8s pod cannot be scheduled -- 0/24 nodes are available: 1 Insufficient cpu, 1 Insufficient memory, 23 node(s) didn't match node selector.
WARN: K8s pod cannot be scheduled -- 0/24 nodes are available: 1 Insufficient cpu, 1 Insufficient memory, 23 node(s) didn't match node selector.
[89/c60cd6] Submitted process > preprocessing:preprocess (LT05_L1TP_183035_19980320_20180210_01_T1)
WARN: K8s pod cannot be scheduled -- 0/24 nodes are available: 1 Insufficient cpu, 1 Insufficient memory, 23 node(s) didn't match node selector.
WARN: K8s pod cannot be scheduled -- 0/24 nodes are available: 1 Insufficient cpu, 1 Insufficient memory, 23 node(s) didn't match node selector.
[b1/dc06cb] Submitted process > preprocessing:preprocess (LT05_L1TP_183035_20040523_20180310_01_T1)
WARN: K8s pod cannot be scheduled -- 0/24 nodes are available: 1 Insufficient cpu, 1 Insufficient memory, 23 node(s) didn't match node selector.
WARN: K8s pod cannot be scheduled -- 0/24 nodes are available: 1 Insufficient cpu, 1 Insufficient memory, 23 node(s) didn't match node selector.
[c3/a173a3] Submitted process > preprocessing:preprocess (LT05_L1TP_183035_19980507_20180219_01_T1)
WARN: K8s pod cannot be scheduled -- 0/24 nodes are available: 1 Insufficient cpu, 1 Insufficient memory, 23 node(s) didn't match node selector.
WARN: K8s pod cannot be scheduled -- 0/24 nodes are available: 1 Insufficient cpu, 1 Insufficient memory, 23 node(s) didn't match node selector.
WARN: K8s pod cannot be scheduled -- 0/24 nodes are available: 1 Insufficient cpu, 1 Insufficient memory, 23 node(s) didn't match node selector.
[e0/57e844] Submitted process > preprocessing:preprocess (LT05_L1TP_183035_19861013_20181025_01_T1)
WARN: K8s pod cannot be scheduled -- 0/24 nodes are available: 1 Insufficient cpu, 1 Insufficient memory, 23 node(s) didn't match node selector.
WARN: K8s pod cannot be scheduled -- 0/24 nodes are available: 1 Insufficient cpu, 1 Insufficient memory, 23 node(s) didn't match node selector.
[1e/7df9eb] Submitted process > preprocessing:preprocess (LT05_L1TP_183035_19990814_20180210_01_T1)
[ab/e7c4d2] Submitted process > preprocessing:preprocess (LT05_L1TP_183035_19980131_20180210_01_T1)
WARN: K8s pod cannot be scheduled -- 0/24 nodes are available: 1 Insufficient cpu, 1 Insufficient memory, 23 node(s) didn't match node selector.
WARN: K8s pod cannot be scheduled -- 0/24 nodes are available: 1 Insufficient cpu, 1 Insufficient memory, 23 node(s) didn't match node selector.
WARN: K8s pod cannot be scheduled -- 0/24 nodes are available: 1 Insufficient cpu, 1 Insufficient memory, 23 node(s) didn't match node selector.
WARN: K8s pod cannot be scheduled -- 0/24 nodes are available: 1 Insufficient cpu, 1 Insufficient memory, 23 node(s) didn't match node selector.
[81/8cd237] Submitted process > preprocessing:preprocess (LE07_L1TP_183035_20011030_20170202_01_T1)
[d5/4c73ab] Submitted process > preprocessing:preprocess (LE07_L1TP_183035_20011115_20170213_01_T1)
WARN: K8s pod cannot be scheduled -- 0/24 nodes are available: 1 Insufficient cpu, 1 Insufficient memory, 23 node(s) didn't match node selector.
WARN: K8s pod cannot be scheduled -- 0/24 nodes are available: 1 Insufficient cpu, 1 Insufficient memory, 23 node(s) didn't match node selector.
WARN: K8s pod cannot be scheduled -- 0/24 nodes are available: 1 Insufficient cpu, 1 Insufficient memory, 23 node(s) didn't match node selector.
[44/445821] Submitted process > preprocessing:preprocess (LT05_L1TP_183035_19850823_20171212_01_T1)
WARN: K8s pod cannot be scheduled -- 0/24 nodes are available: 1 Insufficient cpu, 1 Insufficient memory, 23 node(s) didn't match node selector.
[34/c97de0] Submitted process > preprocessing:preprocess (LE07_L1TP_183035_20000621_20170211_01_T1)
[77/aefc24] Submitted process > preprocessing:preprocess (LE07_L1TP_183035_20040429_20170121_01_T1)
WARN: K8s pod cannot be scheduled -- 0/24 nodes are available: 1 Insufficient cpu, 1 Insufficient memory, 23 node(s) didn't match node selector.
WARN: K8s pod cannot be scheduled -- 0/24 nodes are available: 1 Insufficient cpu, 1 Insufficient memory, 23 node(s) didn't match node selector.
WARN: K8s pod cannot be scheduled -- 0/24 nodes are available: 1 Insufficient cpu, 1 Insufficient memory, 23 node(s) didn't match node selector.
WARN: K8s pod cannot be scheduled -- 0/24 nodes are available: 1 Insufficient cpu, 1 Insufficient memory, 23 node(s) didn't match node selector.
[52/dc96bc] Submitted process > preprocessing:preprocess (LT05_L1TP_183035_19960821_20180210_01_T1)
[7b/7b4e3d] Submitted process > preprocessing:preprocess (LT05_L1TP_183035_19990323_20180210_01_T1)
WARN: K8s pod cannot be scheduled -- 0/24 nodes are available: 1 Insufficient cpu, 1 Insufficient memory, 23 node(s) didn't match node selector.
WARN: K8s pod cannot be scheduled -- 0/24 nodes are available: 1 Insufficient cpu, 1 Insufficient memory, 23 node(s) didn't match node selector.
WARN: K8s pod cannot be scheduled -- 0/24 nodes are available: 1 Insufficient cpu, 1 Insufficient memory, 23 node(s) didn't match node selector.
[97/f6d0f8] Submitted process > preprocessing:preprocess (LT05_L1TP_183035_20000731_20180913_01_T1)
WARN: K8s pod cannot be scheduled -- 0/24 nodes are available: 1 Insufficient cpu, 1 Insufficient memory, 23 node(s) didn't match node selector.
[1c/4275d2] Submitted process > preprocessing:preprocess (LE07_L1TP_183035_20031004_20170123_01_T1)
[31/87b923] Submitted process > preprocessing:preprocess (LT05_L1TP_183035_19950413_20180210_01_T1)
WARN: K8s pod cannot be scheduled -- 0/24 nodes are available: 1 Insufficient cpu, 1 Insufficient memory, 23 node(s) didn't match node selector.
WARN: K8s pod cannot be scheduled -- 0/24 nodes are available: 1 Insufficient cpu, 1 Insufficient memory, 23 node(s) didn't match node selector.
WARN: K8s pod cannot be scheduled -- 0/24 nodes are available: 1 Insufficient cpu, 1 Insufficient memory, 23 node(s) didn't match node selector.
[2b/a6fb27] Submitted process > preprocessing:preprocess (LT05_L1TP_183035_19970621_20180210_01_T1)
WARN: K8s pod cannot be scheduled -- 0/24 nodes are available: 1 Insufficient cpu, 1 Insufficient memory, 23 node(s) didn't match node selector.
WARN: K8s pod cannot be scheduled -- 0/24 nodes are available: 1 Insufficient cpu, 1 Insufficient memory, 23 node(s) didn't match node selector.
WARN: K8s pod cannot be scheduled -- 0/24 nodes are available: 1 Insufficient cpu, 1 Insufficient memory, 23 node(s) didn't match node selector.
WARN: K8s pod cannot be scheduled -- 0/24 nodes are available: 1 Insufficient cpu, 1 Insufficient memory, 23 node(s) didn't match node selector.
[02/ecc636] Submitted process > preprocessing:preprocess (LT05_L1TP_183035_20050627_20180124_01_T1)
WARN: K8s pod cannot be scheduled -- 0/24 nodes are available: 1 Insufficient cpu, 1 Insufficient memory, 23 node(s) didn't match node selector.
[c2/e1fb98] Submitted process > preprocessing:preprocess (LT05_L1TP_183035_19841108_20171213_01_T1)
WARN: K8s pod cannot be scheduled -- 0/24 nodes are available: 1 Insufficient cpu, 1 Insufficient memory, 23 node(s) didn't match node selector.
[3e/075490] Submitted process > preprocessing:preprocess (LT05_L1TP_183035_19890530_20180302_01_T1)
WARN: K8s pod cannot be scheduled -- 0/24 nodes are available: 1 Insufficient cpu, 1 Insufficient memory, 23 node(s) didn't match node selector.
WARN: K8s pod cannot be scheduled -- 0/24 nodes are available: 1 Insufficient cpu, 1 Insufficient memory, 23 node(s) didn't match node selector.
[e5/69e84e] Submitted process > preprocessing:preprocess (LT05_L1TP_183035_20050611_20180126_01_T1)
WARN: K8s pod cannot be scheduled -- 0/24 nodes are available: 1 Insufficient cpu, 1 Insufficient memory, 23 node(s) didn't match node selector.
WARN: K8s pod cannot be scheduled -- 0/24 nodes are available: 1 Insufficient cpu, 1 Insufficient memory, 23 node(s) didn't match node selector.
WARN: K8s pod cannot be scheduled -- 0/24 nodes are available: 1 Insufficient cpu, 1 Insufficient memory, 23 node(s) didn't match node selector.
[72/3a20ac] Submitted process > preprocessing:preprocess (LT05_L1TP_183035_19990203_20171215_01_T1)
WARN: K8s pod cannot be scheduled -- 0/24 nodes are available: 1 Insufficient cpu, 1 Insufficient memory, 23 node(s) didn't match node selector.
[11/c4ca26] Submitted process > preprocessing:preprocess (LE07_L1TP_183035_20040531_20170120_01_T1)
WARN: K8s pod cannot be scheduled -- 0/24 nodes are available: 1 Insufficient cpu, 1 Insufficient memory, 23 node(s) didn't match node selector.
WARN: K8s pod cannot be scheduled -- 0/24 nodes are available: 1 Insufficient cpu, 1 Insufficient memory, 23 node(s) didn't match node selector.
WARN: K8s pod cannot be scheduled -- 0/24 nodes are available: 1 Insufficient cpu, 1 Insufficient memory, 23 node(s) didn't match node selector.
[bc/08c771] Submitted process > preprocessing:preprocess (LT05_L1TP_183035_19870626_20170212_01_T1)
[0c/85e9ad] Submitted process > preprocessing:preprocess (LT05_L1TP_183035_19980912_20171215_01_T1)
WARN: K8s pod cannot be scheduled -- 0/24 nodes are available: 1 Insufficient cpu, 1 Insufficient memory, 23 node(s) didn't match node selector.
WARN: K8s pod cannot be scheduled -- 0/24 nodes are available: 1 Insufficient cpu, 1 Insufficient memory, 23 node(s) didn't match node selector.
WARN: K8s pod cannot be scheduled -- 0/24 nodes are available: 1 Insufficient cpu, 1 Insufficient memory, 23 node(s) didn't match node selector.
WARN: K8s pod cannot be scheduled -- 0/24 nodes are available: 1 Insufficient cpu, 1 Insufficient memory, 23 node(s) didn't match node selector.
[ee/a80bfa] Submitted process > preprocessing:preprocess (LT05_L1TP_183035_20010904_20171214_01_T1)
[6f/d908f0] Submitted process > preprocessing:preprocess (LT05_L1TP_183035_19920911_20180219_01_T1)
WARN: K8s pod cannot be scheduled -- 0/24 nodes are available: 1 Insufficient cpu, 1 Insufficient memory, 23 node(s) didn't match node selector.
WARN: K8s pod cannot be scheduled -- 0/24 nodes are available: 1 Insufficient cpu, 1 Insufficient memory, 23 node(s) didn't match node selector.
WARN: K8s pod cannot be scheduled -- 0/24 nodes are available: 1 Insufficient cpu, 1 Insufficient memory, 23 node(s) didn't match node selector.
[12/b51f75] Submitted process > preprocessing:preprocess (LT05_L1TP_183035_19981115_20180219_01_T1)
WARN: K8s pod cannot be scheduled -- 0/24 nodes are available: 1 Insufficient cpu, 1 Insufficient memory, 23 node(s) didn't match node selector.
WARN: K8s pod cannot be scheduled -- 0/24 nodes are available: 1 Insufficient cpu, 1 Insufficient memory, 23 node(s) didn't match node selector.
[57/19d39a] Submitted process > preprocessing:preprocess (LT05_L1TP_183035_19980710_20171214_01_T1)
WARN: K8s pod cannot be scheduled -- 0/24 nodes are available: 1 Insufficient cpu, 1 Insufficient memory, 23 node(s) didn't match node selector.
WARN: K8s pod cannot be scheduled -- 0/24 nodes are available: 1 Insufficient cpu, 1 Insufficient memory, 23 node(s) didn't match node selector.
[16/99f7d3] Submitted process > preprocessing:preprocess (LT05_L1TP_183035_20040507_20180310_01_T1)
WARN: K8s pod cannot be scheduled -- 0/24 nodes are available: 1 Insufficient cpu, 1 Insufficient memory, 23 node(s) didn't match node selector.
WARN: K8s pod cannot be scheduled -- 0/24 nodes are available: 1 Insufficient cpu, 1 Insufficient memory, 23 node(s) didn't match node selector.
[bf/11a1b7] Submitted process > preprocessing:preprocess (LE07_L1TP_183035_20061113_20170106_01_T1)
WARN: K8s pod cannot be scheduled -- 0/24 nodes are available: 1 Insufficient cpu, 1 Insufficient memory, 23 node(s) didn't match node selector.
[2f/6f5e23] Submitted process > preprocessing:preprocess (LT05_L1TP_183035_19890615_20180210_01_T1)
[5b/9d6dbf] Submitted process > preprocessing:preprocess (LT05_L1TP_183035_19951107_20180210_01_T1)
WARN: K8s pod cannot be scheduled -- 0/24 nodes are available: 1 Insufficient cpu, 1 Insufficient memory, 23 node(s) didn't match node selector.
WARN: K8s pod cannot be scheduled -- 0/24 nodes are available: 1 Insufficient cpu, 1 Insufficient memory, 23 node(s) didn't match node selector.
WARN: K8s pod cannot be scheduled -- 0/24 nodes are available: 1 Insufficient cpu, 1 Insufficient memory, 23 node(s) didn't match node selector.
[a8/0a6eb2] Submitted process > preprocessing:preprocess (LE07_L1TP_183035_20051110_20170112_01_T1)
[fc/2eb7c9] Submitted process > preprocessing:preprocess (LT05_L1TP_183035_19990713_20180210_01_T1)
WARN: K8s pod cannot be scheduled -- 0/24 nodes are available: 1 Insufficient cpu, 1 Insufficient memory, 23 node(s) didn't match node selector.
[86/e0b94d] Submitted process > preprocessing:preprocess (LT05_L1TP_183035_20010718_20180430_01_T1)
WARN: K8s pod cannot be scheduled -- 0/24 nodes are available: 1 Insufficient cpu, 1 Insufficient memory, 23 node(s) didn't match node selector.
WARN: K8s pod cannot be scheduled -- 0/24 nodes are available: 1 Insufficient cpu, 1 Insufficient memory, 23 node(s) didn't match node selector.
WARN: K8s pod cannot be scheduled -- 0/24 nodes are available: 1 Insufficient cpu, 1 Insufficient memory, 23 node(s) didn't match node selector.
[cf/e88338] Submitted process > preprocessing:preprocess (LT05_L1TP_183035_20050219_20180127_01_T1)
WARN: K8s pod cannot be scheduled -- 0/24 nodes are available: 1 Insufficient cpu, 1 Insufficient memory, 23 node(s) didn't match node selector.
[c7/4f7be1] Submitted process > preprocessing:preprocess (LT05_L1TP_183035_20030724_20161205_01_T1)
WARN: K8s pod cannot be scheduled -- 0/24 nodes are available: 1 Insufficient cpu, 1 Insufficient memory, 23 node(s) didn't match node selector.
WARN: K8s pod cannot be scheduled -- 0/24 nodes are available: 1 Insufficient cpu, 1 Insufficient memory, 23 node(s) didn't match node selector.
[cc/72b7db] Submitted process > preprocessing:preprocess (LE07_L1TP_183035_20040616_20170121_01_T1)
WARN: K8s pod cannot be scheduled -- 0/24 nodes are available: 1 Insufficient cpu, 1 Insufficient memory, 23 node(s) didn't match node selector.
WARN: K8s pod cannot be scheduled -- 0/24 nodes are available: 1 Insufficient cpu, 1 Insufficient memory, 23 node(s) didn't match node selector.
[20/a0514a] Submitted process > preprocessing:preprocess (LE07_L1TP_183035_20000723_20170210_01_T1)
WARN: K8s pod cannot be scheduled -- 0/24 nodes are available: 1 Insufficient cpu, 1 Insufficient memory, 23 node(s) didn't match node selector.
WARN: K8s pod cannot be scheduled -- 0/24 nodes are available: 1 Insufficient cpu, 1 Insufficient memory, 23 node(s) didn't match node selector.
[9c/446de8] Submitted process > preprocessing:preprocess (LT05_L1TP_183035_20000206_20180430_01_T1)
[a8/60545c] Submitted process > preprocessing:preprocess (LT05_L1TP_183035_19891021_20180210_01_T1)
WARN: K8s pod cannot be scheduled -- 0/24 nodes are available: 1 Insufficient cpu, 1 Insufficient memory, 23 node(s) didn't match node selector.
[79/d350ed] Submitted process > preprocessing:preprocess (LT05_L1TP_183035_19940731_20180210_01_T1)
WARN: K8s pod cannot be scheduled -- 0/24 nodes are available: 1 Insufficient cpu, 1 Insufficient memory, 23 node(s) didn't match node selector.
[18/82710a] Submitted process > preprocessing:preprocess (LT05_L1TP_183035_20060918_20161118_01_T1)
WARN: K8s pod cannot be scheduled -- 0/24 nodes are available: 1 Insufficient cpu, 1 Insufficient memory, 23 node(s) didn't match node selector.
WARN: K8s pod cannot be scheduled -- 0/24 nodes are available: 1 Insufficient cpu, 1 Insufficient memory, 23 node(s) didn't match node selector.
[bb/bfa288] Submitted process > preprocessing:preprocess (LT05_L1TP_183035_19890802_20180210_01_T1)
WARN: K8s pod cannot be scheduled -- 0/24 nodes are available: 1 Insufficient cpu, 1 Insufficient memory, 23 node(s) didn't match node selector.
[86/37f541] Submitted process > preprocessing:preprocess (LT05_L1TP_183035_19910621_20180219_01_T1)
WARN: K8s pod cannot be scheduled -- 0/24 nodes are available: 1 Insufficient cpu, 1 Insufficient memory, 23 node(s) didn't match node selector.
[c1/7cc7cf] Submitted process > preprocessing:preprocess (LE07_L1TP_183035_20021118_20170127_01_T1)
WARN: K8s pod cannot be scheduled -- 0/24 nodes are available: 1 Insufficient cpu, 1 Insufficient memory, 23 node(s) didn't match node selector.
WARN: K8s pod cannot be scheduled -- 0/24 nodes are available: 1 Insufficient cpu, 1 Insufficient memory, 23 node(s) didn't match node selector.
[34/a1f05e] Submitted process > preprocessing:preprocess (LT05_L1TP_183035_19880714_20170613_01_T1)
WARN: K8s pod cannot be scheduled -- 0/24 nodes are available: 1 Insufficient cpu, 1 Insufficient memory, 23 node(s) didn't match node selector.
[83/0c87c4] Submitted process > preprocessing:preprocess (LT05_L1TP_183035_19911011_20180210_01_T1)
WARN: K8s pod cannot be scheduled -- 0/24 nodes are available: 1 Insufficient cpu, 1 Insufficient memory, 23 node(s) didn't match node selector.
[8c/1ba611] Submitted process > preprocessing:preprocess (LT05_L1TP_183035_19850127_20171213_01_T1)
WARN: K8s pod cannot be scheduled -- 0/24 nodes are available: 1 Insufficient cpu, 1 Insufficient memory, 23 node(s) didn't match node selector.
WARN: K8s pod cannot be scheduled -- 0/24 nodes are available: 1 Insufficient cpu, 1 Insufficient memory, 23 node(s) didn't match node selector.
[cf/d46c65] Submitted process > preprocessing:preprocess (LT05_L1TP_183035_19880425_20170613_01_T1)
WARN: K8s pod cannot be scheduled -- 0/24 nodes are available: 1 Insufficient cpu, 1 Insufficient memory, 23 node(s) didn't match node selector.
WARN: K8s pod cannot be scheduled -- 0/24 nodes are available: 1 Insufficient cpu, 1 Insufficient memory, 23 node(s) didn't match node selector.
[8c/735123] Submitted process > preprocessing:preprocess (LT05_L1TP_183035_19940731_20181022_01_T1)
[09/356ee2] Submitted process > preprocessing:preprocess (LT05_L1TP_183035_19900415_20180210_01_T1)
WARN: K8s pod cannot be scheduled -- 0/24 nodes are available: 1 Insufficient cpu, 1 Insufficient memory, 23 node(s) didn't match node selector.
WARN: K8s pod cannot be scheduled -- 0/24 nodes are available: 1 Insufficient cpu, 1 Insufficient memory, 23 node(s) didn't match node selector.
WARN: K8s pod cannot be scheduled -- 0/24 nodes are available: 1 Insufficient cpu, 1 Insufficient memory, 23 node(s) didn't match node selector.
WARN: K8s pod cannot be scheduled -- 0/24 nodes are available: 1 Insufficient cpu, 1 Insufficient memory, 23 node(s) didn't match node selector.
[14/1f4c7d] Submitted process > preprocessing:preprocess (LT05_L1TP_183035_19930322_20180301_01_T1)
WARN: K8s pod cannot be scheduled -- 0/24 nodes are available: 1 Insufficient cpu, 1 Insufficient memory, 23 node(s) didn't match node selector.
[ff/f0102b] Submitted process > preprocessing:preprocess (LT05_L1TP_183035_19950515_20180210_01_T1)
WARN: K8s pod cannot be scheduled -- 0/24 nodes are available: 1 Insufficient cpu, 1 Insufficient memory, 23 node(s) didn't match node selector.
[1f/1f444a] Submitted process > preprocessing:preprocess (LT05_L1TP_183035_19930525_20180210_01_T1)
WARN: K8s pod cannot be scheduled -- 0/24 nodes are available: 1 Insufficient cpu, 1 Insufficient memory, 23 node(s) didn't match node selector.
[46/366cda] Submitted process > preprocessing:preprocess (LT05_L1TP_183035_19900906_20171208_01_T1)
WARN: K8s pod cannot be scheduled -- 0/24 nodes are available: 1 Insufficient cpu, 1 Insufficient memory, 23 node(s) didn't match node selector.
WARN: K8s pod cannot be scheduled -- 0/24 nodes are available: 1 Insufficient cpu, 1 Insufficient memory, 23 node(s) didn't match node selector.
[a5/033414] Submitted process > preprocessing:preprocess (LT05_L1TP_183035_19880612_20180210_01_T1)
[ca/b8442a] Submitted process > preprocessing:preprocess (LE07_L1TP_183035_20050110_20170116_01_T1)
WARN: K8s pod cannot be scheduled -- 0/24 nodes are available: 1 Insufficient cpu, 1 Insufficient memory, 23 node(s) didn't match node selector.
WARN: K8s pod cannot be scheduled -- 0/24 nodes are available: 1 Insufficient cpu, 1 Insufficient memory, 23 node(s) didn't match node selector.
WARN: K8s pod cannot be scheduled -- 0/24 nodes are available: 1 Insufficient cpu, 1 Insufficient memory, 23 node(s) didn't match node selector.
[9a/7f1101] Submitted process > preprocessing:preprocess (LT05_L1TP_183035_19931219_20180210_01_T1)
WARN: K8s pod cannot be scheduled -- 0/24 nodes are available: 1 Insufficient cpu, 1 Insufficient memory, 23 node(s) didn't match node selector.
[b8/2818d7] Submitted process > preprocessing:preprocess (LT05_L1TP_183035_19981030_20180727_01_T1)
[34/a97825] Submitted process > preprocessing:preprocess (LE07_L1TP_183035_19990907_20170217_01_T1)
WARN: K8s pod cannot be scheduled -- 0/24 nodes are available: 1 Insufficient cpu, 1 Insufficient memory, 23 node(s) didn't match node selector.
WARN: K8s pod cannot be scheduled -- 0/24 nodes are available: 1 Insufficient cpu, 1 Insufficient memory, 23 node(s) didn't match node selector.
WARN: K8s pod cannot be scheduled -- 0/24 nodes are available: 1 Insufficient cpu, 1 Insufficient memory, 23 node(s) didn't match node selector.
WARN: K8s pod cannot be scheduled -- 0/24 nodes are available: 1 Insufficient cpu, 1 Insufficient memory, 23 node(s) didn't match node selector.
[ad/bf43cf] Submitted process > preprocessing:preprocess (LT05_L1TP_183035_19920623_20170908_01_T1)
[38/7395ae] Submitted process > preprocessing:preprocess (LT05_L1TP_183035_19841124_20171213_01_T1)
WARN: K8s pod cannot be scheduled -- 0/24 nodes are available: 1 Insufficient cpu, 1 Insufficient memory, 23 node(s) didn't match node selector.
[d3/971c97] Submitted process > preprocessing:preprocess (LT05_L1TP_183035_20050510_20180501_01_T1)
WARN: K8s pod cannot be scheduled -- 0/24 nodes are available: 1 Insufficient cpu, 1 Insufficient memory, 23 node(s) didn't match node selector.
WARN: Unable to fetch pod exit status -- pod=eo-experiment-r8-n1-e2 state=[running:[startedAt:2021-07-07T12:48:28Z]]
